Log file open, 04/14/18 21:24:18
LogWindows: Failed to load 'aqProf.dll' (GetLastError=126)
LogWindows: File 'aqProf.dll' does not exist
LogWindows: Failed to load 'VtuneApi.dll' (GetLastError=126)
LogWindows: File 'VtuneApi.dll' does not exist
LogWindows: Failed to load 'VtuneApi32e.dll' (GetLastError=126)
LogWindows: File 'VtuneApi32e.dll' does not exist
LogInit: Display: Running engine for game: TillysAdventure
LogPlatformFile: Not using cached read wrapper
LogInit: Display: RandInit(-244927099) SRandInit(-244927099).
LogInit: Read version file with build ID '3944462'
LogInit: Overriding engine version to CL 3989454, compatible CL 3944462
LogInit: Registered custom module enumerator with build ID '3944462'
LogTaskGraph: Started task graph with 5 named threads and 14 total threads with 3 sets of task threads.
LogStats: Stats thread started at 0.257366
LogD3D11RHI: Aftermath initialized
LogICUInternationalization: Display: ICU TimeZone Detection - Raw Offset: +0:00, Platform Override: ''
LogPluginManager: Mounting plugin Paper2D
LogPluginManager: Mounting plugin LiveLink
LogPluginManager: Mounting plugin LightPropagationVolume
LogPluginManager: Mounting plugin CLionSourceCodeAccess
LogPluginManager: Mounting plugin CodeLiteSourceCodeAccess
LogPluginManager: Mounting plugin GitSourceControl
LogPluginManager: Mounting plugin KDevelopSourceCodeAccess
LogPluginManager: Mounting plugin NullSourceCodeAccess
LogPluginManager: Mounting plugin PerforceSourceControl
LogPluginManager: Mounting plugin SubversionSourceControl
LogPluginManager: Mounting plugin UObjectPlugin
LogPluginManager: Mounting plugin VisualStudioCodeSourceCodeAccess
LogPluginManager: Mounting plugin VisualStudioSourceCodeAccess
LogPluginManager: Mounting plugin XCodeSourceCodeAccess
LogPluginManager: Mounting plugin AssetManagerEditor
LogPluginManager: Mounting plugin CryptoKeys
LogPluginManager: Mounting plugin DataValidation
LogPluginManager: Mounting plugin FacialAnimation
LogPluginManager: Mounting plugin GameplayTagsEditor
LogPluginManager: Mounting plugin MobileLauncherProfileWizard
LogPluginManager: Mounting plugin PluginBrowser
LogPluginManager: Mounting plugin SpeedTreeImporter
LogPluginManager: Mounting plugin DatasmithContent
LogPluginManager: Mounting plugin AlembicImporter
LogPluginManager: Mounting plugin CharacterAI
LogPluginManager: Mounting plugin HTML5Networking
LogPluginManager: Mounting plugin AndroidMedia
LogPluginManager: Mounting plugin AvfMedia
LogPluginManager: Mounting plugin ImgMedia
LogPluginManager: Mounting plugin LinearTimecode
LogPluginManager: Mounting plugin MediaCompositing
LogPluginManager: Mounting plugin MediaPlayerEditor
LogPluginManager: Mounting plugin WmfMedia
LogPluginManager: Mounting plugin TcpMessaging
LogPluginManager: Mounting plugin UdpMessaging
LogPluginManager: Mounting plugin ActorSequence
LogPluginManager: Mounting plugin LevelSequenceEditor
LogPluginManager: Mounting plugin MatineeToLevelSequence
LogPluginManager: Mounting plugin NetcodeUnitTest
LogPluginManager: Mounting plugin NUTUnrealEngine4
LogPluginManager: Mounting plugin OnlineSubsystemGooglePlay
LogPluginManager: Mounting plugin OnlineSubsystemIOS
LogPluginManager: Mounting plugin OnlineSubsystem
LogPluginManager: Mounting plugin OnlineSubsystemNull
LogPluginManager: Mounting plugin OnlineSubsystemUtils
LogPluginManager: Mounting plugin AndroidDeviceProfileSelector
LogPluginManager: Mounting plugin AndroidMoviePlayer
LogPluginManager: Mounting plugin AndroidPermission
LogPluginManager: Mounting plugin AppleARKit
LogPluginManager: Mounting plugin AppleMoviePlayer
LogPluginManager: Mounting plugin ArchVisCharacter
LogPluginManager: Mounting plugin AudioCapture
LogPluginManager: Mounting plugin CableComponent
LogPluginManager: Mounting plugin CustomMeshComponent
LogPluginManager: Mounting plugin ExampleDeviceProfileSelector
LogPluginManager: Mounting plugin GoogleCloudMessaging
LogPluginManager: Mounting plugin ImmediatePhysics
LogPluginManager: Mounting plugin IOSDeviceProfileSelector
LogPluginManager: Mounting plugin LinuxDeviceProfileSelector
LogPluginManager: Mounting plugin LocationServicesBPLibrary
LogPluginManager: Mounting plugin MobilePatchingUtils
LogPluginManager: Mounting plugin OculusVR
LogPluginManager: Plugin shader directory ../../../Engine/Plugins/Runtime/Oculus/OculusVR/Shaders found
LogPluginManager: Mapping shader source directory ../../../Engine/Plugins/Runtime/Oculus/OculusVR/Shaders to virtual directory /Plugin/OculusVR
LogPluginManager: Mounting plugin PhysXVehicles
LogPluginManager: Mounting plugin ProceduralMeshComponent
LogPluginManager: Mounting plugin RuntimePhysXCooking
LogPluginManager: Mounting plugin SteamVR
LogPluginManager: Mounting plugin WindowsMoviePlayer
LogStreaming: Display: Took  0.241s to configure plugins.
LogModuleManager: Display: Found up-to-date module file ../../../../../../Users/Matthew/Documents/Tilly's Unreal Adventure/TillysAdventure/TillysAdventure/Binaries/Win64/UE4Editor-TillysAdventure.dll (API version 3944462).
LogModuleManager: Display: Found up-to-date module file ../../../Engine/Plugins/2D/Paper2D/Binaries/Win64/UE4Editor-Paper2D.dll (API version 3944462).
LogModuleManager: Display: Found up-to-date module file ../../../Engine/Plugins/2D/Paper2D/Binaries/Win64/UE4Editor-Paper2DEditor.dll (API version 3944462).
LogModuleManager: Display: Found up-to-date module file ../../../Engine/Plugins/2D/Paper2D/Binaries/Win64/UE4Editor-PaperSpriteSheetImporter.dll (API version 3944462).
LogModuleManager: Display: Found up-to-date module file ../../../Engine/Plugins/2D/Paper2D/Binaries/Win64/UE4Editor-PaperTiledImporter.dll (API version 3944462).
LogModuleManager: Display: Found up-to-date module file ../../../Engine/Plugins/2D/Paper2D/Binaries/Win64/UE4Editor-SmartSnapping.dll (API version 3944462).
LogModuleManager: Display: Found up-to-date module file ../../../Engine/Plugins/Animation/LiveLink/Binaries/Win64/UE4Editor-LiveLink.dll (API version 3944462).
LogModuleManager: Display: Found up-to-date module file ../../../Engine/Plugins/Animation/LiveLink/Binaries/Win64/UE4Editor-LiveLinkEditor.dll (API version 3944462).
LogModuleManager: Display: Found up-to-date module file ../../../Engine/Plugins/Blendables/LightPropagationVolume/Binaries/Win64/UE4Editor-LightPropagationVolumeRuntime.dll (API version 3944462).
LogModuleManager: Display: Found up-to-date module file ../../../Engine/Plugins/Blendables/LightPropagationVolume/Binaries/Win64/UE4Editor-LightPropagationVolumeEditor.dll (API version 3944462).
LogModuleManager: Display: Found up-to-date module file ../../../Engine/Plugins/Developer/CLionSourceCodeAccess/Binaries/Win64/UE4Editor-CLionSourceCodeAccess.dll (API version 3944462).
LogModuleManager: Display: Found up-to-date module file ../../../Engine/Plugins/Developer/GitSourceControl/Binaries/Win64/UE4Editor-GitSourceControl.dll (API version 3944462).
LogModuleManager: Display: Found up-to-date module file ../../../Engine/Plugins/Developer/PerforceSourceControl/Binaries/Win64/UE4Editor-PerforceSourceControl.dll (API version 3944462).
LogModuleManager: Display: Found up-to-date module file ../../../Engine/Plugins/Developer/SubversionSourceControl/Binaries/Win64/UE4Editor-SubversionSourceControl.dll (API version 3944462).
LogModuleManager: Display: Found up-to-date module file ../../../Engine/Plugins/Developer/UObjectPlugin/Binaries/Win64/UE4Editor-UObjectPlugin.dll (API version 3944462).
LogModuleManager: Display: Found up-to-date module file ../../../Engine/Plugins/Developer/VisualStudioCodeSourceCodeAccess/Binaries/Win64/UE4Editor-VisualStudioCodeSourceCodeAccess.dll (API version 3944462).
LogModuleManager: Display: Found up-to-date module file ../../../Engine/Plugins/Developer/VisualStudioSourceCodeAccess/Binaries/Win64/UE4Editor-VisualStudioSourceCodeAccess.dll (API version 3944462).
LogModuleManager: Display: Found up-to-date module file ../../../Engine/Plugins/Editor/AssetManagerEditor/Binaries/Win64/UE4Editor-AssetManagerEditor.dll (API version 3944462).
LogModuleManager: Display: Found up-to-date module file ../../../Engine/Plugins/Editor/CryptoKeys/Binaries/Win64/UE4Editor-CryptoKeys.dll (API version 3944462).
LogModuleManager: Display: Found up-to-date module file ../../../Engine/Plugins/Editor/CryptoKeys/Binaries/Win64/UE4Editor-CryptoKeysOpenSSL.dll (API version 3944462).
LogModuleManager: Display: Found up-to-date module file ../../../Engine/Plugins/Editor/DataValidation/Binaries/Win64/UE4Editor-DataValidation.dll (API version 3944462).
LogModuleManager: Display: Found up-to-date module file ../../../Engine/Plugins/Editor/FacialAnimation/Binaries/Win64/UE4Editor-FacialAnimation.dll (API version 3944462).
LogModuleManager: Display: Found up-to-date module file ../../../Engine/Plugins/Editor/FacialAnimation/Binaries/Win64/UE4Editor-FacialAnimationEditor.dll (API version 3944462).
LogModuleManager: Display: Found up-to-date module file ../../../Engine/Plugins/Editor/GameplayTagsEditor/Binaries/Win64/UE4Editor-GameplayTagsEditor.dll (API version 3944462).
LogModuleManager: Display: Found up-to-date module file ../../../Engine/Plugins/Editor/MobileLauncherProfileWizard/Binaries/Win64/UE4Editor-MobileLauncherProfileWizard.dll (API version 3944462).
LogModuleManager: Display: Found up-to-date module file ../../../Engine/Plugins/Editor/PluginBrowser/Binaries/Win64/UE4Editor-PluginBrowser.dll (API version 3944462).
LogModuleManager: Display: Found up-to-date module file ../../../Engine/Plugins/Editor/SpeedTreeImporter/Binaries/Win64/UE4Editor-SpeedTreeImporter.dll (API version 3944462).
LogModuleManager: Display: Found up-to-date module file ../../../Engine/Plugins/Enterprise/DatasmithContent/Binaries/Win64/UE4Editor-DatasmithContent.dll (API version 3944462).
LogModuleManager: Display: Found up-to-date module file ../../../Engine/Plugins/Experimental/AlembicImporter/Binaries/Win64/UE4Editor-AlembicImporter.dll (API version 3944462).
LogModuleManager: Display: Found up-to-date module file ../../../Engine/Plugins/Experimental/AlembicImporter/Binaries/Win64/UE4Editor-AlembicLibrary.dll (API version 3944462).
LogModuleManager: Display: Found up-to-date module file ../../../Engine/Plugins/Experimental/CharacterAI/Binaries/Win64/UE4Editor-CharacterAI.dll (API version 3944462).
LogModuleManager: Display: Found up-to-date module file ../../../Engine/Plugins/Experimental/HTML5Networking/Binaries/Win64/UE4Editor-HTML5Networking.dll (API version 3944462).
LogModuleManager: Display: Found up-to-date module file ../../../Engine/Plugins/Media/AndroidMedia/Binaries/Win64/UE4Editor-AndroidMediaEditor.dll (API version 3944462).
LogModuleManager: Display: Found up-to-date module file ../../../Engine/Plugins/Media/AndroidMedia/Binaries/Win64/UE4Editor-AndroidMediaFactory.dll (API version 3944462).
LogModuleManager: Display: Found up-to-date module file ../../../Engine/Plugins/Media/AvfMedia/Binaries/Win64/UE4Editor-AvfMediaEditor.dll (API version 3944462).
LogModuleManager: Display: Found up-to-date module file ../../../Engine/Plugins/Media/AvfMedia/Binaries/Win64/UE4Editor-AvfMediaFactory.dll (API version 3944462).
LogModuleManager: Display: Found up-to-date module file ../../../Engine/Plugins/Media/AvfMedia/Binaries/Win64/UE4Editor-AvfMediaFactory.dll (API version 3944462).
LogModuleManager: Display: Found up-to-date module file ../../../Engine/Plugins/Media/ImgMedia/Binaries/Win64/UE4Editor-ImgMedia.dll (API version 3944462).
LogModuleManager: Display: Found up-to-date module file ../../../Engine/Plugins/Media/ImgMedia/Binaries/Win64/UE4Editor-ImgMediaEditor.dll (API version 3944462).
LogModuleManager: Display: Found up-to-date module file ../../../Engine/Plugins/Media/ImgMedia/Binaries/Win64/UE4Editor-ImgMediaFactory.dll (API version 3944462).
LogModuleManager: Display: Found up-to-date module file ../../../Engine/Plugins/Media/ImgMedia/Binaries/Win64/UE4Editor-ImgMediaFactory.dll (API version 3944462).
LogModuleManager: Display: Found up-to-date module file ../../../Engine/Plugins/Media/ImgMedia/Binaries/Win64/UE4Editor-OpenExrWrapper.dll (API version 3944462).
LogModuleManager: Display: Found up-to-date module file ../../../Engine/Plugins/Media/LinearTimecode/Binaries/Win64/UE4Editor-LinearTimecode.dll (API version 3944462).
LogModuleManager: Display: Found up-to-date module file ../../../Engine/Plugins/Media/MediaCompositing/Binaries/Win64/UE4Editor-MediaCompositing.dll (API version 3944462).
LogModuleManager: Display: Found up-to-date module file ../../../Engine/Plugins/Media/MediaCompositing/Binaries/Win64/UE4Editor-MediaCompositingEditor.dll (API version 3944462).
LogModuleManager: Display: Found up-to-date module file ../../../Engine/Plugins/Media/MediaPlayerEditor/Binaries/Win64/UE4Editor-MediaPlayerEditor.dll (API version 3944462).
LogModuleManager: Display: Found up-to-date module file ../../../Engine/Plugins/Media/WmfMedia/Binaries/Win64/UE4Editor-WmfMedia.dll (API version 3944462).
LogModuleManager: Display: Found up-to-date module file ../../../Engine/Plugins/Media/WmfMedia/Binaries/Win64/UE4Editor-WmfMediaEditor.dll (API version 3944462).
LogModuleManager: Display: Found up-to-date module file ../../../Engine/Plugins/Media/WmfMedia/Binaries/Win64/UE4Editor-WmfMediaFactory.dll (API version 3944462).
LogModuleManager: Display: Found up-to-date module file ../../../Engine/Plugins/Media/WmfMedia/Binaries/Win64/UE4Editor-WmfMediaFactory.dll (API version 3944462).
LogModuleManager: Display: Found up-to-date module file ../../../Engine/Plugins/Messaging/TcpMessaging/Binaries/Win64/UE4Editor-TcpMessaging.dll (API version 3944462).
LogModuleManager: Display: Found up-to-date module file ../../../Engine/Plugins/Messaging/UdpMessaging/Binaries/Win64/UE4Editor-UdpMessaging.dll (API version 3944462).
LogModuleManager: Display: Found up-to-date module file ../../../Engine/Plugins/MovieScene/ActorSequence/Binaries/Win64/UE4Editor-ActorSequence.dll (API version 3944462).
LogModuleManager: Display: Found up-to-date module file ../../../Engine/Plugins/MovieScene/LevelSequenceEditor/Binaries/Win64/UE4Editor-LevelSequenceEditor.dll (API version 3944462).
LogModuleManager: Display: Found up-to-date module file ../../../Engine/Plugins/MovieScene/MatineeToLevelSequence/Binaries/Win64/UE4Editor-MatineeToLevelSequence.dll (API version 3944462).
LogModuleManager: Display: Found up-to-date module file ../../../Engine/Plugins/NetcodeUnitTest/NetcodeUnitTest/Binaries/Win64/UE4Editor-NetcodeUnitTest.dll (API version 3944462).
LogModuleManager: Display: Found up-to-date module file ../../../Engine/Plugins/NetcodeUnitTest/NUTUnrealEngine4/Binaries/Win64/UE4Editor-NUTUnrealEngine4.dll (API version 3944462).
LogModuleManager: Display: Found up-to-date module file ../../../Engine/Plugins/Online/OnlineSubsystem/Binaries/Win64/UE4Editor-OnlineSubsystem.dll (API version 3944462).
LogModuleManager: Display: Found up-to-date module file ../../../Engine/Plugins/Online/OnlineSubsystemNull/Binaries/Win64/UE4Editor-OnlineSubsystemNull.dll (API version 3944462).
LogModuleManager: Display: Found up-to-date module file ../../../Engine/Plugins/Online/OnlineSubsystemUtils/Binaries/Win64/UE4Editor-OnlineSubsystemUtils.dll (API version 3944462).
LogModuleManager: Display: Found up-to-date module file ../../../Engine/Plugins/Online/OnlineSubsystemUtils/Binaries/Win64/UE4Editor-OnlineBlueprintSupport.dll (API version 3944462).
LogModuleManager: Display: Found up-to-date module file ../../../Engine/Plugins/Runtime/AndroidDeviceProfileSelector/Binaries/Win64/UE4Editor-AndroidDeviceProfileSelector.dll (API version 3944462).
LogModuleManager: Display: Found up-to-date module file ../../../Engine/Plugins/Runtime/AndroidPermission/Binaries/Win64/UE4Editor-AndroidPermission.dll (API version 3944462).
LogModuleManager: Display: Found up-to-date module file ../../../Engine/Plugins/Runtime/AppleARKit/Binaries/Win64/UE4Editor-AppleARKit.dll (API version 3944462).
LogModuleManager: Display: Found up-to-date module file ../../../Engine/Plugins/Runtime/ArchVisCharacter/Binaries/Win64/UE4Editor-ArchVisCharacter.dll (API version 3944462).
LogModuleManager: Display: Found up-to-date module file ../../../Engine/Plugins/Runtime/AudioCapture/Binaries/Win64/UE4Editor-AudioCapture.dll (API version 3944462).
LogModuleManager: Display: Found up-to-date module file ../../../Engine/Plugins/Runtime/AudioCapture/Binaries/Win64/UE4Editor-AudioCaptureEditor.dll (API version 3944462).
LogModuleManager: Display: Found up-to-date module file ../../../Engine/Plugins/Runtime/CableComponent/Binaries/Win64/UE4Editor-CableComponent.dll (API version 3944462).
LogModuleManager: Display: Found up-to-date module file ../../../Engine/Plugins/Runtime/CustomMeshComponent/Binaries/Win64/UE4Editor-CustomMeshComponent.dll (API version 3944462).
LogModuleManager: Display: Found up-to-date module file ../../../Engine/Plugins/Runtime/ExampleDeviceProfileSelector/Binaries/Win64/UE4Editor-ExampleDeviceProfileSelector.dll (API version 3944462).
LogModuleManager: Display: Found up-to-date module file ../../../Engine/Plugins/Runtime/ImmediatePhysics/Binaries/Win64/UE4Editor-ImmediatePhysics.dll (API version 3944462).
LogModuleManager: Display: Found up-to-date module file ../../../Engine/Plugins/Runtime/ImmediatePhysics/Binaries/Win64/UE4Editor-ImmediatePhysicsEditor.dll (API version 3944462).
LogModuleManager: Display: Found up-to-date module file ../../../Engine/Plugins/Runtime/LocationServicesBPLibrary/Binaries/Win64/UE4Editor-LocationServicesBPLibrary.dll (API version 3944462).
LogModuleManager: Display: Found up-to-date module file ../../../Engine/Plugins/Runtime/MobilePatchingUtils/Binaries/Win64/UE4Editor-MobilePatchingUtils.dll (API version 3944462).
LogModuleManager: Display: Found up-to-date module file ../../../Engine/Plugins/Runtime/Oculus/OculusVR/Binaries/Win64/UE4Editor-OculusHMD.dll (API version 3944462).
LogModuleManager: Display: Found up-to-date module file ../../../Engine/Plugins/Runtime/Oculus/OculusVR/Binaries/Win64/UE4Editor-OculusInput.dll (API version 3944462).
LogModuleManager: Display: Found up-to-date module file ../../../Engine/Plugins/Runtime/Oculus/OculusVR/Binaries/Win64/UE4Editor-OculusEditor.dll (API version 3944462).
LogModuleManager: Display: Found up-to-date module file ../../../Engine/Plugins/Runtime/PhysXVehicles/Binaries/Win64/UE4Editor-PhysXVehicles.dll (API version 3944462).
LogModuleManager: Display: Found up-to-date module file ../../../Engine/Plugins/Runtime/PhysXVehicles/Binaries/Win64/UE4Editor-PhysXVehiclesEditor.dll (API version 3944462).
LogModuleManager: Display: Found up-to-date module file ../../../Engine/Plugins/Runtime/ProceduralMeshComponent/Binaries/Win64/UE4Editor-ProceduralMeshComponent.dll (API version 3944462).
LogModuleManager: Display: Found up-to-date module file ../../../Engine/Plugins/Runtime/ProceduralMeshComponent/Binaries/Win64/UE4Editor-ProceduralMeshComponentEditor.dll (API version 3944462).
LogModuleManager: Display: Found up-to-date module file ../../../Engine/Plugins/Runtime/RuntimePhysXCooking/Binaries/Win64/UE4Editor-RuntimePhysXCooking.dll (API version 3944462).
LogModuleManager: Display: Found up-to-date module file ../../../Engine/Plugins/Runtime/Steam/SteamVR/Binaries/Win64/UE4Editor-SteamVR.dll (API version 3944462).
LogModuleManager: Display: Found up-to-date module file ../../../Engine/Plugins/Runtime/Steam/SteamVR/Binaries/Win64/UE4Editor-SteamVRController.dll (API version 3944462).
LogModuleManager: Display: Found up-to-date module file ../../../Engine/Plugins/Runtime/WindowsMoviePlayer/Binaries/Win64/UE4Editor-WindowsMoviePlayer.dll (API version 3944462).
LogInit: Using libcurl 7.47.1
LogInit:  - built for x86_64-pc-win32
LogInit:  - supports SSL with OpenSSL/1.0.2g
LogInit:  - supports HTTP deflate (compression) using libz 1.2.8
LogInit:  - other features:
LogInit:      CURL_VERSION_SSL
LogInit:      CURL_VERSION_LIBZ
LogInit:      CURL_VERSION_IPV6
LogInit:      CURL_VERSION_ASYNCHDNS
LogInit:      CURL_VERSION_LARGEFILE
LogInit:      CURL_VERSION_IDN
LogInit:  CurlRequestOptions (configurable via config and command line):
LogInit:  - bVerifyPeer = false  - Libcurl will NOT verify peer certificate
LogInit:  - bUseHttpProxy = false  - Libcurl will NOT use HTTP proxy
LogInit:  - bDontReuseConnections = false  - Libcurl will reuse connections
LogInit:  - CertBundlePath = nullptr  - Libcurl will use whatever was configured at build time.
LogInit:  - MaxHostConnections = 16  - Libcurl will limit the number of connections to a host
LogInit:  - LocalHostAddr = Default
LogInit: WinSock: version 1.1 (2.2), MaxSocks=32767, MaxUdp=65467
LogInit: WinSock: I am Mattys-PC (192.168.0.12:0)
LogInit: Build: ++UE4+Release-4.19-CL-3989454
LogInit: Engine Version: 4.19.1-3989454+++UE4+Release-4.19
LogInit: Compatible Engine Version: 4.19.0-3944462+++UE4+Release-4.19
LogInit: Net CL: 3944462
LogDevObjectVersion: Number of dev versions registered: 18
LogDevObjectVersion:   Dev-Blueprints (B0D832E4-1F89-4F0D-ACCF-7EB736FD4AA2): 10
LogDevObjectVersion:   Dev-Build (E1C64328-A22C-4D53-A36C-8E866417BD8C): 0
LogDevObjectVersion:   Dev-Core (375EC13C-06E4-48FB-B500-84F0262A717E): 2
LogDevObjectVersion:   Dev-Editor (E4B068ED-F494-42E9-A231-DA0B2E46BB41): 23
LogDevObjectVersion:   Dev-Framework (CFFC743F-43B0-4480-9391-14DF171D2073): 33
LogDevObjectVersion:   Dev-Mobile (B02B49B5-BB20-44E9-A304-32B752E40360): 2
LogDevObjectVersion:   Dev-Networking (A4E4105C-59A1-49B5-A7C5-40C4547EDFEE): 0
LogDevObjectVersion:   Dev-Online (39C831C9-5AE6-47DC-9A44-9C173E1C8E7C): 0
LogDevObjectVersion:   Dev-Physics (78F01B33-EBEA-4F98-B9B4-84EACCB95AA2): 0
LogDevObjectVersion:   Dev-Platform (6631380F-2D4D-43E0-8009-CF276956A95A): 0
LogDevObjectVersion:   Dev-Rendering (12F88B9F-8875-4AFC-A67C-D90C383ABD29): 25
LogDevObjectVersion:   Dev-Sequencer (7B5AE74C-D270-4C10-A958-57980B212A5A): 6
LogDevObjectVersion:   Dev-VR (D7296918-1DD6-4BDD-9DE2-64A83CC13884): 1
LogDevObjectVersion:   Dev-LoadTimes (C2A15278-BFE7-4AFE-6C17-90FF531DF755): 1
LogDevObjectVersion:   Private-Geometry (6EACA3D4-40EC-4CC1-B786-8BED09428FC5): 2
LogDevObjectVersion:   Dev-AnimPhys (29E575DD-E0A3-4627-9D10-D276232CDCEA): 16
LogDevObjectVersion:   Dev-ReflectionCapture (6B266CEC-1EC7-4B8F-A30B-E4D90942FC07): 1
LogDevObjectVersion:   Dev-Automation (0DF73D61-A23F-47EA-B727-89E90C41499A): 1
LogInit: Compiled (64-bit): Apr  6 2018 12:26:04
LogInit: Compiled with Visual C++: 19.00.24215.01
LogInit: Build Configuration: Development
LogInit: Branch Name: ++UE4+Release-4.19
LogInit: Command Line:  -skipcompile
LogInit: Base Directory: D:/Program Files/Epic Games/UE_4.19/Engine/Binaries/Win64/
LogInit: Installed Engine Build: 1
LogStreaming: Display: Took  0.001s to delete old logs.
LogInit: Presizing for max 8388607 objects, including 0 objects not considered by GC, pre-allocating 0 bytes for permanent pool.
LogInit: Object subsystem initialized
[2018.04.14-20.24.21:176][  0]LogInit: Selected Device Profile: [Windows]
[2018.04.14-20.24.21:176][  0]LogInit: Applying CVar settings loaded from the selected device profile: [Windows]
[2018.04.14-20.24.21:190][  0]LogInit: Computer: MATTYS-PC
[2018.04.14-20.24.21:190][  0]LogInit: User: Matthew
[2018.04.14-20.24.21:190][  0]LogInit: CPU Page size=4096, Cores=4
[2018.04.14-20.24.21:190][  0]LogInit: High frequency timer resolution =3.312641 MHz
[2018.04.14-20.24.21:190][  0]LogMemory: Memory total: Physical=7.9GB (8GB approx)
[2018.04.14-20.24.21:190][  0]LogMemory: Platform Memory Stats for Windows
[2018.04.14-20.24.21:190][  0]LogMemory: Process Physical Memory: 273.77 MB used, 273.77 MB peak
[2018.04.14-20.24.21:190][  0]LogMemory: Process Virtual Memory: 261.84 MB used, 261.84 MB peak
[2018.04.14-20.24.21:190][  0]LogMemory: Physical Memory: 5271.15 MB used,  2809.00 MB free, 8080.15 MB total
[2018.04.14-20.24.21:190][  0]LogMemory: Virtual Memory: 679.41 MB used,  2809.00 MB free, 134217728.00 MB total
[2018.04.14-20.24.21:283][  0]LogInit: Using OS detected language (en-GB).
[2018.04.14-20.24.21:283][  0]LogInit: Using OS detected locale (en-GB).
[2018.04.14-20.24.21:288][  0]LogTextLocalizationManager: No specific localization for 'en-GB' exists, so the 'en' localization will be used.
[2018.04.14-20.24.21:728][  0]LogStreaming: Display: Took  0.444s to EndInitTextLocalization.
[2018.04.14-20.24.21:728][  0]LogInit: Setting process to per monitor DPI aware
[2018.04.14-20.24.21:782][  0]LogSlate: New Slate User Created.  User Index 0, Is Virtual User: 0
[2018.04.14-20.24.21:782][  0]LogSlate: Slate User Registered.  User Index 0, Is Virtual User: 0
[2018.04.14-20.24.22:058][  0]LogD3D11RHI: D3D11 adapters:
[2018.04.14-20.24.22:108][  0]LogD3D11RHI:    0. 'NVIDIA GeForce GTX 770' (Feature Level 11_0)
[2018.04.14-20.24.22:108][  0]LogD3D11RHI:       2017/0/4040 MB DedicatedVideo/DedicatedSystem/SharedSystem, Outputs:2, VendorId:0x10de
[2018.04.14-20.24.22:125][  0]LogD3D11RHI:    1. 'Intel(R) HD Graphics 4600' (Feature Level 11_0)
[2018.04.14-20.24.22:125][  0]LogD3D11RHI:       112/0/2048 MB DedicatedVideo/DedicatedSystem/SharedSystem, Outputs:0, VendorId:0x8086
[2018.04.14-20.24.22:134][  0]LogD3D11RHI:    2. 'Microsoft Basic Render Driver' (Feature Level 11_0)
[2018.04.14-20.24.22:134][  0]LogD3D11RHI:       0/0/4040 MB DedicatedVideo/DedicatedSystem/SharedSystem, Outputs:0, VendorId:0x1414
[2018.04.14-20.24.22:134][  0]LogD3D11RHI: Chosen D3D11 Adapter: 0
[2018.04.14-20.24.22:140][  0]LogD3D11RHI: Creating new Direct3DDevice
[2018.04.14-20.24.22:140][  0]LogD3D11RHI:     GPU DeviceId: 0x1184 (for the marketing name, search the web for "GPU Device Id")
[2018.04.14-20.24.22:140][  0]LogWindows: EnumDisplayDevices:
[2018.04.14-20.24.22:140][  0]LogWindows:    0. 'NVIDIA GeForce GTX 770' (P:0 D:1)
[2018.04.14-20.24.22:140][  0]LogWindows:    1. 'NVIDIA GeForce GTX 770' (P:1 D:1)
[2018.04.14-20.24.22:141][  0]LogWindows:    2. 'NVIDIA GeForce GTX 770' (P:0 D:0)
[2018.04.14-20.24.22:141][  0]LogWindows:    3. 'NVIDIA GeForce GTX 770' (P:0 D:0)
[2018.04.14-20.24.22:141][  0]LogWindows:    4. 'Intel(R) HD Graphics 4600' (P:0 D:0)
[2018.04.14-20.24.22:141][  0]LogWindows:    5. 'Intel(R) HD Graphics 4600' (P:0 D:0)
[2018.04.14-20.24.22:142][  0]LogWindows:    6. 'Intel(R) HD Graphics 4600' (P:0 D:0)
[2018.04.14-20.24.22:142][  0]LogWindows: DebugString: GetVideoDriverDetailsInvalid PrimaryIsNotTheChoosenAdapter GetVideoDriverDetailsInvalid PrimaryIsNotTheChoosenAdapter GetVideoDriverDetailsInvalid PrimaryIsNotTheChoosenAdapter GetVideoDriverDetailsInvalid PrimaryIsNotTheChoosenAdapter GetVideoDriverDetailsInvalid PrimaryIsNotTheChoosenAdapter GetVideoDriverDetailsInvalid PrimaryIsNotTheChoosenAdapter GetVideoDriverDetailsInvalid PrimaryIsNotTheChoosenAdapter FoundDriverCount:0 
[2018.04.14-20.24.22:142][  0]LogD3D11RHI:     Adapter Name: NVIDIA GeForce GTX 770
[2018.04.14-20.24.22:142][  0]LogD3D11RHI:   Driver Version: Unknown (internal:Unknown, unified:Unknown)
[2018.04.14-20.24.22:142][  0]LogD3D11RHI:      Driver Date: Unknown
[2018.04.14-20.24.22:142][  0]LogRHI: Texture pool is 1412 MB (70% of 2017 MB)
[2018.04.14-20.24.22:166][  0]LogD3D11RHI: [Aftermath] Aftermath enabled and primed
[2018.04.14-20.24.22:166][  0]LogD3D11RHI: [Aftermath] Aftermath enabled and primed
[2018.04.14-20.24.22:166][  0]LogD3D11RHI: Async texture creation enabled
[2018.04.14-20.24.22:178][  0]LogD3D11RHI: GPU Timing Frequency: 1000.000000 (Debug: 2 1)
[2018.04.14-20.24.22:227][  0]LogShaderCompilers: Guid format shader working directory is -50 characters bigger than the processId version (../../../../../../Users/Matthew/Documents/Tilly's Unreal Adventure/TillysAdventure/TillysAdventure/Intermediate/Shaders/WorkingDirectory/4636/).
[2018.04.14-20.24.22:227][  0]LogShaderCompilers: Cleaned the shader compiler working directory 'C:/Users/Matthew/AppData/Local/Temp/UnrealShaderWorkingDir/198173FA4DE3A3169D63668D768A917A/'.
[2018.04.14-20.24.22:442][  0]LogTemp: Display: Loaded TP AllDesktopTargetPlatform
[2018.04.14-20.24.22:457][  0]LogTemp: Display: Loaded TP MacClientTargetPlatform
[2018.04.14-20.24.22:472][  0]LogTemp: Display: Loaded TP MacNoEditorTargetPlatform
[2018.04.14-20.24.22:487][  0]LogTemp: Display: Loaded TP MacServerTargetPlatform
[2018.04.14-20.24.22:503][  0]LogTemp: Display: Loaded TP MacTargetPlatform
[2018.04.14-20.24.22:520][  0]LogTemp: Display: Loaded TP WindowsClientTargetPlatform
[2018.04.14-20.24.22:535][  0]LogTemp: Display: Loaded TP WindowsNoEditorTargetPlatform
[2018.04.14-20.24.22:550][  0]LogTemp: Display: Loaded TP WindowsServerTargetPlatform
[2018.04.14-20.24.22:559][  0]LogTemp: Display: Loaded TP WindowsTargetPlatform
[2018.04.14-20.24.22:573][  0]LogTemp: Display: Loaded TP Android_ASTCTargetPlatform
[2018.04.14-20.24.22:587][  0]LogTemp: Display: Loaded TP Android_ATCTargetPlatform
[2018.04.14-20.24.22:601][  0]LogTemp: Display: Loaded TP Android_DXTTargetPlatform
[2018.04.14-20.24.22:615][  0]LogTemp: Display: Loaded TP Android_ETC1aTargetPlatform
[2018.04.14-20.24.22:628][  0]LogTemp: Display: Loaded TP Android_ETC1TargetPlatform
[2018.04.14-20.24.22:650][  0]LogTemp: Display: Loaded TP Android_ETC2TargetPlatform
[2018.04.14-20.24.22:679][  0]LogTemp: Display: Loaded TP Android_MultiTargetPlatform
[2018.04.14-20.24.22:679][  0]LogTemp: Display: Loaded TP Android_PVRTCTargetPlatform
[2018.04.14-20.24.22:694][  0]LogTemp: Display: Loaded TP AndroidTargetPlatform
[2018.04.14-20.24.22:699][  0]LogTemp: Display: Loaded TP HTML5TargetPlatform
[2018.04.14-20.24.22:746][  0]LogTemp: Display: Loaded TP IOSTargetPlatform
[2018.04.14-20.24.22:762][  0]LogTemp: Display: Loaded TP TVOSTargetPlatform
[2018.04.14-20.24.22:778][  0]LogTemp: Display: Loaded TP LinuxClientTargetPlatform
[2018.04.14-20.24.22:795][  0]LogTemp: Display: Loaded TP LinuxNoEditorTargetPlatform
[2018.04.14-20.24.22:810][  0]LogTemp: Display: Loaded TP LinuxServerTargetPlatform
[2018.04.14-20.24.22:825][  0]LogTemp: Display: Loaded TP LinuxTargetPlatform
[2018.04.14-20.24.22:825][  0]LogTargetPlatformManager: Display: Building Assets For Windows
[2018.04.14-20.24.23:015][  0]LogXGEController: Cleaning working directory: C:/Users/Matthew/AppData/Local/Temp/UnrealXGEWorkingDir/
[2018.04.14-20.24.23:015][  0]LogXGEController: Cannot use XGE Controller as Incredibuild is not installed on this machine.
[2018.04.14-20.24.23:015][  0]LogShaderCompilers: Cannot use XGE Shader Compiler as Incredibuild is not installed on this machine.
[2018.04.14-20.24.23:015][  0]LogShaderCompilers: Display: Using Local Shader Compiler.
[2018.04.14-20.24.23:795][  0]LogDerivedDataCache: Display: Max Cache Size: 512 MB
[2018.04.14-20.24.23:864][  0]LogDerivedDataCache: Loaded boot cache 0.07s 74MB C:/Users/Matthew/AppData/Local/UnrealEngine/4.19/DerivedDataCache/Boot.ddc.
[2018.04.14-20.24.23:864][  0]LogDerivedDataCache: Display: Loaded Boot cache: C:/Users/Matthew/AppData/Local/UnrealEngine/4.19/DerivedDataCache/Boot.ddc
[2018.04.14-20.24.23:865][  0]LogDerivedDataCache: FDerivedDataBackendGraph:  Pak pak cache file ../../../../../../Users/Matthew/Documents/Tilly's Unreal Adventure/TillysAdventure/TillysAdventure/DerivedDataCache/DDC.ddp not found, will not use a pak cache.
[2018.04.14-20.24.23:865][  0]LogDerivedDataCache: Unable to find inner node Pak for hierarchical cache Hierarchy.
[2018.04.14-20.24.23:865][  0]LogDerivedDataCache: FDerivedDataBackendGraph:  CompressedPak pak cache file ../../../../../../Users/Matthew/Documents/Tilly's Unreal Adventure/TillysAdventure/TillysAdventure/DerivedDataCache/Compressed.ddp not found, will not use a pak cache.
[2018.04.14-20.24.23:865][  0]LogDerivedDataCache: Unable to find inner node CompressedPak for hierarchical cache Hierarchy.
[2018.04.14-20.24.23:881][  0]LogDerivedDataCache: Display: Pak cache opened for reading ../../../Engine/DerivedDataCache/Compressed.ddp.
[2018.04.14-20.24.23:894][  0]LogDerivedDataCache: Using Local data cache path C:/Users/Matthew/AppData/Local/UnrealEngine/Common/DerivedDataCache: Writable
[2018.04.14-20.24.23:905][  0]LogMaterial: Verifying Global Shaders for PCD3D_SM5
[2018.04.14-20.24.23:905][  0]LogSlate: Using Freetype 2.6.0
[2018.04.14-20.24.23:906][  0]LogSlate: SlateFontCache - WITH_FREETYPE: 1, WITH_HARFBUZZ: 1
[2018.04.14-20.24.23:906][  0]LogSlate: SlateFontCache - WITH_FREETYPE: 1, WITH_HARFBUZZ: 1
[2018.04.14-20.24.24:065][  0]LogAssetRegistry: FAssetRegistry took 0.0279 seconds to start up
[2018.04.14-20.24.24:387][  0]LogInit: Selected Device Profile: [Windows]
[2018.04.14-20.24.24:563][  0]LogSimplygon: Simplygon DLL not present - disabling.
[2018.04.14-20.24.24:568][  0]LogMeshReduction: Using SimplygonSwarm for distributed automatic mesh merging
[2018.04.14-20.24.24:568][  0]LogMeshReduction: Using QuadricMeshReduction for automatic static mesh reduction
[2018.04.14-20.24.24:568][  0]LogMeshReduction: No automatic skeletal mesh reduction module available
[2018.04.14-20.24.24:568][  0]LogMeshReduction: No automatic mesh merging module available
[2018.04.14-20.24.24:568][  0]LogMeshMerging: No automatic mesh merging module available
[2018.04.14-20.24.24:607][  0]LogNetVersion: TillysAdventure , NetCL: 3944462, EngineNetVer: 2, GameNetVer: 0 (Checksum: 495776416)
[2018.04.14-20.24.25:069][  0]LogPackageLocalizationCache: Processed 9 localized package path(s) for 2 prioritized culture(s) in 0.095204 seconds
[2018.04.14-20.24.25:075][  0]LogUObjectArray: 36728 objects as part of root set at end of initial load.
[2018.04.14-20.24.25:079][  0]LogUObjectAllocator: 7314304 out of 0 bytes used by permanent object pool.
[2018.04.14-20.24.25:079][  0]LogUObjectArray: CloseDisregardForGC: 0/0 objects in disregard for GC pool
[2018.04.14-20.24.26:999][  0]LogTcpMessaging: Initializing TcpMessaging bridge
[2018.04.14-20.24.27:042][  0]LogUdpMessaging: Initializing bridge on interface 0.0.0.0:0 to multicast group 230.0.0.1:6666.
[2018.04.14-20.24.28:297][  0]SourceControl: Source control is disabled
[2018.04.14-20.24.28:297][  0]SourceControl: Source control is disabled
[2018.04.14-20.24.28:323][  0]SourceControl: Source control is disabled
[2018.04.14-20.24.28:349][  0]SourceControl: Source control is disabled
[2018.04.14-20.24.29:021][  0]LogAndroidPermission: UAndroidPermissionCallbackProxy::GetInstance
[2018.04.14-20.24.29:286][  0]LogOcInput: OculusInput pre-init called
[2018.04.14-20.24.29:422][  0]LogEngine: Initializing Engine...
[2018.04.14-20.24.29:439][  0]LogHMD: Failed to initialize OpenVR with code 105
[2018.04.14-20.24.29:440][  0]LogStats: UGameplayTagsManager::ConstructGameplayTagTree: Construct from data asset -  0.000 s
[2018.04.14-20.24.29:441][  0]LogStats: UGameplayTagsManager::ConstructGameplayTagTree: GameplayTagTreeChangedEvent.Broadcast -  0.000 s
[2018.04.14-20.24.29:655][  0]LogAIModule: Creating AISystem for world Untitled
[2018.04.14-20.24.29:672][  0]LogInit: XAudio2 using 'Speakers (Realtek High Definition Audio)' : 2 channels at 48 kHz using 32 bits per sample (channel mask 0x3)
[2018.04.14-20.24.29:700][  0]LogInit: FAudioDevice initialized.
[2018.04.14-20.24.29:775][  0]LogDerivedDataCache: Saved boot cache 0.07s 74MB C:/Users/Matthew/AppData/Local/UnrealEngine/4.19/DerivedDataCache/Boot.ddc.
[2018.04.14-20.24.29:790][  0]LogInit: Texture streaming: Enabled
[2018.04.14-20.24.29:813][  0]LogEngineSessionManager: EngineSessionManager initialized
[2018.04.14-20.24.29:826][  0]LogInit: Transaction tracking system initialized
[2018.04.14-20.24.29:856][  0]BlueprintLog: New page: Editor Load
[2018.04.14-20.24.29:965][  0]LocalizationService: Localization service is disabled
[2018.04.14-20.24.30:105][  0]LogConsoleResponse: Display: 
[2018.04.14-20.24.30:259][  0]LogCook: Display: Max memory allowance for cook 16384mb min free memory 0mb
[2018.04.14-20.24.30:259][  0]LogCook: Display: Mobile HDR setting 1
[2018.04.14-20.24.30:259][  0]LogGameplayTags: Display: UGameplayTagsManager::DoneAddingNativeTags. DelegateIsBound: 0
[2018.04.14-20.24.30:259][  0]LogStats: UGameplayTagsManager::ConstructGameplayTagTree: Construct from data asset -  0.000 s
[2018.04.14-20.24.30:259][  0]LogStats: UGameplayTagsManager::ConstructGameplayTagTree: GameplayTagTreeChangedEvent.Broadcast -  0.000 s
[2018.04.14-20.24.30:275][  0]LogFileCache: Scanning file cache for directory 'D:/Users/Matthew/Documents/Tilly's Unreal Adventure/TillysAdventure/TillysAdventure/Content/' took 0.01s
[2018.04.14-20.24.30:765][  0]SourceControl: Source control is disabled
[2018.04.14-20.24.30:765][  0]Cmd: MAP LOAD FILE="../../../Engine/Content/Maps/Templates/Template_Default.umap" TEMPLATE=1 SHOWPROGRESS=1 FEATURELEVEL=3
[2018.04.14-20.24.30:765][  0]LightingResults: New page: Lighting Build
[2018.04.14-20.24.30:768][  0]MapCheck: New page: Map Check
[2018.04.14-20.24.30:768][  0]LightingResults: New page: Lighting Build
[2018.04.14-20.24.30:948][  0]LogAIModule: Creating AISystem for world Untitled_1
[2018.04.14-20.24.30:957][  0]LogEditorServer: Finished looking for orphan Actors (0.000 secs)
[2018.04.14-20.24.30:970][  0]Cmd: MAP CHECKDEP NOCLEARLOG
[2018.04.14-20.24.31:060][  0]MapCheck: Map check complete: 0 Error(s), 0 Warning(s), took 89.806ms to complete.
[2018.04.14-20.24.31:060][  0]LogFileHelpers: Loading map 'Template_Default' took 0.296
[2018.04.14-20.24.31:221][  0]LogCollectionManager: Loaded 0 collections in 0.001301 seconds
[2018.04.14-20.24.31:269][  0]LogFileCache: Scanning file cache for directory 'D:/Users/Matthew/Documents/Tilly's Unreal Adventure/TillysAdventure/TillysAdventure/Saved/Collections/' took 0.01s
[2018.04.14-20.24.31:269][  0]LogFileCache: Scanning file cache for directory 'D:/Users/Matthew/Documents/Tilly's Unreal Adventure/TillysAdventure/TillysAdventure/Content/Developers/Matthew/Collections/' took 0.01s
[2018.04.14-20.24.31:269][  0]LogFileCache: Scanning file cache for directory 'D:/Users/Matthew/Documents/Tilly's Unreal Adventure/TillysAdventure/TillysAdventure/Content/Collections/' took 0.01s
[2018.04.14-20.24.31:269][  0]LogCollectionManager: Rebuilt the GUID cache for 0 collections in 0.000000 seconds
[2018.04.14-20.24.31:278][  0]LogContentBrowser: Native class hierarchy populated in 0.0092 seconds. Added 2453 classes and 560 folders.
[2018.04.14-20.24.31:285][  0]LogContentBrowser: Native class hierarchy updated for 'WidgetCarousel' in 0.0009 seconds. Added 0 classes and 0 folders.
[2018.04.14-20.24.31:349][  0]LogContentBrowser: Native class hierarchy updated for 'AddContentDialog' in 0.0009 seconds. Added 0 classes and 0 folders.
[2018.04.14-20.24.31:356][  0]LogContentBrowser: Native class hierarchy updated for 'SceneOutliner' in 0.0009 seconds. Added 1 classes and 2 folders.
[2018.04.14-20.24.31:373][  0]LogSlate: Took 0.000226 seconds to synchronously load lazily loaded font '../../../Engine/Content/Slate/Fonts/Roboto-Regular.ttf' (155K)
[2018.04.14-20.24.31:380][  0]LogSlate: Took 0.000230 seconds to synchronously load lazily loaded font '../../../Engine/Content/Slate/Fonts/Roboto-Bold.ttf' (160K)
[2018.04.14-20.24.31:387][  0]LogSlate: Took 0.000200 seconds to synchronously load lazily loaded font '../../../Engine/Content/Editor/Slate/Fonts/FontAwesome.ttf' (139K)
[2018.04.14-20.24.31:485][  0]LogRenderer: Reallocating scene render targets to support 1208x576 Format 10 NumSamples 1 (Frame:1).
[2018.04.14-20.24.31:641][  0]LogContentBrowser: Native class hierarchy updated for 'HierarchicalLODOutliner' in 0.0009 seconds. Added 0 classes and 0 folders.
[2018.04.14-20.24.31:641][  0]LogLoad: (Engine Initialization) Total time: 14.60 seconds
[2018.04.14-20.24.31:641][  0]LogLoad: (Engine Initialization) Total Blueprint compile time: 0.00 seconds
[2018.04.14-20.24.31:650][  0]LogWindowsTextInputMethodSystem: Display: IME system now deactivated.
[2018.04.14-20.24.31:668][  0]LogAssetRegistry: Asset discovery search completed in 7.6259 seconds
[2018.04.14-20.24.31:669][  0]LogCollectionManager: Rebuilt the object cache for 0 collections in 0.000000 seconds (found 0 objects)
[2018.04.14-20.24.31:669][  0]LogCollectionManager: Fixed up redirectors for 0 collections in 0.000115 seconds (updated 0 objects)
[2018.04.14-20.24.31:672][  0]LogContentStreaming: Texture pool size now 1000 MB
[2018.04.14-20.24.34:332][279]LogSlate: FSceneViewport::OnFocusLost() reason 2
[2018.04.14-20.24.36:042][469]LogSlate: FSceneViewport::OnFocusLost() reason 2
[2018.04.14-20.24.38:348][739]LogWindows: Warning: CreateProc failed: The system cannot find the file specified. (0x00000002)
[2018.04.14-20.24.38:348][739]LogWindows: Warning: URL: C:/Program Files/Git/bin/git.exe version
[2018.04.14-20.24.38:348][739]LogWindows: Warning: CreateProc failed: The system cannot find the file specified. (0x00000002)
[2018.04.14-20.24.38:348][739]LogWindows: Warning: URL: C:/Program Files (x86)/Git/bin/git.exe version
[2018.04.14-20.24.38:355][739]LogWindows: Warning: CreateProc failed: The system cannot find the file specified. (0x00000002)
[2018.04.14-20.24.38:355][739]LogWindows: Warning: URL: C:\Users\Matthew\AppData\Local/Programs/Git/cmd/git.exe version
[2018.04.14-20.24.38:355][739]LogWindows: Warning: CreateProc failed: The system cannot find the file specified. (0x00000002)
[2018.04.14-20.24.38:355][739]LogWindows: Warning: URL: C:/Program Files (x86)/SmartGit/git/bin/git.exe version
[2018.04.14-20.24.38:356][739]LogWindows: Warning: CreateProc failed: The system cannot find the file specified. (0x00000002)
[2018.04.14-20.24.38:356][739]LogWindows: Warning: URL: C:/Program Files (x86)/SmartGit/bin/git.exe version
[2018.04.14-20.24.43:957][289]LogSlate: Window 'Source Control Login' being destroyed
[2018.04.14-20.24.53:227][395]LogSlate: FSceneViewport::OnFocusLost() reason 0
[2018.04.14-20.24.53:324][405]LogTemp: Repeating last play command: Selected Viewport
[2018.04.14-20.24.53:429][405]LogPlayLevel: PlayLevel: No blueprints needed recompiling
[2018.04.14-20.24.54:093][405]PIE: New page: PIE session: Untitled_1 (14 Apr 2018 22:24:53)
[2018.04.14-20.24.54:130][405]LogPlayLevel: Creating play world package: /Temp/UEDPIE_0_Untitled_1
[2018.04.14-20.24.54:327][405]LogPlayLevel: PIE: StaticDuplicateObject took: (0.197055s)
[2018.04.14-20.24.54:328][405]LogAIModule: Creating AISystem for world Untitled_1
[2018.04.14-20.24.54:356][405]LogPlayLevel: PIE: World Init took: (0.028175s)
[2018.04.14-20.24.54:356][405]LogPlayLevel: PIE: Created PIE world by copying editor world from /Temp/Untitled_1.Untitled_1 to /Temp/UEDPIE_0_Untitled_1.Untitled_1 (0.225655s)
[2018.04.14-20.24.54:688][405]LogInit: XAudio2 using 'Speakers (Realtek High Definition Audio)' : 2 channels at 48 kHz using 32 bits per sample (channel mask 0x3)
[2018.04.14-20.24.54:700][405]LogInit: FAudioDevice initialized.
[2018.04.14-20.24.55:095][405]LogLoad: Game class is 'GameModeBase'
[2018.04.14-20.24.55:709][405]LogWorld: Bringing World /Temp/UEDPIE_0_Untitled_1.Untitled_1 up for play (max tick rate 0) at 2018.04.14-21.24.55
[2018.04.14-20.24.56:006][405]LogWorld: Bringing up level for play took: 0.297482
[2018.04.14-20.24.57:451][405]LogContentBrowser: Native class hierarchy updated for 'MovieSceneCapture' in 0.0010 seconds. Added 11 classes and 0 folders.
[2018.04.14-20.24.58:037][405]PIE: Play in editor start time for /Temp/UEDPIE_0_Untitled_1 4.428
[2018.04.14-20.25.15:966][248]LogSlate: FSceneViewport::OnFocusLost() reason 0
[2018.04.14-20.25.23:950][979]SourceControl: fatal: /Temp: '/Temp' is outside repository
[2018.04.14-20.26.10:066][321]LogSlate: Took 0.015418 seconds to synchronously load lazily loaded font '../../../Engine/Content/Slate/Fonts/Roboto-Light.ttf' (167K)
[2018.04.14-20.28.11:383][168]LogSlate: Took 0.000857 seconds to synchronously load lazily loaded font '../../../Engine/Content/Slate/Fonts/Roboto-Light.ttf' (167K)
[2018.04.14-20.28.11:651][168]LogSlate: Took 0.035817 seconds to synchronously load lazily loaded font '../../../Engine/Content/Slate/Fonts/Roboto-BoldCondensed.ttf' (158K)
[2018.04.14-20.28.23:658][479]Running D:/Program Files/Epic Games/UE_4.19/Engine/Binaries/DotNET/UnrealBuildTool.exe TillysAdventure Win64 Development -editorrecompile "D:/Users/Matthew/Documents/Tilly's Unreal Adventure/TillysAdventure/TillysAdventure/TillysAdventure.uproject" -invalidatemakefilesonly
[2018.04.14-20.28.23:860][479]Invalidating makefiles only in this run.
[2018.04.14-20.28.24:204][479]Candidate modules for hot reload:
[2018.04.14-20.28.24:204][479]  TillysAdventure
[2018.04.14-20.28.24:204][479]Launching UnrealBuildTool... [D:/Program Files/Epic Games/UE_4.19/Engine/Binaries/DotNET/UnrealBuildTool.exe TillysAdventure -ModuleWithSuffix=TillysAdventure,3643 Win64 Development -editorrecompile -canskiplink "D:/Users/Matthew/Documents/Tilly's Unreal Adventure/TillysAdventure/TillysAdventure/TillysAdventure.uproject" ]
[2018.04.14-20.29.53:295][479]CompilerResultsLog: New page: Compilation - 14 Apr 2018 22:29:53
[2018.04.14-20.29.53:345][479]CompilerResultsLog: Using 'git status' to determine working set for adaptive non-unity build.
[2018.04.14-20.29.53:345][479]CompilerResultsLog: Creating makefile for hot reloading TillysAdventure (no existing makefile)
[2018.04.14-20.29.53:345][479]CompilerResultsLog: Compiling game modules for hot reload
[2018.04.14-20.29.53:345][479]CompilerResultsLog: Parsing headers for TillysAdventureEditor
[2018.04.14-20.29.53:345][479]CompilerResultsLog:   Running UnrealHeaderTool "D:\Users\Matthew\Documents\Tilly's Unreal Adventure\TillysAdventure\TillysAdventure\TillysAdventure.uproject" "D:\Users\Matthew\Documents\Tilly's Unreal Adventure\TillysAdventure\TillysAdventure\Intermediate\Build\Win64\TillysAdventureEditor\Development\TillysAdventureEditor.uhtmanifest" -LogCmds="loginit warning, logexit warning, logdatabase error" -Unattended -WarningsAsErrors -installed
[2018.04.14-20.29.53:345][479]CompilerResultsLog: Reflection code generated for TillysAdventureEditor in 9.9586248 seconds
[2018.04.14-20.29.53:346][479]CompilerResultsLog: Performing 9 actions (4 in parallel)
[2018.04.14-20.29.53:346][479]CompilerResultsLog: SharedPCH.Engine.cpp
[2018.04.14-20.29.53:346][479]CompilerResultsLog: TillyPawn.cpp
[2018.04.14-20.29.53:346][479]CompilerResultsLog: TillysAdventure.cpp
[2018.04.14-20.29.53:346][479]CompilerResultsLog: TillysAdventureGameModeBase.cpp
[2018.04.14-20.29.53:346][479]CompilerResultsLog: TillyPawn.gen.cpp
[2018.04.14-20.29.53:346][479]CompilerResultsLog: TillysAdventure.init.gen.cpp
[2018.04.14-20.29.53:346][479]CompilerResultsLog: TillysAdventureGameModeBase.gen.cpp
[2018.04.14-20.29.53:346][479]CompilerResultsLog: [8/9] Link UE4Editor-TillysAdventure-3643.dll
[2018.04.14-20.29.53:346][479]CompilerResultsLog: [9/9] Link UE4Editor-TillysAdventure-3643.lib
[2018.04.14-20.29.53:346][479]CompilerResultsLog:    Creating library D:\Users\Matthew\Documents\Tilly's Unreal Adventure\TillysAdventure\TillysAdventure\Intermediate\Build\Win64\UE4Editor\Development\UE4Editor-TillysAdventure-3643.lib and object D:\Users\Matthew\Documents\Tilly's Unreal Adventure\TillysAdventure\TillysAdventure\Intermediate\Build\Win64\UE4Editor\Development\UE4Editor-TillysAdventure-3643.exp
[2018.04.14-20.29.53:346][479]CompilerResultsLog:    Creating library D:\Users\Matthew\Documents\Tilly's Unreal Adventure\TillysAdventure\TillysAdventure\Intermediate\Build\Win64\UE4Editor\Development\UE4Editor-TillysAdventure-3643.suppressed.lib and object D:\Users\Matthew\Documents\Tilly's Unreal Adventure\TillysAdventure\TillysAdventure\Intermediate\Build\Win64\UE4Editor\Development\UE4Editor-TillysAdventure-3643.suppressed.exp
[2018.04.14-20.29.53:346][479]CompilerResultsLog: Total build time: 88.89 seconds (Local executor: 32.71 seconds)
[2018.04.14-20.29.53:375][479]LogMainFrame: MainFrame: Module compiling took 89.212 seconds
[2018.04.14-20.29.53:551][479]LogClass: Could not find existing class TillyPawn in package /Script/TillysAdventure for HotReload, assuming new class
[2018.04.14-20.29.53:568][479]LogContentBrowser: Native class hierarchy updated for 'TillysAdventure' in 0.0010 seconds. Added 2 classes and 2 folders.
[2018.04.14-20.29.53:570][479]Display: HotReload successful (0 functions remapped  0 scriptstructs remapped)
[2018.04.14-20.29.53:935][479]LogContentBrowser: Native class hierarchy populated in 0.0106 seconds. Added 2455 classes and 562 folders.
[2018.04.14-20.29.54:003][479]Display: HotReload took 89.9s.
[2018.04.14-20.29.54:006][479]Warning: HotReload operation took 89.9s.
[2018.04.14-20.29.56:689][479]LogVSAccessor: Warning: Couldn't goto line number '1' in 'D:/Users/Matthew/Documents/Tilly's Unreal Adventure/TillysAdventure/TillysAdventure/Source/TillysAdventure/TillyPawn.h'
[2018.04.14-20.29.57:109][479]LogSlate: Window 'Add C++ Class' being destroyed
[2018.04.14-20.29.57:266][479]LogHotReload: New module detected: UE4Editor-TillysAdventure-3643.dll
[2018.04.14-20.29.57:711][480]LogHotReload: Starting Hot-Reload from IDE
[2018.04.14-20.29.57:744][480]LogContentBrowser: Native class hierarchy updated for 'TillysAdventure' in 0.0011 seconds. Added 2 classes and 2 folders.
[2018.04.14-20.29.57:747][480]Display: HotReload successful (0 functions remapped  0 scriptstructs remapped)
[2018.04.14-20.29.57:774][480]LogContentBrowser: Native class hierarchy populated in 0.0109 seconds. Added 2455 classes and 562 folders.
[2018.04.14-20.29.57:781][480]Display: HotReload took  0.1s.
[2018.04.14-20.35.04:304][785]LogSlate: Window 'Pick Parent Class' being destroyed
[2018.04.14-20.36.20:257][696]LogSavePackage: Save=71.92ms
[2018.04.14-20.36.20:257][696]LogSavePackage: Moving '../../../../../../Users/Matthew/Documents/Tilly's Unreal Adventure/TillysAdventure/TillysAdventure/Saved/Untitled_1_Auto19EB9D8FA498A9E49CA67E7A30551956A.tmp' to '../../../../../../Users/Matthew/Documents/Tilly's Unreal Adventure/TillysAdventure/TillysAdventure/Saved/Autosaves/Temp/Untitled_1_Auto1.umap'
[2018.04.14-20.36.20:271][696]LogSavePackage: Display: Finished SavePackage ../../../../../../Users/Matthew/Documents/Tilly's Unreal Adventure/TillysAdventure/TillysAdventure/Saved/Autosaves/Temp/Untitled_1_Auto1.umap
[2018.04.14-20.36.20:326][696]LogFileHelpers: Editor autosave (incl. sublevels) for '/Temp/Untitled_1' took 0.228
[2018.04.14-20.36.20:327][696]LogFileHelpers: Editor autosave (incl. sublevels) for all levels took 0.228
