Log file open, 04/22/18 14:43:24
LogWindows: Failed to load 'aqProf.dll' (GetLastError=126)
LogWindows: File 'aqProf.dll' does not exist
LogWindows: Failed to load 'VtuneApi.dll' (GetLastError=126)
LogWindows: File 'VtuneApi.dll' does not exist
LogWindows: Failed to load 'VtuneApi32e.dll' (GetLastError=126)
LogWindows: File 'VtuneApi32e.dll' does not exist
LogInit: Display: Running engine for game: TillysAdventure
LogPlatformFile: Not using cached read wrapper
LogInit: Display: RandInit(-2110414040) SRandInit(-2110414039).
LogInit: Read version file with build ID '3944462'
LogInit: Overriding engine version to CL 3989454, compatible CL 3944462
LogInit: Registered custom module enumerator with build ID '3944462'
LogTaskGraph: Started task graph with 5 named threads and 14 total threads with 3 sets of task threads.
LogStats: Stats thread started at 0.238656
LogD3D11RHI: Aftermath initialized
LogICUInternationalization: Display: ICU TimeZone Detection - Raw Offset: +0:00, Platform Override: ''
LogPluginManager: Mounting plugin Paper2D
LogPluginManager: Mounting plugin LiveLink
LogPluginManager: Mounting plugin LightPropagationVolume
LogPluginManager: Mounting plugin CLionSourceCodeAccess
LogPluginManager: Mounting plugin CodeLiteSourceCodeAccess
LogPluginManager: Mounting plugin GitSourceControl
LogPluginManager: Mounting plugin KDevelopSourceCodeAccess
LogPluginManager: Mounting plugin NullSourceCodeAccess
LogPluginManager: Mounting plugin PerforceSourceControl
LogPluginManager: Mounting plugin SubversionSourceControl
LogPluginManager: Mounting plugin UObjectPlugin
LogPluginManager: Mounting plugin VisualStudioCodeSourceCodeAccess
LogPluginManager: Mounting plugin VisualStudioSourceCodeAccess
LogPluginManager: Mounting plugin XCodeSourceCodeAccess
LogPluginManager: Mounting plugin AssetManagerEditor
LogPluginManager: Mounting plugin CryptoKeys
LogPluginManager: Mounting plugin DataValidation
LogPluginManager: Mounting plugin FacialAnimation
LogPluginManager: Mounting plugin GameplayTagsEditor
LogPluginManager: Mounting plugin MobileLauncherProfileWizard
LogPluginManager: Mounting plugin PluginBrowser
LogPluginManager: Mounting plugin SpeedTreeImporter
LogPluginManager: Mounting plugin DatasmithContent
LogPluginManager: Mounting plugin AlembicImporter
LogPluginManager: Mounting plugin CharacterAI
LogPluginManager: Mounting plugin HTML5Networking
LogPluginManager: Mounting plugin AndroidMedia
LogPluginManager: Mounting plugin AvfMedia
LogPluginManager: Mounting plugin ImgMedia
LogPluginManager: Mounting plugin LinearTimecode
LogPluginManager: Mounting plugin MediaCompositing
LogPluginManager: Mounting plugin MediaPlayerEditor
LogPluginManager: Mounting plugin WmfMedia
LogPluginManager: Mounting plugin TcpMessaging
LogPluginManager: Mounting plugin UdpMessaging
LogPluginManager: Mounting plugin ActorSequence
LogPluginManager: Mounting plugin LevelSequenceEditor
LogPluginManager: Mounting plugin MatineeToLevelSequence
LogPluginManager: Mounting plugin NetcodeUnitTest
LogPluginManager: Mounting plugin NUTUnrealEngine4
LogPluginManager: Mounting plugin OnlineSubsystemGooglePlay
LogPluginManager: Mounting plugin OnlineSubsystemIOS
LogPluginManager: Mounting plugin OnlineSubsystem
LogPluginManager: Mounting plugin OnlineSubsystemNull
LogPluginManager: Mounting plugin OnlineSubsystemUtils
LogPluginManager: Mounting plugin AndroidDeviceProfileSelector
LogPluginManager: Mounting plugin AndroidMoviePlayer
LogPluginManager: Mounting plugin AndroidPermission
LogPluginManager: Mounting plugin AppleARKit
LogPluginManager: Mounting plugin AppleMoviePlayer
LogPluginManager: Mounting plugin ArchVisCharacter
LogPluginManager: Mounting plugin AudioCapture
LogPluginManager: Mounting plugin CableComponent
LogPluginManager: Mounting plugin CustomMeshComponent
LogPluginManager: Mounting plugin ExampleDeviceProfileSelector
LogPluginManager: Mounting plugin GoogleCloudMessaging
LogPluginManager: Mounting plugin ImmediatePhysics
LogPluginManager: Mounting plugin IOSDeviceProfileSelector
LogPluginManager: Mounting plugin LinuxDeviceProfileSelector
LogPluginManager: Mounting plugin LocationServicesBPLibrary
LogPluginManager: Mounting plugin MobilePatchingUtils
LogPluginManager: Mounting plugin OculusVR
LogPluginManager: Plugin shader directory ../../../Engine/Plugins/Runtime/Oculus/OculusVR/Shaders found
LogPluginManager: Mapping shader source directory ../../../Engine/Plugins/Runtime/Oculus/OculusVR/Shaders to virtual directory /Plugin/OculusVR
LogPluginManager: Mounting plugin PhysXVehicles
LogPluginManager: Mounting plugin ProceduralMeshComponent
LogPluginManager: Mounting plugin RuntimePhysXCooking
LogPluginManager: Mounting plugin SteamVR
LogPluginManager: Mounting plugin WindowsMoviePlayer
LogStreaming: Display: Took  0.227s to configure plugins.
LogModuleManager: Display: Found up-to-date module file ../../../../../../Users/Matthew/Documents/Tilly's Unreal Adventure/TillysAdventure/TillysAdventure/Binaries/Win64/UE4Editor-TillysAdventure.dll (API version 3944462).
LogModuleManager: Display: Found up-to-date module file ../../../Engine/Plugins/2D/Paper2D/Binaries/Win64/UE4Editor-Paper2D.dll (API version 3944462).
LogModuleManager: Display: Found up-to-date module file ../../../Engine/Plugins/2D/Paper2D/Binaries/Win64/UE4Editor-Paper2DEditor.dll (API version 3944462).
LogModuleManager: Display: Found up-to-date module file ../../../Engine/Plugins/2D/Paper2D/Binaries/Win64/UE4Editor-PaperSpriteSheetImporter.dll (API version 3944462).
LogModuleManager: Display: Found up-to-date module file ../../../Engine/Plugins/2D/Paper2D/Binaries/Win64/UE4Editor-PaperTiledImporter.dll (API version 3944462).
LogModuleManager: Display: Found up-to-date module file ../../../Engine/Plugins/2D/Paper2D/Binaries/Win64/UE4Editor-SmartSnapping.dll (API version 3944462).
LogModuleManager: Display: Found up-to-date module file ../../../Engine/Plugins/Animation/LiveLink/Binaries/Win64/UE4Editor-LiveLink.dll (API version 3944462).
LogModuleManager: Display: Found up-to-date module file ../../../Engine/Plugins/Animation/LiveLink/Binaries/Win64/UE4Editor-LiveLinkEditor.dll (API version 3944462).
LogModuleManager: Display: Found up-to-date module file ../../../Engine/Plugins/Blendables/LightPropagationVolume/Binaries/Win64/UE4Editor-LightPropagationVolumeRuntime.dll (API version 3944462).
LogModuleManager: Display: Found up-to-date module file ../../../Engine/Plugins/Blendables/LightPropagationVolume/Binaries/Win64/UE4Editor-LightPropagationVolumeEditor.dll (API version 3944462).
LogModuleManager: Display: Found up-to-date module file ../../../Engine/Plugins/Developer/CLionSourceCodeAccess/Binaries/Win64/UE4Editor-CLionSourceCodeAccess.dll (API version 3944462).
LogModuleManager: Display: Found up-to-date module file ../../../Engine/Plugins/Developer/GitSourceControl/Binaries/Win64/UE4Editor-GitSourceControl.dll (API version 3944462).
LogModuleManager: Display: Found up-to-date module file ../../../Engine/Plugins/Developer/PerforceSourceControl/Binaries/Win64/UE4Editor-PerforceSourceControl.dll (API version 3944462).
LogModuleManager: Display: Found up-to-date module file ../../../Engine/Plugins/Developer/SubversionSourceControl/Binaries/Win64/UE4Editor-SubversionSourceControl.dll (API version 3944462).
LogModuleManager: Display: Found up-to-date module file ../../../Engine/Plugins/Developer/UObjectPlugin/Binaries/Win64/UE4Editor-UObjectPlugin.dll (API version 3944462).
LogModuleManager: Display: Found up-to-date module file ../../../Engine/Plugins/Developer/VisualStudioCodeSourceCodeAccess/Binaries/Win64/UE4Editor-VisualStudioCodeSourceCodeAccess.dll (API version 3944462).
LogModuleManager: Display: Found up-to-date module file ../../../Engine/Plugins/Developer/VisualStudioSourceCodeAccess/Binaries/Win64/UE4Editor-VisualStudioSourceCodeAccess.dll (API version 3944462).
LogModuleManager: Display: Found up-to-date module file ../../../Engine/Plugins/Editor/AssetManagerEditor/Binaries/Win64/UE4Editor-AssetManagerEditor.dll (API version 3944462).
LogModuleManager: Display: Found up-to-date module file ../../../Engine/Plugins/Editor/CryptoKeys/Binaries/Win64/UE4Editor-CryptoKeys.dll (API version 3944462).
LogModuleManager: Display: Found up-to-date module file ../../../Engine/Plugins/Editor/CryptoKeys/Binaries/Win64/UE4Editor-CryptoKeysOpenSSL.dll (API version 3944462).
LogModuleManager: Display: Found up-to-date module file ../../../Engine/Plugins/Editor/DataValidation/Binaries/Win64/UE4Editor-DataValidation.dll (API version 3944462).
LogModuleManager: Display: Found up-to-date module file ../../../Engine/Plugins/Editor/FacialAnimation/Binaries/Win64/UE4Editor-FacialAnimation.dll (API version 3944462).
LogModuleManager: Display: Found up-to-date module file ../../../Engine/Plugins/Editor/FacialAnimation/Binaries/Win64/UE4Editor-FacialAnimationEditor.dll (API version 3944462).
LogModuleManager: Display: Found up-to-date module file ../../../Engine/Plugins/Editor/GameplayTagsEditor/Binaries/Win64/UE4Editor-GameplayTagsEditor.dll (API version 3944462).
LogModuleManager: Display: Found up-to-date module file ../../../Engine/Plugins/Editor/MobileLauncherProfileWizard/Binaries/Win64/UE4Editor-MobileLauncherProfileWizard.dll (API version 3944462).
LogModuleManager: Display: Found up-to-date module file ../../../Engine/Plugins/Editor/PluginBrowser/Binaries/Win64/UE4Editor-PluginBrowser.dll (API version 3944462).
LogModuleManager: Display: Found up-to-date module file ../../../Engine/Plugins/Editor/SpeedTreeImporter/Binaries/Win64/UE4Editor-SpeedTreeImporter.dll (API version 3944462).
LogModuleManager: Display: Found up-to-date module file ../../../Engine/Plugins/Enterprise/DatasmithContent/Binaries/Win64/UE4Editor-DatasmithContent.dll (API version 3944462).
LogModuleManager: Display: Found up-to-date module file ../../../Engine/Plugins/Experimental/AlembicImporter/Binaries/Win64/UE4Editor-AlembicImporter.dll (API version 3944462).
LogModuleManager: Display: Found up-to-date module file ../../../Engine/Plugins/Experimental/AlembicImporter/Binaries/Win64/UE4Editor-AlembicLibrary.dll (API version 3944462).
LogModuleManager: Display: Found up-to-date module file ../../../Engine/Plugins/Experimental/CharacterAI/Binaries/Win64/UE4Editor-CharacterAI.dll (API version 3944462).
LogModuleManager: Display: Found up-to-date module file ../../../Engine/Plugins/Experimental/HTML5Networking/Binaries/Win64/UE4Editor-HTML5Networking.dll (API version 3944462).
LogModuleManager: Display: Found up-to-date module file ../../../Engine/Plugins/Media/AndroidMedia/Binaries/Win64/UE4Editor-AndroidMediaEditor.dll (API version 3944462).
LogModuleManager: Display: Found up-to-date module file ../../../Engine/Plugins/Media/AndroidMedia/Binaries/Win64/UE4Editor-AndroidMediaFactory.dll (API version 3944462).
LogModuleManager: Display: Found up-to-date module file ../../../Engine/Plugins/Media/AvfMedia/Binaries/Win64/UE4Editor-AvfMediaEditor.dll (API version 3944462).
LogModuleManager: Display: Found up-to-date module file ../../../Engine/Plugins/Media/AvfMedia/Binaries/Win64/UE4Editor-AvfMediaFactory.dll (API version 3944462).
LogModuleManager: Display: Found up-to-date module file ../../../Engine/Plugins/Media/AvfMedia/Binaries/Win64/UE4Editor-AvfMediaFactory.dll (API version 3944462).
LogModuleManager: Display: Found up-to-date module file ../../../Engine/Plugins/Media/ImgMedia/Binaries/Win64/UE4Editor-ImgMedia.dll (API version 3944462).
LogModuleManager: Display: Found up-to-date module file ../../../Engine/Plugins/Media/ImgMedia/Binaries/Win64/UE4Editor-ImgMediaEditor.dll (API version 3944462).
LogModuleManager: Display: Found up-to-date module file ../../../Engine/Plugins/Media/ImgMedia/Binaries/Win64/UE4Editor-ImgMediaFactory.dll (API version 3944462).
LogModuleManager: Display: Found up-to-date module file ../../../Engine/Plugins/Media/ImgMedia/Binaries/Win64/UE4Editor-ImgMediaFactory.dll (API version 3944462).
LogModuleManager: Display: Found up-to-date module file ../../../Engine/Plugins/Media/ImgMedia/Binaries/Win64/UE4Editor-OpenExrWrapper.dll (API version 3944462).
LogModuleManager: Display: Found up-to-date module file ../../../Engine/Plugins/Media/LinearTimecode/Binaries/Win64/UE4Editor-LinearTimecode.dll (API version 3944462).
LogModuleManager: Display: Found up-to-date module file ../../../Engine/Plugins/Media/MediaCompositing/Binaries/Win64/UE4Editor-MediaCompositing.dll (API version 3944462).
LogModuleManager: Display: Found up-to-date module file ../../../Engine/Plugins/Media/MediaCompositing/Binaries/Win64/UE4Editor-MediaCompositingEditor.dll (API version 3944462).
LogModuleManager: Display: Found up-to-date module file ../../../Engine/Plugins/Media/MediaPlayerEditor/Binaries/Win64/UE4Editor-MediaPlayerEditor.dll (API version 3944462).
LogModuleManager: Display: Found up-to-date module file ../../../Engine/Plugins/Media/WmfMedia/Binaries/Win64/UE4Editor-WmfMedia.dll (API version 3944462).
LogModuleManager: Display: Found up-to-date module file ../../../Engine/Plugins/Media/WmfMedia/Binaries/Win64/UE4Editor-WmfMediaEditor.dll (API version 3944462).
LogModuleManager: Display: Found up-to-date module file ../../../Engine/Plugins/Media/WmfMedia/Binaries/Win64/UE4Editor-WmfMediaFactory.dll (API version 3944462).
LogModuleManager: Display: Found up-to-date module file ../../../Engine/Plugins/Media/WmfMedia/Binaries/Win64/UE4Editor-WmfMediaFactory.dll (API version 3944462).
LogModuleManager: Display: Found up-to-date module file ../../../Engine/Plugins/Messaging/TcpMessaging/Binaries/Win64/UE4Editor-TcpMessaging.dll (API version 3944462).
LogModuleManager: Display: Found up-to-date module file ../../../Engine/Plugins/Messaging/UdpMessaging/Binaries/Win64/UE4Editor-UdpMessaging.dll (API version 3944462).
LogModuleManager: Display: Found up-to-date module file ../../../Engine/Plugins/MovieScene/ActorSequence/Binaries/Win64/UE4Editor-ActorSequence.dll (API version 3944462).
LogModuleManager: Display: Found up-to-date module file ../../../Engine/Plugins/MovieScene/LevelSequenceEditor/Binaries/Win64/UE4Editor-LevelSequenceEditor.dll (API version 3944462).
LogModuleManager: Display: Found up-to-date module file ../../../Engine/Plugins/MovieScene/MatineeToLevelSequence/Binaries/Win64/UE4Editor-MatineeToLevelSequence.dll (API version 3944462).
LogModuleManager: Display: Found up-to-date module file ../../../Engine/Plugins/NetcodeUnitTest/NetcodeUnitTest/Binaries/Win64/UE4Editor-NetcodeUnitTest.dll (API version 3944462).
LogModuleManager: Display: Found up-to-date module file ../../../Engine/Plugins/NetcodeUnitTest/NUTUnrealEngine4/Binaries/Win64/UE4Editor-NUTUnrealEngine4.dll (API version 3944462).
LogModuleManager: Display: Found up-to-date module file ../../../Engine/Plugins/Online/OnlineSubsystem/Binaries/Win64/UE4Editor-OnlineSubsystem.dll (API version 3944462).
LogModuleManager: Display: Found up-to-date module file ../../../Engine/Plugins/Online/OnlineSubsystemNull/Binaries/Win64/UE4Editor-OnlineSubsystemNull.dll (API version 3944462).
LogModuleManager: Display: Found up-to-date module file ../../../Engine/Plugins/Online/OnlineSubsystemUtils/Binaries/Win64/UE4Editor-OnlineSubsystemUtils.dll (API version 3944462).
LogModuleManager: Display: Found up-to-date module file ../../../Engine/Plugins/Online/OnlineSubsystemUtils/Binaries/Win64/UE4Editor-OnlineBlueprintSupport.dll (API version 3944462).
LogModuleManager: Display: Found up-to-date module file ../../../Engine/Plugins/Runtime/AndroidDeviceProfileSelector/Binaries/Win64/UE4Editor-AndroidDeviceProfileSelector.dll (API version 3944462).
LogModuleManager: Display: Found up-to-date module file ../../../Engine/Plugins/Runtime/AndroidPermission/Binaries/Win64/UE4Editor-AndroidPermission.dll (API version 3944462).
LogModuleManager: Display: Found up-to-date module file ../../../Engine/Plugins/Runtime/AppleARKit/Binaries/Win64/UE4Editor-AppleARKit.dll (API version 3944462).
LogModuleManager: Display: Found up-to-date module file ../../../Engine/Plugins/Runtime/ArchVisCharacter/Binaries/Win64/UE4Editor-ArchVisCharacter.dll (API version 3944462).
LogModuleManager: Display: Found up-to-date module file ../../../Engine/Plugins/Runtime/AudioCapture/Binaries/Win64/UE4Editor-AudioCapture.dll (API version 3944462).
LogModuleManager: Display: Found up-to-date module file ../../../Engine/Plugins/Runtime/AudioCapture/Binaries/Win64/UE4Editor-AudioCaptureEditor.dll (API version 3944462).
LogModuleManager: Display: Found up-to-date module file ../../../Engine/Plugins/Runtime/CableComponent/Binaries/Win64/UE4Editor-CableComponent.dll (API version 3944462).
LogModuleManager: Display: Found up-to-date module file ../../../Engine/Plugins/Runtime/CustomMeshComponent/Binaries/Win64/UE4Editor-CustomMeshComponent.dll (API version 3944462).
LogModuleManager: Display: Found up-to-date module file ../../../Engine/Plugins/Runtime/ExampleDeviceProfileSelector/Binaries/Win64/UE4Editor-ExampleDeviceProfileSelector.dll (API version 3944462).
LogModuleManager: Display: Found up-to-date module file ../../../Engine/Plugins/Runtime/ImmediatePhysics/Binaries/Win64/UE4Editor-ImmediatePhysics.dll (API version 3944462).
LogModuleManager: Display: Found up-to-date module file ../../../Engine/Plugins/Runtime/ImmediatePhysics/Binaries/Win64/UE4Editor-ImmediatePhysicsEditor.dll (API version 3944462).
LogModuleManager: Display: Found up-to-date module file ../../../Engine/Plugins/Runtime/LocationServicesBPLibrary/Binaries/Win64/UE4Editor-LocationServicesBPLibrary.dll (API version 3944462).
LogModuleManager: Display: Found up-to-date module file ../../../Engine/Plugins/Runtime/MobilePatchingUtils/Binaries/Win64/UE4Editor-MobilePatchingUtils.dll (API version 3944462).
LogModuleManager: Display: Found up-to-date module file ../../../Engine/Plugins/Runtime/Oculus/OculusVR/Binaries/Win64/UE4Editor-OculusHMD.dll (API version 3944462).
LogModuleManager: Display: Found up-to-date module file ../../../Engine/Plugins/Runtime/Oculus/OculusVR/Binaries/Win64/UE4Editor-OculusInput.dll (API version 3944462).
LogModuleManager: Display: Found up-to-date module file ../../../Engine/Plugins/Runtime/Oculus/OculusVR/Binaries/Win64/UE4Editor-OculusEditor.dll (API version 3944462).
LogModuleManager: Display: Found up-to-date module file ../../../Engine/Plugins/Runtime/PhysXVehicles/Binaries/Win64/UE4Editor-PhysXVehicles.dll (API version 3944462).
LogModuleManager: Display: Found up-to-date module file ../../../Engine/Plugins/Runtime/PhysXVehicles/Binaries/Win64/UE4Editor-PhysXVehiclesEditor.dll (API version 3944462).
LogModuleManager: Display: Found up-to-date module file ../../../Engine/Plugins/Runtime/ProceduralMeshComponent/Binaries/Win64/UE4Editor-ProceduralMeshComponent.dll (API version 3944462).
LogModuleManager: Display: Found up-to-date module file ../../../Engine/Plugins/Runtime/ProceduralMeshComponent/Binaries/Win64/UE4Editor-ProceduralMeshComponentEditor.dll (API version 3944462).
LogModuleManager: Display: Found up-to-date module file ../../../Engine/Plugins/Runtime/RuntimePhysXCooking/Binaries/Win64/UE4Editor-RuntimePhysXCooking.dll (API version 3944462).
LogModuleManager: Display: Found up-to-date module file ../../../Engine/Plugins/Runtime/Steam/SteamVR/Binaries/Win64/UE4Editor-SteamVR.dll (API version 3944462).
LogModuleManager: Display: Found up-to-date module file ../../../Engine/Plugins/Runtime/Steam/SteamVR/Binaries/Win64/UE4Editor-SteamVRController.dll (API version 3944462).
LogModuleManager: Display: Found up-to-date module file ../../../Engine/Plugins/Runtime/WindowsMoviePlayer/Binaries/Win64/UE4Editor-WindowsMoviePlayer.dll (API version 3944462).
LogInit: Using libcurl 7.47.1
LogInit:  - built for x86_64-pc-win32
LogInit:  - supports SSL with OpenSSL/1.0.2g
LogInit:  - supports HTTP deflate (compression) using libz 1.2.8
LogInit:  - other features:
LogInit:      CURL_VERSION_SSL
LogInit:      CURL_VERSION_LIBZ
LogInit:      CURL_VERSION_IPV6
LogInit:      CURL_VERSION_ASYNCHDNS
LogInit:      CURL_VERSION_LARGEFILE
LogInit:      CURL_VERSION_IDN
LogInit:  CurlRequestOptions (configurable via config and command line):
LogInit:  - bVerifyPeer = false  - Libcurl will NOT verify peer certificate
LogInit:  - bUseHttpProxy = false  - Libcurl will NOT use HTTP proxy
LogInit:  - bDontReuseConnections = false  - Libcurl will reuse connections
LogInit:  - CertBundlePath = nullptr  - Libcurl will use whatever was configured at build time.
LogInit:  - MaxHostConnections = 16  - Libcurl will limit the number of connections to a host
LogInit:  - LocalHostAddr = Default
LogInit: WinSock: version 1.1 (2.2), MaxSocks=32767, MaxUdp=65467
LogInit: WinSock: I am Mattys-PC (192.168.0.12:0)
LogInit: Build: ++UE4+Release-4.19-CL-3989454
LogInit: Engine Version: 4.19.1-3989454+++UE4+Release-4.19
LogInit: Compatible Engine Version: 4.19.0-3944462+++UE4+Release-4.19
LogInit: Net CL: 3944462
LogDevObjectVersion: Number of dev versions registered: 18
LogDevObjectVersion:   Dev-Blueprints (B0D832E4-1F89-4F0D-ACCF-7EB736FD4AA2): 10
LogDevObjectVersion:   Dev-Build (E1C64328-A22C-4D53-A36C-8E866417BD8C): 0
LogDevObjectVersion:   Dev-Core (375EC13C-06E4-48FB-B500-84F0262A717E): 2
LogDevObjectVersion:   Dev-Editor (E4B068ED-F494-42E9-A231-DA0B2E46BB41): 23
LogDevObjectVersion:   Dev-Framework (CFFC743F-43B0-4480-9391-14DF171D2073): 33
LogDevObjectVersion:   Dev-Mobile (B02B49B5-BB20-44E9-A304-32B752E40360): 2
LogDevObjectVersion:   Dev-Networking (A4E4105C-59A1-49B5-A7C5-40C4547EDFEE): 0
LogDevObjectVersion:   Dev-Online (39C831C9-5AE6-47DC-9A44-9C173E1C8E7C): 0
LogDevObjectVersion:   Dev-Physics (78F01B33-EBEA-4F98-B9B4-84EACCB95AA2): 0
LogDevObjectVersion:   Dev-Platform (6631380F-2D4D-43E0-8009-CF276956A95A): 0
LogDevObjectVersion:   Dev-Rendering (12F88B9F-8875-4AFC-A67C-D90C383ABD29): 25
LogDevObjectVersion:   Dev-Sequencer (7B5AE74C-D270-4C10-A958-57980B212A5A): 6
LogDevObjectVersion:   Dev-VR (D7296918-1DD6-4BDD-9DE2-64A83CC13884): 1
LogDevObjectVersion:   Dev-LoadTimes (C2A15278-BFE7-4AFE-6C17-90FF531DF755): 1
LogDevObjectVersion:   Private-Geometry (6EACA3D4-40EC-4CC1-B786-8BED09428FC5): 2
LogDevObjectVersion:   Dev-AnimPhys (29E575DD-E0A3-4627-9D10-D276232CDCEA): 16
LogDevObjectVersion:   Dev-ReflectionCapture (6B266CEC-1EC7-4B8F-A30B-E4D90942FC07): 1
LogDevObjectVersion:   Dev-Automation (0DF73D61-A23F-47EA-B727-89E90C41499A): 1
LogInit: Compiled (64-bit): Apr  6 2018 12:26:04
LogInit: Compiled with Visual C++: 19.00.24215.01
LogInit: Build Configuration: Development
LogInit: Branch Name: ++UE4+Release-4.19
LogInit: Command Line:  -skipcompile
LogInit: Base Directory: D:/Program Files/Epic Games/UE_4.19/Engine/Binaries/Win64/
LogInit: Installed Engine Build: 1
LogStreaming: Display: Took  0.006s to delete old logs.
LogInit: Presizing for max 8388607 objects, including 0 objects not considered by GC, pre-allocating 0 bytes for permanent pool.
LogInit: Object subsystem initialized
[2018.04.22-13.43.27:577][  0]LogInit: Selected Device Profile: [Windows]
[2018.04.22-13.43.27:577][  0]LogInit: Applying CVar settings loaded from the selected device profile: [Windows]
[2018.04.22-13.43.27:593][  0]LogInit: Computer: MATTYS-PC
[2018.04.22-13.43.27:594][  0]LogInit: User: Matthew
[2018.04.22-13.43.27:595][  0]LogInit: CPU Page size=4096, Cores=4
[2018.04.22-13.43.27:595][  0]LogInit: High frequency timer resolution =3.312641 MHz
[2018.04.22-13.43.27:595][  0]LogMemory: Memory total: Physical=7.9GB (8GB approx)
[2018.04.22-13.43.27:595][  0]LogMemory: Platform Memory Stats for Windows
[2018.04.22-13.43.27:595][  0]LogMemory: Process Physical Memory: 273.69 MB used, 273.69 MB peak
[2018.04.22-13.43.27:595][  0]LogMemory: Process Virtual Memory: 269.67 MB used, 269.67 MB peak
[2018.04.22-13.43.27:595][  0]LogMemory: Physical Memory: 5165.95 MB used,  2914.20 MB free, 8080.15 MB total
[2018.04.22-13.43.27:596][  0]LogMemory: Virtual Memory: 687.41 MB used,  2914.20 MB free, 134217728.00 MB total
[2018.04.22-13.43.27:667][  0]LogInit: Using OS detected language (en-GB).
[2018.04.22-13.43.27:667][  0]LogInit: Using OS detected locale (en-GB).
[2018.04.22-13.43.27:672][  0]LogTextLocalizationManager: No specific localization for 'en-GB' exists, so the 'en' localization will be used.
[2018.04.22-13.43.28:097][  0]LogStreaming: Display: Took  0.430s to EndInitTextLocalization.
[2018.04.22-13.43.28:098][  0]LogInit: Setting process to per monitor DPI aware
[2018.04.22-13.43.28:145][  0]LogSlate: New Slate User Created.  User Index 0, Is Virtual User: 0
[2018.04.22-13.43.28:145][  0]LogSlate: Slate User Registered.  User Index 0, Is Virtual User: 0
[2018.04.22-13.43.28:432][  0]LogD3D11RHI: D3D11 adapters:
[2018.04.22-13.43.28:495][  0]LogD3D11RHI:    0. 'NVIDIA GeForce GTX 770' (Feature Level 11_0)
[2018.04.22-13.43.28:495][  0]LogD3D11RHI:       2017/0/4040 MB DedicatedVideo/DedicatedSystem/SharedSystem, Outputs:2, VendorId:0x10de
[2018.04.22-13.43.28:514][  0]LogD3D11RHI:    1. 'Intel(R) HD Graphics 4600' (Feature Level 11_0)
[2018.04.22-13.43.28:514][  0]LogD3D11RHI:       112/0/2048 MB DedicatedVideo/DedicatedSystem/SharedSystem, Outputs:0, VendorId:0x8086
[2018.04.22-13.43.28:521][  0]LogD3D11RHI:    2. 'Microsoft Basic Render Driver' (Feature Level 11_0)
[2018.04.22-13.43.28:521][  0]LogD3D11RHI:       0/0/4040 MB DedicatedVideo/DedicatedSystem/SharedSystem, Outputs:0, VendorId:0x1414
[2018.04.22-13.43.28:521][  0]LogD3D11RHI: Chosen D3D11 Adapter: 0
[2018.04.22-13.43.28:527][  0]LogD3D11RHI: Creating new Direct3DDevice
[2018.04.22-13.43.28:527][  0]LogD3D11RHI:     GPU DeviceId: 0x1184 (for the marketing name, search the web for "GPU Device Id")
[2018.04.22-13.43.28:527][  0]LogWindows: EnumDisplayDevices:
[2018.04.22-13.43.28:528][  0]LogWindows:    0. 'NVIDIA GeForce GTX 770' (P:0 D:1)
[2018.04.22-13.43.28:528][  0]LogWindows:    1. 'NVIDIA GeForce GTX 770' (P:1 D:1)
[2018.04.22-13.43.28:528][  0]LogWindows:    2. 'NVIDIA GeForce GTX 770' (P:0 D:0)
[2018.04.22-13.43.28:528][  0]LogWindows:    3. 'NVIDIA GeForce GTX 770' (P:0 D:0)
[2018.04.22-13.43.28:528][  0]LogWindows:    4. 'Intel(R) HD Graphics 4600' (P:0 D:0)
[2018.04.22-13.43.28:528][  0]LogWindows:    5. 'Intel(R) HD Graphics 4600' (P:0 D:0)
[2018.04.22-13.43.28:528][  0]LogWindows:    6. 'Intel(R) HD Graphics 4600' (P:0 D:0)
[2018.04.22-13.43.28:529][  0]LogWindows: DebugString: GetVideoDriverDetailsInvalid PrimaryIsNotTheChoosenAdapter GetVideoDriverDetailsInvalid PrimaryIsNotTheChoosenAdapter GetVideoDriverDetailsInvalid PrimaryIsNotTheChoosenAdapter GetVideoDriverDetailsInvalid PrimaryIsNotTheChoosenAdapter GetVideoDriverDetailsInvalid PrimaryIsNotTheChoosenAdapter GetVideoDriverDetailsInvalid PrimaryIsNotTheChoosenAdapter GetVideoDriverDetailsInvalid PrimaryIsNotTheChoosenAdapter FoundDriverCount:0 
[2018.04.22-13.43.28:529][  0]LogD3D11RHI:     Adapter Name: NVIDIA GeForce GTX 770
[2018.04.22-13.43.28:529][  0]LogD3D11RHI:   Driver Version: Unknown (internal:Unknown, unified:Unknown)
[2018.04.22-13.43.28:529][  0]LogD3D11RHI:      Driver Date: Unknown
[2018.04.22-13.43.28:529][  0]LogRHI: Texture pool is 1412 MB (70% of 2017 MB)
[2018.04.22-13.43.28:554][  0]LogD3D11RHI: [Aftermath] Aftermath enabled and primed
[2018.04.22-13.43.28:554][  0]LogD3D11RHI: [Aftermath] Aftermath enabled and primed
[2018.04.22-13.43.28:554][  0]LogD3D11RHI: Async texture creation enabled
[2018.04.22-13.43.28:573][  0]LogD3D11RHI: GPU Timing Frequency: 1000.000000 (Debug: 2 2)
[2018.04.22-13.43.28:627][  0]LogShaderCompilers: Guid format shader working directory is -50 characters bigger than the processId version (../../../../../../Users/Matthew/Documents/Tilly's Unreal Adventure/TillysAdventure/TillysAdventure/Intermediate/Shaders/WorkingDirectory/8464/).
[2018.04.22-13.43.28:631][  0]LogShaderCompilers: Cleaned the shader compiler working directory 'C:/Users/Matthew/AppData/Local/Temp/UnrealShaderWorkingDir/E4B4EECB4ACD7FA3377F748189C0B9B8/'.
[2018.04.22-13.43.28:883][  0]LogTemp: Display: Loaded TP AllDesktopTargetPlatform
[2018.04.22-13.43.28:899][  0]LogTemp: Display: Loaded TP MacClientTargetPlatform
[2018.04.22-13.43.28:918][  0]LogTemp: Display: Loaded TP MacNoEditorTargetPlatform
[2018.04.22-13.43.28:934][  0]LogTemp: Display: Loaded TP MacServerTargetPlatform
[2018.04.22-13.43.28:954][  0]LogTemp: Display: Loaded TP MacTargetPlatform
[2018.04.22-13.43.28:970][  0]LogTemp: Display: Loaded TP WindowsClientTargetPlatform
[2018.04.22-13.43.28:987][  0]LogTemp: Display: Loaded TP WindowsNoEditorTargetPlatform
[2018.04.22-13.43.29:005][  0]LogTemp: Display: Loaded TP WindowsServerTargetPlatform
[2018.04.22-13.43.29:015][  0]LogTemp: Display: Loaded TP WindowsTargetPlatform
[2018.04.22-13.43.29:030][  0]LogTemp: Display: Loaded TP Android_ASTCTargetPlatform
[2018.04.22-13.43.29:047][  0]LogTemp: Display: Loaded TP Android_ATCTargetPlatform
[2018.04.22-13.43.29:062][  0]LogTemp: Display: Loaded TP Android_DXTTargetPlatform
[2018.04.22-13.43.29:077][  0]LogTemp: Display: Loaded TP Android_ETC1aTargetPlatform
[2018.04.22-13.43.29:092][  0]LogTemp: Display: Loaded TP Android_ETC1TargetPlatform
[2018.04.22-13.43.29:106][  0]LogTemp: Display: Loaded TP Android_ETC2TargetPlatform
[2018.04.22-13.43.29:136][  0]LogTemp: Display: Loaded TP Android_MultiTargetPlatform
[2018.04.22-13.43.29:136][  0]LogTemp: Display: Loaded TP Android_PVRTCTargetPlatform
[2018.04.22-13.43.29:151][  0]LogTemp: Display: Loaded TP AndroidTargetPlatform
[2018.04.22-13.43.29:155][  0]LogTemp: Display: Loaded TP HTML5TargetPlatform
[2018.04.22-13.43.29:200][  0]LogTemp: Display: Loaded TP IOSTargetPlatform
[2018.04.22-13.43.29:214][  0]LogTemp: Display: Loaded TP TVOSTargetPlatform
[2018.04.22-13.43.29:230][  0]LogTemp: Display: Loaded TP LinuxClientTargetPlatform
[2018.04.22-13.43.29:245][  0]LogTemp: Display: Loaded TP LinuxNoEditorTargetPlatform
[2018.04.22-13.43.29:260][  0]LogTemp: Display: Loaded TP LinuxServerTargetPlatform
[2018.04.22-13.43.29:275][  0]LogTemp: Display: Loaded TP LinuxTargetPlatform
[2018.04.22-13.43.29:275][  0]LogTargetPlatformManager: Display: Building Assets For Windows
[2018.04.22-13.43.29:472][  0]LogXGEController: Cleaning working directory: C:/Users/Matthew/AppData/Local/Temp/UnrealXGEWorkingDir/
[2018.04.22-13.43.29:472][  0]LogXGEController: Cannot use XGE Controller as Incredibuild is not installed on this machine.
[2018.04.22-13.43.29:473][  0]LogShaderCompilers: Cannot use XGE Shader Compiler as Incredibuild is not installed on this machine.
[2018.04.22-13.43.29:473][  0]LogShaderCompilers: Display: Using Local Shader Compiler.
[2018.04.22-13.43.30:295][  0]LogDerivedDataCache: Display: Max Cache Size: 512 MB
[2018.04.22-13.43.30:368][  0]LogDerivedDataCache: Loaded boot cache 0.07s 74MB C:/Users/Matthew/AppData/Local/UnrealEngine/4.19/DerivedDataCache/Boot.ddc.
[2018.04.22-13.43.30:368][  0]LogDerivedDataCache: Display: Loaded Boot cache: C:/Users/Matthew/AppData/Local/UnrealEngine/4.19/DerivedDataCache/Boot.ddc
[2018.04.22-13.43.30:368][  0]LogDerivedDataCache: FDerivedDataBackendGraph:  Pak pak cache file ../../../../../../Users/Matthew/Documents/Tilly's Unreal Adventure/TillysAdventure/TillysAdventure/DerivedDataCache/DDC.ddp not found, will not use a pak cache.
[2018.04.22-13.43.30:368][  0]LogDerivedDataCache: Unable to find inner node Pak for hierarchical cache Hierarchy.
[2018.04.22-13.43.30:368][  0]LogDerivedDataCache: FDerivedDataBackendGraph:  CompressedPak pak cache file ../../../../../../Users/Matthew/Documents/Tilly's Unreal Adventure/TillysAdventure/TillysAdventure/DerivedDataCache/Compressed.ddp not found, will not use a pak cache.
[2018.04.22-13.43.30:368][  0]LogDerivedDataCache: Unable to find inner node CompressedPak for hierarchical cache Hierarchy.
[2018.04.22-13.43.30:385][  0]LogDerivedDataCache: Display: Pak cache opened for reading ../../../Engine/DerivedDataCache/Compressed.ddp.
[2018.04.22-13.43.30:398][  0]LogDerivedDataCache: Using Local data cache path C:/Users/Matthew/AppData/Local/UnrealEngine/Common/DerivedDataCache: Writable
[2018.04.22-13.43.30:410][  0]LogMaterial: Verifying Global Shaders for PCD3D_SM5
[2018.04.22-13.43.30:411][  0]LogSlate: Using Freetype 2.6.0
[2018.04.22-13.43.30:411][  0]LogSlate: SlateFontCache - WITH_FREETYPE: 1, WITH_HARFBUZZ: 1
[2018.04.22-13.43.30:412][  0]LogSlate: SlateFontCache - WITH_FREETYPE: 1, WITH_HARFBUZZ: 1
[2018.04.22-13.43.30:586][  0]LogAssetRegistry: FAssetRegistry took 0.0349 seconds to start up
[2018.04.22-13.43.30:928][  0]LogInit: Selected Device Profile: [Windows]
[2018.04.22-13.43.31:103][  0]LogSimplygon: Simplygon DLL not present - disabling.
[2018.04.22-13.43.31:108][  0]LogMeshReduction: Using SimplygonSwarm for distributed automatic mesh merging
[2018.04.22-13.43.31:108][  0]LogMeshReduction: Using QuadricMeshReduction for automatic static mesh reduction
[2018.04.22-13.43.31:108][  0]LogMeshReduction: No automatic skeletal mesh reduction module available
[2018.04.22-13.43.31:108][  0]LogMeshReduction: No automatic mesh merging module available
[2018.04.22-13.43.31:108][  0]LogMeshMerging: No automatic mesh merging module available
[2018.04.22-13.43.31:147][  0]LogNetVersion: TillysAdventure , NetCL: 3944462, EngineNetVer: 2, GameNetVer: 0 (Checksum: 495776416)
[2018.04.22-13.43.31:622][  0]LogPackageLocalizationCache: Processed 9 localized package path(s) for 2 prioritized culture(s) in 0.099481 seconds
[2018.04.22-13.43.31:629][  0]LogUObjectArray: 36728 objects as part of root set at end of initial load.
[2018.04.22-13.43.31:629][  0]LogUObjectAllocator: 7314312 out of 0 bytes used by permanent object pool.
[2018.04.22-13.43.31:629][  0]LogUObjectArray: CloseDisregardForGC: 0/0 objects in disregard for GC pool
[2018.04.22-13.43.36:050][  0]LogTcpMessaging: Initializing TcpMessaging bridge
[2018.04.22-13.43.36:110][  0]LogUdpMessaging: Initializing bridge on interface 0.0.0.0:0 to multicast group 230.0.0.1:6666.
[2018.04.22-13.43.37:365][  0]SourceControl: Source control is disabled
[2018.04.22-13.43.37:366][  0]LogWindows: Warning: CreateProc failed: The system cannot find the file specified. (0x00000002)
[2018.04.22-13.43.37:367][  0]LogWindows: Warning: URL: C:/Program Files/Git/bin/git.exe version
[2018.04.22-13.43.37:367][  0]LogWindows: Warning: CreateProc failed: The system cannot find the file specified. (0x00000002)
[2018.04.22-13.43.37:367][  0]LogWindows: Warning: URL: C:/Program Files (x86)/Git/bin/git.exe version
[2018.04.22-13.43.37:367][  0]LogWindows: Warning: CreateProc failed: The system cannot find the file specified. (0x00000002)
[2018.04.22-13.43.37:367][  0]LogWindows: Warning: URL: C:\Users\Matthew\AppData\Local/Programs/Git/cmd/git.exe version
[2018.04.22-13.43.37:367][  0]LogWindows: Warning: CreateProc failed: The system cannot find the file specified. (0x00000002)
[2018.04.22-13.43.37:367][  0]LogWindows: Warning: URL: C:/Program Files (x86)/SmartGit/git/bin/git.exe version
[2018.04.22-13.43.37:368][  0]LogWindows: Warning: CreateProc failed: The system cannot find the file specified. (0x00000002)
[2018.04.22-13.43.37:368][  0]LogWindows: Warning: URL: C:/Program Files (x86)/SmartGit/bin/git.exe version
[2018.04.22-13.43.39:739][  0]LogAndroidPermission: UAndroidPermissionCallbackProxy::GetInstance
[2018.04.22-13.43.40:183][  0]LogOcInput: OculusInput pre-init called
[2018.04.22-13.43.40:523][  0]LogEngine: Initializing Engine...
[2018.04.22-13.43.40:651][  0]LogHMD: Failed to initialize OpenVR with code 105
[2018.04.22-13.43.40:653][  0]LogStats: UGameplayTagsManager::ConstructGameplayTagTree: Construct from data asset -  0.000 s
[2018.04.22-13.43.40:653][  0]LogStats: UGameplayTagsManager::ConstructGameplayTagTree: GameplayTagTreeChangedEvent.Broadcast -  0.000 s
[2018.04.22-13.43.41:546][  0]LogAIModule: Creating AISystem for world Untitled
[2018.04.22-13.43.41:563][  0]LogInit: XAudio2 using 'Speakers (Realtek High Definition Audio)' : 2 channels at 48 kHz using 32 bits per sample (channel mask 0x3)
[2018.04.22-13.43.41:582][  0]LogInit: FAudioDevice initialized.
[2018.04.22-13.43.41:652][  0]LogDerivedDataCache: Saved boot cache 0.07s 74MB C:/Users/Matthew/AppData/Local/UnrealEngine/4.19/DerivedDataCache/Boot.ddc.
[2018.04.22-13.43.41:668][  0]LogInit: Texture streaming: Enabled
[2018.04.22-13.43.41:796][  0]LogEngineSessionManager: EngineSessionManager initialized
[2018.04.22-13.43.41:796][  0]LogEngineSessionManager: EngineSessionManager sent abnormal shutdown report. Type=Debugger, SessionId={93A241C6-45AF-5058-70FC-469A26E1D9B3}
[2018.04.22-13.43.41:853][  0]LogInit: Transaction tracking system initialized
[2018.04.22-13.43.42:053][  0]BlueprintLog: New page: Editor Load
[2018.04.22-13.43.42:887][  0]LocalizationService: Localization service is disabled
[2018.04.22-13.43.43:695][  0]LogConsoleResponse: Display: 
[2018.04.22-13.43.45:121][  0]LogCook: Display: Max memory allowance for cook 16384mb min free memory 0mb
[2018.04.22-13.43.45:121][  0]LogCook: Display: Mobile HDR setting 1
[2018.04.22-13.43.45:122][  0]LogGameplayTags: Display: UGameplayTagsManager::DoneAddingNativeTags. DelegateIsBound: 0
[2018.04.22-13.43.45:122][  0]LogStats: UGameplayTagsManager::ConstructGameplayTagTree: Construct from data asset -  0.000 s
[2018.04.22-13.43.45:122][  0]LogStats: UGameplayTagsManager::ConstructGameplayTagTree: GameplayTagTreeChangedEvent.Broadcast -  0.000 s
[2018.04.22-13.43.45:865][  0]LogFileCache: Scanning file cache for directory 'D:/Users/Matthew/Documents/Tilly's Unreal Adventure/TillysAdventure/TillysAdventure/Content/' took 0.02s
[2018.04.22-13.43.46:736][  0]Cmd: MAP LOAD FILE="../../../../../../Users/Matthew/Documents/Tilly's Unreal Adventure/TillysAdventure/TillysAdventure/Content/Blueprint/Level/MainLevel.umap" TEMPLATE=0 SHOWPROGRESS=1 FEATURELEVEL=3
[2018.04.22-13.43.46:777][  0]LightingResults: New page: Lighting Build
[2018.04.22-13.43.46:795][  0]MapCheck: New page: Map Check
[2018.04.22-13.43.46:795][  0]LightingResults: New page: Lighting Build
[2018.04.22-13.43.47:495][  0]LogAIModule: Creating AISystem for world MainLevel
[2018.04.22-13.43.47:617][  0]LogEditorServer: Finished looking for orphan Actors (0.000 secs)
[2018.04.22-13.43.47:647][  0]Cmd: MAP CHECKDEP NOCLEARLOG
[2018.04.22-13.43.47:740][  0]MapCheck: Map check complete: 0 Error(s), 0 Warning(s), took 92.413ms to complete.
[2018.04.22-13.43.47:740][  0]LogFileHelpers: Loading map 'MainLevel' took 1.003
[2018.04.22-13.43.48:531][  0]LogCollectionManager: Loaded 0 collections in 0.001319 seconds
[2018.04.22-13.43.48:670][  0]LogFileCache: Scanning file cache for directory 'D:/Users/Matthew/Documents/Tilly's Unreal Adventure/TillysAdventure/TillysAdventure/Saved/Collections/' took 0.01s
[2018.04.22-13.43.48:670][  0]LogFileCache: Scanning file cache for directory 'D:/Users/Matthew/Documents/Tilly's Unreal Adventure/TillysAdventure/TillysAdventure/Content/Developers/Matthew/Collections/' took 0.01s
[2018.04.22-13.43.48:670][  0]LogFileCache: Scanning file cache for directory 'D:/Users/Matthew/Documents/Tilly's Unreal Adventure/TillysAdventure/TillysAdventure/Content/Collections/' took 0.01s
[2018.04.22-13.43.48:670][  0]LogCollectionManager: Rebuilt the GUID cache for 0 collections in 0.000000 seconds
[2018.04.22-13.43.48:685][  0]LogContentBrowser: Native class hierarchy populated in 0.0130 seconds. Added 2456 classes and 560 folders.
[2018.04.22-13.43.48:749][  0]LogContentBrowser: Native class hierarchy updated for 'WidgetCarousel' in 0.0010 seconds. Added 0 classes and 0 folders.
[2018.04.22-13.43.50:393][  0]LogContentBrowser: Native class hierarchy updated for 'AddContentDialog' in 0.0010 seconds. Added 0 classes and 0 folders.
[2018.04.22-13.43.50:460][  0]LogContentBrowser: Native class hierarchy updated for 'SceneOutliner' in 0.0010 seconds. Added 1 classes and 2 folders.
[2018.04.22-13.43.50:644][  0]LogSlate: Took 0.016627 seconds to synchronously load lazily loaded font '../../../Engine/Content/Slate/Fonts/Roboto-Regular.ttf' (155K)
[2018.04.22-13.43.50:659][  0]LogSlate: Took 0.013426 seconds to synchronously load lazily loaded font '../../../Engine/Content/Slate/Fonts/Roboto-Bold.ttf' (160K)
[2018.04.22-13.43.50:696][  0]LogSlate: Took 0.017279 seconds to synchronously load lazily loaded font '../../../Engine/Content/Editor/Slate/Fonts/FontAwesome.ttf' (139K)
[2018.04.22-13.43.50:956][  0]LogRenderer: Reallocating scene render targets to support 1208x576 Format 10 NumSamples 1 (Frame:1).
[2018.04.22-13.43.51:156][  0]LogContentBrowser: Native class hierarchy updated for 'HierarchicalLODOutliner' in 0.0010 seconds. Added 0 classes and 0 folders.
[2018.04.22-13.43.51:157][  0]LogLoad: (Engine Initialization) Total time: 27.66 seconds
[2018.04.22-13.43.51:157][  0]LogLoad: (Engine Initialization) Total Blueprint compile time: 0.00 seconds
[2018.04.22-13.43.51:183][  0]LogWindowsTextInputMethodSystem: Display: IME system now deactivated.
[2018.04.22-13.43.51:287][  0]LogContentStreaming: Texture pool size now 1000 MB
[2018.04.22-13.43.51:459][  1]LogAssetRegistry: Asset discovery search completed in 20.9025 seconds
[2018.04.22-13.43.51:461][  1]LogCollectionManager: Rebuilt the object cache for 0 collections in 0.000000 seconds (found 0 objects)
[2018.04.22-13.43.51:461][  1]LogCollectionManager: Fixed up redirectors for 0 collections in 0.000122 seconds (updated 0 objects)
[2018.04.22-13.43.57:164][669]LogSlate: FSceneViewport::OnFocusLost() reason 0
[2018.04.22-13.44.15:548][120]LogSlate: Took 0.015973 seconds to synchronously load lazily loaded font '../../../Engine/Content/Slate/Fonts/Roboto-Light.ttf' (167K)
[2018.04.22-13.44.15:758][120]LogFactory: FactoryCreateFile: StaticMesh with FbxFactory (0 0 ../../../../../../Users/Matthew/Documents/Tilly's Unreal Adventure/TillysAdventure/TillysAdventure/Assets/Needle/Needle.fbx)
[2018.04.22-13.44.15:904][120]LogFbx: ItemName: GlobalSettings, ItemCount : 1
[2018.04.22-13.44.15:904][120]LogFbx: ItemName: NodeAttribute, ItemCount : 1
[2018.04.22-13.44.15:905][120]LogFbx: ItemName: Geometry, ItemCount : 1
[2018.04.22-13.44.15:905][120]LogFbx: ItemName: Model, ItemCount : 2
[2018.04.22-13.44.15:905][120]LogFbx: ItemName: Material, ItemCount : 1
[2018.04.22-13.44.15:905][120]LogFbx: ItemName: Texture, ItemCount : 1
[2018.04.22-13.44.15:905][120]LogFbx: ItemName: Video, ItemCount : 1
[2018.04.22-13.44.15:925][120]LogFbx: Loading FBX Scene from ../../../../../../Users/Matthew/Documents/Tilly's Unreal Adventure/TillysAdventure/TillysAdventure/Assets/Needle/Needle.fbx
[2018.04.22-13.44.15:940][120]LogFbx: FBX Scene Loaded Succesfully
[2018.04.22-13.44.20:583][120]LogSlate: Window 'FBX Import Options' being destroyed
[2018.04.22-13.44.20:643][120]LogFbx: Loading FBX Scene from ../../../../../../Users/Matthew/Documents/Tilly's Unreal Adventure/TillysAdventure/TillysAdventure/Assets/Needle/Needle.fbx
[2018.04.22-13.44.20:649][120]LogFbx: FBX Scene Loaded Succesfully
[2018.04.22-13.44.20:742][120]LogLinker: Can't find file '/Game/Models/Needle/NeedleTexture'
[2018.04.22-13.44.20:742][120]LogLinker: Can't find file '/Game/Models/Needle/NeedleTexture'
[2018.04.22-13.44.20:788][120]LogTexture: Display: Building textures: NeedleTexture (AutoDXT, 800X600)
[2018.04.22-13.44.20:896][120]LogMaterial: Missing cached shader map for material Material_001, compiling. 
[2018.04.22-13.44.21:053][120]LogFbx: Warning: Triangulating static mesh Cube
[2018.04.22-13.44.21:165][120]LogShaderCompilers: Display: Shaders left to compile 22
[2018.04.22-13.44.21:165][120]LogShaderCompilers: Display: Shaders left to compile 12
[2018.04.22-13.44.21:165][120]LogShaderCompilers: Display: Shaders left to compile 2
[2018.04.22-13.44.21:196][120]LogStaticMesh: Building static mesh Needle...
[2018.04.22-13.44.21:443][120]LogStaticMesh: Built static mesh [0.25s] /Game/Models/Needle/Needle.Needle
[2018.04.22-13.44.21:680][120]FBXImport: Warning: No smoothing group information was found in this FBX scene.  Please make sure to enable the 'Export Smoothing Groups' option in the FBX Exporter plug-in before exporting the file.  Even for tools that don't support smoothing groups, the FBX Exporter will generate appropriate smoothing data at export-time so that correct vertex normals can be inferred while importing. 
[2018.04.22-13.44.25:445][338]LogSlate: Window 'Message Log' being destroyed
[2018.04.22-13.44.25:448][338]LogSlate: Window 'Message Log' being destroyed
[2018.04.22-13.44.27:649][574]LogActorFactory: Actor Factory created Needle
[2018.04.22-13.44.28:696][684]LogActorFactory: Actor Factory created Needle
[2018.04.22-13.44.51:353][298]LogSlate: FSceneViewport::OnFocusLost() reason 0
[2018.04.22-13.44.59:222][198]LogEditorViewport: Clicking on Actor (LMB): BP_Sky_Sphere_C (Sky Sphere)
[2018.04.22-13.45.00:982][387]LogEditorViewport: Clicking on Actor (LMB): BP_Sky_Sphere_C (Sky Sphere)
[2018.04.22-13.45.01:661][466]LogEditorViewport: Clicking on Actor (LMB): StaticMeshActor (Needle)
[2018.04.22-13.45.12:085][698]LogSlate: FSceneViewport::OnFocusLost() reason 0
[2018.04.22-13.45.12:160][707]LogTemp: Repeating last play command: Selected Viewport
[2018.04.22-13.45.12:194][707]LogPlayLevel: PlayLevel: No blueprints needed recompiling
[2018.04.22-13.45.12:194][707]PIE: New page: PIE session: MainLevel (22 Apr 2018 15:45:12)
[2018.04.22-13.45.12:195][707]LogPlayLevel: Creating play world package: /Game/Blueprint/Level/UEDPIE_0_MainLevel
[2018.04.22-13.45.12:196][707]LogPlayLevel: PIE: StaticDuplicateObject took: (0.001812s)
[2018.04.22-13.45.12:197][707]LogAIModule: Creating AISystem for world MainLevel
[2018.04.22-13.45.12:198][707]LogPlayLevel: PIE: World Init took: (0.000968s)
[2018.04.22-13.45.12:198][707]LogPlayLevel: PIE: Created PIE world by copying editor world from /Game/Blueprint/Level/MainLevel.MainLevel to /Game/Blueprint/Level/UEDPIE_0_MainLevel.MainLevel (0.003145s)
[2018.04.22-13.45.12:214][707]LogInit: XAudio2 using 'Speakers (Realtek High Definition Audio)' : 2 channels at 48 kHz using 32 bits per sample (channel mask 0x3)
[2018.04.22-13.45.12:227][707]LogInit: FAudioDevice initialized.
[2018.04.22-13.45.12:274][707]LogLoad: Game class is 'TA_GameModeBase_C'
[2018.04.22-13.45.12:283][707]LogWorld: Bringing World /Game/Blueprint/Level/UEDPIE_0_MainLevel.MainLevel up for play (max tick rate 0) at 2018.04.22-14.45.12
[2018.04.22-13.45.12:284][707]LogWorld: Bringing up level for play took: 0.000876
[2018.04.22-13.45.12:299][707]LogContentBrowser: Native class hierarchy updated for 'MovieSceneCapture' in 0.0011 seconds. Added 11 classes and 0 folders.
[2018.04.22-13.45.12:316][707]PIE: Play in editor start time for /Game/Blueprint/Level/UEDPIE_0_MainLevel 0.555
[2018.04.22-13.45.26:477][385]LogEditorViewport: Clicking on Actor (LMB): BP_Sky_Sphere_C (Sky Sphere)
[2018.04.22-13.45.27:116][456]LogEditorViewport: Clicking on Actor (LMB): StaticMeshActor (Needle)
[2018.04.22-13.45.32:433][ 78]LogSlate: FSceneViewport::OnFocusLost() reason 0
[2018.04.22-13.45.35:285][419]LogTemp: Repeating last play command: Selected Viewport
[2018.04.22-13.45.35:304][419]LogPlayLevel: PlayLevel: No blueprints needed recompiling
[2018.04.22-13.45.35:304][419]PIE: New page: PIE session: MainLevel (22 Apr 2018 15:45:35)
[2018.04.22-13.45.35:304][419]LogPlayLevel: Creating play world package: /Game/Blueprint/Level/UEDPIE_0_MainLevel
[2018.04.22-13.45.35:306][419]LogPlayLevel: PIE: StaticDuplicateObject took: (0.002206s)
[2018.04.22-13.45.35:309][419]LogAIModule: Creating AISystem for world MainLevel
[2018.04.22-13.45.35:309][419]LogPlayLevel: PIE: World Init took: (0.000843s)
[2018.04.22-13.45.35:309][419]LogPlayLevel: PIE: Created PIE world by copying editor world from /Game/Blueprint/Level/MainLevel.MainLevel to /Game/Blueprint/Level/UEDPIE_0_MainLevel.MainLevel (0.005227s)
[2018.04.22-13.45.35:325][419]LogInit: XAudio2 using 'Speakers (Realtek High Definition Audio)' : 2 channels at 48 kHz using 32 bits per sample (channel mask 0x3)
[2018.04.22-13.45.35:335][419]LogInit: FAudioDevice initialized.
[2018.04.22-13.45.35:383][419]LogLoad: Game class is 'TA_GameModeBase_C'
[2018.04.22-13.45.35:384][419]LogWorld: Bringing World /Game/Blueprint/Level/UEDPIE_0_MainLevel.MainLevel up for play (max tick rate 0) at 2018.04.22-14.45.35
[2018.04.22-13.45.35:385][419]LogWorld: Bringing up level for play took: 0.000709
[2018.04.22-13.45.35:386][419]PIE: Play in editor start time for /Game/Blueprint/Level/UEDPIE_0_MainLevel -0.376
[2018.04.22-13.45.50:356][205]LogEditorViewport: Clicking on Actor (LMB): StaticMeshActor (Needle)
[2018.04.22-13.45.51:696][354]LogSlate: Took 0.011904 seconds to synchronously load lazily loaded font '../../../Engine/Content/Slate/Fonts/Roboto-Italic.ttf' (157K)
[2018.04.22-13.45.55:723][824]LogSlate: FSceneViewport::OnFocusLost() reason 0
[2018.04.22-13.46.01:991][572]Cmd: DELETE
[2018.04.22-13.46.01:991][572]Cmd: ACTOR DELETE
[2018.04.22-13.46.02:246][572]LogEditorActor: Deleted Actor: StaticMeshActor
[2018.04.22-13.46.02:279][572]LogEditorActor: Deleted 1 Actors (0.075 secs)
[2018.04.22-13.47.24:815][237]LogSlate: FSceneViewport::OnFocusLost() reason 0
[2018.04.22-13.47.30:509][826]LogContentBrowser: Native class hierarchy updated for 'BlueprintGraph' in 0.0014 seconds. Added 116 classes and 0 folders.
[2018.04.22-13.47.35:061][ 84]LogSlate: Window 'TA_TillyCharacter' being destroyed
[2018.04.22-13.47.35:548][ 84]LogSlate: Took 0.017123 seconds to synchronously load lazily loaded font '../../../Engine/Content/Slate/Fonts/Roboto-BoldCondensed.ttf' (158K)
[2018.04.22-13.47.37:558][256]LogRenderer: Reallocating scene render targets to support 1208x712 Format 10 NumSamples 1 (Frame:1).
[2018.04.22-13.47.56:211][960]LogRenderer: Reallocating scene render targets to support 1432x924 Format 10 NumSamples 1 (Frame:1).
[2018.04.22-13.48.02:391][549]LogSlate: FSceneViewport::OnFocusLost() reason 0
[2018.04.22-13.48.30:335][210]LogSlate: FSceneViewport::OnFocusLost() reason 0
[2018.04.22-13.48.30:441][218]BlueprintLog: New page: Compile TA_TillyCharacter
[2018.04.22-13.48.31:748][257]LogSavePackage: Save=79.17ms
[2018.04.22-13.48.31:748][257]LogSavePackage: Moving '../../../../../../Users/Matthew/Documents/Tilly's Unreal Adventure/TillysAdventure/TillysAdventure/Saved/TA_TillyCharacterA3A693BC4AEA0EBB5FCD69890205A55A.tmp' to '../../../../../../Users/Matthew/Documents/Tilly's Unreal Adventure/TillysAdventure/TillysAdventure/Content/Blueprint/Pawns/TA_TillyCharacter.uasset'
[2018.04.22-13.48.31:769][257]LogSavePackage: Display: Finished SavePackage ../../../../../../Users/Matthew/Documents/Tilly's Unreal Adventure/TillysAdventure/TillysAdventure/Content/Blueprint/Pawns/TA_TillyCharacter.uasset
[2018.04.22-13.48.33:144][391]LogTemp: Repeating last play command: Selected Viewport
[2018.04.22-13.48.33:172][391]LogPlayLevel: PlayLevel: No blueprints needed recompiling
[2018.04.22-13.48.33:172][391]PIE: New page: PIE session: MainLevel (22 Apr 2018 15:48:33)
[2018.04.22-13.48.33:172][391]LogPlayLevel: Creating play world package: /Game/Blueprint/Level/UEDPIE_0_MainLevel
[2018.04.22-13.48.33:175][391]LogPlayLevel: PIE: StaticDuplicateObject took: (0.002255s)
[2018.04.22-13.48.33:176][391]LogAIModule: Creating AISystem for world MainLevel
[2018.04.22-13.48.33:176][391]LogPlayLevel: PIE: World Init took: (0.001136s)
[2018.04.22-13.48.33:176][391]LogPlayLevel: PIE: Created PIE world by copying editor world from /Game/Blueprint/Level/MainLevel.MainLevel to /Game/Blueprint/Level/UEDPIE_0_MainLevel.MainLevel (0.003919s)
[2018.04.22-13.48.33:200][391]LogInit: XAudio2 using 'Speakers (Realtek High Definition Audio)' : 2 channels at 48 kHz using 32 bits per sample (channel mask 0x3)
[2018.04.22-13.48.33:213][391]LogInit: FAudioDevice initialized.
[2018.04.22-13.48.33:249][391]LogLoad: Game class is 'TA_GameModeBase_C'
[2018.04.22-13.48.33:250][391]LogWorld: Bringing World /Game/Blueprint/Level/UEDPIE_0_MainLevel.MainLevel up for play (max tick rate 0) at 2018.04.22-14.48.33
[2018.04.22-13.48.33:250][391]LogWorld: Bringing up level for play took: 0.000729
[2018.04.22-13.48.33:261][391]PIE: Play in editor start time for /Game/Blueprint/Level/UEDPIE_0_MainLevel -0.5
[2018.04.22-13.48.39:890][ 42]LogSlate: FSceneViewport::OnFocusLost() reason 2
[2018.04.22-13.48.47:915][884]LogSlate: FSceneViewport::OnFocusLost() reason 0
[2018.04.22-13.48.59:265][ 70]LogSlate: FSceneViewport::OnFocusLost() reason 0
[2018.04.22-13.49.05:901][710]LogSlate: FSceneViewport::OnFocusLost() reason 0
[2018.04.22-13.49.05:981][718]LogTemp: Repeating last play command: Selected Viewport
[2018.04.22-13.49.06:001][718]BlueprintLog: New page: Pre-Play auto-recompile
[2018.04.22-13.49.06:002][718]LogPlayLevel: [PlayLevel] Compiling TA_TillyCharacter before play...
[2018.04.22-13.49.06:235][718]LogPlayLevel: PlayLevel: Blueprint regeneration took 233 ms (1 blueprints)
[2018.04.22-13.49.06:235][718]PIE: New page: PIE session: MainLevel (22 Apr 2018 15:49:06)
[2018.04.22-13.49.06:235][718]LogPlayLevel: Creating play world package: /Game/Blueprint/Level/UEDPIE_0_MainLevel
[2018.04.22-13.49.06:237][718]LogPlayLevel: PIE: StaticDuplicateObject took: (0.001812s)
[2018.04.22-13.49.06:238][718]LogAIModule: Creating AISystem for world MainLevel
[2018.04.22-13.49.06:238][718]LogPlayLevel: PIE: World Init took: (0.000751s)
[2018.04.22-13.49.06:238][718]LogPlayLevel: PIE: Created PIE world by copying editor world from /Game/Blueprint/Level/MainLevel.MainLevel to /Game/Blueprint/Level/UEDPIE_0_MainLevel.MainLevel (0.002871s)
[2018.04.22-13.49.06:261][718]LogInit: XAudio2 using 'Speakers (Realtek High Definition Audio)' : 2 channels at 48 kHz using 32 bits per sample (channel mask 0x3)
[2018.04.22-13.49.06:271][718]LogInit: FAudioDevice initialized.
[2018.04.22-13.49.06:310][718]LogLoad: Game class is 'TA_GameModeBase_C'
[2018.04.22-13.49.06:311][718]LogWorld: Bringing World /Game/Blueprint/Level/UEDPIE_0_MainLevel.MainLevel up for play (max tick rate 0) at 2018.04.22-14.49.06
[2018.04.22-13.49.06:311][718]LogWorld: Bringing up level for play took: 0.000757
[2018.04.22-13.49.06:313][718]PIE: Play in editor start time for /Game/Blueprint/Level/UEDPIE_0_MainLevel 0.551
[2018.04.22-13.49.08:701][962]Cmd: SELECT NONE
[2018.04.22-13.49.17:008][754]LogSlate: FSceneViewport::OnFocusLost() reason 0
[2018.04.22-13.49.32:251][186]LogSlate: FSceneViewport::OnFocusLost() reason 0
[2018.04.22-13.49.32:333][194]LogTemp: Repeating last play command: Selected Viewport
[2018.04.22-13.49.32:352][194]BlueprintLog: New page: Pre-Play auto-recompile
[2018.04.22-13.49.32:354][194]LogPlayLevel: [PlayLevel] Compiling TA_TillyCharacter before play...
[2018.04.22-13.49.32:627][194]LogPlayLevel: PlayLevel: Blueprint regeneration took 274 ms (1 blueprints)
[2018.04.22-13.49.32:627][194]PIE: New page: PIE session: MainLevel (22 Apr 2018 15:49:32)
[2018.04.22-13.49.32:627][194]LogPlayLevel: Creating play world package: /Game/Blueprint/Level/UEDPIE_0_MainLevel
[2018.04.22-13.49.32:629][194]LogPlayLevel: PIE: StaticDuplicateObject took: (0.001869s)
[2018.04.22-13.49.32:630][194]LogAIModule: Creating AISystem for world MainLevel
[2018.04.22-13.49.32:630][194]LogPlayLevel: PIE: World Init took: (0.000949s)
[2018.04.22-13.49.32:631][194]LogPlayLevel: PIE: Created PIE world by copying editor world from /Game/Blueprint/Level/MainLevel.MainLevel to /Game/Blueprint/Level/UEDPIE_0_MainLevel.MainLevel (0.003121s)
[2018.04.22-13.49.32:653][194]LogInit: XAudio2 using 'Speakers (Realtek High Definition Audio)' : 2 channels at 48 kHz using 32 bits per sample (channel mask 0x3)
[2018.04.22-13.49.32:663][194]LogInit: FAudioDevice initialized.
[2018.04.22-13.49.32:701][194]LogLoad: Game class is 'TA_GameModeBase_C'
[2018.04.22-13.49.32:702][194]LogWorld: Bringing World /Game/Blueprint/Level/UEDPIE_0_MainLevel.MainLevel up for play (max tick rate 0) at 2018.04.22-14.49.32
[2018.04.22-13.49.32:702][194]LogWorld: Bringing up level for play took: 0.000760
[2018.04.22-13.49.32:704][194]PIE: Play in editor start time for /Game/Blueprint/Level/UEDPIE_0_MainLevel 0.942
[2018.04.22-13.49.34:146][338]Cmd: SELECT NONE
[2018.04.22-13.51.31:776][331]LogSlate: FSceneViewport::OnFocusLost() reason 0
[2018.04.22-13.51.57:291][894]LogSlate: FSceneViewport::OnFocusLost() reason 0
[2018.04.22-13.52.14:681][536]LogSlate: FSceneViewport::OnFocusLost() reason 0
[2018.04.22-13.52.14:761][545]BlueprintLog: New page: Compile TA_TillyCharacter
[2018.04.22-13.52.15:656][580]LogSavePackage: Save=22.12ms
[2018.04.22-13.52.15:656][580]LogSavePackage: Moving '../../../../../../Users/Matthew/Documents/Tilly's Unreal Adventure/TillysAdventure/TillysAdventure/Saved/TA_TillyCharacter26A456F4490FD3850BE8189A4F2D613C.tmp' to '../../../../../../Users/Matthew/Documents/Tilly's Unreal Adventure/TillysAdventure/TillysAdventure/Content/Blueprint/Pawns/TA_TillyCharacter.uasset'
[2018.04.22-13.52.15:660][580]LogSavePackage: Display: Finished SavePackage ../../../../../../Users/Matthew/Documents/Tilly's Unreal Adventure/TillysAdventure/TillysAdventure/Content/Blueprint/Pawns/TA_TillyCharacter.uasset
[2018.04.22-13.52.16:351][646]LogTemp: Repeating last play command: Selected Viewport
[2018.04.22-13.52.16:369][646]LogPlayLevel: PlayLevel: No blueprints needed recompiling
[2018.04.22-13.52.16:369][646]PIE: New page: PIE session: MainLevel (22 Apr 2018 15:52:16)
[2018.04.22-13.52.16:370][646]LogPlayLevel: Creating play world package: /Game/Blueprint/Level/UEDPIE_0_MainLevel
[2018.04.22-13.52.16:371][646]LogPlayLevel: PIE: StaticDuplicateObject took: (0.001729s)
[2018.04.22-13.52.16:372][646]LogAIModule: Creating AISystem for world MainLevel
[2018.04.22-13.52.16:372][646]LogPlayLevel: PIE: World Init took: (0.000839s)
[2018.04.22-13.52.16:372][646]LogPlayLevel: PIE: Created PIE world by copying editor world from /Game/Blueprint/Level/MainLevel.MainLevel to /Game/Blueprint/Level/UEDPIE_0_MainLevel.MainLevel (0.002854s)
[2018.04.22-13.52.16:395][646]LogInit: XAudio2 using 'Speakers (Realtek High Definition Audio)' : 2 channels at 48 kHz using 32 bits per sample (channel mask 0x3)
[2018.04.22-13.52.16:405][646]LogInit: FAudioDevice initialized.
[2018.04.22-13.52.16:439][646]LogLoad: Game class is 'TA_GameModeBase_C'
[2018.04.22-13.52.16:440][646]LogWorld: Bringing World /Game/Blueprint/Level/UEDPIE_0_MainLevel.MainLevel up for play (max tick rate 0) at 2018.04.22-14.52.16
[2018.04.22-13.52.16:441][646]LogWorld: Bringing up level for play took: 0.000937
[2018.04.22-13.52.16:443][646]PIE: Play in editor start time for /Game/Blueprint/Level/UEDPIE_0_MainLevel 0.681
[2018.04.22-13.53.20:205][101]LogSlate: FSceneViewport::OnFocusLost() reason 0
[2018.04.22-13.53.21:117][183]BlueprintLog: New page: Compile TA_TillyCharacter
[2018.04.22-13.53.22:014][213]LogSavePackage: Save=20.43ms
[2018.04.22-13.53.22:014][213]LogSavePackage: Moving '../../../../../../Users/Matthew/Documents/Tilly's Unreal Adventure/TillysAdventure/TillysAdventure/Saved/TA_TillyCharacterBE1EFC5E4D26472181E20089EAE998A2.tmp' to '../../../../../../Users/Matthew/Documents/Tilly's Unreal Adventure/TillysAdventure/TillysAdventure/Content/Blueprint/Pawns/TA_TillyCharacter.uasset'
[2018.04.22-13.53.22:018][213]LogSavePackage: Display: Finished SavePackage ../../../../../../Users/Matthew/Documents/Tilly's Unreal Adventure/TillysAdventure/TillysAdventure/Content/Blueprint/Pawns/TA_TillyCharacter.uasset
[2018.04.22-13.53.23:140][319]LogTemp: Repeating last play command: Selected Viewport
[2018.04.22-13.53.23:160][319]LogPlayLevel: PlayLevel: No blueprints needed recompiling
[2018.04.22-13.53.23:160][319]PIE: New page: PIE session: MainLevel (22 Apr 2018 15:53:23)
[2018.04.22-13.53.23:160][319]LogPlayLevel: Creating play world package: /Game/Blueprint/Level/UEDPIE_0_MainLevel
[2018.04.22-13.53.23:162][319]LogPlayLevel: PIE: StaticDuplicateObject took: (0.001670s)
[2018.04.22-13.53.23:163][319]LogAIModule: Creating AISystem for world MainLevel
[2018.04.22-13.53.23:163][319]LogPlayLevel: PIE: World Init took: (0.000708s)
[2018.04.22-13.53.23:163][319]LogPlayLevel: PIE: Created PIE world by copying editor world from /Game/Blueprint/Level/MainLevel.MainLevel to /Game/Blueprint/Level/UEDPIE_0_MainLevel.MainLevel (0.002762s)
[2018.04.22-13.53.23:229][319]LogInit: XAudio2 using 'Speakers (Realtek High Definition Audio)' : 2 channels at 48 kHz using 32 bits per sample (channel mask 0x3)
[2018.04.22-13.53.23:255][319]LogInit: FAudioDevice initialized.
[2018.04.22-13.53.23:288][319]LogLoad: Game class is 'TA_GameModeBase_C'
[2018.04.22-13.53.23:289][319]LogWorld: Bringing World /Game/Blueprint/Level/UEDPIE_0_MainLevel.MainLevel up for play (max tick rate 0) at 2018.04.22-14.53.23
[2018.04.22-13.53.23:289][319]LogWorld: Bringing up level for play took: 0.000750
[2018.04.22-13.53.23:291][319]PIE: Play in editor start time for /Game/Blueprint/Level/UEDPIE_0_MainLevel -0.471
[2018.04.22-13.53.33:809][347]LogSlate: FSceneViewport::OnFocusLost() reason 0
[2018.04.22-13.53.37:529][699]LogTemp: Repeating last play command: Selected Viewport
[2018.04.22-13.53.37:549][699]LogPlayLevel: PlayLevel: No blueprints needed recompiling
[2018.04.22-13.53.37:550][699]PIE: New page: PIE session: MainLevel (22 Apr 2018 15:53:37)
[2018.04.22-13.53.37:550][699]LogPlayLevel: Creating play world package: /Game/Blueprint/Level/UEDPIE_0_MainLevel
[2018.04.22-13.53.37:552][699]LogPlayLevel: PIE: StaticDuplicateObject took: (0.001922s)
[2018.04.22-13.53.37:553][699]LogAIModule: Creating AISystem for world MainLevel
[2018.04.22-13.53.37:553][699]LogPlayLevel: PIE: World Init took: (0.000993s)
[2018.04.22-13.53.37:553][699]LogPlayLevel: PIE: Created PIE world by copying editor world from /Game/Blueprint/Level/MainLevel.MainLevel to /Game/Blueprint/Level/UEDPIE_0_MainLevel.MainLevel (0.003657s)
[2018.04.22-13.53.37:579][699]LogInit: XAudio2 using 'Speakers (Realtek High Definition Audio)' : 2 channels at 48 kHz using 32 bits per sample (channel mask 0x3)
[2018.04.22-13.53.37:589][699]LogInit: FAudioDevice initialized.
[2018.04.22-13.53.37:628][699]LogLoad: Game class is 'TA_GameModeBase_C'
[2018.04.22-13.53.37:629][699]LogWorld: Bringing World /Game/Blueprint/Level/UEDPIE_0_MainLevel.MainLevel up for play (max tick rate 0) at 2018.04.22-14.53.37
[2018.04.22-13.53.37:630][699]LogWorld: Bringing up level for play took: 0.000698
[2018.04.22-13.53.37:631][699]PIE: Play in editor start time for /Game/Blueprint/Level/UEDPIE_0_MainLevel -0.131
[2018.04.22-13.54.31:840][331]LogSlate: FSceneViewport::OnFocusLost() reason 0
[2018.04.22-13.54.41:041][192]BlueprintLog: New page: Compile TA_TillyCharacter
[2018.04.22-13.54.42:127][253]LogSavePackage: Save=31.51ms
[2018.04.22-13.54.42:128][253]LogSavePackage: Moving '../../../../../../Users/Matthew/Documents/Tilly's Unreal Adventure/TillysAdventure/TillysAdventure/Saved/TA_TillyCharacterE1967269483A1CADA978FC95AA9FDE6A.tmp' to '../../../../../../Users/Matthew/Documents/Tilly's Unreal Adventure/TillysAdventure/TillysAdventure/Content/Blueprint/Pawns/TA_TillyCharacter.uasset'
[2018.04.22-13.54.42:133][253]LogSavePackage: Display: Finished SavePackage ../../../../../../Users/Matthew/Documents/Tilly's Unreal Adventure/TillysAdventure/TillysAdventure/Content/Blueprint/Pawns/TA_TillyCharacter.uasset
[2018.04.22-13.54.42:857][321]LogTemp: Repeating last play command: Selected Viewport
[2018.04.22-13.54.42:875][321]LogPlayLevel: PlayLevel: No blueprints needed recompiling
[2018.04.22-13.54.42:876][321]PIE: New page: PIE session: MainLevel (22 Apr 2018 15:54:42)
[2018.04.22-13.54.42:876][321]LogPlayLevel: Creating play world package: /Game/Blueprint/Level/UEDPIE_0_MainLevel
[2018.04.22-13.54.42:878][321]LogPlayLevel: PIE: StaticDuplicateObject took: (0.001885s)
[2018.04.22-13.54.42:879][321]LogAIModule: Creating AISystem for world MainLevel
[2018.04.22-13.54.42:879][321]LogPlayLevel: PIE: World Init took: (0.000826s)
[2018.04.22-13.54.42:879][321]LogPlayLevel: PIE: Created PIE world by copying editor world from /Game/Blueprint/Level/MainLevel.MainLevel to /Game/Blueprint/Level/UEDPIE_0_MainLevel.MainLevel (0.003163s)
[2018.04.22-13.54.42:903][321]LogInit: XAudio2 using 'Speakers (Realtek High Definition Audio)' : 2 channels at 48 kHz using 32 bits per sample (channel mask 0x3)
[2018.04.22-13.54.42:914][321]LogInit: FAudioDevice initialized.
[2018.04.22-13.54.42:951][321]LogLoad: Game class is 'TA_GameModeBase_C'
[2018.04.22-13.54.42:952][321]LogWorld: Bringing World /Game/Blueprint/Level/UEDPIE_0_MainLevel.MainLevel up for play (max tick rate 0) at 2018.04.22-14.54.42
[2018.04.22-13.54.42:953][321]LogWorld: Bringing up level for play took: 0.000796
[2018.04.22-13.54.42:954][321]PIE: Play in editor start time for /Game/Blueprint/Level/UEDPIE_0_MainLevel -0.807
[2018.04.22-13.54.57:518][773]LogSlate: FSceneViewport::OnFocusLost() reason 2
[2018.04.22-13.55.03:799][381]LogSlate: FSceneViewport::OnFocusLost() reason 0
[2018.04.22-13.55.03:862][387]BlueprintLog: New page: Compile TA_TillyCharacter
[2018.04.22-13.55.04:642][418]LogSavePackage: Save=21.36ms
[2018.04.22-13.55.04:643][418]LogSavePackage: Moving '../../../../../../Users/Matthew/Documents/Tilly's Unreal Adventure/TillysAdventure/TillysAdventure/Saved/TA_TillyCharacterF792C3484E26F49304C6018D76D47E11.tmp' to '../../../../../../Users/Matthew/Documents/Tilly's Unreal Adventure/TillysAdventure/TillysAdventure/Content/Blueprint/Pawns/TA_TillyCharacter.uasset'
[2018.04.22-13.55.04:647][418]LogSavePackage: Display: Finished SavePackage ../../../../../../Users/Matthew/Documents/Tilly's Unreal Adventure/TillysAdventure/TillysAdventure/Content/Blueprint/Pawns/TA_TillyCharacter.uasset
[2018.04.22-13.55.05:283][477]LogTemp: Repeating last play command: Selected Viewport
[2018.04.22-13.55.05:302][477]LogPlayLevel: PlayLevel: No blueprints needed recompiling
[2018.04.22-13.55.05:302][477]PIE: New page: PIE session: MainLevel (22 Apr 2018 15:55:05)
[2018.04.22-13.55.05:302][477]LogPlayLevel: Creating play world package: /Game/Blueprint/Level/UEDPIE_0_MainLevel
[2018.04.22-13.55.05:304][477]LogPlayLevel: PIE: StaticDuplicateObject took: (0.001666s)
[2018.04.22-13.55.05:305][477]LogAIModule: Creating AISystem for world MainLevel
[2018.04.22-13.55.05:305][477]LogPlayLevel: PIE: World Init took: (0.000836s)
[2018.04.22-13.55.05:305][477]LogPlayLevel: PIE: Created PIE world by copying editor world from /Game/Blueprint/Level/MainLevel.MainLevel to /Game/Blueprint/Level/UEDPIE_0_MainLevel.MainLevel (0.002874s)
[2018.04.22-13.55.05:328][477]LogInit: XAudio2 using 'Speakers (Realtek High Definition Audio)' : 2 channels at 48 kHz using 32 bits per sample (channel mask 0x3)
[2018.04.22-13.55.05:338][477]LogInit: FAudioDevice initialized.
[2018.04.22-13.55.05:379][477]LogLoad: Game class is 'TA_GameModeBase_C'
[2018.04.22-13.55.05:380][477]LogWorld: Bringing World /Game/Blueprint/Level/UEDPIE_0_MainLevel.MainLevel up for play (max tick rate 0) at 2018.04.22-14.55.05
[2018.04.22-13.55.05:381][477]LogWorld: Bringing up level for play took: 0.000696
[2018.04.22-13.55.05:382][477]PIE: Play in editor start time for /Game/Blueprint/Level/UEDPIE_0_MainLevel -0.38
[2018.04.22-13.55.24:636][394]LogSlate: FSceneViewport::OnFocusLost() reason 2
[2018.04.22-14.00.40:817][771]LogSlate: FSceneViewport::OnFocusLost() reason 0
[2018.04.22-14.01.33:384][338]LogSlate: FSceneViewport::OnFocusLost() reason 0
[2018.04.22-14.04.46:948][423]LogSavePackage: Save=26.72ms
[2018.04.22-14.04.46:948][423]LogSavePackage: Moving '../../../../../../Users/Matthew/Documents/Tilly's Unreal Adventure/TillysAdventure/TillysAdventure/Saved/MainLevel_Auto18B661F734C93F3442870859EC137BA00.tmp' to '../../../../../../Users/Matthew/Documents/Tilly's Unreal Adventure/TillysAdventure/TillysAdventure/Saved/Autosaves/Game/Blueprint/Level/MainLevel_Auto1.umap'
[2018.04.22-14.04.46:951][423]LogSavePackage: Display: Finished SavePackage ../../../../../../Users/Matthew/Documents/Tilly's Unreal Adventure/TillysAdventure/TillysAdventure/Saved/Autosaves/Game/Blueprint/Level/MainLevel_Auto1.umap
[2018.04.22-14.04.46:979][423]LogFileHelpers: Editor autosave (incl. sublevels) for '/Game/Blueprint/Level/MainLevel' took 0.167
[2018.04.22-14.04.46:979][423]LogFileHelpers: Editor autosave (incl. sublevels) for all levels took 0.167
[2018.04.22-14.04.46:982][423]OBJ SavePackage: Generating thumbnails for [1] asset(s) in package [/Game/Models/Needle/Needle] ([1] browsable assets)...
[2018.04.22-14.04.46:995][423]OBJ SavePackage:     Rendered thumbnail for [StaticMesh /Game/Models/Needle/Needle.Needle]
[2018.04.22-14.04.46:995][423]OBJ SavePackage: Finished generating thumbnails for package [/Game/Models/Needle/Needle]
[2018.04.22-14.04.47:014][423]LogSavePackage: Save=15.20ms
[2018.04.22-14.04.47:014][423]LogSavePackage: Moving '../../../../../../Users/Matthew/Documents/Tilly's Unreal Adventure/TillysAdventure/TillysAdventure/Saved/Needle_Auto174482EB84734916706BCD6B6921A4D57.tmp' to '../../../../../../Users/Matthew/Documents/Tilly's Unreal Adventure/TillysAdventure/TillysAdventure/Saved/Autosaves/Game/Models/Needle/Needle_Auto1.uasset'
[2018.04.22-14.04.47:016][423]LogSavePackage: Display: Finished SavePackage ../../../../../../Users/Matthew/Documents/Tilly's Unreal Adventure/TillysAdventure/TillysAdventure/Saved/Autosaves/Game/Models/Needle/Needle_Auto1.uasset
[2018.04.22-14.04.47:018][423]OBJ SavePackage: Generating thumbnails for [1] asset(s) in package [/Game/Models/Needle/Material_001] ([1] browsable assets)...
[2018.04.22-14.04.47:031][423]OBJ SavePackage:     Rendered thumbnail for [Material /Game/Models/Needle/Material_001.Material_001]
[2018.04.22-14.04.47:031][423]OBJ SavePackage: Finished generating thumbnails for package [/Game/Models/Needle/Material_001]
[2018.04.22-14.04.47:076][423]LogSavePackage: Save=41.57ms
[2018.04.22-14.04.47:076][423]LogSavePackage: Moving '../../../../../../Users/Matthew/Documents/Tilly's Unreal Adventure/TillysAdventure/TillysAdventure/Saved/Material_001_Auto126EBA30A44770222E09DCE94D4D2F467.tmp' to '../../../../../../Users/Matthew/Documents/Tilly's Unreal Adventure/TillysAdventure/TillysAdventure/Saved/Autosaves/Game/Models/Needle/Material_001_Auto1.uasset'
[2018.04.22-14.04.47:079][423]LogSavePackage: Display: Finished SavePackage ../../../../../../Users/Matthew/Documents/Tilly's Unreal Adventure/TillysAdventure/TillysAdventure/Saved/Autosaves/Game/Models/Needle/Material_001_Auto1.uasset
[2018.04.22-14.04.47:080][423]OBJ SavePackage: Generating thumbnails for [1] asset(s) in package [/Game/Models/Needle/NeedleTexture] ([1] browsable assets)...
[2018.04.22-14.04.47:086][423]OBJ SavePackage:     Rendered thumbnail for [Texture2D /Game/Models/Needle/NeedleTexture.NeedleTexture]
[2018.04.22-14.04.47:086][423]OBJ SavePackage: Finished generating thumbnails for package [/Game/Models/Needle/NeedleTexture]
[2018.04.22-14.04.47:100][423]LogSavePackage: Save=8.43ms
[2018.04.22-14.04.47:100][423]LogSavePackage: Moving '../../../../../../Users/Matthew/Documents/Tilly's Unreal Adventure/TillysAdventure/TillysAdventure/Saved/NeedleTexture_Auto14783E12E4AC017FDA5430F8F5875E5D0.tmp' to '../../../../../../Users/Matthew/Documents/Tilly's Unreal Adventure/TillysAdventure/TillysAdventure/Saved/Autosaves/Game/Models/Needle/NeedleTexture_Auto1.uasset'
[2018.04.22-14.04.47:102][423]LogSavePackage: Display: Finished SavePackage ../../../../../../Users/Matthew/Documents/Tilly's Unreal Adventure/TillysAdventure/TillysAdventure/Saved/Autosaves/Game/Models/Needle/NeedleTexture_Auto1.uasset
[2018.04.22-14.04.47:103][423]LogFileHelpers: Auto-saving content packages took 0.123
