Log file open, 04/14/18 21:57:40
LogWindows: Failed to load 'aqProf.dll' (GetLastError=126)
LogWindows: File 'aqProf.dll' does not exist
LogWindows: Failed to load 'VtuneApi.dll' (GetLastError=126)
LogWindows: File 'VtuneApi.dll' does not exist
LogWindows: Failed to load 'VtuneApi32e.dll' (GetLastError=126)
LogWindows: File 'VtuneApi32e.dll' does not exist
LogInit: Display: Running engine for game: TillysAdventure
LogPlatformFile: Not using cached read wrapper
LogInit: Display: RandInit(2093529509) SRandInit(2093529509).
LogInit: Read version file with build ID '3944462'
LogInit: Overriding engine version to CL 3989454, compatible CL 3944462
LogInit: Registered custom module enumerator with build ID '3944462'
LogTaskGraph: Started task graph with 5 named threads and 14 total threads with 3 sets of task threads.
LogStats: Stats thread started at 0.232209
LogD3D11RHI: Aftermath initialized
LogICUInternationalization: Display: ICU TimeZone Detection - Raw Offset: +0:00, Platform Override: ''
LogPluginManager: Mounting plugin Paper2D
LogPluginManager: Mounting plugin LiveLink
LogPluginManager: Mounting plugin LightPropagationVolume
LogPluginManager: Mounting plugin CLionSourceCodeAccess
LogPluginManager: Mounting plugin CodeLiteSourceCodeAccess
LogPluginManager: Mounting plugin GitSourceControl
LogPluginManager: Mounting plugin KDevelopSourceCodeAccess
LogPluginManager: Mounting plugin NullSourceCodeAccess
LogPluginManager: Mounting plugin PerforceSourceControl
LogPluginManager: Mounting plugin SubversionSourceControl
LogPluginManager: Mounting plugin UObjectPlugin
LogPluginManager: Mounting plugin VisualStudioCodeSourceCodeAccess
LogPluginManager: Mounting plugin VisualStudioSourceCodeAccess
LogPluginManager: Mounting plugin XCodeSourceCodeAccess
LogPluginManager: Mounting plugin AssetManagerEditor
LogPluginManager: Mounting plugin CryptoKeys
LogPluginManager: Mounting plugin DataValidation
LogPluginManager: Mounting plugin FacialAnimation
LogPluginManager: Mounting plugin GameplayTagsEditor
LogPluginManager: Mounting plugin MobileLauncherProfileWizard
LogPluginManager: Mounting plugin PluginBrowser
LogPluginManager: Mounting plugin SpeedTreeImporter
LogPluginManager: Mounting plugin DatasmithContent
LogPluginManager: Mounting plugin AlembicImporter
LogPluginManager: Mounting plugin CharacterAI
LogPluginManager: Mounting plugin HTML5Networking
LogPluginManager: Mounting plugin AndroidMedia
LogPluginManager: Mounting plugin AvfMedia
LogPluginManager: Mounting plugin ImgMedia
LogPluginManager: Mounting plugin LinearTimecode
LogPluginManager: Mounting plugin MediaCompositing
LogPluginManager: Mounting plugin MediaPlayerEditor
LogPluginManager: Mounting plugin WmfMedia
LogPluginManager: Mounting plugin TcpMessaging
LogPluginManager: Mounting plugin UdpMessaging
LogPluginManager: Mounting plugin ActorSequence
LogPluginManager: Mounting plugin LevelSequenceEditor
LogPluginManager: Mounting plugin MatineeToLevelSequence
LogPluginManager: Mounting plugin NetcodeUnitTest
LogPluginManager: Mounting plugin NUTUnrealEngine4
LogPluginManager: Mounting plugin OnlineSubsystemGooglePlay
LogPluginManager: Mounting plugin OnlineSubsystemIOS
LogPluginManager: Mounting plugin OnlineSubsystem
LogPluginManager: Mounting plugin OnlineSubsystemNull
LogPluginManager: Mounting plugin OnlineSubsystemUtils
LogPluginManager: Mounting plugin AndroidDeviceProfileSelector
LogPluginManager: Mounting plugin AndroidMoviePlayer
LogPluginManager: Mounting plugin AndroidPermission
LogPluginManager: Mounting plugin AppleARKit
LogPluginManager: Mounting plugin AppleMoviePlayer
LogPluginManager: Mounting plugin ArchVisCharacter
LogPluginManager: Mounting plugin AudioCapture
LogPluginManager: Mounting plugin CableComponent
LogPluginManager: Mounting plugin CustomMeshComponent
LogPluginManager: Mounting plugin ExampleDeviceProfileSelector
LogPluginManager: Mounting plugin GoogleCloudMessaging
LogPluginManager: Mounting plugin ImmediatePhysics
LogPluginManager: Mounting plugin IOSDeviceProfileSelector
LogPluginManager: Mounting plugin LinuxDeviceProfileSelector
LogPluginManager: Mounting plugin LocationServicesBPLibrary
LogPluginManager: Mounting plugin MobilePatchingUtils
LogPluginManager: Mounting plugin OculusVR
LogPluginManager: Plugin shader directory ../../../Engine/Plugins/Runtime/Oculus/OculusVR/Shaders found
LogPluginManager: Mapping shader source directory ../../../Engine/Plugins/Runtime/Oculus/OculusVR/Shaders to virtual directory /Plugin/OculusVR
LogPluginManager: Mounting plugin PhysXVehicles
LogPluginManager: Mounting plugin ProceduralMeshComponent
LogPluginManager: Mounting plugin RuntimePhysXCooking
LogPluginManager: Mounting plugin SteamVR
LogPluginManager: Mounting plugin WindowsMoviePlayer
LogStreaming: Display: Took  0.162s to configure plugins.
LogModuleManager: Display: Found up-to-date module file ../../../../../../Users/Matthew/Documents/Tilly's Unreal Adventure/TillysAdventure/TillysAdventure/Binaries/Win64/UE4Editor-TillysAdventure.dll (API version 3944462).
LogModuleManager: Display: Found up-to-date module file ../../../Engine/Plugins/2D/Paper2D/Binaries/Win64/UE4Editor-Paper2D.dll (API version 3944462).
LogModuleManager: Display: Found up-to-date module file ../../../Engine/Plugins/2D/Paper2D/Binaries/Win64/UE4Editor-Paper2DEditor.dll (API version 3944462).
LogModuleManager: Display: Found up-to-date module file ../../../Engine/Plugins/2D/Paper2D/Binaries/Win64/UE4Editor-PaperSpriteSheetImporter.dll (API version 3944462).
LogModuleManager: Display: Found up-to-date module file ../../../Engine/Plugins/2D/Paper2D/Binaries/Win64/UE4Editor-PaperTiledImporter.dll (API version 3944462).
LogModuleManager: Display: Found up-to-date module file ../../../Engine/Plugins/2D/Paper2D/Binaries/Win64/UE4Editor-SmartSnapping.dll (API version 3944462).
LogModuleManager: Display: Found up-to-date module file ../../../Engine/Plugins/Animation/LiveLink/Binaries/Win64/UE4Editor-LiveLink.dll (API version 3944462).
LogModuleManager: Display: Found up-to-date module file ../../../Engine/Plugins/Animation/LiveLink/Binaries/Win64/UE4Editor-LiveLinkEditor.dll (API version 3944462).
LogModuleManager: Display: Found up-to-date module file ../../../Engine/Plugins/Blendables/LightPropagationVolume/Binaries/Win64/UE4Editor-LightPropagationVolumeRuntime.dll (API version 3944462).
LogModuleManager: Display: Found up-to-date module file ../../../Engine/Plugins/Blendables/LightPropagationVolume/Binaries/Win64/UE4Editor-LightPropagationVolumeEditor.dll (API version 3944462).
LogModuleManager: Display: Found up-to-date module file ../../../Engine/Plugins/Developer/CLionSourceCodeAccess/Binaries/Win64/UE4Editor-CLionSourceCodeAccess.dll (API version 3944462).
LogModuleManager: Display: Found up-to-date module file ../../../Engine/Plugins/Developer/GitSourceControl/Binaries/Win64/UE4Editor-GitSourceControl.dll (API version 3944462).
LogModuleManager: Display: Found up-to-date module file ../../../Engine/Plugins/Developer/PerforceSourceControl/Binaries/Win64/UE4Editor-PerforceSourceControl.dll (API version 3944462).
LogModuleManager: Display: Found up-to-date module file ../../../Engine/Plugins/Developer/SubversionSourceControl/Binaries/Win64/UE4Editor-SubversionSourceControl.dll (API version 3944462).
LogModuleManager: Display: Found up-to-date module file ../../../Engine/Plugins/Developer/UObjectPlugin/Binaries/Win64/UE4Editor-UObjectPlugin.dll (API version 3944462).
LogModuleManager: Display: Found up-to-date module file ../../../Engine/Plugins/Developer/VisualStudioCodeSourceCodeAccess/Binaries/Win64/UE4Editor-VisualStudioCodeSourceCodeAccess.dll (API version 3944462).
LogModuleManager: Display: Found up-to-date module file ../../../Engine/Plugins/Developer/VisualStudioSourceCodeAccess/Binaries/Win64/UE4Editor-VisualStudioSourceCodeAccess.dll (API version 3944462).
LogModuleManager: Display: Found up-to-date module file ../../../Engine/Plugins/Editor/AssetManagerEditor/Binaries/Win64/UE4Editor-AssetManagerEditor.dll (API version 3944462).
LogModuleManager: Display: Found up-to-date module file ../../../Engine/Plugins/Editor/CryptoKeys/Binaries/Win64/UE4Editor-CryptoKeys.dll (API version 3944462).
LogModuleManager: Display: Found up-to-date module file ../../../Engine/Plugins/Editor/CryptoKeys/Binaries/Win64/UE4Editor-CryptoKeysOpenSSL.dll (API version 3944462).
LogModuleManager: Display: Found up-to-date module file ../../../Engine/Plugins/Editor/DataValidation/Binaries/Win64/UE4Editor-DataValidation.dll (API version 3944462).
LogModuleManager: Display: Found up-to-date module file ../../../Engine/Plugins/Editor/FacialAnimation/Binaries/Win64/UE4Editor-FacialAnimation.dll (API version 3944462).
LogModuleManager: Display: Found up-to-date module file ../../../Engine/Plugins/Editor/FacialAnimation/Binaries/Win64/UE4Editor-FacialAnimationEditor.dll (API version 3944462).
LogModuleManager: Display: Found up-to-date module file ../../../Engine/Plugins/Editor/GameplayTagsEditor/Binaries/Win64/UE4Editor-GameplayTagsEditor.dll (API version 3944462).
LogModuleManager: Display: Found up-to-date module file ../../../Engine/Plugins/Editor/MobileLauncherProfileWizard/Binaries/Win64/UE4Editor-MobileLauncherProfileWizard.dll (API version 3944462).
LogModuleManager: Display: Found up-to-date module file ../../../Engine/Plugins/Editor/PluginBrowser/Binaries/Win64/UE4Editor-PluginBrowser.dll (API version 3944462).
LogModuleManager: Display: Found up-to-date module file ../../../Engine/Plugins/Editor/SpeedTreeImporter/Binaries/Win64/UE4Editor-SpeedTreeImporter.dll (API version 3944462).
LogModuleManager: Display: Found up-to-date module file ../../../Engine/Plugins/Enterprise/DatasmithContent/Binaries/Win64/UE4Editor-DatasmithContent.dll (API version 3944462).
LogModuleManager: Display: Found up-to-date module file ../../../Engine/Plugins/Experimental/AlembicImporter/Binaries/Win64/UE4Editor-AlembicImporter.dll (API version 3944462).
LogModuleManager: Display: Found up-to-date module file ../../../Engine/Plugins/Experimental/AlembicImporter/Binaries/Win64/UE4Editor-AlembicLibrary.dll (API version 3944462).
LogModuleManager: Display: Found up-to-date module file ../../../Engine/Plugins/Experimental/CharacterAI/Binaries/Win64/UE4Editor-CharacterAI.dll (API version 3944462).
LogModuleManager: Display: Found up-to-date module file ../../../Engine/Plugins/Experimental/HTML5Networking/Binaries/Win64/UE4Editor-HTML5Networking.dll (API version 3944462).
LogModuleManager: Display: Found up-to-date module file ../../../Engine/Plugins/Media/AndroidMedia/Binaries/Win64/UE4Editor-AndroidMediaEditor.dll (API version 3944462).
LogModuleManager: Display: Found up-to-date module file ../../../Engine/Plugins/Media/AndroidMedia/Binaries/Win64/UE4Editor-AndroidMediaFactory.dll (API version 3944462).
LogModuleManager: Display: Found up-to-date module file ../../../Engine/Plugins/Media/AvfMedia/Binaries/Win64/UE4Editor-AvfMediaEditor.dll (API version 3944462).
LogModuleManager: Display: Found up-to-date module file ../../../Engine/Plugins/Media/AvfMedia/Binaries/Win64/UE4Editor-AvfMediaFactory.dll (API version 3944462).
LogModuleManager: Display: Found up-to-date module file ../../../Engine/Plugins/Media/AvfMedia/Binaries/Win64/UE4Editor-AvfMediaFactory.dll (API version 3944462).
LogModuleManager: Display: Found up-to-date module file ../../../Engine/Plugins/Media/ImgMedia/Binaries/Win64/UE4Editor-ImgMedia.dll (API version 3944462).
LogModuleManager: Display: Found up-to-date module file ../../../Engine/Plugins/Media/ImgMedia/Binaries/Win64/UE4Editor-ImgMediaEditor.dll (API version 3944462).
LogModuleManager: Display: Found up-to-date module file ../../../Engine/Plugins/Media/ImgMedia/Binaries/Win64/UE4Editor-ImgMediaFactory.dll (API version 3944462).
LogModuleManager: Display: Found up-to-date module file ../../../Engine/Plugins/Media/ImgMedia/Binaries/Win64/UE4Editor-ImgMediaFactory.dll (API version 3944462).
LogModuleManager: Display: Found up-to-date module file ../../../Engine/Plugins/Media/ImgMedia/Binaries/Win64/UE4Editor-OpenExrWrapper.dll (API version 3944462).
LogModuleManager: Display: Found up-to-date module file ../../../Engine/Plugins/Media/LinearTimecode/Binaries/Win64/UE4Editor-LinearTimecode.dll (API version 3944462).
LogModuleManager: Display: Found up-to-date module file ../../../Engine/Plugins/Media/MediaCompositing/Binaries/Win64/UE4Editor-MediaCompositing.dll (API version 3944462).
LogModuleManager: Display: Found up-to-date module file ../../../Engine/Plugins/Media/MediaCompositing/Binaries/Win64/UE4Editor-MediaCompositingEditor.dll (API version 3944462).
LogModuleManager: Display: Found up-to-date module file ../../../Engine/Plugins/Media/MediaPlayerEditor/Binaries/Win64/UE4Editor-MediaPlayerEditor.dll (API version 3944462).
LogModuleManager: Display: Found up-to-date module file ../../../Engine/Plugins/Media/WmfMedia/Binaries/Win64/UE4Editor-WmfMedia.dll (API version 3944462).
LogModuleManager: Display: Found up-to-date module file ../../../Engine/Plugins/Media/WmfMedia/Binaries/Win64/UE4Editor-WmfMediaEditor.dll (API version 3944462).
LogModuleManager: Display: Found up-to-date module file ../../../Engine/Plugins/Media/WmfMedia/Binaries/Win64/UE4Editor-WmfMediaFactory.dll (API version 3944462).
LogModuleManager: Display: Found up-to-date module file ../../../Engine/Plugins/Media/WmfMedia/Binaries/Win64/UE4Editor-WmfMediaFactory.dll (API version 3944462).
LogModuleManager: Display: Found up-to-date module file ../../../Engine/Plugins/Messaging/TcpMessaging/Binaries/Win64/UE4Editor-TcpMessaging.dll (API version 3944462).
LogModuleManager: Display: Found up-to-date module file ../../../Engine/Plugins/Messaging/UdpMessaging/Binaries/Win64/UE4Editor-UdpMessaging.dll (API version 3944462).
LogModuleManager: Display: Found up-to-date module file ../../../Engine/Plugins/MovieScene/ActorSequence/Binaries/Win64/UE4Editor-ActorSequence.dll (API version 3944462).
LogModuleManager: Display: Found up-to-date module file ../../../Engine/Plugins/MovieScene/LevelSequenceEditor/Binaries/Win64/UE4Editor-LevelSequenceEditor.dll (API version 3944462).
LogModuleManager: Display: Found up-to-date module file ../../../Engine/Plugins/MovieScene/MatineeToLevelSequence/Binaries/Win64/UE4Editor-MatineeToLevelSequence.dll (API version 3944462).
LogModuleManager: Display: Found up-to-date module file ../../../Engine/Plugins/NetcodeUnitTest/NetcodeUnitTest/Binaries/Win64/UE4Editor-NetcodeUnitTest.dll (API version 3944462).
LogModuleManager: Display: Found up-to-date module file ../../../Engine/Plugins/NetcodeUnitTest/NUTUnrealEngine4/Binaries/Win64/UE4Editor-NUTUnrealEngine4.dll (API version 3944462).
LogModuleManager: Display: Found up-to-date module file ../../../Engine/Plugins/Online/OnlineSubsystem/Binaries/Win64/UE4Editor-OnlineSubsystem.dll (API version 3944462).
LogModuleManager: Display: Found up-to-date module file ../../../Engine/Plugins/Online/OnlineSubsystemNull/Binaries/Win64/UE4Editor-OnlineSubsystemNull.dll (API version 3944462).
LogModuleManager: Display: Found up-to-date module file ../../../Engine/Plugins/Online/OnlineSubsystemUtils/Binaries/Win64/UE4Editor-OnlineSubsystemUtils.dll (API version 3944462).
LogModuleManager: Display: Found up-to-date module file ../../../Engine/Plugins/Online/OnlineSubsystemUtils/Binaries/Win64/UE4Editor-OnlineBlueprintSupport.dll (API version 3944462).
LogModuleManager: Display: Found up-to-date module file ../../../Engine/Plugins/Runtime/AndroidDeviceProfileSelector/Binaries/Win64/UE4Editor-AndroidDeviceProfileSelector.dll (API version 3944462).
LogModuleManager: Display: Found up-to-date module file ../../../Engine/Plugins/Runtime/AndroidPermission/Binaries/Win64/UE4Editor-AndroidPermission.dll (API version 3944462).
LogModuleManager: Display: Found up-to-date module file ../../../Engine/Plugins/Runtime/AppleARKit/Binaries/Win64/UE4Editor-AppleARKit.dll (API version 3944462).
LogModuleManager: Display: Found up-to-date module file ../../../Engine/Plugins/Runtime/ArchVisCharacter/Binaries/Win64/UE4Editor-ArchVisCharacter.dll (API version 3944462).
LogModuleManager: Display: Found up-to-date module file ../../../Engine/Plugins/Runtime/AudioCapture/Binaries/Win64/UE4Editor-AudioCapture.dll (API version 3944462).
LogModuleManager: Display: Found up-to-date module file ../../../Engine/Plugins/Runtime/AudioCapture/Binaries/Win64/UE4Editor-AudioCaptureEditor.dll (API version 3944462).
LogModuleManager: Display: Found up-to-date module file ../../../Engine/Plugins/Runtime/CableComponent/Binaries/Win64/UE4Editor-CableComponent.dll (API version 3944462).
LogModuleManager: Display: Found up-to-date module file ../../../Engine/Plugins/Runtime/CustomMeshComponent/Binaries/Win64/UE4Editor-CustomMeshComponent.dll (API version 3944462).
LogModuleManager: Display: Found up-to-date module file ../../../Engine/Plugins/Runtime/ExampleDeviceProfileSelector/Binaries/Win64/UE4Editor-ExampleDeviceProfileSelector.dll (API version 3944462).
LogModuleManager: Display: Found up-to-date module file ../../../Engine/Plugins/Runtime/ImmediatePhysics/Binaries/Win64/UE4Editor-ImmediatePhysics.dll (API version 3944462).
LogModuleManager: Display: Found up-to-date module file ../../../Engine/Plugins/Runtime/ImmediatePhysics/Binaries/Win64/UE4Editor-ImmediatePhysicsEditor.dll (API version 3944462).
LogModuleManager: Display: Found up-to-date module file ../../../Engine/Plugins/Runtime/LocationServicesBPLibrary/Binaries/Win64/UE4Editor-LocationServicesBPLibrary.dll (API version 3944462).
LogModuleManager: Display: Found up-to-date module file ../../../Engine/Plugins/Runtime/MobilePatchingUtils/Binaries/Win64/UE4Editor-MobilePatchingUtils.dll (API version 3944462).
LogModuleManager: Display: Found up-to-date module file ../../../Engine/Plugins/Runtime/Oculus/OculusVR/Binaries/Win64/UE4Editor-OculusHMD.dll (API version 3944462).
LogModuleManager: Display: Found up-to-date module file ../../../Engine/Plugins/Runtime/Oculus/OculusVR/Binaries/Win64/UE4Editor-OculusInput.dll (API version 3944462).
LogModuleManager: Display: Found up-to-date module file ../../../Engine/Plugins/Runtime/Oculus/OculusVR/Binaries/Win64/UE4Editor-OculusEditor.dll (API version 3944462).
LogModuleManager: Display: Found up-to-date module file ../../../Engine/Plugins/Runtime/PhysXVehicles/Binaries/Win64/UE4Editor-PhysXVehicles.dll (API version 3944462).
LogModuleManager: Display: Found up-to-date module file ../../../Engine/Plugins/Runtime/PhysXVehicles/Binaries/Win64/UE4Editor-PhysXVehiclesEditor.dll (API version 3944462).
LogModuleManager: Display: Found up-to-date module file ../../../Engine/Plugins/Runtime/ProceduralMeshComponent/Binaries/Win64/UE4Editor-ProceduralMeshComponent.dll (API version 3944462).
LogModuleManager: Display: Found up-to-date module file ../../../Engine/Plugins/Runtime/ProceduralMeshComponent/Binaries/Win64/UE4Editor-ProceduralMeshComponentEditor.dll (API version 3944462).
LogModuleManager: Display: Found up-to-date module file ../../../Engine/Plugins/Runtime/RuntimePhysXCooking/Binaries/Win64/UE4Editor-RuntimePhysXCooking.dll (API version 3944462).
LogModuleManager: Display: Found up-to-date module file ../../../Engine/Plugins/Runtime/Steam/SteamVR/Binaries/Win64/UE4Editor-SteamVR.dll (API version 3944462).
LogModuleManager: Display: Found up-to-date module file ../../../Engine/Plugins/Runtime/Steam/SteamVR/Binaries/Win64/UE4Editor-SteamVRController.dll (API version 3944462).
LogModuleManager: Display: Found up-to-date module file ../../../Engine/Plugins/Runtime/WindowsMoviePlayer/Binaries/Win64/UE4Editor-WindowsMoviePlayer.dll (API version 3944462).
LogInit: Using libcurl 7.47.1
LogInit:  - built for x86_64-pc-win32
LogInit:  - supports SSL with OpenSSL/1.0.2g
LogInit:  - supports HTTP deflate (compression) using libz 1.2.8
LogInit:  - other features:
LogInit:      CURL_VERSION_SSL
LogInit:      CURL_VERSION_LIBZ
LogInit:      CURL_VERSION_IPV6
LogInit:      CURL_VERSION_ASYNCHDNS
LogInit:      CURL_VERSION_LARGEFILE
LogInit:      CURL_VERSION_IDN
LogInit:  CurlRequestOptions (configurable via config and command line):
LogInit:  - bVerifyPeer = false  - Libcurl will NOT verify peer certificate
LogInit:  - bUseHttpProxy = false  - Libcurl will NOT use HTTP proxy
LogInit:  - bDontReuseConnections = false  - Libcurl will reuse connections
LogInit:  - CertBundlePath = nullptr  - Libcurl will use whatever was configured at build time.
LogInit:  - MaxHostConnections = 16  - Libcurl will limit the number of connections to a host
LogInit:  - LocalHostAddr = Default
LogInit: WinSock: version 1.1 (2.2), MaxSocks=32767, MaxUdp=65467
LogInit: WinSock: I am Mattys-PC (192.168.0.12:0)
LogInit: Build: ++UE4+Release-4.19-CL-3989454
LogInit: Engine Version: 4.19.1-3989454+++UE4+Release-4.19
LogInit: Compatible Engine Version: 4.19.0-3944462+++UE4+Release-4.19
LogInit: Net CL: 3944462
LogDevObjectVersion: Number of dev versions registered: 18
LogDevObjectVersion:   Dev-Blueprints (B0D832E4-1F89-4F0D-ACCF-7EB736FD4AA2): 10
LogDevObjectVersion:   Dev-Build (E1C64328-A22C-4D53-A36C-8E866417BD8C): 0
LogDevObjectVersion:   Dev-Core (375EC13C-06E4-48FB-B500-84F0262A717E): 2
LogDevObjectVersion:   Dev-Editor (E4B068ED-F494-42E9-A231-DA0B2E46BB41): 23
LogDevObjectVersion:   Dev-Framework (CFFC743F-43B0-4480-9391-14DF171D2073): 33
LogDevObjectVersion:   Dev-Mobile (B02B49B5-BB20-44E9-A304-32B752E40360): 2
LogDevObjectVersion:   Dev-Networking (A4E4105C-59A1-49B5-A7C5-40C4547EDFEE): 0
LogDevObjectVersion:   Dev-Online (39C831C9-5AE6-47DC-9A44-9C173E1C8E7C): 0
LogDevObjectVersion:   Dev-Physics (78F01B33-EBEA-4F98-B9B4-84EACCB95AA2): 0
LogDevObjectVersion:   Dev-Platform (6631380F-2D4D-43E0-8009-CF276956A95A): 0
LogDevObjectVersion:   Dev-Rendering (12F88B9F-8875-4AFC-A67C-D90C383ABD29): 25
LogDevObjectVersion:   Dev-Sequencer (7B5AE74C-D270-4C10-A958-57980B212A5A): 6
LogDevObjectVersion:   Dev-VR (D7296918-1DD6-4BDD-9DE2-64A83CC13884): 1
LogDevObjectVersion:   Dev-LoadTimes (C2A15278-BFE7-4AFE-6C17-90FF531DF755): 1
LogDevObjectVersion:   Private-Geometry (6EACA3D4-40EC-4CC1-B786-8BED09428FC5): 2
LogDevObjectVersion:   Dev-AnimPhys (29E575DD-E0A3-4627-9D10-D276232CDCEA): 16
LogDevObjectVersion:   Dev-ReflectionCapture (6B266CEC-1EC7-4B8F-A30B-E4D90942FC07): 1
LogDevObjectVersion:   Dev-Automation (0DF73D61-A23F-47EA-B727-89E90C41499A): 1
LogInit: Compiled (64-bit): Apr  6 2018 12:26:04
LogInit: Compiled with Visual C++: 19.00.24215.01
LogInit: Build Configuration: Development
LogInit: Branch Name: ++UE4+Release-4.19
LogInit: Command Line:  -skipcompile
LogInit: Base Directory: D:/Program Files/Epic Games/UE_4.19/Engine/Binaries/Win64/
LogInit: Installed Engine Build: 1
LogStreaming: Display: Took  0.002s to delete old logs.
LogInit: Presizing for max 8388607 objects, including 0 objects not considered by GC, pre-allocating 0 bytes for permanent pool.
LogInit: Object subsystem initialized
[2018.04.14-20.57.43:140][  0]LogInit: Selected Device Profile: [Windows]
[2018.04.14-20.57.43:140][  0]LogInit: Applying CVar settings loaded from the selected device profile: [Windows]
[2018.04.14-20.57.43:167][  0]LogInit: Computer: MATTYS-PC
[2018.04.14-20.57.43:167][  0]LogInit: User: Matthew
[2018.04.14-20.57.43:167][  0]LogInit: CPU Page size=4096, Cores=4
[2018.04.14-20.57.43:167][  0]LogInit: High frequency timer resolution =3.312641 MHz
[2018.04.14-20.57.43:167][  0]LogMemory: Memory total: Physical=7.9GB (8GB approx)
[2018.04.14-20.57.43:168][  0]LogMemory: Platform Memory Stats for Windows
[2018.04.14-20.57.43:168][  0]LogMemory: Process Physical Memory: 273.88 MB used, 273.88 MB peak
[2018.04.14-20.57.43:168][  0]LogMemory: Process Virtual Memory: 261.92 MB used, 261.92 MB peak
[2018.04.14-20.57.43:168][  0]LogMemory: Physical Memory: 5216.13 MB used,  2864.02 MB free, 8080.15 MB total
[2018.04.14-20.57.43:168][  0]LogMemory: Virtual Memory: 679.41 MB used,  2864.02 MB free, 134217728.00 MB total
[2018.04.14-20.57.43:226][  0]LogInit: Using OS detected language (en-GB).
[2018.04.14-20.57.43:226][  0]LogInit: Using OS detected locale (en-GB).
[2018.04.14-20.57.43:230][  0]LogTextLocalizationManager: No specific localization for 'en-GB' exists, so the 'en' localization will be used.
[2018.04.14-20.57.43:623][  0]LogStreaming: Display: Took  0.397s to EndInitTextLocalization.
[2018.04.14-20.57.43:624][  0]LogInit: Setting process to per monitor DPI aware
[2018.04.14-20.57.43:651][  0]LogSlate: New Slate User Created.  User Index 0, Is Virtual User: 0
[2018.04.14-20.57.43:651][  0]LogSlate: Slate User Registered.  User Index 0, Is Virtual User: 0
[2018.04.14-20.57.43:916][  0]LogD3D11RHI: D3D11 adapters:
[2018.04.14-20.57.43:971][  0]LogD3D11RHI:    0. 'NVIDIA GeForce GTX 770' (Feature Level 11_0)
[2018.04.14-20.57.43:971][  0]LogD3D11RHI:       2017/0/4040 MB DedicatedVideo/DedicatedSystem/SharedSystem, Outputs:2, VendorId:0x10de
[2018.04.14-20.57.43:987][  0]LogD3D11RHI:    1. 'Intel(R) HD Graphics 4600' (Feature Level 11_0)
[2018.04.14-20.57.43:987][  0]LogD3D11RHI:       112/0/2048 MB DedicatedVideo/DedicatedSystem/SharedSystem, Outputs:0, VendorId:0x8086
[2018.04.14-20.57.43:995][  0]LogD3D11RHI:    2. 'Microsoft Basic Render Driver' (Feature Level 11_0)
[2018.04.14-20.57.43:995][  0]LogD3D11RHI:       0/0/4040 MB DedicatedVideo/DedicatedSystem/SharedSystem, Outputs:0, VendorId:0x1414
[2018.04.14-20.57.43:995][  0]LogD3D11RHI: Chosen D3D11 Adapter: 0
[2018.04.14-20.57.44:000][  0]LogD3D11RHI: Creating new Direct3DDevice
[2018.04.14-20.57.44:001][  0]LogD3D11RHI:     GPU DeviceId: 0x1184 (for the marketing name, search the web for "GPU Device Id")
[2018.04.14-20.57.44:001][  0]LogWindows: EnumDisplayDevices:
[2018.04.14-20.57.44:001][  0]LogWindows:    0. 'NVIDIA GeForce GTX 770' (P:0 D:1)
[2018.04.14-20.57.44:001][  0]LogWindows:    1. 'NVIDIA GeForce GTX 770' (P:1 D:1)
[2018.04.14-20.57.44:001][  0]LogWindows:    2. 'NVIDIA GeForce GTX 770' (P:0 D:0)
[2018.04.14-20.57.44:001][  0]LogWindows:    3. 'NVIDIA GeForce GTX 770' (P:0 D:0)
[2018.04.14-20.57.44:001][  0]LogWindows:    4. 'Intel(R) HD Graphics 4600' (P:0 D:0)
[2018.04.14-20.57.44:001][  0]LogWindows:    5. 'Intel(R) HD Graphics 4600' (P:0 D:0)
[2018.04.14-20.57.44:002][  0]LogWindows:    6. 'Intel(R) HD Graphics 4600' (P:0 D:0)
[2018.04.14-20.57.44:002][  0]LogWindows: DebugString: GetVideoDriverDetailsInvalid PrimaryIsNotTheChoosenAdapter GetVideoDriverDetailsInvalid PrimaryIsNotTheChoosenAdapter GetVideoDriverDetailsInvalid PrimaryIsNotTheChoosenAdapter GetVideoDriverDetailsInvalid PrimaryIsNotTheChoosenAdapter GetVideoDriverDetailsInvalid PrimaryIsNotTheChoosenAdapter GetVideoDriverDetailsInvalid PrimaryIsNotTheChoosenAdapter GetVideoDriverDetailsInvalid PrimaryIsNotTheChoosenAdapter FoundDriverCount:0 
[2018.04.14-20.57.44:002][  0]LogD3D11RHI:     Adapter Name: NVIDIA GeForce GTX 770
[2018.04.14-20.57.44:002][  0]LogD3D11RHI:   Driver Version: Unknown (internal:Unknown, unified:Unknown)
[2018.04.14-20.57.44:002][  0]LogD3D11RHI:      Driver Date: Unknown
[2018.04.14-20.57.44:002][  0]LogRHI: Texture pool is 1412 MB (70% of 2017 MB)
[2018.04.14-20.57.44:027][  0]LogD3D11RHI: [Aftermath] Aftermath enabled and primed
[2018.04.14-20.57.44:027][  0]LogD3D11RHI: [Aftermath] Aftermath enabled and primed
[2018.04.14-20.57.44:027][  0]LogD3D11RHI: Async texture creation enabled
[2018.04.14-20.57.44:043][  0]LogD3D11RHI: GPU Timing Frequency: 1000.000000 (Debug: 2 2)
[2018.04.14-20.57.44:092][  0]LogShaderCompilers: Guid format shader working directory is -50 characters bigger than the processId version (../../../../../../Users/Matthew/Documents/Tilly's Unreal Adventure/TillysAdventure/TillysAdventure/Intermediate/Shaders/WorkingDirectory/4268/).
[2018.04.14-20.57.44:092][  0]LogShaderCompilers: Cleaned the shader compiler working directory 'C:/Users/Matthew/AppData/Local/Temp/UnrealShaderWorkingDir/A4AE62DE4F6A2D3671AE39AC68ACDE87/'.
[2018.04.14-20.57.44:292][  0]LogTemp: Display: Loaded TP AllDesktopTargetPlatform
[2018.04.14-20.57.44:306][  0]LogTemp: Display: Loaded TP MacClientTargetPlatform
[2018.04.14-20.57.44:321][  0]LogTemp: Display: Loaded TP MacNoEditorTargetPlatform
[2018.04.14-20.57.44:336][  0]LogTemp: Display: Loaded TP MacServerTargetPlatform
[2018.04.14-20.57.44:351][  0]LogTemp: Display: Loaded TP MacTargetPlatform
[2018.04.14-20.57.44:366][  0]LogTemp: Display: Loaded TP WindowsClientTargetPlatform
[2018.04.14-20.57.44:380][  0]LogTemp: Display: Loaded TP WindowsNoEditorTargetPlatform
[2018.04.14-20.57.44:396][  0]LogTemp: Display: Loaded TP WindowsServerTargetPlatform
[2018.04.14-20.57.44:404][  0]LogTemp: Display: Loaded TP WindowsTargetPlatform
[2018.04.14-20.57.44:418][  0]LogTemp: Display: Loaded TP Android_ASTCTargetPlatform
[2018.04.14-20.57.44:432][  0]LogTemp: Display: Loaded TP Android_ATCTargetPlatform
[2018.04.14-20.57.44:446][  0]LogTemp: Display: Loaded TP Android_DXTTargetPlatform
[2018.04.14-20.57.44:459][  0]LogTemp: Display: Loaded TP Android_ETC1aTargetPlatform
[2018.04.14-20.57.44:473][  0]LogTemp: Display: Loaded TP Android_ETC1TargetPlatform
[2018.04.14-20.57.44:487][  0]LogTemp: Display: Loaded TP Android_ETC2TargetPlatform
[2018.04.14-20.57.44:515][  0]LogTemp: Display: Loaded TP Android_MultiTargetPlatform
[2018.04.14-20.57.44:515][  0]LogTemp: Display: Loaded TP Android_PVRTCTargetPlatform
[2018.04.14-20.57.44:529][  0]LogTemp: Display: Loaded TP AndroidTargetPlatform
[2018.04.14-20.57.44:533][  0]LogTemp: Display: Loaded TP HTML5TargetPlatform
[2018.04.14-20.57.44:576][  0]LogTemp: Display: Loaded TP IOSTargetPlatform
[2018.04.14-20.57.44:589][  0]LogTemp: Display: Loaded TP TVOSTargetPlatform
[2018.04.14-20.57.44:603][  0]LogTemp: Display: Loaded TP LinuxClientTargetPlatform
[2018.04.14-20.57.44:616][  0]LogTemp: Display: Loaded TP LinuxNoEditorTargetPlatform
[2018.04.14-20.57.44:630][  0]LogTemp: Display: Loaded TP LinuxServerTargetPlatform
[2018.04.14-20.57.44:645][  0]LogTemp: Display: Loaded TP LinuxTargetPlatform
[2018.04.14-20.57.44:646][  0]LogTargetPlatformManager: Display: Building Assets For Windows
[2018.04.14-20.57.44:815][  0]LogXGEController: Cleaning working directory: C:/Users/Matthew/AppData/Local/Temp/UnrealXGEWorkingDir/
[2018.04.14-20.57.44:815][  0]LogXGEController: Cannot use XGE Controller as Incredibuild is not installed on this machine.
[2018.04.14-20.57.44:815][  0]LogShaderCompilers: Cannot use XGE Shader Compiler as Incredibuild is not installed on this machine.
[2018.04.14-20.57.44:815][  0]LogShaderCompilers: Display: Using Local Shader Compiler.
[2018.04.14-20.57.45:563][  0]LogDerivedDataCache: Display: Max Cache Size: 512 MB
[2018.04.14-20.57.45:626][  0]LogDerivedDataCache: Loaded boot cache 0.06s 74MB C:/Users/Matthew/AppData/Local/UnrealEngine/4.19/DerivedDataCache/Boot.ddc.
[2018.04.14-20.57.45:626][  0]LogDerivedDataCache: Display: Loaded Boot cache: C:/Users/Matthew/AppData/Local/UnrealEngine/4.19/DerivedDataCache/Boot.ddc
[2018.04.14-20.57.45:626][  0]LogDerivedDataCache: FDerivedDataBackendGraph:  Pak pak cache file ../../../../../../Users/Matthew/Documents/Tilly's Unreal Adventure/TillysAdventure/TillysAdventure/DerivedDataCache/DDC.ddp not found, will not use a pak cache.
[2018.04.14-20.57.45:627][  0]LogDerivedDataCache: Unable to find inner node Pak for hierarchical cache Hierarchy.
[2018.04.14-20.57.45:627][  0]LogDerivedDataCache: FDerivedDataBackendGraph:  CompressedPak pak cache file ../../../../../../Users/Matthew/Documents/Tilly's Unreal Adventure/TillysAdventure/TillysAdventure/DerivedDataCache/Compressed.ddp not found, will not use a pak cache.
[2018.04.14-20.57.45:627][  0]LogDerivedDataCache: Unable to find inner node CompressedPak for hierarchical cache Hierarchy.
[2018.04.14-20.57.45:643][  0]LogDerivedDataCache: Display: Pak cache opened for reading ../../../Engine/DerivedDataCache/Compressed.ddp.
[2018.04.14-20.57.45:655][  0]LogDerivedDataCache: Using Local data cache path C:/Users/Matthew/AppData/Local/UnrealEngine/Common/DerivedDataCache: Writable
[2018.04.14-20.57.45:667][  0]LogMaterial: Verifying Global Shaders for PCD3D_SM5
[2018.04.14-20.57.45:667][  0]LogSlate: Using Freetype 2.6.0
[2018.04.14-20.57.45:668][  0]LogSlate: SlateFontCache - WITH_FREETYPE: 1, WITH_HARFBUZZ: 1
[2018.04.14-20.57.45:668][  0]LogSlate: SlateFontCache - WITH_FREETYPE: 1, WITH_HARFBUZZ: 1
[2018.04.14-20.57.45:840][  0]LogAssetRegistry: FAssetRegistry took 0.0281 seconds to start up
[2018.04.14-20.57.46:151][  0]LogInit: Selected Device Profile: [Windows]
[2018.04.14-20.57.46:318][  0]LogSimplygon: Simplygon DLL not present - disabling.
[2018.04.14-20.57.46:324][  0]LogMeshReduction: Using SimplygonSwarm for distributed automatic mesh merging
[2018.04.14-20.57.46:324][  0]LogMeshReduction: Using QuadricMeshReduction for automatic static mesh reduction
[2018.04.14-20.57.46:324][  0]LogMeshReduction: No automatic skeletal mesh reduction module available
[2018.04.14-20.57.46:324][  0]LogMeshReduction: No automatic mesh merging module available
[2018.04.14-20.57.46:324][  0]LogMeshMerging: No automatic mesh merging module available
[2018.04.14-20.57.46:363][  0]LogNetVersion: TillysAdventure , NetCL: 3944462, EngineNetVer: 2, GameNetVer: 0 (Checksum: 495776416)
[2018.04.14-20.57.46:814][  0]LogPackageLocalizationCache: Processed 9 localized package path(s) for 2 prioritized culture(s) in 0.092971 seconds
[2018.04.14-20.57.46:819][  0]LogUObjectArray: 36728 objects as part of root set at end of initial load.
[2018.04.14-20.57.46:819][  0]LogUObjectAllocator: 7314312 out of 0 bytes used by permanent object pool.
[2018.04.14-20.57.46:819][  0]LogUObjectArray: CloseDisregardForGC: 0/0 objects in disregard for GC pool
[2018.04.14-20.57.48:605][  0]LogTcpMessaging: Initializing TcpMessaging bridge
[2018.04.14-20.57.48:643][  0]LogUdpMessaging: Initializing bridge on interface 0.0.0.0:0 to multicast group 230.0.0.1:6666.
[2018.04.14-20.57.49:209][  0]SourceControl: Source control is disabled
[2018.04.14-20.57.49:210][  0]LogWindows: Warning: CreateProc failed: The system cannot find the file specified. (0x00000002)
[2018.04.14-20.57.49:210][  0]LogWindows: Warning: URL: C:/Program Files/Git/bin/git.exe version
[2018.04.14-20.57.49:210][  0]LogWindows: Warning: CreateProc failed: The system cannot find the file specified. (0x00000002)
[2018.04.14-20.57.49:210][  0]LogWindows: Warning: URL: C:/Program Files (x86)/Git/bin/git.exe version
[2018.04.14-20.57.49:210][  0]LogWindows: Warning: CreateProc failed: The system cannot find the file specified. (0x00000002)
[2018.04.14-20.57.49:210][  0]LogWindows: Warning: URL: C:\Users\Matthew\AppData\Local/Programs/Git/cmd/git.exe version
[2018.04.14-20.57.49:211][  0]LogWindows: Warning: CreateProc failed: The system cannot find the file specified. (0x00000002)
[2018.04.14-20.57.49:211][  0]LogWindows: Warning: URL: C:/Program Files (x86)/SmartGit/git/bin/git.exe version
[2018.04.14-20.57.49:211][  0]LogWindows: Warning: CreateProc failed: The system cannot find the file specified. (0x00000002)
[2018.04.14-20.57.49:211][  0]LogWindows: Warning: URL: C:/Program Files (x86)/SmartGit/bin/git.exe version
[2018.04.14-20.57.50:224][  0]LogAndroidPermission: UAndroidPermissionCallbackProxy::GetInstance
[2018.04.14-20.57.50:474][  0]LogOcInput: OculusInput pre-init called
[2018.04.14-20.57.50:605][  0]LogEngine: Initializing Engine...
[2018.04.14-20.57.50:615][  0]LogHMD: Failed to initialize OpenVR with code 105
[2018.04.14-20.57.50:617][  0]LogStats: UGameplayTagsManager::ConstructGameplayTagTree: Construct from data asset -  0.000 s
[2018.04.14-20.57.50:617][  0]LogStats: UGameplayTagsManager::ConstructGameplayTagTree: GameplayTagTreeChangedEvent.Broadcast -  0.000 s
[2018.04.14-20.57.50:815][  0]LogAIModule: Creating AISystem for world Untitled
[2018.04.14-20.57.50:835][  0]LogInit: XAudio2 using 'Speakers (Realtek High Definition Audio)' : 2 channels at 48 kHz using 32 bits per sample (channel mask 0x3)
[2018.04.14-20.57.50:855][  0]LogInit: FAudioDevice initialized.
[2018.04.14-20.57.50:927][  0]LogDerivedDataCache: Saved boot cache 0.07s 74MB C:/Users/Matthew/AppData/Local/UnrealEngine/4.19/DerivedDataCache/Boot.ddc.
[2018.04.14-20.57.50:942][  0]LogInit: Texture streaming: Enabled
[2018.04.14-20.57.50:967][  0]LogEngineSessionManager: EngineSessionManager initialized
[2018.04.14-20.57.50:978][  0]LogInit: Transaction tracking system initialized
[2018.04.14-20.57.51:011][  0]BlueprintLog: New page: Editor Load
[2018.04.14-20.57.51:115][  0]LocalizationService: Localization service is disabled
[2018.04.14-20.57.51:252][  0]LogConsoleResponse: Display: 
[2018.04.14-20.57.51:404][  0]LogCook: Display: Max memory allowance for cook 16384mb min free memory 0mb
[2018.04.14-20.57.51:404][  0]LogCook: Display: Mobile HDR setting 1
[2018.04.14-20.57.51:404][  0]LogGameplayTags: Display: UGameplayTagsManager::DoneAddingNativeTags. DelegateIsBound: 0
[2018.04.14-20.57.51:405][  0]LogStats: UGameplayTagsManager::ConstructGameplayTagTree: Construct from data asset -  0.000 s
[2018.04.14-20.57.51:405][  0]LogStats: UGameplayTagsManager::ConstructGameplayTagTree: GameplayTagTreeChangedEvent.Broadcast -  0.000 s
[2018.04.14-20.57.51:887][  0]LogFileCache: Scanning file cache for directory 'D:/Users/Matthew/Documents/Tilly's Unreal Adventure/TillysAdventure/TillysAdventure/Content/' took 0.01s
[2018.04.14-20.57.51:895][  0]Cmd: MAP LOAD FILE="../../../Engine/Content/Maps/Templates/Template_Default.umap" TEMPLATE=1 SHOWPROGRESS=1 FEATURELEVEL=3
[2018.04.14-20.57.51:896][  0]LightingResults: New page: Lighting Build
[2018.04.14-20.57.51:898][  0]MapCheck: New page: Map Check
[2018.04.14-20.57.51:898][  0]LightingResults: New page: Lighting Build
[2018.04.14-20.57.52:071][  0]LogAIModule: Creating AISystem for world Untitled_1
[2018.04.14-20.57.52:081][  0]LogEditorServer: Finished looking for orphan Actors (0.000 secs)
[2018.04.14-20.57.52:095][  0]Cmd: MAP CHECKDEP NOCLEARLOG
[2018.04.14-20.57.52:182][  0]MapCheck: Map check complete: 0 Error(s), 0 Warning(s), took 87.044ms to complete.
[2018.04.14-20.57.52:183][  0]LogFileHelpers: Loading map 'Template_Default' took 0.288
[2018.04.14-20.57.52:314][  0]LogCollectionManager: Loaded 0 collections in 0.001304 seconds
[2018.04.14-20.57.52:361][  0]LogFileCache: Scanning file cache for directory 'D:/Users/Matthew/Documents/Tilly's Unreal Adventure/TillysAdventure/TillysAdventure/Saved/Collections/' took 0.01s
[2018.04.14-20.57.52:361][  0]LogFileCache: Scanning file cache for directory 'D:/Users/Matthew/Documents/Tilly's Unreal Adventure/TillysAdventure/TillysAdventure/Content/Developers/Matthew/Collections/' took 0.01s
[2018.04.14-20.57.52:361][  0]LogFileCache: Scanning file cache for directory 'D:/Users/Matthew/Documents/Tilly's Unreal Adventure/TillysAdventure/TillysAdventure/Content/Collections/' took 0.01s
[2018.04.14-20.57.52:362][  0]LogCollectionManager: Rebuilt the GUID cache for 0 collections in 0.000000 seconds
[2018.04.14-20.57.52:371][  0]LogContentBrowser: Native class hierarchy populated in 0.0089 seconds. Added 2454 classes and 560 folders.
[2018.04.14-20.57.52:377][  0]LogContentBrowser: Native class hierarchy updated for 'WidgetCarousel' in 0.0009 seconds. Added 0 classes and 0 folders.
[2018.04.14-20.57.52:440][  0]LogContentBrowser: Native class hierarchy updated for 'AddContentDialog' in 0.0009 seconds. Added 0 classes and 0 folders.
[2018.04.14-20.57.52:446][  0]LogContentBrowser: Native class hierarchy updated for 'SceneOutliner' in 0.0009 seconds. Added 1 classes and 2 folders.
[2018.04.14-20.57.52:465][  0]LogSlate: Took 0.000246 seconds to synchronously load lazily loaded font '../../../Engine/Content/Slate/Fonts/Roboto-Regular.ttf' (155K)
[2018.04.14-20.57.52:467][  0]LogSlate: Took 0.000230 seconds to synchronously load lazily loaded font '../../../Engine/Content/Slate/Fonts/Roboto-Bold.ttf' (160K)
[2018.04.14-20.57.52:473][  0]LogSlate: Took 0.000213 seconds to synchronously load lazily loaded font '../../../Engine/Content/Editor/Slate/Fonts/FontAwesome.ttf' (139K)
[2018.04.14-20.57.52:570][  0]LogRenderer: Reallocating scene render targets to support 1208x576 Format 10 NumSamples 1 (Frame:1).
[2018.04.14-20.57.52:678][  0]LogContentBrowser: Native class hierarchy updated for 'HierarchicalLODOutliner' in 0.0010 seconds. Added 0 classes and 0 folders.
[2018.04.14-20.57.52:678][  0]LogLoad: (Engine Initialization) Total time: 13.16 seconds
[2018.04.14-20.57.52:678][  0]LogLoad: (Engine Initialization) Total Blueprint compile time: 0.00 seconds
[2018.04.14-20.57.53:034][  0]LogAssetRegistry: Asset discovery search completed in 7.2175 seconds
[2018.04.14-20.57.53:036][  0]LogCollectionManager: Rebuilt the object cache for 0 collections in 0.000000 seconds (found 0 objects)
[2018.04.14-20.57.53:036][  0]LogCollectionManager: Fixed up redirectors for 0 collections in 0.000148 seconds (updated 0 objects)
[2018.04.14-20.57.53:039][  0]LogContentStreaming: Texture pool size now 1000 MB
[2018.04.14-20.57.53:066][  0]LogSlate: Took 0.000253 seconds to synchronously load lazily loaded font '../../../Engine/Content/Slate/Fonts/Roboto-Light.ttf' (167K)
[2018.04.14-20.59.08:741][228]LogSlate: FSceneViewport::OnFocusLost() reason 0
[2018.04.14-20.59.33:887][213]LogSlate: Took 0.000238 seconds to synchronously load lazily loaded font '../../../Engine/Content/Slate/Fonts/Roboto-Light.ttf' (167K)
[2018.04.14-20.59.39:518][876]LogSlate: Took 0.000256 seconds to synchronously load lazily loaded font '../../../Engine/Content/Slate/Fonts/Roboto-BoldCondensed.ttf' (158K)
[2018.04.14-20.59.48:615][926]LogContentBrowser: Native class hierarchy updated for 'BlueprintGraph' in 0.0012 seconds. Added 116 classes and 0 folders.
[2018.04.14-20.59.49:291][926]LogSlate: Window 'Add Blueprint Class' being destroyed
[2018.04.14-20.59.51:640][152]LogSlate: Window 'TA_GameModeBase*' being destroyed
[2018.04.14-20.59.51:643][152]LogSlate: Window 'TA_GameModeBase*' being destroyed
[2018.04.14-21.00.06:906][932]LogSlate: Window 'Add Blueprint Class' being destroyed
[2018.04.14-21.00.09:696][209]LogSlate: Window 'TA_TillyPawn*' being destroyed
[2018.04.14-21.00.09:698][209]LogSlate: Window 'TA_TillyPawn*' being destroyed
[2018.04.14-21.00.11:078][352]SourceControl: fatal: /Temp: '/Temp' is outside repository
[2018.04.14-21.00.33:609][352]LogSlate: Window 'Save Level As' being destroyed
[2018.04.14-21.00.33:804][352]LogSavePackage: Save=29.00ms
[2018.04.14-21.00.33:804][352]LogSavePackage: Moving '../../../../../../Users/Matthew/Documents/Tilly's Unreal Adventure/TillysAdventure/TillysAdventure/Saved/MainLevel319879B74FFCEC4F7E7C109A711752A7.tmp' to '../../../../../../Users/Matthew/Documents/Tilly's Unreal Adventure/TillysAdventure/TillysAdventure/Content/Blueprint/Level/MainLevel.umap'
[2018.04.14-21.00.33:806][352]LogSavePackage: Display: Finished SavePackage ../../../../../../Users/Matthew/Documents/Tilly's Unreal Adventure/TillysAdventure/TillysAdventure/Content/Blueprint/Level/MainLevel.umap
[2018.04.14-21.00.34:166][352]LogSavePackage: Save=68.70ms
[2018.04.14-21.00.34:166][352]LogSavePackage: Moving '../../../../../../Users/Matthew/Documents/Tilly's Unreal Adventure/TillysAdventure/TillysAdventure/Saved/MainLevel_BuiltDataBE87CE3D46849C5C1305D88963C457E8.tmp' to '../../../../../../Users/Matthew/Documents/Tilly's Unreal Adventure/TillysAdventure/TillysAdventure/Content/Blueprint/Level/MainLevel_BuiltData.uasset'
[2018.04.14-21.00.34:168][352]LogSavePackage: Display: Finished SavePackage ../../../../../../Users/Matthew/Documents/Tilly's Unreal Adventure/TillysAdventure/TillysAdventure/Content/Blueprint/Level/MainLevel_BuiltData.uasset
[2018.04.14-21.00.34:350][352]LogFileHelpers: Saving map 'MainLevel' took 0.721
[2018.04.14-21.00.34:485][366]SourceControl: fatal: /Temp: '/Temp' is outside repository
[2018.04.14-21.00.47:634][899]LogSavePackage: Save=9.77ms
[2018.04.14-21.00.47:634][899]LogSavePackage: Moving '../../../../../../Users/Matthew/Documents/Tilly's Unreal Adventure/TillysAdventure/TillysAdventure/Saved/TA_GameModeBase011A248845F11337951F61A58AE9F9FA.tmp' to '../../../../../../Users/Matthew/Documents/Tilly's Unreal Adventure/TillysAdventure/TillysAdventure/Content/Blueprint/GameMode/TA_GameModeBase.uasset'
[2018.04.14-21.00.47:638][899]LogSavePackage: Display: Finished SavePackage ../../../../../../Users/Matthew/Documents/Tilly's Unreal Adventure/TillysAdventure/TillysAdventure/Content/Blueprint/GameMode/TA_GameModeBase.uasset
[2018.04.14-21.00.47:781][899]LogSavePackage: Save=11.07ms
[2018.04.14-21.00.47:781][899]LogSavePackage: Moving '../../../../../../Users/Matthew/Documents/Tilly's Unreal Adventure/TillysAdventure/TillysAdventure/Saved/TA_TillyPawn22026AE2477060B1E56C6F84F576E72B.tmp' to '../../../../../../Users/Matthew/Documents/Tilly's Unreal Adventure/TillysAdventure/TillysAdventure/Content/Blueprint/Pawns/TA_TillyPawn.uasset'
[2018.04.14-21.00.47:786][899]LogSavePackage: Display: Finished SavePackage ../../../../../../Users/Matthew/Documents/Tilly's Unreal Adventure/TillysAdventure/TillysAdventure/Content/Blueprint/Pawns/TA_TillyPawn.uasset
[2018.04.14-21.00.49:351][ 65]LogSlate: Prevented a slow task dialog from being summoned while a context menu was open
[2018.04.14-21.00.57:651][ 29]LogSavePackage: Save=21.29ms
[2018.04.14-21.00.57:651][ 29]LogSavePackage: Moving '../../../../../../Users/Matthew/Documents/Tilly's Unreal Adventure/TillysAdventure/TillysAdventure/Saved/MainLevelEDF7E1434361197240DF269A5F72BD04.tmp' to '../../../../../../Users/Matthew/Documents/Tilly's Unreal Adventure/TillysAdventure/TillysAdventure/Content/Blueprint/Level/MainLevel.umap'
[2018.04.14-21.00.57:655][ 29]LogSavePackage: Display: Finished SavePackage ../../../../../../Users/Matthew/Documents/Tilly's Unreal Adventure/TillysAdventure/TillysAdventure/Content/Blueprint/Level/MainLevel.umap
[2018.04.14-21.00.57:778][ 29]LogSavePackage: Save=11.47ms
[2018.04.14-21.00.57:778][ 29]LogSavePackage: Moving '../../../../../../Users/Matthew/Documents/Tilly's Unreal Adventure/TillysAdventure/TillysAdventure/Saved/MainLevel_BuiltData20C6F5E34D47ED8ACAC87298C096829A.tmp' to '../../../../../../Users/Matthew/Documents/Tilly's Unreal Adventure/TillysAdventure/TillysAdventure/Content/Blueprint/Level/MainLevel_BuiltData.uasset'
[2018.04.14-21.00.57:780][ 29]LogSavePackage: Display: Finished SavePackage ../../../../../../Users/Matthew/Documents/Tilly's Unreal Adventure/TillysAdventure/TillysAdventure/Content/Blueprint/Level/MainLevel_BuiltData.uasset
[2018.04.14-21.01.00:595][349]LogSavePackage: Save=9.40ms
[2018.04.14-21.01.00:596][349]LogSavePackage: Moving '../../../../../../Users/Matthew/Documents/Tilly's Unreal Adventure/TillysAdventure/TillysAdventure/Saved/TA_GameModeBase05989C8D45DB468DFF2B329F42928335.tmp' to '../../../../../../Users/Matthew/Documents/Tilly's Unreal Adventure/TillysAdventure/TillysAdventure/Content/Blueprint/GameMode/TA_GameModeBase.uasset'
[2018.04.14-21.01.00:600][349]LogSavePackage: Display: Finished SavePackage ../../../../../../Users/Matthew/Documents/Tilly's Unreal Adventure/TillysAdventure/TillysAdventure/Content/Blueprint/GameMode/TA_GameModeBase.uasset
[2018.04.14-21.01.11:606][630]LogTabManager: Warning: Cannot spawn tab because no spawner is registered for 'CompilerResults'
[2018.04.14-21.01.13:358][830]LogSlate: Window 'CompilerResults' being destroyed
[2018.04.14-21.01.13:360][830]LogSlate: Window 'CompilerResults' being destroyed
[2018.04.14-21.01.19:374][535]LogSlate: Window 'TA_GameModeBase' being destroyed
[2018.04.14-21.01.19:377][535]LogSlate: Window 'TA_GameModeBase' being destroyed
[2018.04.14-21.01.20:927][701]LogSlate: Window 'TillysAdventure - Unreal Editor' being destroyed
[2018.04.14-21.01.20:928][701]LogWindowsTextInputMethodSystem: Display: IME system now deactivated.
[2018.04.14-21.01.21:145][702]Cmd: QUIT_EDITOR
[2018.04.14-21.01.21:316][702]LogSlate: Slate User Destroyed.  User Index 0, Is Virtual User: 0
[2018.04.14-21.01.21:316][702]LogExit: Preparing to exit.
[2018.04.14-21.01.22:149][702]LogDirectoryWatcher: A directory notification for 'D:/Users/Matthew/Documents/Tilly's Unreal Adventure/TillysAdventure/TillysAdventure/Content/' was aborted.
[2018.04.14-21.01.22:198][702]LogExit: Editor shut down
[2018.04.14-21.01.22:200][702]LogExit: Transaction tracking system shut down
[2018.04.14-21.01.22:304][702]LogDirectoryWatcher: A directory notification for '../../../Engine/Content/' was aborted.
[2018.04.14-21.01.22:304][702]LogDirectoryWatcher: A directory notification for '../../../../../../Users/Matthew/Documents/Tilly's Unreal Adventure/TillysAdventure/TillysAdventure/Content/' was aborted.
[2018.04.14-21.01.22:304][702]LogDirectoryWatcher: A directory notification for '../../Plugins/2D/Paper2D/Content/' was aborted.
[2018.04.14-21.01.22:305][702]LogDirectoryWatcher: A directory notification for '../../Plugins/Enterprise/DatasmithContent/Content/' was aborted.
[2018.04.14-21.01.22:305][702]LogDirectoryWatcher: A directory notification for '../../Plugins/Media/MediaCompositing/Content/' was aborted.
[2018.04.14-21.01.22:305][702]LogDirectoryWatcher: A directory notification for '../../Plugins/Runtime/AppleARKit/Content/' was aborted.
[2018.04.14-21.01.22:305][702]LogDirectoryWatcher: A directory notification for '../../Plugins/Runtime/Oculus/OculusVR/Content/' was aborted.
[2018.04.14-21.01.22:305][702]LogDirectoryWatcher: A directory notification for '../../Plugins/Runtime/Steam/SteamVR/Content/' was aborted.
[2018.04.14-21.01.22:430][702]LogExit: Object subsystem successfully closed.
[2018.04.14-21.01.22:455][702]LogShaderCompilers: Display: Shaders left to compile 0
[2018.04.14-21.01.22:469][702]LogD3D11RHI: Shutdown
[2018.04.14-21.01.22:469][702]LogD3D11RHI: CleanupD3DDevice
[2018.04.14-21.01.22:473][702]LogD3D11RHI: ~FD3D11DynamicRHI
[2018.04.14-21.01.22:565][702]LogModuleManager: Shutting down and abandoning module BlueprintGraph (580)
[2018.04.14-21.01.22:565][702]LogModuleManager: Shutting down and abandoning module HierarchicalLODOutliner (578)
[2018.04.14-21.01.22:565][702]LogModuleManager: Shutting down and abandoning module DesktopPlatform (576)
[2018.04.14-21.01.22:565][702]LogModuleManager: Shutting down and abandoning module SceneOutliner (574)
[2018.04.14-21.01.22:565][702]LogModuleManager: Shutting down and abandoning module AddContentDialog (572)
[2018.04.14-21.01.22:566][702]LogDirectoryWatcher: A directory notification for 'D:/Program Files/Epic Games/UE_4.19/FeaturePacks/' was aborted.
[2018.04.14-21.01.22:567][702]LogModuleManager: Shutting down and abandoning module WidgetCarousel (571)
[2018.04.14-21.01.22:567][702]LogModuleManager: Shutting down and abandoning module EditorWidgets (568)
[2018.04.14-21.01.22:567][702]LogModuleManager: Shutting down and abandoning module CollectionManager (566)
[2018.04.14-21.01.22:574][702]LogDirectoryWatcher: A directory notification for 'D:/Users/Matthew/Documents/Tilly's Unreal Adventure/TillysAdventure/TillysAdventure/Content/Collections/' was aborted.
[2018.04.14-21.01.22:574][702]LogDirectoryWatcher: A directory notification for 'D:/Users/Matthew/Documents/Tilly's Unreal Adventure/TillysAdventure/TillysAdventure/Content/Developers/Matthew/Collections/' was aborted.
[2018.04.14-21.01.22:574][702]LogDirectoryWatcher: A directory notification for 'D:/Users/Matthew/Documents/Tilly's Unreal Adventure/TillysAdventure/TillysAdventure/Saved/Collections/' was aborted.
[2018.04.14-21.01.22:574][702]LogModuleManager: Shutting down and abandoning module HierarchicalLODUtilities (564)
[2018.04.14-21.01.22:574][702]LogModuleManager: Shutting down and abandoning module StatsViewer (562)
[2018.04.14-21.01.22:574][702]LogModuleManager: Shutting down and abandoning module FoliageEdit (560)
[2018.04.14-21.01.22:574][702]LogModuleManager: Shutting down and abandoning module LandscapeEditor (558)
[2018.04.14-21.01.22:584][702]LogModuleManager: Shutting down and abandoning module MeshPaintMode (556)
[2018.04.14-21.01.22:585][702]LogModuleManager: Shutting down and abandoning module SceneDepthPickerMode (554)
[2018.04.14-21.01.22:585][702]LogModuleManager: Shutting down and abandoning module ActorPickerMode (552)
[2018.04.14-21.01.22:585][702]LogModuleManager: Shutting down and abandoning module GeometryMode (550)
[2018.04.14-21.01.22:585][702]LogModuleManager: Shutting down and abandoning module TextureAlignMode (548)
[2018.04.14-21.01.22:585][702]LogModuleManager: Shutting down and abandoning module BspMode (546)
[2018.04.14-21.01.22:585][702]LogModuleManager: Shutting down and abandoning module PIEPreviewDeviceProfileSelector (544)
[2018.04.14-21.01.22:585][702]LogModuleManager: Shutting down and abandoning module HardwareSurvey (542)
[2018.04.14-21.01.22:586][702]LogModuleManager: Shutting down and abandoning module SequenceRecorderSections (540)
[2018.04.14-21.01.22:601][702]LogModuleManager: Shutting down and abandoning module AutomationWorker (538)
[2018.04.14-21.01.22:601][702]LogModuleManager: Shutting down and abandoning module AudioCaptureEditor (536)
[2018.04.14-21.01.22:601][702]LogModuleManager: Shutting down and abandoning module SequenceRecorder (535)
[2018.04.14-21.01.22:601][702]LogModuleManager: Shutting down and abandoning module MatineeToLevelSequence (532)
[2018.04.14-21.01.22:637][702]LogModuleManager: Shutting down and abandoning module LevelSequenceEditor (530)
[2018.04.14-21.01.22:666][702]LogModuleManager: Shutting down and abandoning module PlacementMode (529)
[2018.04.14-21.01.22:666][702]LogModuleManager: Shutting down and abandoning module MaterialEditor (528)
[2018.04.14-21.01.22:666][702]LogModuleManager: Shutting down and abandoning module WmfMediaFactory (524)
[2018.04.14-21.01.22:666][702]LogModuleManager: Shutting down and abandoning module WmfMediaEditor (522)
[2018.04.14-21.01.22:666][702]LogModuleManager: Shutting down and abandoning module MediaPlayerEditor (520)
[2018.04.14-21.01.22:686][702]LogModuleManager: Shutting down and abandoning module OpenExrWrapper (518)
[2018.04.14-21.01.22:686][702]LogModuleManager: Shutting down and abandoning module ImgMediaFactory (516)
[2018.04.14-21.01.22:686][702]LogModuleManager: Shutting down and abandoning module ImgMediaEditor (514)
[2018.04.14-21.01.22:686][702]LogModuleManager: Shutting down and abandoning module AvfMediaFactory (512)
[2018.04.14-21.01.22:686][702]LogModuleManager: Shutting down and abandoning module AvfMediaEditor (510)
[2018.04.14-21.01.22:686][702]LogModuleManager: Shutting down and abandoning module AndroidMediaFactory (508)
[2018.04.14-21.01.22:686][702]LogModuleManager: Shutting down and abandoning module AndroidMediaEditor (506)
[2018.04.14-21.01.22:686][702]LogModuleManager: Shutting down and abandoning module CharacterAI (504)
[2018.04.14-21.01.22:687][702]LogModuleManager: Shutting down and abandoning module SmartSnapping (502)
[2018.04.14-21.01.22:687][702]LogModuleManager: Shutting down and abandoning module SessionServices (500)
[2018.04.14-21.01.22:687][702]LogModuleManager: Shutting down and abandoning module ViewportSnapping (498)
[2018.04.14-21.01.22:687][702]LogModuleManager: Shutting down and abandoning module ViewportInteraction (496)
[2018.04.14-21.01.22:687][702]LogModuleManager: Shutting down and abandoning module ClothPainter (494)
[2018.04.14-21.01.22:687][702]LogModuleManager: Shutting down and abandoning module SkeletalMeshEditor (493)
[2018.04.14-21.01.22:687][702]LogModuleManager: Shutting down and abandoning module LogVisualizer (490)
[2018.04.14-21.01.22:687][702]LogModuleManager: Shutting down and abandoning module IntroTutorials (488)
[2018.04.14-21.01.22:687][702]LogModuleManager: Shutting down and abandoning module GameProjectGeneration (487)
[2018.04.14-21.01.22:687][702]LogModuleManager: Shutting down and abandoning module IOSPlatformEditor (484)
[2018.04.14-21.01.22:687][702]LogModuleManager: Shutting down and abandoning module HTML5PlatformEditor (482)
[2018.04.14-21.01.22:688][702]LogModuleManager: Shutting down and abandoning module AndroidPlatformEditor (480)
[2018.04.14-21.01.22:688][702]LogModuleManager: Shutting down and abandoning module AndroidDeviceDetection (479)
[2018.04.14-21.01.23:438][702]LogModuleManager: Shutting down and abandoning module WindowsPlatformEditor (476)
[2018.04.14-21.01.23:438][702]LogModuleManager: Shutting down and abandoning module IOSRuntimeSettings (474)
[2018.04.14-21.01.23:438][702]LogModuleManager: Shutting down and abandoning module AndroidRuntimeSettings (472)
[2018.04.14-21.01.23:438][702]LogModuleManager: Shutting down and abandoning module InputBindingEditor (470)
[2018.04.14-21.01.23:438][702]LogModuleManager: Shutting down and abandoning module MergeActors (468)
[2018.04.14-21.01.23:438][702]LogModuleManager: Shutting down and abandoning module LocalizationDashboard (466)
[2018.04.14-21.01.23:438][702]LogModuleManager: Shutting down and abandoning module LocalizationService (465)
[2018.04.14-21.01.23:439][702]LogModuleManager: Shutting down and abandoning module HardwareTargeting (462)
[2018.04.14-21.01.23:439][702]LogModuleManager: Shutting down and abandoning module DeviceProfileEditor (460)
[2018.04.14-21.01.23:439][702]LogModuleManager: Shutting down and abandoning module UndoHistory (458)
[2018.04.14-21.01.23:439][702]LogModuleManager: Shutting down and abandoning module XmlParser (456)
[2018.04.14-21.01.23:439][702]LogModuleManager: Shutting down and abandoning module Blutility (454)
[2018.04.14-21.01.23:439][702]LogModuleManager: Shutting down and abandoning module ProjectSettingsViewer (452)
[2018.04.14-21.01.23:439][702]LogModuleManager: Shutting down and abandoning module ProjectTargetPlatformEditor (451)
[2018.04.14-21.01.23:440][702]LogModuleManager: Shutting down and abandoning module EditorSettingsViewer (448)
[2018.04.14-21.01.23:440][702]LogModuleManager: Shutting down and abandoning module SettingsEditor (446)
[2018.04.14-21.01.23:440][702]LogModuleManager: Shutting down and abandoning module ProjectLauncher (444)
[2018.04.14-21.01.23:467][702]LogModuleManager: Shutting down and abandoning module SessionFrontend (442)
[2018.04.14-21.01.23:481][702]LogModuleManager: Shutting down and abandoning module ProfilerClient (440)
[2018.04.14-21.01.23:490][702]LogModuleManager: Shutting down and abandoning module DeviceManager (438)
[2018.04.14-21.01.23:500][702]LogModuleManager: Shutting down and abandoning module TargetDeviceServices (437)
[2018.04.14-21.01.23:552][702]LogModuleManager: Shutting down and abandoning module AutomationController (434)
[2018.04.14-21.01.23:563][702]LogModuleManager: Shutting down and abandoning module AutomationWindow (432)
[2018.04.14-21.01.23:579][702]LogModuleManager: Shutting down and abandoning module Layers (430)
[2018.04.14-21.01.23:601][702]LogModuleManager: Shutting down and abandoning module ComponentVisualizers (428)
[2018.04.14-21.01.23:601][702]LogModuleManager: Shutting down and abandoning module DetailCustomizations (426)
[2018.04.14-21.01.23:620][702]LogModuleManager: Shutting down and abandoning module PackagesDialog (424)
[2018.04.14-21.01.23:621][702]LogModuleManager: Shutting down and abandoning module Persona (422)
[2018.04.14-21.01.23:657][702]LogModuleManager: Shutting down and abandoning module AdvancedPreviewScene (421)
[2018.04.14-21.01.23:657][702]LogModuleManager: Shutting down and abandoning module AnimGraph (419)
[2018.04.14-21.01.23:657][702]LogModuleManager: Shutting down and abandoning module Kismet (416)
[2018.04.14-21.01.23:669][702]LogModuleManager: Shutting down and abandoning module GraphEditor (414)
[2018.04.14-21.01.23:682][702]LogModuleManager: Shutting down and abandoning module ClassViewer (412)
[2018.04.14-21.01.23:683][702]LogModuleManager: Shutting down and abandoning module Toolbox (410)
[2018.04.14-21.01.23:683][702]LogModuleManager: Shutting down and abandoning module ModuleUI (408)
[2018.04.14-21.01.23:696][702]LogModuleManager: Shutting down and abandoning module MovieSceneTools (406)
[2018.04.14-21.01.23:722][702]LogModuleManager: Shutting down and abandoning module OutputLog (404)
[2018.04.14-21.01.23:730][702]LogModuleManager: Shutting down and abandoning module GammaUI (402)
[2018.04.14-21.01.23:745][702]LogModuleManager: Shutting down and abandoning module Documentation (400)
[2018.04.14-21.01.23:745][702]LogModuleManager: Shutting down and abandoning module MovieSceneTracks (398)
[2018.04.14-21.01.23:748][702]LogModuleManager: Shutting down and abandoning module MovieScene (396)
[2018.04.14-21.01.23:758][702]LogModuleManager: Shutting down and abandoning module StreamingPauseRendering (394)
[2018.04.14-21.01.23:758][702]LogModuleManager: Shutting down and abandoning module LauncherPlatform (392)
[2018.04.14-21.01.23:759][702]LogModuleManager: Shutting down and abandoning module AnalyticsET (390)
[2018.04.14-21.01.23:759][702]LogModuleManager: Shutting down and abandoning module PortalServices (388)
[2018.04.14-21.01.23:759][702]LogModuleManager: Shutting down and abandoning module PortalRpc (386)
[2018.04.14-21.01.23:759][702]LogModuleManager: Shutting down and abandoning module MessagingRpc (384)
[2018.04.14-21.01.23:760][702]LogModuleManager: Shutting down and abandoning module AIModule (382)
[2018.04.14-21.01.23:773][702]LogModuleManager: Shutting down and abandoning module GameplayDebugger (381)
[2018.04.14-21.01.23:773][702]LogModuleManager: Shutting down and abandoning module AITestSuite (379)
[2018.04.14-21.01.23:786][702]LogModuleManager: Shutting down and abandoning module ProfilerService (376)
[2018.04.14-21.01.23:937][702]LogModuleManager: Shutting down and abandoning module TaskGraph (374)
[2018.04.14-21.01.24:179][702]LogModuleManager: Shutting down and abandoning module SteamVRController (372)
[2018.04.14-21.01.24:179][702]LogModuleManager: Shutting down and abandoning module ProceduralMeshComponentEditor (370)
[2018.04.14-21.01.24:179][702]LogModuleManager: Shutting down and abandoning module ProceduralMeshComponent (368)
[2018.04.14-21.01.24:193][702]LogModuleManager: Shutting down and abandoning module OculusInput (366)
[2018.04.14-21.01.24:196][702]LogModuleManager: Shutting down and abandoning module MobilePatchingUtils (364)
[2018.04.14-21.01.24:197][702]LogModuleManager: Shutting down and abandoning module CustomMeshComponent (362)
[2018.04.14-21.01.24:197][702]LogModuleManager: Shutting down and abandoning module CableComponent (360)
[2018.04.14-21.01.24:212][702]LogModuleManager: Shutting down and abandoning module AudioCapture (358)
[2018.04.14-21.01.24:212][702]LogModuleManager: Shutting down and abandoning module ArchVisCharacter (356)
[2018.04.14-21.01.24:213][702]LogModuleManager: Shutting down and abandoning module AndroidPermission (354)
[2018.04.14-21.01.24:213][702]LogModuleManager: Shutting down and abandoning module NUTUnrealEngine4 (350)
[2018.04.14-21.01.24:215][702]LogModuleManager: Shutting down and abandoning module NetcodeUnitTest (348)
[2018.04.14-21.01.24:250][702]LogModuleManager: Shutting down and abandoning module MediaCompositingEditor (346)
[2018.04.14-21.01.24:250][702]LogModuleManager: Shutting down and abandoning module MediaCompositing (344)
[2018.04.14-21.01.24:250][702]LogModuleManager: Shutting down and abandoning module LinearTimecode (342)
[2018.04.14-21.01.24:251][702]LogModuleManager: Shutting down and abandoning module ImgMedia (340)
[2018.04.14-21.01.24:288][702]LogModuleManager: Shutting down and abandoning module HTML5Networking (338)
[2018.04.14-21.01.24:288][702]LogModuleManager: Shutting down and abandoning module AlembicImporter (336)
[2018.04.14-21.01.24:296][702]LogModuleManager: Shutting down and abandoning module AlembicLibrary (335)
[2018.04.14-21.01.24:301][702]LogModuleManager: Shutting down and abandoning module GeometryCache (334)
[2018.04.14-21.01.24:301][702]LogModuleManager: Shutting down and abandoning module GeometryCacheEd (333)
[2018.04.14-21.01.24:301][702]LogModuleManager: Shutting down and abandoning module DatasmithContent (328)
[2018.04.14-21.01.24:302][702]LogModuleManager: Shutting down and abandoning module SpeedTreeImporter (326)
[2018.04.14-21.01.24:302][702]LogModuleManager: Shutting down and abandoning module PluginBrowser (324)
[2018.04.14-21.01.24:326][702]LogModuleManager: Shutting down and abandoning module MobileLauncherProfileWizard (322)
[2018.04.14-21.01.24:338][702]LogModuleManager: Shutting down and abandoning module CryptoKeysOpenSSL (320)
[2018.04.14-21.01.24:353][702]LogModuleManager: Shutting down and abandoning module CryptoKeys (318)
[2018.04.14-21.01.24:354][702]LogModuleManager: Shutting down and abandoning module VisualStudioSourceCodeAccess (316)
[2018.04.14-21.01.24:354][702]LogModuleManager: Shutting down and abandoning module VisualStudioCodeSourceCodeAccess (314)
[2018.04.14-21.01.24:354][702]LogModuleManager: Shutting down and abandoning module UObjectPlugin (312)
[2018.04.14-21.01.24:354][702]LogModuleManager: Shutting down and abandoning module SubversionSourceControl (310)
[2018.04.14-21.01.24:361][702]LogModuleManager: Shutting down and abandoning module PerforceSourceControl (308)
[2018.04.14-21.01.24:381][702]LogModuleManager: Shutting down and abandoning module GitSourceControl (306)
[2018.04.14-21.01.24:381][702]LogModuleManager: Shutting down and abandoning module SourceControl (305)
[2018.04.14-21.01.24:381][702]LogModuleManager: Shutting down and abandoning module CLionSourceCodeAccess (302)
[2018.04.14-21.01.24:381][702]LogModuleManager: Shutting down and abandoning module LightPropagationVolumeEditor (300)
[2018.04.14-21.01.24:381][702]LogModuleManager: Shutting down and abandoning module PaperTiledImporter (298)
[2018.04.14-21.01.24:381][702]LogModuleManager: Shutting down and abandoning module PaperSpriteSheetImporter (296)
[2018.04.14-21.01.24:381][702]LogModuleManager: Shutting down and abandoning module Paper2DEditor (294)
[2018.04.14-21.01.24:400][702]LogModuleManager: Shutting down and abandoning module MeshPaint (293)
[2018.04.14-21.01.24:418][702]LogModuleManager: Shutting down and abandoning module TillysAdventure (290)
[2018.04.14-21.01.24:419][702]LogModuleManager: Shutting down and abandoning module RuntimePhysXCooking (288)
[2018.04.14-21.01.24:419][702]LogModuleManager: Shutting down and abandoning module PhysXVehiclesEditor (286)
[2018.04.14-21.01.24:419][702]LogModuleManager: Shutting down and abandoning module PhysXVehicles (284)
[2018.04.14-21.01.24:419][702]LogModuleManager: Shutting down and abandoning module OculusEditor (282)
[2018.04.14-21.01.24:419][702]LogModuleManager: Shutting down and abandoning module LocationServicesBPLibrary (280)
[2018.04.14-21.01.24:419][702]LogModuleManager: Shutting down and abandoning module ImmediatePhysicsEditor (278)
[2018.04.14-21.01.24:419][702]LogModuleManager: Shutting down and abandoning module ImmediatePhysics (276)
[2018.04.14-21.01.24:434][702]LogModuleManager: Shutting down and abandoning module ActorSequence (274)
[2018.04.14-21.01.24:434][702]LogModuleManager: Shutting down and abandoning module UdpMessaging (272)
[2018.04.14-21.01.24:547][702]LogModuleManager: Shutting down and abandoning module TcpMessaging (270)
[2018.04.14-21.01.24:657][702]LogModuleManager: Shutting down and abandoning module GameplayTagsEditor (268)
[2018.04.14-21.01.24:665][702]LogModuleManager: Shutting down and abandoning module FacialAnimationEditor (266)
[2018.04.14-21.01.24:665][702]LogModuleManager: Shutting down and abandoning module FacialAnimation (264)
[2018.04.14-21.01.24:665][702]LogModuleManager: Shutting down and abandoning module DataValidation (262)
[2018.04.14-21.01.24:666][702]LogModuleManager: Shutting down and abandoning module AssetManagerEditor (260)
[2018.04.14-21.01.24:678][702]LogModuleManager: Shutting down and abandoning module LevelEditor (259)
[2018.04.14-21.01.24:704][702]LogModuleManager: Shutting down and abandoning module PixelInspectorModule (258)
[2018.04.14-21.01.24:717][702]LogModuleManager: Shutting down and abandoning module CommonMenuExtensions (256)
[2018.04.14-21.01.24:717][702]LogModuleManager: Shutting down and abandoning module MainFrame (254)
[2018.04.14-21.01.24:718][702]LogModuleManager: Shutting down and abandoning module HotReload (253)
[2018.04.14-21.01.24:718][702]LogDirectoryWatcher: A directory notification for 'D:/Users/Matthew/Documents/Tilly's Unreal Adventure/TillysAdventure/TillysAdventure/Binaries/Win64' was aborted.
[2018.04.14-21.01.24:719][702]LogModuleManager: Shutting down and abandoning module ContentBrowser (249)
[2018.04.14-21.01.24:720][702]LogModuleManager: Shutting down and abandoning module TreeMap (247)
[2018.04.14-21.01.24:740][702]LogModuleManager: Shutting down and abandoning module LightPropagationVolumeRuntime (244)
[2018.04.14-21.01.24:740][702]LogModuleManager: Shutting down and abandoning module LiveLinkEditor (242)
[2018.04.14-21.01.24:741][702]LogModuleManager: Shutting down and abandoning module LiveLink (240)
[2018.04.14-21.01.24:809][702]LogModuleManager: Shutting down and abandoning module Paper2D (238)
[2018.04.14-21.01.24:818][702]LogModuleManager: Shutting down and abandoning module WindowsMoviePlayer (236)
[2018.04.14-21.01.24:828][702]LogModuleManager: Shutting down and abandoning module WmfMedia (234)
[2018.04.14-21.01.24:843][702]LogModuleManager: Shutting down and abandoning module Media (233)
[2018.04.14-21.01.24:850][702]LogModuleManager: Shutting down and abandoning module PacketHandler (230)
[2018.04.14-21.01.24:850][702]LogModuleManager: Shutting down and abandoning module ClothingSystemEditor (228)
[2018.04.14-21.01.24:850][702]LogModuleManager: Shutting down and abandoning module ClothingSystemRuntime (226)
[2018.04.14-21.01.24:880][702]LogModuleManager: Shutting down and abandoning module MediaAssets (224)
[2018.04.14-21.01.24:880][702]LogModuleManager: Shutting down and abandoning module Overlay (222)
[2018.04.14-21.01.24:880][702]LogModuleManager: Shutting down and abandoning module OverlayEditor (221)
[2018.04.14-21.01.24:880][702]LogModuleManager: Shutting down and abandoning module VREditor (218)
[2018.04.14-21.01.24:899][702]LogModuleManager: Shutting down and abandoning module StringTableEditor (216)
[2018.04.14-21.01.24:917][702]LogModuleManager: Shutting down and abandoning module GameplayTasksEditor (214)
[2018.04.14-21.01.24:917][702]LogModuleManager: Shutting down and abandoning module BehaviorTreeEditor (212)
[2018.04.14-21.01.24:956][702]LogModuleManager: Shutting down and abandoning module FunctionalTesting (210)
[2018.04.14-21.01.24:976][702]LogModuleManager: Shutting down and abandoning module CollisionAnalyzer (208)
[2018.04.14-21.01.24:997][702]LogModuleManager: Shutting down and abandoning module WorkspaceMenuStructure (207)
[2018.04.14-21.01.24:997][702]LogModuleManager: Shutting down and abandoning module UMG (204)
[2018.04.14-21.01.25:026][702]LogModuleManager: Shutting down and abandoning module UMGEditor (203)
[2018.04.14-21.01.25:081][702]LogModuleManager: Shutting down and abandoning module Sequencer (202)
[2018.04.14-21.01.25:111][702]LogModuleManager: Shutting down and abandoning module MessageLog (199)
[2018.04.14-21.01.25:111][702]LogModuleManager: Shutting down and abandoning module SlateReflector (194)
[2018.04.14-21.01.25:148][702]LogModuleManager: Shutting down and abandoning module Slate (192)
[2018.04.14-21.01.25:148][702]LogModuleManager: Shutting down and abandoning module EditorStyle (190)
[2018.04.14-21.01.25:150][702]LogModuleManager: Shutting down and abandoning module MRMesh (188)
[2018.04.14-21.01.25:150][702]LogModuleManager: Shutting down and abandoning module SourceCodeAccess (186)
[2018.04.14-21.01.25:150][702]LogModuleManager: Shutting down and abandoning module HeadMountedDisplay (184)
[2018.04.14-21.01.25:150][702]LogModuleManager: Shutting down and abandoning module XAudio2 (182)
[2018.04.14-21.01.25:150][702]LogModuleManager: Shutting down and abandoning module Networking (180)
[2018.04.14-21.01.25:151][702]LogModuleManager: Shutting down and abandoning module Core (178)
[2018.04.14-21.01.25:151][702]LogModuleManager: Shutting down and abandoning module LevelSequence (176)
[2018.04.14-21.01.25:162][702]LogModuleManager: Shutting down and abandoning module KismetCompiler (174)
[2018.04.14-21.01.25:162][702]LogModuleManager: Shutting down and abandoning module MeshUtilities (172)
[2018.04.14-21.01.25:184][702]LogModuleManager: Shutting down and abandoning module MeshMergeUtilities (171)
[2018.04.14-21.01.25:192][702]LogModuleManager: Shutting down and abandoning module MeshReductionInterface (170)
[2018.04.14-21.01.25:193][702]LogModuleManager: Shutting down and abandoning module SimplygonSwarm (169)
[2018.04.14-21.01.25:210][702]LogModuleManager: Shutting down and abandoning module SimplygonMeshReduction (167)
[2018.04.14-21.01.25:222][702]LogModuleManager: Shutting down and abandoning module QuadricMeshReduction (165)
[2018.04.14-21.01.25:232][702]LogModuleManager: Shutting down and abandoning module MaterialBaking (161)
[2018.04.14-21.01.25:248][702]LogModuleManager: Shutting down and abandoning module DirectoryWatcher (157)
[2018.04.14-21.01.25:249][702]LogModuleManager: Shutting down and abandoning module DerivedDataCache (154)
[2018.04.14-21.01.25:312][702]LogDerivedDataCache: Shutdown
[2018.04.14-21.01.25:312][702]LogModuleManager: Shutting down and abandoning module XGEController (152)
[2018.04.14-21.01.25:312][702]LogXGEController: Cleaning working directory: C:/Users/Matthew/AppData/Local/Temp/UnrealXGEWorkingDir/
[2018.04.14-21.01.25:312][702]LogModuleManager: Shutting down and abandoning module TargetPlatform (150)
[2018.04.14-21.01.25:313][702]LogModuleManager: Shutting down and abandoning module VulkanShaderFormat (149)
[2018.04.14-21.01.25:322][702]LogModuleManager: Shutting down and abandoning module ShaderFormatVectorVM (147)
[2018.04.14-21.01.25:338][702]LogModuleManager: Shutting down and abandoning module ShaderFormatOpenGL (145)
[2018.04.14-21.01.25:349][702]LogModuleManager: Shutting down and abandoning module ShaderFormatD3D (143)
[2018.04.14-21.01.25:349][702]LogModuleManager: Shutting down and abandoning module MetalShaderFormat (141)
[2018.04.14-21.01.25:371][702]LogModuleManager: Shutting down and abandoning module TextureFormatUncompressed (139)
[2018.04.14-21.01.25:371][702]LogModuleManager: Shutting down and abandoning module TextureFormatPVR (137)
[2018.04.14-21.01.25:372][702]LogModuleManager: Shutting down and abandoning module TextureFormatDXT (135)
[2018.04.14-21.01.25:372][702]LogModuleManager: Shutting down and abandoning module TextureFormatIntelISPCTexComp (133)
[2018.04.14-21.01.25:373][702]LogModuleManager: Shutting down and abandoning module TextureFormatASTC (131)
[2018.04.14-21.01.25:373][702]LogModuleManager: Shutting down and abandoning module ImageWrapper (130)
[2018.04.14-21.01.25:373][702]LogModuleManager: Shutting down and abandoning module TextureFormatAndroid (127)
[2018.04.14-21.01.25:373][702]LogModuleManager: Shutting down and abandoning module AudioFormatOpus (125)
[2018.04.14-21.01.25:373][702]LogModuleManager: Shutting down and abandoning module AudioFormatOgg (123)
[2018.04.14-21.01.25:373][702]LogModuleManager: Shutting down and abandoning module AudioFormatADPCM (121)
[2018.04.14-21.01.25:373][702]LogModuleManager: Shutting down and abandoning module LinuxTargetPlatform (119)
[2018.04.14-21.01.25:373][702]LogModuleManager: Shutting down and abandoning module LinuxServerTargetPlatform (117)
[2018.04.14-21.01.25:373][702]LogModuleManager: Shutting down and abandoning module LinuxNoEditorTargetPlatform (115)
[2018.04.14-21.01.25:374][702]LogModuleManager: Shutting down and abandoning module LinuxClientTargetPlatform (113)
[2018.04.14-21.01.25:374][702]LogModuleManager: Shutting down and abandoning module TVOSTargetPlatform (111)
[2018.04.14-21.01.25:374][702]LogModuleManager: Shutting down and abandoning module Messaging (109)
[2018.04.14-21.01.25:374][702]LogModuleManager: Shutting down and abandoning module IOSTargetPlatform (107)
[2018.04.14-21.01.25:374][702]LogModuleManager: Shutting down and abandoning module HTML5TargetPlatform (105)
[2018.04.14-21.01.25:374][702]LogModuleManager: Shutting down and abandoning module AndroidTargetPlatform (103)
[2018.04.14-21.01.25:374][702]LogModuleManager: Shutting down and abandoning module Android_PVRTCTargetPlatform (101)
[2018.04.14-21.01.25:374][702]LogModuleManager: Shutting down and abandoning module Android_MultiTargetPlatform (99)
[2018.04.14-21.01.25:374][702]LogModuleManager: Shutting down and abandoning module Android_ETC2TargetPlatform (97)
[2018.04.14-21.01.25:374][702]LogModuleManager: Shutting down and abandoning module Android_ETC1TargetPlatform (95)
[2018.04.14-21.01.25:374][702]LogModuleManager: Shutting down and abandoning module Android_ETC1aTargetPlatform (93)
[2018.04.14-21.01.25:374][702]LogModuleManager: Shutting down and abandoning module Android_DXTTargetPlatform (91)
[2018.04.14-21.01.25:374][702]LogModuleManager: Shutting down and abandoning module Android_ATCTargetPlatform (89)
[2018.04.14-21.01.25:374][702]LogModuleManager: Shutting down and abandoning module Android_ASTCTargetPlatform (87)
[2018.04.14-21.01.25:374][702]LogModuleManager: Shutting down and abandoning module WindowsTargetPlatform (85)
[2018.04.14-21.01.25:374][702]LogModuleManager: Shutting down and abandoning module WindowsServerTargetPlatform (83)
[2018.04.14-21.01.25:374][702]LogModuleManager: Shutting down and abandoning module WindowsNoEditorTargetPlatform (81)
[2018.04.14-21.01.25:375][702]LogModuleManager: Shutting down and abandoning module WindowsClientTargetPlatform (79)
[2018.04.14-21.01.25:375][702]LogModuleManager: Shutting down and abandoning module MacTargetPlatform (77)
[2018.04.14-21.01.25:375][702]LogModuleManager: Shutting down and abandoning module MacServerTargetPlatform (75)
[2018.04.14-21.01.25:375][702]LogModuleManager: Shutting down and abandoning module MacNoEditorTargetPlatform (73)
[2018.04.14-21.01.25:375][702]LogModuleManager: Shutting down and abandoning module MacClientTargetPlatform (71)
[2018.04.14-21.01.25:375][702]LogModuleManager: Shutting down and abandoning module AllDesktopTargetPlatform (69)
[2018.04.14-21.01.25:375][702]LogModuleManager: Shutting down and abandoning module InputCore (66)
[2018.04.14-21.01.25:375][702]LogModuleManager: Shutting down and abandoning module Settings (64)
[2018.04.14-21.01.25:375][702]LogModuleManager: Shutting down and abandoning module PhysXCooking (62)
[2018.04.14-21.01.25:375][702]LogModuleManager: Shutting down and abandoning module SteamVR (60)
[2018.04.14-21.01.25:375][702]LogModuleManager: Shutting down and abandoning module OculusHMD (58)
[2018.04.14-21.01.25:385][702]LogModuleManager: Shutting down and abandoning module ExampleDeviceProfileSelector (56)
[2018.04.14-21.01.25:385][702]LogModuleManager: Shutting down and abandoning module AppleARKit (54)
[2018.04.14-21.01.25:385][702]LogModuleManager: Shutting down and abandoning module AugmentedReality (51)
[2018.04.14-21.01.25:385][702]LogModuleManager: Shutting down and abandoning module OnlineBlueprintSupport (48)
[2018.04.14-21.01.25:385][702]LogModuleManager: Shutting down and abandoning module OnlineSubsystem (44)
[2018.04.14-21.01.25:437][702]LogModuleManager: Shutting down and abandoning module XMPP (43)
[2018.04.14-21.01.25:463][702]LogModuleManager: Shutting down and abandoning module HTTP (41)
[2018.04.14-21.01.25:482][702]LogHttp: Display: Http module shutting down, but needs to wait on 1 outstanding Http requests:
[2018.04.14-21.01.25:482][702]LogHttp: Display: 	verb=[POST] url=[https://datarouter.ol.epicgames.com/datarouter/api/v1/public/data?SessionID=%7BEE276DF7-4115-5593-E20F-C383620F376A%7D&AppID=UEEditor.Rocket.Release&AppVersion=4.19.1-3989454%2B%2B%2BUE4%2BRelease-4.19&UserID=115d8ad04b54d5af1b0ccbbc013d09d9%7C566819a0b5c44336b3f8d97e92d120df%7Cdb20d659-655b-40ce-a61e-fafb41fa05c8&AppEnvironment=datacollector-binary&UploadType=eteventstream] status=Processing
[2018.04.14-21.01.25:508][702]LogModuleManager: Shutting down and abandoning module SSL (40)
[2018.04.14-21.01.25:528][702]LogModuleManager: Shutting down and abandoning module AnimationModifiers (36)
[2018.04.14-21.01.25:543][702]LogModuleManager: Shutting down and abandoning module PropertyEditor (35)
[2018.04.14-21.01.25:555][702]LogModuleManager: Shutting down and abandoning module AudioEditor (32)
[2018.04.14-21.01.25:581][702]LogModuleManager: Shutting down and abandoning module TextureCompressor (30)
[2018.04.14-21.01.25:603][702]LogModuleManager: Shutting down and abandoning module ShaderCore (28)
[2018.04.14-21.01.25:604][702]LogModuleManager: Shutting down and abandoning module Landscape (26)
[2018.04.14-21.01.25:604][702]LogModuleManager: Shutting down and abandoning module SlateRHIRenderer (24)
[2018.04.14-21.01.25:625][702]LogModuleManager: Shutting down and abandoning module OpenGLDrv (22)
[2018.04.14-21.01.25:640][702]LogModuleManager: Shutting down and abandoning module D3D11RHI (20)
[2018.04.14-21.01.25:640][702]LogModuleManager: Shutting down and abandoning module AnimGraphRuntime (18)
[2018.04.14-21.01.25:662][702]LogModuleManager: Shutting down and abandoning module Renderer (16)
[2018.04.14-21.01.25:663][702]LogModuleManager: Shutting down and abandoning module Engine (14)
[2018.04.14-21.01.25:663][702]LogModuleManager: Shutting down and abandoning module CoreUObject (12)
[2018.04.14-21.01.25:663][702]LogModuleManager: Shutting down and abandoning module NetworkFile (10)
[2018.04.14-21.01.25:663][702]LogModuleManager: Shutting down and abandoning module CookedIterativeFile (8)
[2018.04.14-21.01.25:664][702]LogModuleManager: Shutting down and abandoning module StreamingFile (6)
[2018.04.14-21.01.25:664][702]LogModuleManager: Shutting down and abandoning module SandboxFile (4)
[2018.04.14-21.01.25:664][702]LogModuleManager: Shutting down and abandoning module PakFile (2)
[2018.04.14-21.01.25:702][702]LogExit: Exiting.
[2018.04.14-21.01.25:732][702]Log file closed, 04/14/18 22:01:25
