Log file open, 04/21/18 16:42:17
LogWindows: Failed to load 'aqProf.dll' (GetLastError=126)
LogWindows: File 'aqProf.dll' does not exist
LogWindows: Failed to load 'VtuneApi.dll' (GetLastError=126)
LogWindows: File 'VtuneApi.dll' does not exist
LogWindows: Failed to load 'VtuneApi32e.dll' (GetLastError=126)
LogWindows: File 'VtuneApi32e.dll' does not exist
LogInit: Display: Running engine for game: TillysAdventure
LogPlatformFile: Not using cached read wrapper
LogInit: Display: RandInit(1574000984) SRandInit(1574000984).
LogInit: Read version file with build ID '3944462'
LogInit: Overriding engine version to CL 3989454, compatible CL 3944462
LogInit: Registered custom module enumerator with build ID '3944462'
LogTaskGraph: Started task graph with 5 named threads and 14 total threads with 3 sets of task threads.
LogStats: Stats thread started at 5.005975
LogD3D11RHI: Aftermath initialized
LogICUInternationalization: Display: ICU TimeZone Detection - Raw Offset: +0:00, Platform Override: ''
LogPluginManager: Mounting plugin Paper2D
LogPluginManager: Mounting plugin LiveLink
LogPluginManager: Mounting plugin LightPropagationVolume
LogPluginManager: Mounting plugin CLionSourceCodeAccess
LogPluginManager: Mounting plugin CodeLiteSourceCodeAccess
LogPluginManager: Mounting plugin GitSourceControl
LogPluginManager: Mounting plugin KDevelopSourceCodeAccess
LogPluginManager: Mounting plugin NullSourceCodeAccess
LogPluginManager: Mounting plugin PerforceSourceControl
LogPluginManager: Mounting plugin SubversionSourceControl
LogPluginManager: Mounting plugin UObjectPlugin
LogPluginManager: Mounting plugin VisualStudioCodeSourceCodeAccess
LogPluginManager: Mounting plugin VisualStudioSourceCodeAccess
LogPluginManager: Mounting plugin XCodeSourceCodeAccess
LogPluginManager: Mounting plugin AssetManagerEditor
LogPluginManager: Mounting plugin CryptoKeys
LogPluginManager: Mounting plugin DataValidation
LogPluginManager: Mounting plugin FacialAnimation
LogPluginManager: Mounting plugin GameplayTagsEditor
LogPluginManager: Mounting plugin MobileLauncherProfileWizard
LogPluginManager: Mounting plugin PluginBrowser
LogPluginManager: Mounting plugin SpeedTreeImporter
LogPluginManager: Mounting plugin DatasmithContent
LogPluginManager: Mounting plugin AlembicImporter
LogPluginManager: Mounting plugin CharacterAI
LogPluginManager: Mounting plugin HTML5Networking
LogPluginManager: Mounting plugin AndroidMedia
LogPluginManager: Mounting plugin AvfMedia
LogPluginManager: Mounting plugin ImgMedia
LogPluginManager: Mounting plugin LinearTimecode
LogPluginManager: Mounting plugin MediaCompositing
LogPluginManager: Mounting plugin MediaPlayerEditor
LogPluginManager: Mounting plugin WmfMedia
LogPluginManager: Mounting plugin TcpMessaging
LogPluginManager: Mounting plugin UdpMessaging
LogPluginManager: Mounting plugin ActorSequence
LogPluginManager: Mounting plugin LevelSequenceEditor
LogPluginManager: Mounting plugin MatineeToLevelSequence
LogPluginManager: Mounting plugin NetcodeUnitTest
LogPluginManager: Mounting plugin NUTUnrealEngine4
LogPluginManager: Mounting plugin OnlineSubsystemGooglePlay
LogPluginManager: Mounting plugin OnlineSubsystemIOS
LogPluginManager: Mounting plugin OnlineSubsystem
LogPluginManager: Mounting plugin OnlineSubsystemNull
LogPluginManager: Mounting plugin OnlineSubsystemUtils
LogPluginManager: Mounting plugin AndroidDeviceProfileSelector
LogPluginManager: Mounting plugin AndroidMoviePlayer
LogPluginManager: Mounting plugin AndroidPermission
LogPluginManager: Mounting plugin AppleARKit
LogPluginManager: Mounting plugin AppleMoviePlayer
LogPluginManager: Mounting plugin ArchVisCharacter
LogPluginManager: Mounting plugin AudioCapture
LogPluginManager: Mounting plugin CableComponent
LogPluginManager: Mounting plugin CustomMeshComponent
LogPluginManager: Mounting plugin ExampleDeviceProfileSelector
LogPluginManager: Mounting plugin GoogleCloudMessaging
LogPluginManager: Mounting plugin ImmediatePhysics
LogPluginManager: Mounting plugin IOSDeviceProfileSelector
LogPluginManager: Mounting plugin LinuxDeviceProfileSelector
LogPluginManager: Mounting plugin LocationServicesBPLibrary
LogPluginManager: Mounting plugin MobilePatchingUtils
LogPluginManager: Mounting plugin OculusVR
LogPluginManager: Plugin shader directory ../../../Engine/Plugins/Runtime/Oculus/OculusVR/Shaders found
LogPluginManager: Mapping shader source directory ../../../Engine/Plugins/Runtime/Oculus/OculusVR/Shaders to virtual directory /Plugin/OculusVR
LogPluginManager: Mounting plugin PhysXVehicles
LogPluginManager: Mounting plugin ProceduralMeshComponent
LogPluginManager: Mounting plugin RuntimePhysXCooking
LogPluginManager: Mounting plugin SteamVR
LogPluginManager: Mounting plugin WindowsMoviePlayer
LogStreaming: Display: Took  0.385s to configure plugins.
LogModuleManager: Display: Found up-to-date module file ../../../../../../Users/Matthew/Documents/Tilly's Unreal Adventure/TillysAdventure/TillysAdventure/Binaries/Win64/UE4Editor-TillysAdventure.dll (API version 3944462).
LogModuleManager: Display: Found up-to-date module file ../../../Engine/Plugins/2D/Paper2D/Binaries/Win64/UE4Editor-Paper2D.dll (API version 3944462).
LogModuleManager: Display: Found up-to-date module file ../../../Engine/Plugins/2D/Paper2D/Binaries/Win64/UE4Editor-Paper2DEditor.dll (API version 3944462).
LogModuleManager: Display: Found up-to-date module file ../../../Engine/Plugins/2D/Paper2D/Binaries/Win64/UE4Editor-PaperSpriteSheetImporter.dll (API version 3944462).
LogModuleManager: Display: Found up-to-date module file ../../../Engine/Plugins/2D/Paper2D/Binaries/Win64/UE4Editor-PaperTiledImporter.dll (API version 3944462).
LogModuleManager: Display: Found up-to-date module file ../../../Engine/Plugins/2D/Paper2D/Binaries/Win64/UE4Editor-SmartSnapping.dll (API version 3944462).
LogModuleManager: Display: Found up-to-date module file ../../../Engine/Plugins/Animation/LiveLink/Binaries/Win64/UE4Editor-LiveLink.dll (API version 3944462).
LogModuleManager: Display: Found up-to-date module file ../../../Engine/Plugins/Animation/LiveLink/Binaries/Win64/UE4Editor-LiveLinkEditor.dll (API version 3944462).
LogModuleManager: Display: Found up-to-date module file ../../../Engine/Plugins/Blendables/LightPropagationVolume/Binaries/Win64/UE4Editor-LightPropagationVolumeRuntime.dll (API version 3944462).
LogModuleManager: Display: Found up-to-date module file ../../../Engine/Plugins/Blendables/LightPropagationVolume/Binaries/Win64/UE4Editor-LightPropagationVolumeEditor.dll (API version 3944462).
LogModuleManager: Display: Found up-to-date module file ../../../Engine/Plugins/Developer/CLionSourceCodeAccess/Binaries/Win64/UE4Editor-CLionSourceCodeAccess.dll (API version 3944462).
LogModuleManager: Display: Found up-to-date module file ../../../Engine/Plugins/Developer/GitSourceControl/Binaries/Win64/UE4Editor-GitSourceControl.dll (API version 3944462).
LogModuleManager: Display: Found up-to-date module file ../../../Engine/Plugins/Developer/PerforceSourceControl/Binaries/Win64/UE4Editor-PerforceSourceControl.dll (API version 3944462).
LogModuleManager: Display: Found up-to-date module file ../../../Engine/Plugins/Developer/SubversionSourceControl/Binaries/Win64/UE4Editor-SubversionSourceControl.dll (API version 3944462).
LogModuleManager: Display: Found up-to-date module file ../../../Engine/Plugins/Developer/UObjectPlugin/Binaries/Win64/UE4Editor-UObjectPlugin.dll (API version 3944462).
LogModuleManager: Display: Found up-to-date module file ../../../Engine/Plugins/Developer/VisualStudioCodeSourceCodeAccess/Binaries/Win64/UE4Editor-VisualStudioCodeSourceCodeAccess.dll (API version 3944462).
LogModuleManager: Display: Found up-to-date module file ../../../Engine/Plugins/Developer/VisualStudioSourceCodeAccess/Binaries/Win64/UE4Editor-VisualStudioSourceCodeAccess.dll (API version 3944462).
LogModuleManager: Display: Found up-to-date module file ../../../Engine/Plugins/Editor/AssetManagerEditor/Binaries/Win64/UE4Editor-AssetManagerEditor.dll (API version 3944462).
LogModuleManager: Display: Found up-to-date module file ../../../Engine/Plugins/Editor/CryptoKeys/Binaries/Win64/UE4Editor-CryptoKeys.dll (API version 3944462).
LogModuleManager: Display: Found up-to-date module file ../../../Engine/Plugins/Editor/CryptoKeys/Binaries/Win64/UE4Editor-CryptoKeysOpenSSL.dll (API version 3944462).
LogModuleManager: Display: Found up-to-date module file ../../../Engine/Plugins/Editor/DataValidation/Binaries/Win64/UE4Editor-DataValidation.dll (API version 3944462).
LogModuleManager: Display: Found up-to-date module file ../../../Engine/Plugins/Editor/FacialAnimation/Binaries/Win64/UE4Editor-FacialAnimation.dll (API version 3944462).
LogModuleManager: Display: Found up-to-date module file ../../../Engine/Plugins/Editor/FacialAnimation/Binaries/Win64/UE4Editor-FacialAnimationEditor.dll (API version 3944462).
LogModuleManager: Display: Found up-to-date module file ../../../Engine/Plugins/Editor/GameplayTagsEditor/Binaries/Win64/UE4Editor-GameplayTagsEditor.dll (API version 3944462).
LogModuleManager: Display: Found up-to-date module file ../../../Engine/Plugins/Editor/MobileLauncherProfileWizard/Binaries/Win64/UE4Editor-MobileLauncherProfileWizard.dll (API version 3944462).
LogModuleManager: Display: Found up-to-date module file ../../../Engine/Plugins/Editor/PluginBrowser/Binaries/Win64/UE4Editor-PluginBrowser.dll (API version 3944462).
LogModuleManager: Display: Found up-to-date module file ../../../Engine/Plugins/Editor/SpeedTreeImporter/Binaries/Win64/UE4Editor-SpeedTreeImporter.dll (API version 3944462).
LogModuleManager: Display: Found up-to-date module file ../../../Engine/Plugins/Enterprise/DatasmithContent/Binaries/Win64/UE4Editor-DatasmithContent.dll (API version 3944462).
LogModuleManager: Display: Found up-to-date module file ../../../Engine/Plugins/Experimental/AlembicImporter/Binaries/Win64/UE4Editor-AlembicImporter.dll (API version 3944462).
LogModuleManager: Display: Found up-to-date module file ../../../Engine/Plugins/Experimental/AlembicImporter/Binaries/Win64/UE4Editor-AlembicLibrary.dll (API version 3944462).
LogModuleManager: Display: Found up-to-date module file ../../../Engine/Plugins/Experimental/CharacterAI/Binaries/Win64/UE4Editor-CharacterAI.dll (API version 3944462).
LogModuleManager: Display: Found up-to-date module file ../../../Engine/Plugins/Experimental/HTML5Networking/Binaries/Win64/UE4Editor-HTML5Networking.dll (API version 3944462).
LogModuleManager: Display: Found up-to-date module file ../../../Engine/Plugins/Media/AndroidMedia/Binaries/Win64/UE4Editor-AndroidMediaEditor.dll (API version 3944462).
LogModuleManager: Display: Found up-to-date module file ../../../Engine/Plugins/Media/AndroidMedia/Binaries/Win64/UE4Editor-AndroidMediaFactory.dll (API version 3944462).
LogModuleManager: Display: Found up-to-date module file ../../../Engine/Plugins/Media/AvfMedia/Binaries/Win64/UE4Editor-AvfMediaEditor.dll (API version 3944462).
LogModuleManager: Display: Found up-to-date module file ../../../Engine/Plugins/Media/AvfMedia/Binaries/Win64/UE4Editor-AvfMediaFactory.dll (API version 3944462).
LogModuleManager: Display: Found up-to-date module file ../../../Engine/Plugins/Media/AvfMedia/Binaries/Win64/UE4Editor-AvfMediaFactory.dll (API version 3944462).
LogModuleManager: Display: Found up-to-date module file ../../../Engine/Plugins/Media/ImgMedia/Binaries/Win64/UE4Editor-ImgMedia.dll (API version 3944462).
LogModuleManager: Display: Found up-to-date module file ../../../Engine/Plugins/Media/ImgMedia/Binaries/Win64/UE4Editor-ImgMediaEditor.dll (API version 3944462).
LogModuleManager: Display: Found up-to-date module file ../../../Engine/Plugins/Media/ImgMedia/Binaries/Win64/UE4Editor-ImgMediaFactory.dll (API version 3944462).
LogModuleManager: Display: Found up-to-date module file ../../../Engine/Plugins/Media/ImgMedia/Binaries/Win64/UE4Editor-ImgMediaFactory.dll (API version 3944462).
LogModuleManager: Display: Found up-to-date module file ../../../Engine/Plugins/Media/ImgMedia/Binaries/Win64/UE4Editor-OpenExrWrapper.dll (API version 3944462).
LogModuleManager: Display: Found up-to-date module file ../../../Engine/Plugins/Media/LinearTimecode/Binaries/Win64/UE4Editor-LinearTimecode.dll (API version 3944462).
LogModuleManager: Display: Found up-to-date module file ../../../Engine/Plugins/Media/MediaCompositing/Binaries/Win64/UE4Editor-MediaCompositing.dll (API version 3944462).
LogModuleManager: Display: Found up-to-date module file ../../../Engine/Plugins/Media/MediaCompositing/Binaries/Win64/UE4Editor-MediaCompositingEditor.dll (API version 3944462).
LogModuleManager: Display: Found up-to-date module file ../../../Engine/Plugins/Media/MediaPlayerEditor/Binaries/Win64/UE4Editor-MediaPlayerEditor.dll (API version 3944462).
LogModuleManager: Display: Found up-to-date module file ../../../Engine/Plugins/Media/WmfMedia/Binaries/Win64/UE4Editor-WmfMedia.dll (API version 3944462).
LogModuleManager: Display: Found up-to-date module file ../../../Engine/Plugins/Media/WmfMedia/Binaries/Win64/UE4Editor-WmfMediaEditor.dll (API version 3944462).
LogModuleManager: Display: Found up-to-date module file ../../../Engine/Plugins/Media/WmfMedia/Binaries/Win64/UE4Editor-WmfMediaFactory.dll (API version 3944462).
LogModuleManager: Display: Found up-to-date module file ../../../Engine/Plugins/Media/WmfMedia/Binaries/Win64/UE4Editor-WmfMediaFactory.dll (API version 3944462).
LogModuleManager: Display: Found up-to-date module file ../../../Engine/Plugins/Messaging/TcpMessaging/Binaries/Win64/UE4Editor-TcpMessaging.dll (API version 3944462).
LogModuleManager: Display: Found up-to-date module file ../../../Engine/Plugins/Messaging/UdpMessaging/Binaries/Win64/UE4Editor-UdpMessaging.dll (API version 3944462).
LogModuleManager: Display: Found up-to-date module file ../../../Engine/Plugins/MovieScene/ActorSequence/Binaries/Win64/UE4Editor-ActorSequence.dll (API version 3944462).
LogModuleManager: Display: Found up-to-date module file ../../../Engine/Plugins/MovieScene/LevelSequenceEditor/Binaries/Win64/UE4Editor-LevelSequenceEditor.dll (API version 3944462).
LogModuleManager: Display: Found up-to-date module file ../../../Engine/Plugins/MovieScene/MatineeToLevelSequence/Binaries/Win64/UE4Editor-MatineeToLevelSequence.dll (API version 3944462).
LogModuleManager: Display: Found up-to-date module file ../../../Engine/Plugins/NetcodeUnitTest/NetcodeUnitTest/Binaries/Win64/UE4Editor-NetcodeUnitTest.dll (API version 3944462).
LogModuleManager: Display: Found up-to-date module file ../../../Engine/Plugins/NetcodeUnitTest/NUTUnrealEngine4/Binaries/Win64/UE4Editor-NUTUnrealEngine4.dll (API version 3944462).
LogModuleManager: Display: Found up-to-date module file ../../../Engine/Plugins/Online/OnlineSubsystem/Binaries/Win64/UE4Editor-OnlineSubsystem.dll (API version 3944462).
LogModuleManager: Display: Found up-to-date module file ../../../Engine/Plugins/Online/OnlineSubsystemNull/Binaries/Win64/UE4Editor-OnlineSubsystemNull.dll (API version 3944462).
LogModuleManager: Display: Found up-to-date module file ../../../Engine/Plugins/Online/OnlineSubsystemUtils/Binaries/Win64/UE4Editor-OnlineSubsystemUtils.dll (API version 3944462).
LogModuleManager: Display: Found up-to-date module file ../../../Engine/Plugins/Online/OnlineSubsystemUtils/Binaries/Win64/UE4Editor-OnlineBlueprintSupport.dll (API version 3944462).
LogModuleManager: Display: Found up-to-date module file ../../../Engine/Plugins/Runtime/AndroidDeviceProfileSelector/Binaries/Win64/UE4Editor-AndroidDeviceProfileSelector.dll (API version 3944462).
LogModuleManager: Display: Found up-to-date module file ../../../Engine/Plugins/Runtime/AndroidPermission/Binaries/Win64/UE4Editor-AndroidPermission.dll (API version 3944462).
LogModuleManager: Display: Found up-to-date module file ../../../Engine/Plugins/Runtime/AppleARKit/Binaries/Win64/UE4Editor-AppleARKit.dll (API version 3944462).
LogModuleManager: Display: Found up-to-date module file ../../../Engine/Plugins/Runtime/ArchVisCharacter/Binaries/Win64/UE4Editor-ArchVisCharacter.dll (API version 3944462).
LogModuleManager: Display: Found up-to-date module file ../../../Engine/Plugins/Runtime/AudioCapture/Binaries/Win64/UE4Editor-AudioCapture.dll (API version 3944462).
LogModuleManager: Display: Found up-to-date module file ../../../Engine/Plugins/Runtime/AudioCapture/Binaries/Win64/UE4Editor-AudioCaptureEditor.dll (API version 3944462).
LogModuleManager: Display: Found up-to-date module file ../../../Engine/Plugins/Runtime/CableComponent/Binaries/Win64/UE4Editor-CableComponent.dll (API version 3944462).
LogModuleManager: Display: Found up-to-date module file ../../../Engine/Plugins/Runtime/CustomMeshComponent/Binaries/Win64/UE4Editor-CustomMeshComponent.dll (API version 3944462).
LogModuleManager: Display: Found up-to-date module file ../../../Engine/Plugins/Runtime/ExampleDeviceProfileSelector/Binaries/Win64/UE4Editor-ExampleDeviceProfileSelector.dll (API version 3944462).
LogModuleManager: Display: Found up-to-date module file ../../../Engine/Plugins/Runtime/ImmediatePhysics/Binaries/Win64/UE4Editor-ImmediatePhysics.dll (API version 3944462).
LogModuleManager: Display: Found up-to-date module file ../../../Engine/Plugins/Runtime/ImmediatePhysics/Binaries/Win64/UE4Editor-ImmediatePhysicsEditor.dll (API version 3944462).
LogModuleManager: Display: Found up-to-date module file ../../../Engine/Plugins/Runtime/LocationServicesBPLibrary/Binaries/Win64/UE4Editor-LocationServicesBPLibrary.dll (API version 3944462).
LogModuleManager: Display: Found up-to-date module file ../../../Engine/Plugins/Runtime/MobilePatchingUtils/Binaries/Win64/UE4Editor-MobilePatchingUtils.dll (API version 3944462).
LogModuleManager: Display: Found up-to-date module file ../../../Engine/Plugins/Runtime/Oculus/OculusVR/Binaries/Win64/UE4Editor-OculusHMD.dll (API version 3944462).
LogModuleManager: Display: Found up-to-date module file ../../../Engine/Plugins/Runtime/Oculus/OculusVR/Binaries/Win64/UE4Editor-OculusInput.dll (API version 3944462).
LogModuleManager: Display: Found up-to-date module file ../../../Engine/Plugins/Runtime/Oculus/OculusVR/Binaries/Win64/UE4Editor-OculusEditor.dll (API version 3944462).
LogModuleManager: Display: Found up-to-date module file ../../../Engine/Plugins/Runtime/PhysXVehicles/Binaries/Win64/UE4Editor-PhysXVehicles.dll (API version 3944462).
LogModuleManager: Display: Found up-to-date module file ../../../Engine/Plugins/Runtime/PhysXVehicles/Binaries/Win64/UE4Editor-PhysXVehiclesEditor.dll (API version 3944462).
LogModuleManager: Display: Found up-to-date module file ../../../Engine/Plugins/Runtime/ProceduralMeshComponent/Binaries/Win64/UE4Editor-ProceduralMeshComponent.dll (API version 3944462).
LogModuleManager: Display: Found up-to-date module file ../../../Engine/Plugins/Runtime/ProceduralMeshComponent/Binaries/Win64/UE4Editor-ProceduralMeshComponentEditor.dll (API version 3944462).
LogModuleManager: Display: Found up-to-date module file ../../../Engine/Plugins/Runtime/RuntimePhysXCooking/Binaries/Win64/UE4Editor-RuntimePhysXCooking.dll (API version 3944462).
LogModuleManager: Display: Found up-to-date module file ../../../Engine/Plugins/Runtime/Steam/SteamVR/Binaries/Win64/UE4Editor-SteamVR.dll (API version 3944462).
LogModuleManager: Display: Found up-to-date module file ../../../Engine/Plugins/Runtime/Steam/SteamVR/Binaries/Win64/UE4Editor-SteamVRController.dll (API version 3944462).
LogModuleManager: Display: Found up-to-date module file ../../../Engine/Plugins/Runtime/WindowsMoviePlayer/Binaries/Win64/UE4Editor-WindowsMoviePlayer.dll (API version 3944462).
LogInit: Using libcurl 7.47.1
LogInit:  - built for x86_64-pc-win32
LogInit:  - supports SSL with OpenSSL/1.0.2g
LogInit:  - supports HTTP deflate (compression) using libz 1.2.8
LogInit:  - other features:
LogInit:      CURL_VERSION_SSL
LogInit:      CURL_VERSION_LIBZ
LogInit:      CURL_VERSION_IPV6
LogInit:      CURL_VERSION_ASYNCHDNS
LogInit:      CURL_VERSION_LARGEFILE
LogInit:      CURL_VERSION_IDN
LogInit:  CurlRequestOptions (configurable via config and command line):
LogInit:  - bVerifyPeer = false  - Libcurl will NOT verify peer certificate
LogInit:  - bUseHttpProxy = false  - Libcurl will NOT use HTTP proxy
LogInit:  - bDontReuseConnections = false  - Libcurl will reuse connections
LogInit:  - CertBundlePath = nullptr  - Libcurl will use whatever was configured at build time.
LogInit:  - MaxHostConnections = 16  - Libcurl will limit the number of connections to a host
LogInit:  - LocalHostAddr = Default
LogInit: WinSock: version 1.1 (2.2), MaxSocks=32767, MaxUdp=65467
LogInit: WinSock: I am Mattys-PC (192.168.0.12:0)
LogInit: Build: ++UE4+Release-4.19-CL-3989454
LogInit: Engine Version: 4.19.1-3989454+++UE4+Release-4.19
LogInit: Compatible Engine Version: 4.19.0-3944462+++UE4+Release-4.19
LogInit: Net CL: 3944462
LogDevObjectVersion: Number of dev versions registered: 18
LogDevObjectVersion:   Dev-Blueprints (B0D832E4-1F89-4F0D-ACCF-7EB736FD4AA2): 10
LogDevObjectVersion:   Dev-Build (E1C64328-A22C-4D53-A36C-8E866417BD8C): 0
LogDevObjectVersion:   Dev-Core (375EC13C-06E4-48FB-B500-84F0262A717E): 2
LogDevObjectVersion:   Dev-Editor (E4B068ED-F494-42E9-A231-DA0B2E46BB41): 23
LogDevObjectVersion:   Dev-Framework (CFFC743F-43B0-4480-9391-14DF171D2073): 33
LogDevObjectVersion:   Dev-Mobile (B02B49B5-BB20-44E9-A304-32B752E40360): 2
LogDevObjectVersion:   Dev-Networking (A4E4105C-59A1-49B5-A7C5-40C4547EDFEE): 0
LogDevObjectVersion:   Dev-Online (39C831C9-5AE6-47DC-9A44-9C173E1C8E7C): 0
LogDevObjectVersion:   Dev-Physics (78F01B33-EBEA-4F98-B9B4-84EACCB95AA2): 0
LogDevObjectVersion:   Dev-Platform (6631380F-2D4D-43E0-8009-CF276956A95A): 0
LogDevObjectVersion:   Dev-Rendering (12F88B9F-8875-4AFC-A67C-D90C383ABD29): 25
LogDevObjectVersion:   Dev-Sequencer (7B5AE74C-D270-4C10-A958-57980B212A5A): 6
LogDevObjectVersion:   Dev-VR (D7296918-1DD6-4BDD-9DE2-64A83CC13884): 1
LogDevObjectVersion:   Dev-LoadTimes (C2A15278-BFE7-4AFE-6C17-90FF531DF755): 1
LogDevObjectVersion:   Private-Geometry (6EACA3D4-40EC-4CC1-B786-8BED09428FC5): 2
LogDevObjectVersion:   Dev-AnimPhys (29E575DD-E0A3-4627-9D10-D276232CDCEA): 16
LogDevObjectVersion:   Dev-ReflectionCapture (6B266CEC-1EC7-4B8F-A30B-E4D90942FC07): 1
LogDevObjectVersion:   Dev-Automation (0DF73D61-A23F-47EA-B727-89E90C41499A): 1
LogInit: Compiled (64-bit): Apr  6 2018 12:26:04
LogInit: Compiled with Visual C++: 19.00.24215.01
LogInit: Build Configuration: Development
LogInit: Branch Name: ++UE4+Release-4.19
LogInit: Command Line:  -skipcompile
LogInit: Base Directory: D:/Program Files/Epic Games/UE_4.19/Engine/Binaries/Win64/
LogInit: Installed Engine Build: 1
LogStreaming: Display: Took  0.008s to delete old logs.
LogInit: Presizing for max 8388607 objects, including 0 objects not considered by GC, pre-allocating 0 bytes for permanent pool.
LogInit: Object subsystem initialized
[2018.04.21-15.42.23:184][  0]LogInit: Selected Device Profile: [Windows]
[2018.04.21-15.42.23:184][  0]LogInit: Applying CVar settings loaded from the selected device profile: [Windows]
[2018.04.21-15.42.23:332][  0]LogInit: Computer: MATTYS-PC
[2018.04.21-15.42.23:332][  0]LogInit: User: Matthew
[2018.04.21-15.42.23:332][  0]LogInit: CPU Page size=4096, Cores=4
[2018.04.21-15.42.23:332][  0]LogInit: High frequency timer resolution =3.312641 MHz
[2018.04.21-15.42.23:340][  0]LogMemory: Memory total: Physical=7.9GB (8GB approx)
[2018.04.21-15.42.23:340][  0]LogMemory: Platform Memory Stats for Windows
[2018.04.21-15.42.23:340][  0]LogMemory: Process Physical Memory: 273.82 MB used, 273.82 MB peak
[2018.04.21-15.42.23:340][  0]LogMemory: Process Virtual Memory: 269.83 MB used, 269.83 MB peak
[2018.04.21-15.42.23:340][  0]LogMemory: Physical Memory: 4737.42 MB used,  3342.73 MB free, 8080.15 MB total
[2018.04.21-15.42.23:340][  0]LogMemory: Virtual Memory: 687.41 MB used,  3342.73 MB free, 134217728.00 MB total
[2018.04.21-15.42.24:035][  0]LogInit: Using OS detected language (en-GB).
[2018.04.21-15.42.24:035][  0]LogInit: Using OS detected locale (en-GB).
[2018.04.21-15.42.24:210][  0]LogTextLocalizationManager: No specific localization for 'en-GB' exists, so the 'en' localization will be used.
[2018.04.21-15.42.24:968][  0]LogStreaming: Display: Took  0.927s to EndInitTextLocalization.
[2018.04.21-15.42.25:046][  0]LogInit: Setting process to per monitor DPI aware
[2018.04.21-15.42.25:694][  0]LogSlate: New Slate User Created.  User Index 0, Is Virtual User: 0
[2018.04.21-15.42.25:694][  0]LogSlate: Slate User Registered.  User Index 0, Is Virtual User: 0
[2018.04.21-15.42.30:527][  0]LogD3D11RHI: D3D11 adapters:
[2018.04.21-15.42.30:629][  0]LogD3D11RHI:    0. 'NVIDIA GeForce GTX 770' (Feature Level 11_0)
[2018.04.21-15.42.30:629][  0]LogD3D11RHI:       2017/0/4040 MB DedicatedVideo/DedicatedSystem/SharedSystem, Outputs:2, VendorId:0x10de
[2018.04.21-15.42.30:653][  0]LogD3D11RHI:    1. 'Intel(R) HD Graphics 4600' (Feature Level 11_0)
[2018.04.21-15.42.30:653][  0]LogD3D11RHI:       112/0/2048 MB DedicatedVideo/DedicatedSystem/SharedSystem, Outputs:0, VendorId:0x8086
[2018.04.21-15.42.30:676][  0]LogD3D11RHI:    2. 'Microsoft Basic Render Driver' (Feature Level 11_0)
[2018.04.21-15.42.30:676][  0]LogD3D11RHI:       0/0/4040 MB DedicatedVideo/DedicatedSystem/SharedSystem, Outputs:0, VendorId:0x1414
[2018.04.21-15.42.30:676][  0]LogD3D11RHI: Chosen D3D11 Adapter: 0
[2018.04.21-15.42.30:697][  0]LogD3D11RHI: Creating new Direct3DDevice
[2018.04.21-15.42.30:699][  0]LogD3D11RHI:     GPU DeviceId: 0x1184 (for the marketing name, search the web for "GPU Device Id")
[2018.04.21-15.42.30:699][  0]LogWindows: EnumDisplayDevices:
[2018.04.21-15.42.30:699][  0]LogWindows:    0. 'NVIDIA GeForce GTX 770' (P:0 D:1)
[2018.04.21-15.42.30:699][  0]LogWindows:    1. 'NVIDIA GeForce GTX 770' (P:1 D:1)
[2018.04.21-15.42.30:699][  0]LogWindows:    2. 'NVIDIA GeForce GTX 770' (P:0 D:0)
[2018.04.21-15.42.30:700][  0]LogWindows:    3. 'NVIDIA GeForce GTX 770' (P:0 D:0)
[2018.04.21-15.42.30:700][  0]LogWindows:    4. 'Intel(R) HD Graphics 4600' (P:0 D:0)
[2018.04.21-15.42.30:700][  0]LogWindows:    5. 'Intel(R) HD Graphics 4600' (P:0 D:0)
[2018.04.21-15.42.30:700][  0]LogWindows:    6. 'Intel(R) HD Graphics 4600' (P:0 D:0)
[2018.04.21-15.42.30:700][  0]LogWindows: DebugString: GetVideoDriverDetailsInvalid PrimaryIsNotTheChoosenAdapter GetVideoDriverDetailsInvalid PrimaryIsNotTheChoosenAdapter GetVideoDriverDetailsInvalid PrimaryIsNotTheChoosenAdapter GetVideoDriverDetailsInvalid PrimaryIsNotTheChoosenAdapter GetVideoDriverDetailsInvalid PrimaryIsNotTheChoosenAdapter GetVideoDriverDetailsInvalid PrimaryIsNotTheChoosenAdapter GetVideoDriverDetailsInvalid PrimaryIsNotTheChoosenAdapter FoundDriverCount:0 
[2018.04.21-15.42.30:700][  0]LogD3D11RHI:     Adapter Name: NVIDIA GeForce GTX 770
[2018.04.21-15.42.30:700][  0]LogD3D11RHI:   Driver Version: Unknown (internal:Unknown, unified:Unknown)
[2018.04.21-15.42.30:700][  0]LogD3D11RHI:      Driver Date: Unknown
[2018.04.21-15.42.30:701][  0]LogRHI: Texture pool is 1412 MB (70% of 2017 MB)
[2018.04.21-15.42.30:754][  0]LogD3D11RHI: [Aftermath] Aftermath enabled and primed
[2018.04.21-15.42.30:754][  0]LogD3D11RHI: [Aftermath] Aftermath enabled and primed
[2018.04.21-15.42.30:754][  0]LogD3D11RHI: Async texture creation enabled
[2018.04.21-15.42.31:100][  0]LogD3D11RHI: GPU Timing Frequency: 1000.000000 (Debug: 2 1)
[2018.04.21-15.42.31:279][  0]LogShaderCompilers: Guid format shader working directory is -50 characters bigger than the processId version (../../../../../../Users/Matthew/Documents/Tilly's Unreal Adventure/TillysAdventure/TillysAdventure/Intermediate/Shaders/WorkingDirectory/8556/).
[2018.04.21-15.42.31:290][  0]LogShaderCompilers: Cleaned the shader compiler working directory 'C:/Users/Matthew/AppData/Local/Temp/UnrealShaderWorkingDir/562E56514EE8D24E21CE60A23E17D078/'.
[2018.04.21-15.42.32:236][  0]LogTemp: Display: Loaded TP AllDesktopTargetPlatform
[2018.04.21-15.42.32:252][  0]LogTemp: Display: Loaded TP MacClientTargetPlatform
[2018.04.21-15.42.32:269][  0]LogTemp: Display: Loaded TP MacNoEditorTargetPlatform
[2018.04.21-15.42.32:286][  0]LogTemp: Display: Loaded TP MacServerTargetPlatform
[2018.04.21-15.42.32:329][  0]LogTemp: Display: Loaded TP MacTargetPlatform
[2018.04.21-15.42.32:345][  0]LogTemp: Display: Loaded TP WindowsClientTargetPlatform
[2018.04.21-15.42.32:362][  0]LogTemp: Display: Loaded TP WindowsNoEditorTargetPlatform
[2018.04.21-15.42.32:379][  0]LogTemp: Display: Loaded TP WindowsServerTargetPlatform
[2018.04.21-15.42.32:401][  0]LogTemp: Display: Loaded TP WindowsTargetPlatform
[2018.04.21-15.42.32:416][  0]LogTemp: Display: Loaded TP Android_ASTCTargetPlatform
[2018.04.21-15.42.32:430][  0]LogTemp: Display: Loaded TP Android_ATCTargetPlatform
[2018.04.21-15.42.32:445][  0]LogTemp: Display: Loaded TP Android_DXTTargetPlatform
[2018.04.21-15.42.32:462][  0]LogTemp: Display: Loaded TP Android_ETC1aTargetPlatform
[2018.04.21-15.42.32:478][  0]LogTemp: Display: Loaded TP Android_ETC1TargetPlatform
[2018.04.21-15.42.32:495][  0]LogTemp: Display: Loaded TP Android_ETC2TargetPlatform
[2018.04.21-15.42.32:528][  0]LogTemp: Display: Loaded TP Android_MultiTargetPlatform
[2018.04.21-15.42.32:529][  0]LogTemp: Display: Loaded TP Android_PVRTCTargetPlatform
[2018.04.21-15.42.32:559][  0]LogTemp: Display: Loaded TP AndroidTargetPlatform
[2018.04.21-15.42.32:564][  0]LogTemp: Display: Loaded TP HTML5TargetPlatform
[2018.04.21-15.42.32:678][  0]LogTemp: Display: Loaded TP IOSTargetPlatform
[2018.04.21-15.42.32:710][  0]LogTemp: Display: Loaded TP TVOSTargetPlatform
[2018.04.21-15.42.32:726][  0]LogTemp: Display: Loaded TP LinuxClientTargetPlatform
[2018.04.21-15.42.32:741][  0]LogTemp: Display: Loaded TP LinuxNoEditorTargetPlatform
[2018.04.21-15.42.32:757][  0]LogTemp: Display: Loaded TP LinuxServerTargetPlatform
[2018.04.21-15.42.32:787][  0]LogTemp: Display: Loaded TP LinuxTargetPlatform
[2018.04.21-15.42.32:787][  0]LogTargetPlatformManager: Display: Building Assets For Windows
[2018.04.21-15.42.33:649][  0]LogXGEController: Cleaning working directory: C:/Users/Matthew/AppData/Local/Temp/UnrealXGEWorkingDir/
[2018.04.21-15.42.33:650][  0]LogXGEController: Cannot use XGE Controller as Incredibuild is not installed on this machine.
[2018.04.21-15.42.33:668][  0]LogShaderCompilers: Cannot use XGE Shader Compiler as Incredibuild is not installed on this machine.
[2018.04.21-15.42.33:668][  0]LogShaderCompilers: Display: Using Local Shader Compiler.
[2018.04.21-15.42.37:607][  0]LogDerivedDataCache: Display: Max Cache Size: 512 MB
[2018.04.21-15.42.38:040][  0]LogDerivedDataCache: Loaded boot cache 0.43s 74MB C:/Users/Matthew/AppData/Local/UnrealEngine/4.19/DerivedDataCache/Boot.ddc.
[2018.04.21-15.42.38:041][  0]LogDerivedDataCache: Display: Loaded Boot cache: C:/Users/Matthew/AppData/Local/UnrealEngine/4.19/DerivedDataCache/Boot.ddc
[2018.04.21-15.42.38:042][  0]LogDerivedDataCache: FDerivedDataBackendGraph:  Pak pak cache file ../../../../../../Users/Matthew/Documents/Tilly's Unreal Adventure/TillysAdventure/TillysAdventure/DerivedDataCache/DDC.ddp not found, will not use a pak cache.
[2018.04.21-15.42.38:043][  0]LogDerivedDataCache: Unable to find inner node Pak for hierarchical cache Hierarchy.
[2018.04.21-15.42.38:044][  0]LogDerivedDataCache: FDerivedDataBackendGraph:  CompressedPak pak cache file ../../../../../../Users/Matthew/Documents/Tilly's Unreal Adventure/TillysAdventure/TillysAdventure/DerivedDataCache/Compressed.ddp not found, will not use a pak cache.
[2018.04.21-15.42.38:044][  0]LogDerivedDataCache: Unable to find inner node CompressedPak for hierarchical cache Hierarchy.
[2018.04.21-15.42.38:099][  0]LogDerivedDataCache: Display: Pak cache opened for reading ../../../Engine/DerivedDataCache/Compressed.ddp.
[2018.04.21-15.42.38:116][  0]LogDerivedDataCache: Using Local data cache path C:/Users/Matthew/AppData/Local/UnrealEngine/Common/DerivedDataCache: Writable
[2018.04.21-15.42.38:181][  0]LogMaterial: Verifying Global Shaders for PCD3D_SM5
[2018.04.21-15.42.38:251][  0]LogSlate: Using Freetype 2.6.0
[2018.04.21-15.42.38:319][  0]LogSlate: SlateFontCache - WITH_FREETYPE: 1, WITH_HARFBUZZ: 1
[2018.04.21-15.42.38:319][  0]LogSlate: SlateFontCache - WITH_FREETYPE: 1, WITH_HARFBUZZ: 1
[2018.04.21-15.42.44:549][  0]LogAssetRegistry: FAssetRegistry took 0.0336 seconds to start up
[2018.04.21-15.42.49:168][  0]LogInit: Selected Device Profile: [Windows]
[2018.04.21-15.42.50:641][  0]LogSimplygon: Simplygon DLL not present - disabling.
[2018.04.21-15.42.50:679][  0]LogMeshReduction: Using SimplygonSwarm for distributed automatic mesh merging
[2018.04.21-15.42.50:680][  0]LogMeshReduction: Using QuadricMeshReduction for automatic static mesh reduction
[2018.04.21-15.42.50:680][  0]LogMeshReduction: No automatic skeletal mesh reduction module available
[2018.04.21-15.42.50:680][  0]LogMeshReduction: No automatic mesh merging module available
[2018.04.21-15.42.50:680][  0]LogMeshMerging: No automatic mesh merging module available
[2018.04.21-15.42.51:203][  0]LogNetVersion: TillysAdventure , NetCL: 3944462, EngineNetVer: 2, GameNetVer: 0 (Checksum: 495776416)
[2018.04.21-15.42.56:570][  0]LogPackageLocalizationCache: Processed 9 localized package path(s) for 2 prioritized culture(s) in 0.145286 seconds
[2018.04.21-15.42.56:606][  0]LogUObjectArray: 36728 objects as part of root set at end of initial load.
[2018.04.21-15.42.56:607][  0]LogUObjectAllocator: 7314312 out of 0 bytes used by permanent object pool.
[2018.04.21-15.42.56:607][  0]LogUObjectArray: CloseDisregardForGC: 0/0 objects in disregard for GC pool
[2018.04.21-15.43.23:056][  0]LogTcpMessaging: Initializing TcpMessaging bridge
[2018.04.21-15.43.23:121][  0]LogUdpMessaging: Initializing bridge on interface 0.0.0.0:0 to multicast group 230.0.0.1:6666.
[2018.04.21-15.43.24:710][  0]SourceControl: Source control is disabled
[2018.04.21-15.43.24:712][  0]LogWindows: Warning: CreateProc failed: The system cannot find the file specified. (0x00000002)
[2018.04.21-15.43.24:712][  0]LogWindows: Warning: URL: C:/Program Files/Git/bin/git.exe version
[2018.04.21-15.43.24:712][  0]LogWindows: Warning: CreateProc failed: The system cannot find the file specified. (0x00000002)
[2018.04.21-15.43.24:712][  0]LogWindows: Warning: URL: C:/Program Files (x86)/Git/bin/git.exe version
[2018.04.21-15.43.24:712][  0]LogWindows: Warning: CreateProc failed: The system cannot find the file specified. (0x00000002)
[2018.04.21-15.43.24:712][  0]LogWindows: Warning: URL: C:\Users\Matthew\AppData\Local/Programs/Git/cmd/git.exe version
[2018.04.21-15.43.24:712][  0]LogWindows: Warning: CreateProc failed: The system cannot find the file specified. (0x00000002)
[2018.04.21-15.43.24:713][  0]LogWindows: Warning: URL: C:/Program Files (x86)/SmartGit/git/bin/git.exe version
[2018.04.21-15.43.24:713][  0]LogWindows: Warning: CreateProc failed: The system cannot find the file specified. (0x00000002)
[2018.04.21-15.43.24:713][  0]LogWindows: Warning: URL: C:/Program Files (x86)/SmartGit/bin/git.exe version
[2018.04.21-15.43.27:171][  0]LogAndroidPermission: UAndroidPermissionCallbackProxy::GetInstance
[2018.04.21-15.43.27:607][  0]LogOcInput: OculusInput pre-init called
[2018.04.21-15.43.28:359][  0]LogEngine: Initializing Engine...
[2018.04.21-15.43.28:530][  0]LogHMD: Failed to initialize OpenVR with code 105
[2018.04.21-15.43.28:578][  0]LogStats: UGameplayTagsManager::ConstructGameplayTagTree: Construct from data asset -  0.000 s
[2018.04.21-15.43.28:579][  0]LogStats: UGameplayTagsManager::ConstructGameplayTagTree: GameplayTagTreeChangedEvent.Broadcast -  0.000 s
[2018.04.21-15.43.30:078][  0]LogAIModule: Creating AISystem for world Untitled
[2018.04.21-15.43.30:384][  0]LogInit: XAudio2 using 'Speakers (Realtek High Definition Audio)' : 2 channels at 48 kHz using 32 bits per sample (channel mask 0x3)
[2018.04.21-15.43.30:416][  0]LogInit: FAudioDevice initialized.
[2018.04.21-15.43.30:527][  0]LogDerivedDataCache: Saved boot cache 0.07s 74MB C:/Users/Matthew/AppData/Local/UnrealEngine/4.19/DerivedDataCache/Boot.ddc.
[2018.04.21-15.43.30:540][  0]LogInit: Texture streaming: Enabled
[2018.04.21-15.43.30:739][  0]LogEngineSessionManager: EngineSessionManager initialized
[2018.04.21-15.43.30:998][  0]LogInit: Transaction tracking system initialized
[2018.04.21-15.43.31:432][  0]BlueprintLog: New page: Editor Load
[2018.04.21-15.43.32:631][  0]LocalizationService: Localization service is disabled
[2018.04.21-15.43.33:516][  0]LogConsoleResponse: Display: 
[2018.04.21-15.43.35:513][  0]LogFileCache: Scanning file cache for directory 'D:/Users/Matthew/Documents/Tilly's Unreal Adventure/TillysAdventure/TillysAdventure/Content/' took 0.03s
[2018.04.21-15.43.35:514][  0]LogCook: Display: Max memory allowance for cook 16384mb min free memory 0mb
[2018.04.21-15.43.35:515][  0]LogCook: Display: Mobile HDR setting 1
[2018.04.21-15.43.35:515][  0]LogGameplayTags: Display: UGameplayTagsManager::DoneAddingNativeTags. DelegateIsBound: 0
[2018.04.21-15.43.35:515][  0]LogStats: UGameplayTagsManager::ConstructGameplayTagTree: Construct from data asset -  0.000 s
[2018.04.21-15.43.35:515][  0]LogStats: UGameplayTagsManager::ConstructGameplayTagTree: GameplayTagTreeChangedEvent.Broadcast -  0.000 s
[2018.04.21-15.43.37:596][  0]Cmd: MAP LOAD FILE="../../../../../../Users/Matthew/Documents/Tilly's Unreal Adventure/TillysAdventure/TillysAdventure/Content/Blueprint/Level/MainLevel.umap" TEMPLATE=0 SHOWPROGRESS=1 FEATURELEVEL=3
[2018.04.21-15.43.37:639][  0]LightingResults: New page: Lighting Build
[2018.04.21-15.43.37:880][  0]MapCheck: New page: Map Check
[2018.04.21-15.43.37:881][  0]LightingResults: New page: Lighting Build
[2018.04.21-15.43.40:155][  0]LogAIModule: Creating AISystem for world MainLevel
[2018.04.21-15.43.40:861][  0]LogEditorServer: Finished looking for orphan Actors (0.000 secs)
[2018.04.21-15.43.41:001][  0]Cmd: MAP CHECKDEP NOCLEARLOG
[2018.04.21-15.43.41:099][  0]MapCheck: Map check complete: 0 Error(s), 0 Warning(s), took 97.978ms to complete.
[2018.04.21-15.43.41:099][  0]LogFileHelpers: Loading map 'MainLevel' took 3.519
[2018.04.21-15.43.42:897][  0]LogCollectionManager: Loaded 0 collections in 0.001688 seconds
[2018.04.21-15.43.43:086][  0]LogFileCache: Scanning file cache for directory 'D:/Users/Matthew/Documents/Tilly's Unreal Adventure/TillysAdventure/TillysAdventure/Saved/Collections/' took 0.01s
[2018.04.21-15.43.43:086][  0]LogFileCache: Scanning file cache for directory 'D:/Users/Matthew/Documents/Tilly's Unreal Adventure/TillysAdventure/TillysAdventure/Content/Developers/Matthew/Collections/' took 0.02s
[2018.04.21-15.43.43:086][  0]LogFileCache: Scanning file cache for directory 'D:/Users/Matthew/Documents/Tilly's Unreal Adventure/TillysAdventure/TillysAdventure/Content/Collections/' took 0.01s
[2018.04.21-15.43.43:086][  0]LogCollectionManager: Rebuilt the GUID cache for 0 collections in 0.000000 seconds
[2018.04.21-15.43.43:135][  0]LogContentBrowser: Native class hierarchy populated in 0.0468 seconds. Added 2456 classes and 560 folders.
[2018.04.21-15.43.43:265][  0]LogContentBrowser: Native class hierarchy updated for 'WidgetCarousel' in 0.0011 seconds. Added 0 classes and 0 folders.
[2018.04.21-15.43.44:535][  0]LogContentBrowser: Native class hierarchy updated for 'AddContentDialog' in 0.0012 seconds. Added 0 classes and 0 folders.
[2018.04.21-15.43.44:596][  0]LogContentBrowser: Native class hierarchy updated for 'SceneOutliner' in 0.0013 seconds. Added 1 classes and 2 folders.
[2018.04.21-15.43.45:577][  0]LogSlate: Took 0.019688 seconds to synchronously load lazily loaded font '../../../Engine/Content/Slate/Fonts/Roboto-Regular.ttf' (155K)
[2018.04.21-15.43.45:608][  0]LogSlate: Took 0.019248 seconds to synchronously load lazily loaded font '../../../Engine/Content/Slate/Fonts/Roboto-Bold.ttf' (160K)
[2018.04.21-15.43.45:670][  0]LogSlate: Took 0.018579 seconds to synchronously load lazily loaded font '../../../Engine/Content/Editor/Slate/Fonts/FontAwesome.ttf' (139K)
[2018.04.21-15.43.46:227][  0]LogRenderer: Reallocating scene render targets to support 1208x576 Format 10 NumSamples 1 (Frame:1).
[2018.04.21-15.43.47:189][  0]LogContentBrowser: Native class hierarchy updated for 'HierarchicalLODOutliner' in 0.0009 seconds. Added 0 classes and 0 folders.
[2018.04.21-15.43.47:189][  0]LogLoad: (Engine Initialization) Total time: 100.76 seconds
[2018.04.21-15.43.47:189][  0]LogLoad: (Engine Initialization) Total Blueprint compile time: 0.00 seconds
[2018.04.21-15.43.48:255][  0]LogContentStreaming: Texture pool size now 1000 MB
[2018.04.21-15.43.49:155][  2]LogAssetRegistry: Asset discovery search completed in 64.6328 seconds
[2018.04.21-15.43.49:209][  2]LogCollectionManager: Rebuilt the object cache for 0 collections in 0.000001 seconds (found 0 objects)
[2018.04.21-15.43.49:210][  2]LogCollectionManager: Fixed up redirectors for 0 collections in 0.009236 seconds (updated 0 objects)
[2018.04.21-15.44.23:795][106]LogSlate: FSceneViewport::OnFocusLost() reason 0
[2018.04.21-15.44.23:813][106]LogTemp: Repeating last play command: Selected Viewport
[2018.04.21-15.44.23:914][106]LogPlayLevel: PlayLevel: No blueprints needed recompiling
[2018.04.21-15.44.24:031][106]PIE: New page: PIE session: MainLevel (21 Apr 2018 17:44:23)
[2018.04.21-15.44.24:032][106]LogPlayLevel: Creating play world package: /Game/Blueprint/Level/UEDPIE_0_MainLevel
[2018.04.21-15.44.24:082][106]LogPlayLevel: PIE: StaticDuplicateObject took: (0.050078s)
[2018.04.21-15.44.24:083][106]LogAIModule: Creating AISystem for world MainLevel
[2018.04.21-15.44.24:099][106]LogPlayLevel: PIE: World Init took: (0.016915s)
[2018.04.21-15.44.24:099][106]LogPlayLevel: PIE: Created PIE world by copying editor world from /Game/Blueprint/Level/MainLevel.MainLevel to /Game/Blueprint/Level/UEDPIE_0_MainLevel.MainLevel (0.067750s)
[2018.04.21-15.44.24:155][106]LogInit: XAudio2 using 'Speakers (Realtek High Definition Audio)' : 2 channels at 48 kHz using 32 bits per sample (channel mask 0x3)
[2018.04.21-15.44.24:170][106]LogInit: FAudioDevice initialized.
[2018.04.21-15.44.24:271][106]LogLoad: Game class is 'TA_GameModeBase_C'
[2018.04.21-15.44.24:411][106]LogWorld: Bringing World /Game/Blueprint/Level/UEDPIE_0_MainLevel.MainLevel up for play (max tick rate 0) at 2018.04.21-16.44.24
[2018.04.21-15.44.24:477][106]LogWorld: Bringing up level for play took: 0.067369
[2018.04.21-15.44.24:595][106]LogContentBrowser: Native class hierarchy updated for 'MovieSceneCapture' in 0.0010 seconds. Added 11 classes and 0 folders.
[2018.04.21-15.44.24:784][106]PIE: Play in editor start time for /Game/Blueprint/Level/UEDPIE_0_MainLevel 0.209
[2018.04.21-15.44.36:654][427]LogSlate: FSceneViewport::OnFocusLost() reason 2
[2018.04.21-15.44.44:551][340]LogSlate: FSceneViewport::OnFocusLost() reason 2
[2018.04.21-15.44.47:926][521]LogSlate: Window 'Editor Preferences' being destroyed
[2018.04.21-15.44.47:941][521]LogSlate: Window 'Editor Preferences' being destroyed
[2018.04.21-15.44.50:820][800]LogSlate: FSceneViewport::OnFocusLost() reason 0
[2018.04.21-15.44.54:028][162]LogSlate: Took 0.029240 seconds to synchronously load lazily loaded font '../../../Engine/Content/Slate/Fonts/Roboto-Light.ttf' (167K)
[2018.04.21-15.44.54:952][162]LogContentBrowser: Native class hierarchy updated for 'BlueprintGraph' in 0.0013 seconds. Added 116 classes and 0 folders.
[2018.04.21-15.45.01:961][680]LogSlate: Window 'TA_TillyCharacter' being destroyed
[2018.04.21-15.45.02:163][680]LogSlate: FSceneViewport::OnFocusLost() reason 2
[2018.04.21-15.45.02:575][680]LogSlate: Took 0.015917 seconds to synchronously load lazily loaded font '../../../Engine/Content/Slate/Fonts/Roboto-BoldCondensed.ttf' (158K)
[2018.04.21-15.45.03:875][783]LogSlate: Took 0.020103 seconds to synchronously load lazily loaded font '../../../Engine/Content/Slate/Fonts/Roboto-Italic.ttf' (157K)
[2018.04.21-15.45.53:256][257]LogSlate: Window 'TA_TillyCharacter' being destroyed
[2018.04.21-15.45.53:258][257]LogSlate: Window 'TA_TillyCharacter' being destroyed
[2018.04.21-15.45.55:787][547]LogSlate: FSceneViewport::OnFocusLost() reason 0
[2018.04.21-15.46.08:893][992]BlueprintLog: New page: Compile TA_TillyPlayerController
[2018.04.21-15.46.10:019][ 41]LogSlate: FSceneViewport::OnFocusLost() reason 2
[2018.04.21-15.46.10:222][ 41]LogSavePackage: Save=66.10ms
[2018.04.21-15.46.10:222][ 41]LogSavePackage: Moving '../../../../../../Users/Matthew/Documents/Tilly's Unreal Adventure/TillysAdventure/TillysAdventure/Saved/TA_TillyPlayerControllerB274EDED4298D2F9BBEF23A87943448A.tmp' to '../../../../../../Users/Matthew/Documents/Tilly's Unreal Adventure/TillysAdventure/TillysAdventure/Content/Blueprint/PlayerControllers/TA_TillyPlayerController.uasset'
[2018.04.21-15.46.10:263][ 41]LogSavePackage: Display: Finished SavePackage ../../../../../../Users/Matthew/Documents/Tilly's Unreal Adventure/TillysAdventure/TillysAdventure/Content/Blueprint/PlayerControllers/TA_TillyPlayerController.uasset
[2018.04.21-15.46.13:033][349]LogSlate: FSceneViewport::OnFocusLost() reason 0
[2018.04.21-15.46.13:126][360]LogTemp: Repeating last play command: Selected Viewport
[2018.04.21-15.46.13:145][360]LogPlayLevel: PlayLevel: No blueprints needed recompiling
[2018.04.21-15.46.13:147][360]PIE: New page: PIE session: MainLevel (21 Apr 2018 17:46:13)
[2018.04.21-15.46.13:148][360]LogPlayLevel: Creating play world package: /Game/Blueprint/Level/UEDPIE_0_MainLevel
[2018.04.21-15.46.13:150][360]LogPlayLevel: PIE: StaticDuplicateObject took: (0.001710s)
[2018.04.21-15.46.13:150][360]LogAIModule: Creating AISystem for world MainLevel
[2018.04.21-15.46.13:151][360]LogPlayLevel: PIE: World Init took: (0.000843s)
[2018.04.21-15.46.13:151][360]LogPlayLevel: PIE: Created PIE world by copying editor world from /Game/Blueprint/Level/MainLevel.MainLevel to /Game/Blueprint/Level/UEDPIE_0_MainLevel.MainLevel (0.002920s)
[2018.04.21-15.46.13:188][360]LogInit: XAudio2 using 'Speakers (Realtek High Definition Audio)' : 2 channels at 48 kHz using 32 bits per sample (channel mask 0x3)
[2018.04.21-15.46.13:201][360]LogInit: FAudioDevice initialized.
[2018.04.21-15.46.13:236][360]LogLoad: Game class is 'TA_GameModeBase_C'
[2018.04.21-15.46.13:237][360]LogWorld: Bringing World /Game/Blueprint/Level/UEDPIE_0_MainLevel.MainLevel up for play (max tick rate 0) at 2018.04.21-16.46.13
[2018.04.21-15.46.13:237][360]LogWorld: Bringing up level for play took: 0.000754
[2018.04.21-15.46.13:238][360]PIE: Play in editor start time for /Game/Blueprint/Level/UEDPIE_0_MainLevel 0.664
[2018.04.21-15.46.25:264][214]LogSlate: FSceneViewport::OnFocusLost() reason 0
[2018.04.21-15.46.29:177][658]BlueprintLog: New page: Compile TA_TillyPlayerController
[2018.04.21-15.46.29:920][715]LogSlate: FSceneViewport::OnFocusLost() reason 2
[2018.04.21-15.46.29:944][715]LogSavePackage: Save=9.29ms
[2018.04.21-15.46.29:944][715]LogSavePackage: Moving '../../../../../../Users/Matthew/Documents/Tilly's Unreal Adventure/TillysAdventure/TillysAdventure/Saved/TA_TillyPlayerController4BAB893A4803B0A051F8D898819C519A.tmp' to '../../../../../../Users/Matthew/Documents/Tilly's Unreal Adventure/TillysAdventure/TillysAdventure/Content/Blueprint/PlayerControllers/TA_TillyPlayerController.uasset'
[2018.04.21-15.46.29:949][715]LogSavePackage: Display: Finished SavePackage ../../../../../../Users/Matthew/Documents/Tilly's Unreal Adventure/TillysAdventure/TillysAdventure/Content/Blueprint/PlayerControllers/TA_TillyPlayerController.uasset
[2018.04.21-15.46.31:025][835]LogSlate: FSceneViewport::OnFocusLost() reason 0
[2018.04.21-15.46.31:108][844]LogTemp: Repeating last play command: Selected Viewport
[2018.04.21-15.46.31:126][844]LogPlayLevel: PlayLevel: No blueprints needed recompiling
[2018.04.21-15.46.31:127][844]PIE: New page: PIE session: MainLevel (21 Apr 2018 17:46:31)
[2018.04.21-15.46.31:127][844]LogPlayLevel: Creating play world package: /Game/Blueprint/Level/UEDPIE_0_MainLevel
[2018.04.21-15.46.31:128][844]LogPlayLevel: PIE: StaticDuplicateObject took: (0.001625s)
[2018.04.21-15.46.31:129][844]LogAIModule: Creating AISystem for world MainLevel
[2018.04.21-15.46.31:131][844]LogPlayLevel: PIE: World Init took: (0.002269s)
[2018.04.21-15.46.31:131][844]LogPlayLevel: PIE: Created PIE world by copying editor world from /Game/Blueprint/Level/MainLevel.MainLevel to /Game/Blueprint/Level/UEDPIE_0_MainLevel.MainLevel (0.004420s)
[2018.04.21-15.46.31:154][844]LogInit: XAudio2 using 'Speakers (Realtek High Definition Audio)' : 2 channels at 48 kHz using 32 bits per sample (channel mask 0x3)
[2018.04.21-15.46.31:165][844]LogInit: FAudioDevice initialized.
[2018.04.21-15.46.31:198][844]LogLoad: Game class is 'TA_GameModeBase_C'
[2018.04.21-15.46.31:200][844]LogWorld: Bringing World /Game/Blueprint/Level/UEDPIE_0_MainLevel.MainLevel up for play (max tick rate 0) at 2018.04.21-16.46.31
[2018.04.21-15.46.31:200][844]LogWorld: Bringing up level for play took: 0.000663
[2018.04.21-15.46.31:201][844]PIE: Play in editor start time for /Game/Blueprint/Level/UEDPIE_0_MainLevel 0.627
[2018.04.21-15.47.42:613][199]LogSlate: FSceneViewport::OnFocusLost() reason 0
[2018.04.21-15.47.45:475][513]BlueprintLog: New page: Compile TA_TillyPlayerController
[2018.04.21-15.47.46:238][570]LogSlate: FSceneViewport::OnFocusLost() reason 2
[2018.04.21-15.47.46:264][570]LogSavePackage: Save=12.01ms
[2018.04.21-15.47.46:266][570]LogSavePackage: Moving '../../../../../../Users/Matthew/Documents/Tilly's Unreal Adventure/TillysAdventure/TillysAdventure/Saved/TA_TillyPlayerController61CE67194C3B2AB7600D8FAD3CE7872A.tmp' to '../../../../../../Users/Matthew/Documents/Tilly's Unreal Adventure/TillysAdventure/TillysAdventure/Content/Blueprint/PlayerControllers/TA_TillyPlayerController.uasset'
[2018.04.21-15.47.46:270][570]LogSavePackage: Display: Finished SavePackage ../../../../../../Users/Matthew/Documents/Tilly's Unreal Adventure/TillysAdventure/TillysAdventure/Content/Blueprint/PlayerControllers/TA_TillyPlayerController.uasset
[2018.04.21-15.47.47:584][716]LogSlate: FSceneViewport::OnFocusLost() reason 0
[2018.04.21-15.47.47:688][728]LogTemp: Repeating last play command: Selected Viewport
[2018.04.21-15.47.47:711][728]LogPlayLevel: PlayLevel: No blueprints needed recompiling
[2018.04.21-15.47.47:712][728]PIE: New page: PIE session: MainLevel (21 Apr 2018 17:47:47)
[2018.04.21-15.47.47:712][728]LogPlayLevel: Creating play world package: /Game/Blueprint/Level/UEDPIE_0_MainLevel
[2018.04.21-15.47.47:714][728]LogPlayLevel: PIE: StaticDuplicateObject took: (0.002060s)
[2018.04.21-15.47.47:715][728]LogAIModule: Creating AISystem for world MainLevel
[2018.04.21-15.47.47:716][728]LogPlayLevel: PIE: World Init took: (0.000909s)
[2018.04.21-15.47.47:716][728]LogPlayLevel: PIE: Created PIE world by copying editor world from /Game/Blueprint/Level/MainLevel.MainLevel to /Game/Blueprint/Level/UEDPIE_0_MainLevel.MainLevel (0.004152s)
[2018.04.21-15.47.47:739][728]LogInit: XAudio2 using 'Speakers (Realtek High Definition Audio)' : 2 channels at 48 kHz using 32 bits per sample (channel mask 0x3)
[2018.04.21-15.47.47:750][728]LogInit: FAudioDevice initialized.
[2018.04.21-15.47.47:781][728]LogLoad: Game class is 'TA_GameModeBase_C'
[2018.04.21-15.47.47:782][728]LogWorld: Bringing World /Game/Blueprint/Level/UEDPIE_0_MainLevel.MainLevel up for play (max tick rate 0) at 2018.04.21-16.47.47
[2018.04.21-15.47.47:782][728]LogWorld: Bringing up level for play took: 0.000927
[2018.04.21-15.47.47:784][728]PIE: Play in editor start time for /Game/Blueprint/Level/UEDPIE_0_MainLevel -0.79
[2018.04.21-15.48.04:280][636]LogSlate: FSceneViewport::OnFocusLost() reason 0
[2018.04.21-15.48.07:328][989]BlueprintLog: New page: Compile TA_TillyPlayerController
[2018.04.21-15.48.07:950][ 31]LogSlate: FSceneViewport::OnFocusLost() reason 2
[2018.04.21-15.48.07:973][ 31]LogSavePackage: Save=8.99ms
[2018.04.21-15.48.07:973][ 31]LogSavePackage: Moving '../../../../../../Users/Matthew/Documents/Tilly's Unreal Adventure/TillysAdventure/TillysAdventure/Saved/TA_TillyPlayerController0BA08847469B254B84A6CE906859C67B.tmp' to '../../../../../../Users/Matthew/Documents/Tilly's Unreal Adventure/TillysAdventure/TillysAdventure/Content/Blueprint/PlayerControllers/TA_TillyPlayerController.uasset'
[2018.04.21-15.48.07:978][ 31]LogSavePackage: Display: Finished SavePackage ../../../../../../Users/Matthew/Documents/Tilly's Unreal Adventure/TillysAdventure/TillysAdventure/Content/Blueprint/PlayerControllers/TA_TillyPlayerController.uasset
[2018.04.21-15.48.08:864][125]LogSlate: FSceneViewport::OnFocusLost() reason 0
[2018.04.21-15.48.08:952][134]LogTemp: Repeating last play command: Selected Viewport
[2018.04.21-15.48.08:972][134]LogPlayLevel: PlayLevel: No blueprints needed recompiling
[2018.04.21-15.48.08:972][134]PIE: New page: PIE session: MainLevel (21 Apr 2018 17:48:08)
[2018.04.21-15.48.08:972][134]LogPlayLevel: Creating play world package: /Game/Blueprint/Level/UEDPIE_0_MainLevel
[2018.04.21-15.48.08:974][134]LogPlayLevel: PIE: StaticDuplicateObject took: (0.001842s)
[2018.04.21-15.48.08:974][134]LogAIModule: Creating AISystem for world MainLevel
[2018.04.21-15.48.08:975][134]LogPlayLevel: PIE: World Init took: (0.000933s)
[2018.04.21-15.48.08:975][134]LogPlayLevel: PIE: Created PIE world by copying editor world from /Game/Blueprint/Level/MainLevel.MainLevel to /Game/Blueprint/Level/UEDPIE_0_MainLevel.MainLevel (0.003066s)
[2018.04.21-15.48.08:999][134]LogInit: XAudio2 using 'Speakers (Realtek High Definition Audio)' : 2 channels at 48 kHz using 32 bits per sample (channel mask 0x3)
[2018.04.21-15.48.09:009][134]LogInit: FAudioDevice initialized.
[2018.04.21-15.48.09:045][134]LogLoad: Game class is 'TA_GameModeBase_C'
[2018.04.21-15.48.09:047][134]LogWorld: Bringing World /Game/Blueprint/Level/UEDPIE_0_MainLevel.MainLevel up for play (max tick rate 0) at 2018.04.21-16.48.09
[2018.04.21-15.48.09:048][134]LogWorld: Bringing up level for play took: 0.001545
[2018.04.21-15.48.09:049][134]PIE: Play in editor start time for /Game/Blueprint/Level/UEDPIE_0_MainLevel 0.475
