Log file open, 04/14/18 22:03:52
LogWindows: Failed to load 'aqProf.dll' (GetLastError=126)
LogWindows: File 'aqProf.dll' does not exist
LogWindows: Failed to load 'VtuneApi.dll' (GetLastError=126)
LogWindows: File 'VtuneApi.dll' does not exist
LogWindows: Failed to load 'VtuneApi32e.dll' (GetLastError=126)
LogWindows: File 'VtuneApi32e.dll' does not exist
LogInit: Display: Running engine for game: TillysAdventure
LogPlatformFile: Not using cached read wrapper
LogInit: Display: RandInit(-970793567) SRandInit(-970793566).
LogInit: Read version file with build ID '3944462'
LogInit: Overriding engine version to CL 3989454, compatible CL 3944462
LogInit: Registered custom module enumerator with build ID '3944462'
LogTaskGraph: Started task graph with 5 named threads and 14 total threads with 3 sets of task threads.
LogStats: Stats thread started at 0.396898
LogD3D11RHI: Aftermath initialized
LogICUInternationalization: Display: ICU TimeZone Detection - Raw Offset: +0:00, Platform Override: ''
LogPluginManager: Mounting plugin Paper2D
LogPluginManager: Mounting plugin LiveLink
LogPluginManager: Mounting plugin LightPropagationVolume
LogPluginManager: Mounting plugin CLionSourceCodeAccess
LogPluginManager: Mounting plugin CodeLiteSourceCodeAccess
LogPluginManager: Mounting plugin GitSourceControl
LogPluginManager: Mounting plugin KDevelopSourceCodeAccess
LogPluginManager: Mounting plugin NullSourceCodeAccess
LogPluginManager: Mounting plugin PerforceSourceControl
LogPluginManager: Mounting plugin SubversionSourceControl
LogPluginManager: Mounting plugin UObjectPlugin
LogPluginManager: Mounting plugin VisualStudioCodeSourceCodeAccess
LogPluginManager: Mounting plugin VisualStudioSourceCodeAccess
LogPluginManager: Mounting plugin XCodeSourceCodeAccess
LogPluginManager: Mounting plugin AssetManagerEditor
LogPluginManager: Mounting plugin CryptoKeys
LogPluginManager: Mounting plugin DataValidation
LogPluginManager: Mounting plugin FacialAnimation
LogPluginManager: Mounting plugin GameplayTagsEditor
LogPluginManager: Mounting plugin MobileLauncherProfileWizard
LogPluginManager: Mounting plugin PluginBrowser
LogPluginManager: Mounting plugin SpeedTreeImporter
LogPluginManager: Mounting plugin DatasmithContent
LogPluginManager: Mounting plugin AlembicImporter
LogPluginManager: Mounting plugin CharacterAI
LogPluginManager: Mounting plugin HTML5Networking
LogPluginManager: Mounting plugin AndroidMedia
LogPluginManager: Mounting plugin AvfMedia
LogPluginManager: Mounting plugin ImgMedia
LogPluginManager: Mounting plugin LinearTimecode
LogPluginManager: Mounting plugin MediaCompositing
LogPluginManager: Mounting plugin MediaPlayerEditor
LogPluginManager: Mounting plugin WmfMedia
LogPluginManager: Mounting plugin TcpMessaging
LogPluginManager: Mounting plugin UdpMessaging
LogPluginManager: Mounting plugin ActorSequence
LogPluginManager: Mounting plugin LevelSequenceEditor
LogPluginManager: Mounting plugin MatineeToLevelSequence
LogPluginManager: Mounting plugin NetcodeUnitTest
LogPluginManager: Mounting plugin NUTUnrealEngine4
LogPluginManager: Mounting plugin OnlineSubsystemGooglePlay
LogPluginManager: Mounting plugin OnlineSubsystemIOS
LogPluginManager: Mounting plugin OnlineSubsystem
LogPluginManager: Mounting plugin OnlineSubsystemNull
LogPluginManager: Mounting plugin OnlineSubsystemUtils
LogPluginManager: Mounting plugin AndroidDeviceProfileSelector
LogPluginManager: Mounting plugin AndroidMoviePlayer
LogPluginManager: Mounting plugin AndroidPermission
LogPluginManager: Mounting plugin AppleARKit
LogPluginManager: Mounting plugin AppleMoviePlayer
LogPluginManager: Mounting plugin ArchVisCharacter
LogPluginManager: Mounting plugin AudioCapture
LogPluginManager: Mounting plugin CableComponent
LogPluginManager: Mounting plugin CustomMeshComponent
LogPluginManager: Mounting plugin ExampleDeviceProfileSelector
LogPluginManager: Mounting plugin GoogleCloudMessaging
LogPluginManager: Mounting plugin ImmediatePhysics
LogPluginManager: Mounting plugin IOSDeviceProfileSelector
LogPluginManager: Mounting plugin LinuxDeviceProfileSelector
LogPluginManager: Mounting plugin LocationServicesBPLibrary
LogPluginManager: Mounting plugin MobilePatchingUtils
LogPluginManager: Mounting plugin OculusVR
LogPluginManager: Plugin shader directory ../../../Engine/Plugins/Runtime/Oculus/OculusVR/Shaders found
LogPluginManager: Mapping shader source directory ../../../Engine/Plugins/Runtime/Oculus/OculusVR/Shaders to virtual directory /Plugin/OculusVR
LogPluginManager: Mounting plugin PhysXVehicles
LogPluginManager: Mounting plugin ProceduralMeshComponent
LogPluginManager: Mounting plugin RuntimePhysXCooking
LogPluginManager: Mounting plugin SteamVR
LogPluginManager: Mounting plugin WindowsMoviePlayer
LogStreaming: Display: Took  0.174s to configure plugins.
LogModuleManager: Display: Found up-to-date module file ../../../../../../Users/Matthew/Documents/Tilly's Unreal Adventure/TillysAdventure/TillysAdventure/Binaries/Win64/UE4Editor-TillysAdventure.dll (API version 3944462).
LogModuleManager: Display: Found up-to-date module file ../../../Engine/Plugins/2D/Paper2D/Binaries/Win64/UE4Editor-Paper2D.dll (API version 3944462).
LogModuleManager: Display: Found up-to-date module file ../../../Engine/Plugins/2D/Paper2D/Binaries/Win64/UE4Editor-Paper2DEditor.dll (API version 3944462).
LogModuleManager: Display: Found up-to-date module file ../../../Engine/Plugins/2D/Paper2D/Binaries/Win64/UE4Editor-PaperSpriteSheetImporter.dll (API version 3944462).
LogModuleManager: Display: Found up-to-date module file ../../../Engine/Plugins/2D/Paper2D/Binaries/Win64/UE4Editor-PaperTiledImporter.dll (API version 3944462).
LogModuleManager: Display: Found up-to-date module file ../../../Engine/Plugins/2D/Paper2D/Binaries/Win64/UE4Editor-SmartSnapping.dll (API version 3944462).
LogModuleManager: Display: Found up-to-date module file ../../../Engine/Plugins/Animation/LiveLink/Binaries/Win64/UE4Editor-LiveLink.dll (API version 3944462).
LogModuleManager: Display: Found up-to-date module file ../../../Engine/Plugins/Animation/LiveLink/Binaries/Win64/UE4Editor-LiveLinkEditor.dll (API version 3944462).
LogModuleManager: Display: Found up-to-date module file ../../../Engine/Plugins/Blendables/LightPropagationVolume/Binaries/Win64/UE4Editor-LightPropagationVolumeRuntime.dll (API version 3944462).
LogModuleManager: Display: Found up-to-date module file ../../../Engine/Plugins/Blendables/LightPropagationVolume/Binaries/Win64/UE4Editor-LightPropagationVolumeEditor.dll (API version 3944462).
LogModuleManager: Display: Found up-to-date module file ../../../Engine/Plugins/Developer/CLionSourceCodeAccess/Binaries/Win64/UE4Editor-CLionSourceCodeAccess.dll (API version 3944462).
LogModuleManager: Display: Found up-to-date module file ../../../Engine/Plugins/Developer/GitSourceControl/Binaries/Win64/UE4Editor-GitSourceControl.dll (API version 3944462).
LogModuleManager: Display: Found up-to-date module file ../../../Engine/Plugins/Developer/PerforceSourceControl/Binaries/Win64/UE4Editor-PerforceSourceControl.dll (API version 3944462).
LogModuleManager: Display: Found up-to-date module file ../../../Engine/Plugins/Developer/SubversionSourceControl/Binaries/Win64/UE4Editor-SubversionSourceControl.dll (API version 3944462).
LogModuleManager: Display: Found up-to-date module file ../../../Engine/Plugins/Developer/UObjectPlugin/Binaries/Win64/UE4Editor-UObjectPlugin.dll (API version 3944462).
LogModuleManager: Display: Found up-to-date module file ../../../Engine/Plugins/Developer/VisualStudioCodeSourceCodeAccess/Binaries/Win64/UE4Editor-VisualStudioCodeSourceCodeAccess.dll (API version 3944462).
LogModuleManager: Display: Found up-to-date module file ../../../Engine/Plugins/Developer/VisualStudioSourceCodeAccess/Binaries/Win64/UE4Editor-VisualStudioSourceCodeAccess.dll (API version 3944462).
LogModuleManager: Display: Found up-to-date module file ../../../Engine/Plugins/Editor/AssetManagerEditor/Binaries/Win64/UE4Editor-AssetManagerEditor.dll (API version 3944462).
LogModuleManager: Display: Found up-to-date module file ../../../Engine/Plugins/Editor/CryptoKeys/Binaries/Win64/UE4Editor-CryptoKeys.dll (API version 3944462).
LogModuleManager: Display: Found up-to-date module file ../../../Engine/Plugins/Editor/CryptoKeys/Binaries/Win64/UE4Editor-CryptoKeysOpenSSL.dll (API version 3944462).
LogModuleManager: Display: Found up-to-date module file ../../../Engine/Plugins/Editor/DataValidation/Binaries/Win64/UE4Editor-DataValidation.dll (API version 3944462).
LogModuleManager: Display: Found up-to-date module file ../../../Engine/Plugins/Editor/FacialAnimation/Binaries/Win64/UE4Editor-FacialAnimation.dll (API version 3944462).
LogModuleManager: Display: Found up-to-date module file ../../../Engine/Plugins/Editor/FacialAnimation/Binaries/Win64/UE4Editor-FacialAnimationEditor.dll (API version 3944462).
LogModuleManager: Display: Found up-to-date module file ../../../Engine/Plugins/Editor/GameplayTagsEditor/Binaries/Win64/UE4Editor-GameplayTagsEditor.dll (API version 3944462).
LogModuleManager: Display: Found up-to-date module file ../../../Engine/Plugins/Editor/MobileLauncherProfileWizard/Binaries/Win64/UE4Editor-MobileLauncherProfileWizard.dll (API version 3944462).
LogModuleManager: Display: Found up-to-date module file ../../../Engine/Plugins/Editor/PluginBrowser/Binaries/Win64/UE4Editor-PluginBrowser.dll (API version 3944462).
LogModuleManager: Display: Found up-to-date module file ../../../Engine/Plugins/Editor/SpeedTreeImporter/Binaries/Win64/UE4Editor-SpeedTreeImporter.dll (API version 3944462).
LogModuleManager: Display: Found up-to-date module file ../../../Engine/Plugins/Enterprise/DatasmithContent/Binaries/Win64/UE4Editor-DatasmithContent.dll (API version 3944462).
LogModuleManager: Display: Found up-to-date module file ../../../Engine/Plugins/Experimental/AlembicImporter/Binaries/Win64/UE4Editor-AlembicImporter.dll (API version 3944462).
LogModuleManager: Display: Found up-to-date module file ../../../Engine/Plugins/Experimental/AlembicImporter/Binaries/Win64/UE4Editor-AlembicLibrary.dll (API version 3944462).
LogModuleManager: Display: Found up-to-date module file ../../../Engine/Plugins/Experimental/CharacterAI/Binaries/Win64/UE4Editor-CharacterAI.dll (API version 3944462).
LogModuleManager: Display: Found up-to-date module file ../../../Engine/Plugins/Experimental/HTML5Networking/Binaries/Win64/UE4Editor-HTML5Networking.dll (API version 3944462).
LogModuleManager: Display: Found up-to-date module file ../../../Engine/Plugins/Media/AndroidMedia/Binaries/Win64/UE4Editor-AndroidMediaEditor.dll (API version 3944462).
LogModuleManager: Display: Found up-to-date module file ../../../Engine/Plugins/Media/AndroidMedia/Binaries/Win64/UE4Editor-AndroidMediaFactory.dll (API version 3944462).
LogModuleManager: Display: Found up-to-date module file ../../../Engine/Plugins/Media/AvfMedia/Binaries/Win64/UE4Editor-AvfMediaEditor.dll (API version 3944462).
LogModuleManager: Display: Found up-to-date module file ../../../Engine/Plugins/Media/AvfMedia/Binaries/Win64/UE4Editor-AvfMediaFactory.dll (API version 3944462).
LogModuleManager: Display: Found up-to-date module file ../../../Engine/Plugins/Media/AvfMedia/Binaries/Win64/UE4Editor-AvfMediaFactory.dll (API version 3944462).
LogModuleManager: Display: Found up-to-date module file ../../../Engine/Plugins/Media/ImgMedia/Binaries/Win64/UE4Editor-ImgMedia.dll (API version 3944462).
LogModuleManager: Display: Found up-to-date module file ../../../Engine/Plugins/Media/ImgMedia/Binaries/Win64/UE4Editor-ImgMediaEditor.dll (API version 3944462).
LogModuleManager: Display: Found up-to-date module file ../../../Engine/Plugins/Media/ImgMedia/Binaries/Win64/UE4Editor-ImgMediaFactory.dll (API version 3944462).
LogModuleManager: Display: Found up-to-date module file ../../../Engine/Plugins/Media/ImgMedia/Binaries/Win64/UE4Editor-ImgMediaFactory.dll (API version 3944462).
LogModuleManager: Display: Found up-to-date module file ../../../Engine/Plugins/Media/ImgMedia/Binaries/Win64/UE4Editor-OpenExrWrapper.dll (API version 3944462).
LogModuleManager: Display: Found up-to-date module file ../../../Engine/Plugins/Media/LinearTimecode/Binaries/Win64/UE4Editor-LinearTimecode.dll (API version 3944462).
LogModuleManager: Display: Found up-to-date module file ../../../Engine/Plugins/Media/MediaCompositing/Binaries/Win64/UE4Editor-MediaCompositing.dll (API version 3944462).
LogModuleManager: Display: Found up-to-date module file ../../../Engine/Plugins/Media/MediaCompositing/Binaries/Win64/UE4Editor-MediaCompositingEditor.dll (API version 3944462).
LogModuleManager: Display: Found up-to-date module file ../../../Engine/Plugins/Media/MediaPlayerEditor/Binaries/Win64/UE4Editor-MediaPlayerEditor.dll (API version 3944462).
LogModuleManager: Display: Found up-to-date module file ../../../Engine/Plugins/Media/WmfMedia/Binaries/Win64/UE4Editor-WmfMedia.dll (API version 3944462).
LogModuleManager: Display: Found up-to-date module file ../../../Engine/Plugins/Media/WmfMedia/Binaries/Win64/UE4Editor-WmfMediaEditor.dll (API version 3944462).
LogModuleManager: Display: Found up-to-date module file ../../../Engine/Plugins/Media/WmfMedia/Binaries/Win64/UE4Editor-WmfMediaFactory.dll (API version 3944462).
LogModuleManager: Display: Found up-to-date module file ../../../Engine/Plugins/Media/WmfMedia/Binaries/Win64/UE4Editor-WmfMediaFactory.dll (API version 3944462).
LogModuleManager: Display: Found up-to-date module file ../../../Engine/Plugins/Messaging/TcpMessaging/Binaries/Win64/UE4Editor-TcpMessaging.dll (API version 3944462).
LogModuleManager: Display: Found up-to-date module file ../../../Engine/Plugins/Messaging/UdpMessaging/Binaries/Win64/UE4Editor-UdpMessaging.dll (API version 3944462).
LogModuleManager: Display: Found up-to-date module file ../../../Engine/Plugins/MovieScene/ActorSequence/Binaries/Win64/UE4Editor-ActorSequence.dll (API version 3944462).
LogModuleManager: Display: Found up-to-date module file ../../../Engine/Plugins/MovieScene/LevelSequenceEditor/Binaries/Win64/UE4Editor-LevelSequenceEditor.dll (API version 3944462).
LogModuleManager: Display: Found up-to-date module file ../../../Engine/Plugins/MovieScene/MatineeToLevelSequence/Binaries/Win64/UE4Editor-MatineeToLevelSequence.dll (API version 3944462).
LogModuleManager: Display: Found up-to-date module file ../../../Engine/Plugins/NetcodeUnitTest/NetcodeUnitTest/Binaries/Win64/UE4Editor-NetcodeUnitTest.dll (API version 3944462).
LogModuleManager: Display: Found up-to-date module file ../../../Engine/Plugins/NetcodeUnitTest/NUTUnrealEngine4/Binaries/Win64/UE4Editor-NUTUnrealEngine4.dll (API version 3944462).
LogModuleManager: Display: Found up-to-date module file ../../../Engine/Plugins/Online/OnlineSubsystem/Binaries/Win64/UE4Editor-OnlineSubsystem.dll (API version 3944462).
LogModuleManager: Display: Found up-to-date module file ../../../Engine/Plugins/Online/OnlineSubsystemNull/Binaries/Win64/UE4Editor-OnlineSubsystemNull.dll (API version 3944462).
LogModuleManager: Display: Found up-to-date module file ../../../Engine/Plugins/Online/OnlineSubsystemUtils/Binaries/Win64/UE4Editor-OnlineSubsystemUtils.dll (API version 3944462).
LogModuleManager: Display: Found up-to-date module file ../../../Engine/Plugins/Online/OnlineSubsystemUtils/Binaries/Win64/UE4Editor-OnlineBlueprintSupport.dll (API version 3944462).
LogModuleManager: Display: Found up-to-date module file ../../../Engine/Plugins/Runtime/AndroidDeviceProfileSelector/Binaries/Win64/UE4Editor-AndroidDeviceProfileSelector.dll (API version 3944462).
LogModuleManager: Display: Found up-to-date module file ../../../Engine/Plugins/Runtime/AndroidPermission/Binaries/Win64/UE4Editor-AndroidPermission.dll (API version 3944462).
LogModuleManager: Display: Found up-to-date module file ../../../Engine/Plugins/Runtime/AppleARKit/Binaries/Win64/UE4Editor-AppleARKit.dll (API version 3944462).
LogModuleManager: Display: Found up-to-date module file ../../../Engine/Plugins/Runtime/ArchVisCharacter/Binaries/Win64/UE4Editor-ArchVisCharacter.dll (API version 3944462).
LogModuleManager: Display: Found up-to-date module file ../../../Engine/Plugins/Runtime/AudioCapture/Binaries/Win64/UE4Editor-AudioCapture.dll (API version 3944462).
LogModuleManager: Display: Found up-to-date module file ../../../Engine/Plugins/Runtime/AudioCapture/Binaries/Win64/UE4Editor-AudioCaptureEditor.dll (API version 3944462).
LogModuleManager: Display: Found up-to-date module file ../../../Engine/Plugins/Runtime/CableComponent/Binaries/Win64/UE4Editor-CableComponent.dll (API version 3944462).
LogModuleManager: Display: Found up-to-date module file ../../../Engine/Plugins/Runtime/CustomMeshComponent/Binaries/Win64/UE4Editor-CustomMeshComponent.dll (API version 3944462).
LogModuleManager: Display: Found up-to-date module file ../../../Engine/Plugins/Runtime/ExampleDeviceProfileSelector/Binaries/Win64/UE4Editor-ExampleDeviceProfileSelector.dll (API version 3944462).
LogModuleManager: Display: Found up-to-date module file ../../../Engine/Plugins/Runtime/ImmediatePhysics/Binaries/Win64/UE4Editor-ImmediatePhysics.dll (API version 3944462).
LogModuleManager: Display: Found up-to-date module file ../../../Engine/Plugins/Runtime/ImmediatePhysics/Binaries/Win64/UE4Editor-ImmediatePhysicsEditor.dll (API version 3944462).
LogModuleManager: Display: Found up-to-date module file ../../../Engine/Plugins/Runtime/LocationServicesBPLibrary/Binaries/Win64/UE4Editor-LocationServicesBPLibrary.dll (API version 3944462).
LogModuleManager: Display: Found up-to-date module file ../../../Engine/Plugins/Runtime/MobilePatchingUtils/Binaries/Win64/UE4Editor-MobilePatchingUtils.dll (API version 3944462).
LogModuleManager: Display: Found up-to-date module file ../../../Engine/Plugins/Runtime/Oculus/OculusVR/Binaries/Win64/UE4Editor-OculusHMD.dll (API version 3944462).
LogModuleManager: Display: Found up-to-date module file ../../../Engine/Plugins/Runtime/Oculus/OculusVR/Binaries/Win64/UE4Editor-OculusInput.dll (API version 3944462).
LogModuleManager: Display: Found up-to-date module file ../../../Engine/Plugins/Runtime/Oculus/OculusVR/Binaries/Win64/UE4Editor-OculusEditor.dll (API version 3944462).
LogModuleManager: Display: Found up-to-date module file ../../../Engine/Plugins/Runtime/PhysXVehicles/Binaries/Win64/UE4Editor-PhysXVehicles.dll (API version 3944462).
LogModuleManager: Display: Found up-to-date module file ../../../Engine/Plugins/Runtime/PhysXVehicles/Binaries/Win64/UE4Editor-PhysXVehiclesEditor.dll (API version 3944462).
LogModuleManager: Display: Found up-to-date module file ../../../Engine/Plugins/Runtime/ProceduralMeshComponent/Binaries/Win64/UE4Editor-ProceduralMeshComponent.dll (API version 3944462).
LogModuleManager: Display: Found up-to-date module file ../../../Engine/Plugins/Runtime/ProceduralMeshComponent/Binaries/Win64/UE4Editor-ProceduralMeshComponentEditor.dll (API version 3944462).
LogModuleManager: Display: Found up-to-date module file ../../../Engine/Plugins/Runtime/RuntimePhysXCooking/Binaries/Win64/UE4Editor-RuntimePhysXCooking.dll (API version 3944462).
LogModuleManager: Display: Found up-to-date module file ../../../Engine/Plugins/Runtime/Steam/SteamVR/Binaries/Win64/UE4Editor-SteamVR.dll (API version 3944462).
LogModuleManager: Display: Found up-to-date module file ../../../Engine/Plugins/Runtime/Steam/SteamVR/Binaries/Win64/UE4Editor-SteamVRController.dll (API version 3944462).
LogModuleManager: Display: Found up-to-date module file ../../../Engine/Plugins/Runtime/WindowsMoviePlayer/Binaries/Win64/UE4Editor-WindowsMoviePlayer.dll (API version 3944462).
LogInit: Using libcurl 7.47.1
LogInit:  - built for x86_64-pc-win32
LogInit:  - supports SSL with OpenSSL/1.0.2g
LogInit:  - supports HTTP deflate (compression) using libz 1.2.8
LogInit:  - other features:
LogInit:      CURL_VERSION_SSL
LogInit:      CURL_VERSION_LIBZ
LogInit:      CURL_VERSION_IPV6
LogInit:      CURL_VERSION_ASYNCHDNS
LogInit:      CURL_VERSION_LARGEFILE
LogInit:      CURL_VERSION_IDN
LogInit:  CurlRequestOptions (configurable via config and command line):
LogInit:  - bVerifyPeer = false  - Libcurl will NOT verify peer certificate
LogInit:  - bUseHttpProxy = false  - Libcurl will NOT use HTTP proxy
LogInit:  - bDontReuseConnections = false  - Libcurl will reuse connections
LogInit:  - CertBundlePath = nullptr  - Libcurl will use whatever was configured at build time.
LogInit:  - MaxHostConnections = 16  - Libcurl will limit the number of connections to a host
LogInit:  - LocalHostAddr = Default
LogInit: WinSock: version 1.1 (2.2), MaxSocks=32767, MaxUdp=65467
LogInit: WinSock: I am Mattys-PC (192.168.0.12:0)
LogInit: Build: ++UE4+Release-4.19-CL-3989454
LogInit: Engine Version: 4.19.1-3989454+++UE4+Release-4.19
LogInit: Compatible Engine Version: 4.19.0-3944462+++UE4+Release-4.19
LogInit: Net CL: 3944462
LogDevObjectVersion: Number of dev versions registered: 18
LogDevObjectVersion:   Dev-Blueprints (B0D832E4-1F89-4F0D-ACCF-7EB736FD4AA2): 10
LogDevObjectVersion:   Dev-Build (E1C64328-A22C-4D53-A36C-8E866417BD8C): 0
LogDevObjectVersion:   Dev-Core (375EC13C-06E4-48FB-B500-84F0262A717E): 2
LogDevObjectVersion:   Dev-Editor (E4B068ED-F494-42E9-A231-DA0B2E46BB41): 23
LogDevObjectVersion:   Dev-Framework (CFFC743F-43B0-4480-9391-14DF171D2073): 33
LogDevObjectVersion:   Dev-Mobile (B02B49B5-BB20-44E9-A304-32B752E40360): 2
LogDevObjectVersion:   Dev-Networking (A4E4105C-59A1-49B5-A7C5-40C4547EDFEE): 0
LogDevObjectVersion:   Dev-Online (39C831C9-5AE6-47DC-9A44-9C173E1C8E7C): 0
LogDevObjectVersion:   Dev-Physics (78F01B33-EBEA-4F98-B9B4-84EACCB95AA2): 0
LogDevObjectVersion:   Dev-Platform (6631380F-2D4D-43E0-8009-CF276956A95A): 0
LogDevObjectVersion:   Dev-Rendering (12F88B9F-8875-4AFC-A67C-D90C383ABD29): 25
LogDevObjectVersion:   Dev-Sequencer (7B5AE74C-D270-4C10-A958-57980B212A5A): 6
LogDevObjectVersion:   Dev-VR (D7296918-1DD6-4BDD-9DE2-64A83CC13884): 1
LogDevObjectVersion:   Dev-LoadTimes (C2A15278-BFE7-4AFE-6C17-90FF531DF755): 1
LogDevObjectVersion:   Private-Geometry (6EACA3D4-40EC-4CC1-B786-8BED09428FC5): 2
LogDevObjectVersion:   Dev-AnimPhys (29E575DD-E0A3-4627-9D10-D276232CDCEA): 16
LogDevObjectVersion:   Dev-ReflectionCapture (6B266CEC-1EC7-4B8F-A30B-E4D90942FC07): 1
LogDevObjectVersion:   Dev-Automation (0DF73D61-A23F-47EA-B727-89E90C41499A): 1
LogInit: Compiled (64-bit): Apr  6 2018 12:26:04
LogInit: Compiled with Visual C++: 19.00.24215.01
LogInit: Build Configuration: Development
LogInit: Branch Name: ++UE4+Release-4.19
LogInit: Command Line:  -skipcompile
LogInit: Base Directory: D:/Program Files/Epic Games/UE_4.19/Engine/Binaries/Win64/
LogInit: Installed Engine Build: 1
LogStreaming: Display: Took  0.003s to delete old logs.
LogInit: Presizing for max 8388607 objects, including 0 objects not considered by GC, pre-allocating 0 bytes for permanent pool.
LogInit: Object subsystem initialized
[2018.04.14-21.03.54:948][  0]LogInit: Selected Device Profile: [Windows]
[2018.04.14-21.03.54:948][  0]LogInit: Applying CVar settings loaded from the selected device profile: [Windows]
[2018.04.14-21.03.54:969][  0]LogInit: Computer: MATTYS-PC
[2018.04.14-21.03.54:969][  0]LogInit: User: Matthew
[2018.04.14-21.03.54:969][  0]LogInit: CPU Page size=4096, Cores=4
[2018.04.14-21.03.54:969][  0]LogInit: High frequency timer resolution =3.312641 MHz
[2018.04.14-21.03.54:969][  0]LogMemory: Memory total: Physical=7.9GB (8GB approx)
[2018.04.14-21.03.54:969][  0]LogMemory: Platform Memory Stats for Windows
[2018.04.14-21.03.54:969][  0]LogMemory: Process Physical Memory: 273.79 MB used, 273.79 MB peak
[2018.04.14-21.03.54:969][  0]LogMemory: Process Virtual Memory: 261.90 MB used, 261.90 MB peak
[2018.04.14-21.03.54:970][  0]LogMemory: Physical Memory: 5078.45 MB used,  3001.70 MB free, 8080.15 MB total
[2018.04.14-21.03.54:970][  0]LogMemory: Virtual Memory: 679.41 MB used,  3001.70 MB free, 134217728.00 MB total
[2018.04.14-21.03.55:015][  0]LogInit: Using OS detected language (en-GB).
[2018.04.14-21.03.55:015][  0]LogInit: Using OS detected locale (en-GB).
[2018.04.14-21.03.55:019][  0]LogTextLocalizationManager: No specific localization for 'en-GB' exists, so the 'en' localization will be used.
[2018.04.14-21.03.55:432][  0]LogStreaming: Display: Took  0.417s to EndInitTextLocalization.
[2018.04.14-21.03.55:432][  0]LogInit: Setting process to per monitor DPI aware
[2018.04.14-21.03.55:487][  0]LogSlate: New Slate User Created.  User Index 0, Is Virtual User: 0
[2018.04.14-21.03.55:487][  0]LogSlate: Slate User Registered.  User Index 0, Is Virtual User: 0
[2018.04.14-21.03.55:760][  0]LogD3D11RHI: D3D11 adapters:
[2018.04.14-21.03.55:813][  0]LogD3D11RHI:    0. 'NVIDIA GeForce GTX 770' (Feature Level 11_0)
[2018.04.14-21.03.55:813][  0]LogD3D11RHI:       2017/0/4040 MB DedicatedVideo/DedicatedSystem/SharedSystem, Outputs:2, VendorId:0x10de
[2018.04.14-21.03.55:829][  0]LogD3D11RHI:    1. 'Intel(R) HD Graphics 4600' (Feature Level 11_0)
[2018.04.14-21.03.55:830][  0]LogD3D11RHI:       112/0/2048 MB DedicatedVideo/DedicatedSystem/SharedSystem, Outputs:0, VendorId:0x8086
[2018.04.14-21.03.55:837][  0]LogD3D11RHI:    2. 'Microsoft Basic Render Driver' (Feature Level 11_0)
[2018.04.14-21.03.55:837][  0]LogD3D11RHI:       0/0/4040 MB DedicatedVideo/DedicatedSystem/SharedSystem, Outputs:0, VendorId:0x1414
[2018.04.14-21.03.55:837][  0]LogD3D11RHI: Chosen D3D11 Adapter: 0
[2018.04.14-21.03.55:842][  0]LogD3D11RHI: Creating new Direct3DDevice
[2018.04.14-21.03.55:842][  0]LogD3D11RHI:     GPU DeviceId: 0x1184 (for the marketing name, search the web for "GPU Device Id")
[2018.04.14-21.03.55:842][  0]LogWindows: EnumDisplayDevices:
[2018.04.14-21.03.55:842][  0]LogWindows:    0. 'NVIDIA GeForce GTX 770' (P:0 D:1)
[2018.04.14-21.03.55:843][  0]LogWindows:    1. 'NVIDIA GeForce GTX 770' (P:1 D:1)
[2018.04.14-21.03.55:843][  0]LogWindows:    2. 'NVIDIA GeForce GTX 770' (P:0 D:0)
[2018.04.14-21.03.55:843][  0]LogWindows:    3. 'NVIDIA GeForce GTX 770' (P:0 D:0)
[2018.04.14-21.03.55:843][  0]LogWindows:    4. 'Intel(R) HD Graphics 4600' (P:0 D:0)
[2018.04.14-21.03.55:843][  0]LogWindows:    5. 'Intel(R) HD Graphics 4600' (P:0 D:0)
[2018.04.14-21.03.55:844][  0]LogWindows:    6. 'Intel(R) HD Graphics 4600' (P:0 D:0)
[2018.04.14-21.03.55:844][  0]LogWindows: DebugString: GetVideoDriverDetailsInvalid PrimaryIsNotTheChoosenAdapter GetVideoDriverDetailsInvalid PrimaryIsNotTheChoosenAdapter GetVideoDriverDetailsInvalid PrimaryIsNotTheChoosenAdapter GetVideoDriverDetailsInvalid PrimaryIsNotTheChoosenAdapter GetVideoDriverDetailsInvalid PrimaryIsNotTheChoosenAdapter GetVideoDriverDetailsInvalid PrimaryIsNotTheChoosenAdapter GetVideoDriverDetailsInvalid PrimaryIsNotTheChoosenAdapter FoundDriverCount:0 
[2018.04.14-21.03.55:844][  0]LogD3D11RHI:     Adapter Name: NVIDIA GeForce GTX 770
[2018.04.14-21.03.55:844][  0]LogD3D11RHI:   Driver Version: Unknown (internal:Unknown, unified:Unknown)
[2018.04.14-21.03.55:844][  0]LogD3D11RHI:      Driver Date: Unknown
[2018.04.14-21.03.55:844][  0]LogRHI: Texture pool is 1412 MB (70% of 2017 MB)
[2018.04.14-21.03.55:870][  0]LogD3D11RHI: [Aftermath] Aftermath enabled and primed
[2018.04.14-21.03.55:870][  0]LogD3D11RHI: [Aftermath] Aftermath enabled and primed
[2018.04.14-21.03.55:870][  0]LogD3D11RHI: Async texture creation enabled
[2018.04.14-21.03.55:882][  0]LogD3D11RHI: GPU Timing Frequency: 1000.000000 (Debug: 2 1)
[2018.04.14-21.03.55:932][  0]LogShaderCompilers: Guid format shader working directory is -50 characters bigger than the processId version (../../../../../../Users/Matthew/Documents/Tilly's Unreal Adventure/TillysAdventure/TillysAdventure/Intermediate/Shaders/WorkingDirectory/3640/).
[2018.04.14-21.03.55:932][  0]LogShaderCompilers: Cleaned the shader compiler working directory 'C:/Users/Matthew/AppData/Local/Temp/UnrealShaderWorkingDir/AC9D989243552F42BA6374876D63D47A/'.
[2018.04.14-21.03.56:144][  0]LogTemp: Display: Loaded TP AllDesktopTargetPlatform
[2018.04.14-21.03.56:159][  0]LogTemp: Display: Loaded TP MacClientTargetPlatform
[2018.04.14-21.03.56:174][  0]LogTemp: Display: Loaded TP MacNoEditorTargetPlatform
[2018.04.14-21.03.56:190][  0]LogTemp: Display: Loaded TP MacServerTargetPlatform
[2018.04.14-21.03.56:206][  0]LogTemp: Display: Loaded TP MacTargetPlatform
[2018.04.14-21.03.56:221][  0]LogTemp: Display: Loaded TP WindowsClientTargetPlatform
[2018.04.14-21.03.56:236][  0]LogTemp: Display: Loaded TP WindowsNoEditorTargetPlatform
[2018.04.14-21.03.56:251][  0]LogTemp: Display: Loaded TP WindowsServerTargetPlatform
[2018.04.14-21.03.56:259][  0]LogTemp: Display: Loaded TP WindowsTargetPlatform
[2018.04.14-21.03.56:274][  0]LogTemp: Display: Loaded TP Android_ASTCTargetPlatform
[2018.04.14-21.03.56:290][  0]LogTemp: Display: Loaded TP Android_ATCTargetPlatform
[2018.04.14-21.03.56:303][  0]LogTemp: Display: Loaded TP Android_DXTTargetPlatform
[2018.04.14-21.03.56:317][  0]LogTemp: Display: Loaded TP Android_ETC1aTargetPlatform
[2018.04.14-21.03.56:331][  0]LogTemp: Display: Loaded TP Android_ETC1TargetPlatform
[2018.04.14-21.03.56:345][  0]LogTemp: Display: Loaded TP Android_ETC2TargetPlatform
[2018.04.14-21.03.56:374][  0]LogTemp: Display: Loaded TP Android_MultiTargetPlatform
[2018.04.14-21.03.56:374][  0]LogTemp: Display: Loaded TP Android_PVRTCTargetPlatform
[2018.04.14-21.03.56:387][  0]LogTemp: Display: Loaded TP AndroidTargetPlatform
[2018.04.14-21.03.56:391][  0]LogTemp: Display: Loaded TP HTML5TargetPlatform
[2018.04.14-21.03.56:436][  0]LogTemp: Display: Loaded TP IOSTargetPlatform
[2018.04.14-21.03.56:449][  0]LogTemp: Display: Loaded TP TVOSTargetPlatform
[2018.04.14-21.03.56:464][  0]LogTemp: Display: Loaded TP LinuxClientTargetPlatform
[2018.04.14-21.03.56:478][  0]LogTemp: Display: Loaded TP LinuxNoEditorTargetPlatform
[2018.04.14-21.03.56:492][  0]LogTemp: Display: Loaded TP LinuxServerTargetPlatform
[2018.04.14-21.03.56:509][  0]LogTemp: Display: Loaded TP LinuxTargetPlatform
[2018.04.14-21.03.56:509][  0]LogTargetPlatformManager: Display: Building Assets For Windows
[2018.04.14-21.03.56:680][  0]LogXGEController: Cleaning working directory: C:/Users/Matthew/AppData/Local/Temp/UnrealXGEWorkingDir/
[2018.04.14-21.03.56:680][  0]LogXGEController: Cannot use XGE Controller as Incredibuild is not installed on this machine.
[2018.04.14-21.03.56:680][  0]LogShaderCompilers: Cannot use XGE Shader Compiler as Incredibuild is not installed on this machine.
[2018.04.14-21.03.56:680][  0]LogShaderCompilers: Display: Using Local Shader Compiler.
[2018.04.14-21.03.57:445][  0]LogDerivedDataCache: Display: Max Cache Size: 512 MB
[2018.04.14-21.03.57:509][  0]LogDerivedDataCache: Loaded boot cache 0.06s 74MB C:/Users/Matthew/AppData/Local/UnrealEngine/4.19/DerivedDataCache/Boot.ddc.
[2018.04.14-21.03.57:509][  0]LogDerivedDataCache: Display: Loaded Boot cache: C:/Users/Matthew/AppData/Local/UnrealEngine/4.19/DerivedDataCache/Boot.ddc
[2018.04.14-21.03.57:509][  0]LogDerivedDataCache: FDerivedDataBackendGraph:  Pak pak cache file ../../../../../../Users/Matthew/Documents/Tilly's Unreal Adventure/TillysAdventure/TillysAdventure/DerivedDataCache/DDC.ddp not found, will not use a pak cache.
[2018.04.14-21.03.57:509][  0]LogDerivedDataCache: Unable to find inner node Pak for hierarchical cache Hierarchy.
[2018.04.14-21.03.57:509][  0]LogDerivedDataCache: FDerivedDataBackendGraph:  CompressedPak pak cache file ../../../../../../Users/Matthew/Documents/Tilly's Unreal Adventure/TillysAdventure/TillysAdventure/DerivedDataCache/Compressed.ddp not found, will not use a pak cache.
[2018.04.14-21.03.57:509][  0]LogDerivedDataCache: Unable to find inner node CompressedPak for hierarchical cache Hierarchy.
[2018.04.14-21.03.57:525][  0]LogDerivedDataCache: Display: Pak cache opened for reading ../../../Engine/DerivedDataCache/Compressed.ddp.
[2018.04.14-21.03.57:537][  0]LogDerivedDataCache: Using Local data cache path C:/Users/Matthew/AppData/Local/UnrealEngine/Common/DerivedDataCache: Writable
[2018.04.14-21.03.57:549][  0]LogMaterial: Verifying Global Shaders for PCD3D_SM5
[2018.04.14-21.03.57:549][  0]LogSlate: Using Freetype 2.6.0
[2018.04.14-21.03.57:550][  0]LogSlate: SlateFontCache - WITH_FREETYPE: 1, WITH_HARFBUZZ: 1
[2018.04.14-21.03.57:550][  0]LogSlate: SlateFontCache - WITH_FREETYPE: 1, WITH_HARFBUZZ: 1
[2018.04.14-21.03.57:715][  0]LogAssetRegistry: FAssetRegistry took 0.0280 seconds to start up
[2018.04.14-21.03.58:037][  0]LogInit: Selected Device Profile: [Windows]
[2018.04.14-21.03.58:209][  0]LogSimplygon: Simplygon DLL not present - disabling.
[2018.04.14-21.03.58:214][  0]LogMeshReduction: Using SimplygonSwarm for distributed automatic mesh merging
[2018.04.14-21.03.58:214][  0]LogMeshReduction: Using QuadricMeshReduction for automatic static mesh reduction
[2018.04.14-21.03.58:214][  0]LogMeshReduction: No automatic skeletal mesh reduction module available
[2018.04.14-21.03.58:215][  0]LogMeshReduction: No automatic mesh merging module available
[2018.04.14-21.03.58:215][  0]LogMeshMerging: No automatic mesh merging module available
[2018.04.14-21.03.58:255][  0]LogNetVersion: TillysAdventure , NetCL: 3944462, EngineNetVer: 2, GameNetVer: 0 (Checksum: 495776416)
[2018.04.14-21.03.58:715][  0]LogPackageLocalizationCache: Processed 9 localized package path(s) for 2 prioritized culture(s) in 0.091848 seconds
[2018.04.14-21.03.58:720][  0]LogUObjectArray: 36728 objects as part of root set at end of initial load.
[2018.04.14-21.03.58:720][  0]LogUObjectAllocator: 7314312 out of 0 bytes used by permanent object pool.
[2018.04.14-21.03.58:720][  0]LogUObjectArray: CloseDisregardForGC: 0/0 objects in disregard for GC pool
[2018.04.14-21.04.00:550][  0]LogTcpMessaging: Initializing TcpMessaging bridge
[2018.04.14-21.04.00:588][  0]LogUdpMessaging: Initializing bridge on interface 0.0.0.0:0 to multicast group 230.0.0.1:6666.
[2018.04.14-21.04.01:113][  0]SourceControl: Source control is disabled
[2018.04.14-21.04.01:113][  0]LogWindows: Warning: CreateProc failed: The system cannot find the file specified. (0x00000002)
[2018.04.14-21.04.01:114][  0]LogWindows: Warning: URL: C:/Program Files/Git/bin/git.exe version
[2018.04.14-21.04.01:114][  0]LogWindows: Warning: CreateProc failed: The system cannot find the file specified. (0x00000002)
[2018.04.14-21.04.01:114][  0]LogWindows: Warning: URL: C:/Program Files (x86)/Git/bin/git.exe version
[2018.04.14-21.04.01:114][  0]LogWindows: Warning: CreateProc failed: The system cannot find the file specified. (0x00000002)
[2018.04.14-21.04.01:114][  0]LogWindows: Warning: URL: C:\Users\Matthew\AppData\Local/Programs/Git/cmd/git.exe version
[2018.04.14-21.04.01:114][  0]LogWindows: Warning: CreateProc failed: The system cannot find the file specified. (0x00000002)
[2018.04.14-21.04.01:115][  0]LogWindows: Warning: URL: C:/Program Files (x86)/SmartGit/git/bin/git.exe version
[2018.04.14-21.04.01:115][  0]LogWindows: Warning: CreateProc failed: The system cannot find the file specified. (0x00000002)
[2018.04.14-21.04.01:115][  0]LogWindows: Warning: URL: C:/Program Files (x86)/SmartGit/bin/git.exe version
[2018.04.14-21.04.02:159][  0]LogAndroidPermission: UAndroidPermissionCallbackProxy::GetInstance
[2018.04.14-21.04.02:417][  0]LogOcInput: OculusInput pre-init called
[2018.04.14-21.04.02:549][  0]LogEngine: Initializing Engine...
[2018.04.14-21.04.02:560][  0]LogHMD: Failed to initialize OpenVR with code 105
[2018.04.14-21.04.02:561][  0]LogStats: UGameplayTagsManager::ConstructGameplayTagTree: Construct from data asset -  0.000 s
[2018.04.14-21.04.02:561][  0]LogStats: UGameplayTagsManager::ConstructGameplayTagTree: GameplayTagTreeChangedEvent.Broadcast -  0.000 s
[2018.04.14-21.04.02:780][  0]LogAIModule: Creating AISystem for world Untitled
[2018.04.14-21.04.02:793][  0]LogInit: XAudio2 using 'Speakers (Realtek High Definition Audio)' : 2 channels at 48 kHz using 32 bits per sample (channel mask 0x3)
[2018.04.14-21.04.02:808][  0]LogInit: FAudioDevice initialized.
[2018.04.14-21.04.02:891][  0]LogDerivedDataCache: Saved boot cache 0.08s 74MB C:/Users/Matthew/AppData/Local/UnrealEngine/4.19/DerivedDataCache/Boot.ddc.
[2018.04.14-21.04.02:906][  0]LogInit: Texture streaming: Enabled
[2018.04.14-21.04.02:928][  0]LogEngineSessionManager: EngineSessionManager initialized
[2018.04.14-21.04.02:928][  0]LogEngineSessionManager: EngineSessionManager sent abnormal shutdown report. Type=Debugger, SessionId={C5CD54F3-4D64-84BE-5E8C-E896C5445F10}
[2018.04.14-21.04.02:937][  0]LogInit: Transaction tracking system initialized
[2018.04.14-21.04.02:968][  0]BlueprintLog: New page: Editor Load
[2018.04.14-21.04.03:079][  0]LocalizationService: Localization service is disabled
[2018.04.14-21.04.03:218][  0]LogConsoleResponse: Display: 
[2018.04.14-21.04.03:372][  0]LogCook: Display: Max memory allowance for cook 16384mb min free memory 0mb
[2018.04.14-21.04.03:372][  0]LogCook: Display: Mobile HDR setting 1
[2018.04.14-21.04.03:372][  0]LogGameplayTags: Display: UGameplayTagsManager::DoneAddingNativeTags. DelegateIsBound: 0
[2018.04.14-21.04.03:372][  0]LogStats: UGameplayTagsManager::ConstructGameplayTagTree: Construct from data asset -  0.000 s
[2018.04.14-21.04.03:372][  0]LogStats: UGameplayTagsManager::ConstructGameplayTagTree: GameplayTagTreeChangedEvent.Broadcast -  0.000 s
[2018.04.14-21.04.03:800][  0]LogFileCache: Scanning file cache for directory 'D:/Users/Matthew/Documents/Tilly's Unreal Adventure/TillysAdventure/TillysAdventure/Content/' took 0.01s
[2018.04.14-21.04.03:868][  0]Cmd: MAP LOAD FILE="../../../Engine/Content/Maps/Templates/Template_Default.umap" TEMPLATE=1 SHOWPROGRESS=1 FEATURELEVEL=3
[2018.04.14-21.04.03:869][  0]LightingResults: New page: Lighting Build
[2018.04.14-21.04.03:871][  0]MapCheck: New page: Map Check
[2018.04.14-21.04.03:871][  0]LightingResults: New page: Lighting Build
[2018.04.14-21.04.04:055][  0]LogAIModule: Creating AISystem for world Untitled_1
[2018.04.14-21.04.04:066][  0]LogEditorServer: Finished looking for orphan Actors (0.000 secs)
[2018.04.14-21.04.04:077][  0]Cmd: MAP CHECKDEP NOCLEARLOG
[2018.04.14-21.04.04:167][  0]MapCheck: Map check complete: 0 Error(s), 0 Warning(s), took 89.094ms to complete.
[2018.04.14-21.04.04:167][  0]LogFileHelpers: Loading map 'Template_Default' took 0.299
[2018.04.14-21.04.04:319][  0]LogCollectionManager: Loaded 0 collections in 0.001413 seconds
[2018.04.14-21.04.04:375][  0]LogFileCache: Scanning file cache for directory 'D:/Users/Matthew/Documents/Tilly's Unreal Adventure/TillysAdventure/TillysAdventure/Saved/Collections/' took 0.01s
[2018.04.14-21.04.04:375][  0]LogFileCache: Scanning file cache for directory 'D:/Users/Matthew/Documents/Tilly's Unreal Adventure/TillysAdventure/TillysAdventure/Content/Developers/Matthew/Collections/' took 0.02s
[2018.04.14-21.04.04:376][  0]LogFileCache: Scanning file cache for directory 'D:/Users/Matthew/Documents/Tilly's Unreal Adventure/TillysAdventure/TillysAdventure/Content/Collections/' took 0.01s
[2018.04.14-21.04.04:376][  0]LogCollectionManager: Rebuilt the GUID cache for 0 collections in 0.000000 seconds
[2018.04.14-21.04.04:385][  0]LogContentBrowser: Native class hierarchy populated in 0.0094 seconds. Added 2454 classes and 560 folders.
[2018.04.14-21.04.04:392][  0]LogContentBrowser: Native class hierarchy updated for 'WidgetCarousel' in 0.0009 seconds. Added 0 classes and 0 folders.
[2018.04.14-21.04.04:455][  0]LogContentBrowser: Native class hierarchy updated for 'AddContentDialog' in 0.0009 seconds. Added 0 classes and 0 folders.
[2018.04.14-21.04.04:464][  0]LogContentBrowser: Native class hierarchy updated for 'SceneOutliner' in 0.0010 seconds. Added 1 classes and 2 folders.
[2018.04.14-21.04.04:527][  0]LogSlate: Took 0.000327 seconds to synchronously load lazily loaded font '../../../Engine/Content/Slate/Fonts/Roboto-Regular.ttf' (155K)
[2018.04.14-21.04.04:535][  0]LogSlate: Took 0.000205 seconds to synchronously load lazily loaded font '../../../Engine/Content/Slate/Fonts/Roboto-Bold.ttf' (160K)
[2018.04.14-21.04.04:541][  0]LogSlate: Took 0.000221 seconds to synchronously load lazily loaded font '../../../Engine/Content/Editor/Slate/Fonts/FontAwesome.ttf' (139K)
[2018.04.14-21.04.04:637][  0]LogRenderer: Reallocating scene render targets to support 1208x576 Format 10 NumSamples 1 (Frame:1).
[2018.04.14-21.04.04:810][  0]LogContentBrowser: Native class hierarchy updated for 'HierarchicalLODOutliner' in 0.0009 seconds. Added 0 classes and 0 folders.
[2018.04.14-21.04.04:810][  0]LogLoad: (Engine Initialization) Total time: 13.80 seconds
[2018.04.14-21.04.04:810][  0]LogLoad: (Engine Initialization) Total Blueprint compile time: 0.00 seconds
[2018.04.14-21.04.04:819][  0]LogWindowsTextInputMethodSystem: Display: IME system now deactivated.
[2018.04.14-21.04.04:837][  0]LogAssetRegistry: Asset discovery search completed in 7.1446 seconds
[2018.04.14-21.04.04:838][  0]LogCollectionManager: Rebuilt the object cache for 0 collections in 0.000000 seconds (found 0 objects)
[2018.04.14-21.04.04:838][  0]LogCollectionManager: Fixed up redirectors for 0 collections in 0.000116 seconds (updated 0 objects)
[2018.04.14-21.04.04:841][  0]LogContentStreaming: Texture pool size now 1000 MB
[2018.04.14-21.04.10:679][677]LogSlate: FSceneViewport::OnFocusLost() reason 0
[2018.04.14-21.04.10:796][691]LogTemp: Repeating last play command: Selected Viewport
[2018.04.14-21.04.10:810][691]LogPlayLevel: PlayLevel: No blueprints needed recompiling
[2018.04.14-21.04.10:811][691]PIE: New page: PIE session: Untitled_1 (14 Apr 2018 23:04:10)
[2018.04.14-21.04.10:812][691]LogPlayLevel: Creating play world package: /Temp/UEDPIE_0_Untitled_1
[2018.04.14-21.04.10:815][691]LogPlayLevel: PIE: StaticDuplicateObject took: (0.002498s)
[2018.04.14-21.04.10:815][691]LogAIModule: Creating AISystem for world Untitled_1
[2018.04.14-21.04.10:816][691]LogPlayLevel: PIE: World Init took: (0.000761s)
[2018.04.14-21.04.10:816][691]LogPlayLevel: PIE: Created PIE world by copying editor world from /Temp/Untitled_1.Untitled_1 to /Temp/UEDPIE_0_Untitled_1.Untitled_1 (0.004122s)
[2018.04.14-21.04.10:833][691]LogInit: XAudio2 using 'Speakers (Realtek High Definition Audio)' : 2 channels at 48 kHz using 32 bits per sample (channel mask 0x3)
[2018.04.14-21.04.10:845][691]LogInit: FAudioDevice initialized.
[2018.04.14-21.04.10:892][691]LogLoad: Game class is 'GameModeBase'
[2018.04.14-21.04.10:894][691]LogWorld: Bringing World /Temp/UEDPIE_0_Untitled_1.Untitled_1 up for play (max tick rate 0) at 2018.04.14-22.04.10
[2018.04.14-21.04.10:894][691]LogWorld: Bringing up level for play took: 0.000939
[2018.04.14-21.04.10:898][691]LogContentBrowser: Native class hierarchy updated for 'MovieSceneCapture' in 0.0010 seconds. Added 11 classes and 0 folders.
[2018.04.14-21.04.10:899][691]PIE: Play in editor start time for /Temp/UEDPIE_0_Untitled_1 -0.726
[2018.04.14-21.04.21:223][914]LogSlate: Took 0.000257 seconds to synchronously load lazily loaded font '../../../Engine/Content/Slate/Fonts/Roboto-Light.ttf' (167K)
[2018.04.14-21.04.21:224][914]LogSlate: FSceneViewport::OnFocusLost() reason 2
[2018.04.14-21.04.21:254][914]LogSlate: FSceneViewport::OnFocusLost() reason 2
[2018.04.14-21.04.23:155][139]LogSlate: Prevented a slow task dialog from being summoned while a context menu was open
[2018.04.14-21.04.23:249][147]SourceControl: fatal: /Temp: '/Temp' is outside repository
[2018.04.14-21.04.24:523][299]LogSlate: FSceneViewport::OnFocusLost() reason 0
[2018.04.14-21.04.24:672][309]SourceControl: fatal: /Temp: '/Temp' is outside repository
[2018.04.14-21.04.24:688][309]LogSlate: FSceneViewport::OnFocusLost() reason 2
[2018.04.14-21.04.24:717][309]LogSlate: Took 0.000161 seconds to synchronously load lazily loaded font '../../../Engine/Content/Slate/Fonts/Roboto-Light.ttf' (167K)
[2018.04.14-21.04.29:747][309]LogTextFormatter: Warning: Failed to parse argument "ExistingAsset" as a number (using "0" as a fallback). Please check your format string for errors: "{ExistingAsset} already exists. Do you want to replace it?".
[2018.04.14-21.04.31:499][309]LogSlate: Window 'Message' being destroyed
[2018.04.14-21.04.31:506][309]LogSlate: Window 'Save Level As' being destroyed
[2018.04.14-21.04.31:615][309]LogSlate: FSceneViewport::OnFocusLost() reason 2
[2018.04.14-21.04.31:666][309]LogSavePackage: Save=23.72ms
[2018.04.14-21.04.31:666][309]LogSavePackage: Moving '../../../../../../Users/Matthew/Documents/Tilly's Unreal Adventure/TillysAdventure/TillysAdventure/Saved/MainLevel51EABEC14ACDB7A61CCDE4BE4FBF0CB9.tmp' to '../../../../../../Users/Matthew/Documents/Tilly's Unreal Adventure/TillysAdventure/TillysAdventure/Content/Blueprint/Level/MainLevel.umap'
[2018.04.14-21.04.31:671][309]LogSavePackage: Display: Finished SavePackage ../../../../../../Users/Matthew/Documents/Tilly's Unreal Adventure/TillysAdventure/TillysAdventure/Content/Blueprint/Level/MainLevel.umap
[2018.04.14-21.04.31:786][309]LogSavePackage: Save=12.14ms
[2018.04.14-21.04.31:786][309]LogSavePackage: Moving '../../../../../../Users/Matthew/Documents/Tilly's Unreal Adventure/TillysAdventure/TillysAdventure/Saved/MainLevel_BuiltData926881D3448EA525976BB39729290D5F.tmp' to '../../../../../../Users/Matthew/Documents/Tilly's Unreal Adventure/TillysAdventure/TillysAdventure/Content/Blueprint/Level/MainLevel_BuiltData.uasset'
[2018.04.14-21.04.31:788][309]LogSavePackage: Display: Finished SavePackage ../../../../../../Users/Matthew/Documents/Tilly's Unreal Adventure/TillysAdventure/TillysAdventure/Content/Blueprint/Level/MainLevel_BuiltData.uasset
[2018.04.14-21.04.31:790][309]LogFileHelpers: Saving map 'MainLevel' took 0.277
[2018.04.14-21.04.31:925][324]SourceControl: fatal: /Temp: '/Temp' is outside repository
[2018.04.14-21.04.33:716][539]LogTemp: Repeating last play command: Selected Viewport
[2018.04.14-21.04.33:731][539]LogPlayLevel: PlayLevel: No blueprints needed recompiling
[2018.04.14-21.04.33:732][539]PIE: New page: PIE session: MainLevel (14 Apr 2018 23:04:33)
[2018.04.14-21.04.33:732][539]LogPlayLevel: Creating play world package: /Game/Blueprint/Level/UEDPIE_0_MainLevel
[2018.04.14-21.04.33:733][539]LogPlayLevel: PIE: StaticDuplicateObject took: (0.001611s)
[2018.04.14-21.04.33:734][539]LogAIModule: Creating AISystem for world MainLevel
[2018.04.14-21.04.33:734][539]LogPlayLevel: PIE: World Init took: (0.000707s)
[2018.04.14-21.04.33:734][539]LogPlayLevel: PIE: Created PIE world by copying editor world from /Game/Blueprint/Level/MainLevel.MainLevel to /Game/Blueprint/Level/UEDPIE_0_MainLevel.MainLevel (0.002632s)
[2018.04.14-21.04.33:750][539]LogInit: XAudio2 using 'Speakers (Realtek High Definition Audio)' : 2 channels at 48 kHz using 32 bits per sample (channel mask 0x3)
[2018.04.14-21.04.33:761][539]LogInit: FAudioDevice initialized.
[2018.04.14-21.04.33:795][539]LogLoad: Game class is 'TA_GameModeBase_C'
[2018.04.14-21.04.33:796][539]LogWorld: Bringing World /Game/Blueprint/Level/UEDPIE_0_MainLevel.MainLevel up for play (max tick rate 0) at 2018.04.14-22.04.33
[2018.04.14-21.04.33:797][539]LogWorld: Bringing up level for play took: 0.000662
[2018.04.14-21.04.33:798][539]PIE: Play in editor start time for /Game/Blueprint/Level/UEDPIE_0_MainLevel 0.173
[2018.04.14-21.04.43:421][670]Cmd: SELECT NONE
[2018.04.14-21.04.51:233][593]LogSlate: FSceneViewport::OnFocusLost() reason 0
[2018.04.14-21.04.54:095][906]LogContentBrowser: Native class hierarchy updated for 'BlueprintGraph' in 0.0014 seconds. Added 116 classes and 0 folders.
[2018.04.14-21.05.04:832][ 50]LogSlate: Prevented a slow task dialog from being summoned while a context menu was open
[2018.04.14-21.05.10:346][657]LogSlate: Window 'TA_TillyPawn' being destroyed
[2018.04.14-21.05.10:415][657]LogSlate: FSceneViewport::OnFocusLost() reason 2
[2018.04.14-21.05.10:671][657]LogSlate: Took 0.000197 seconds to synchronously load lazily loaded font '../../../Engine/Content/Slate/Fonts/Roboto-BoldCondensed.ttf' (158K)
[2018.04.14-21.05.12:720][831]LogRenderer: Reallocating scene render targets to support 1208x900 Format 10 NumSamples 1 (Frame:1).
[2018.04.14-21.05.15:949][130]LogSlate: Took 0.000305 seconds to synchronously load lazily loaded font '../../../Engine/Content/Slate/Fonts/Roboto-Italic.ttf' (157K)
[2018.04.14-21.05.16:632][190]LogSlate: FSceneViewport::OnFocusLost() reason 2
[2018.04.14-21.05.31:497][557]LogSlate: FSceneViewport::OnFocusLost() reason 0
[2018.04.14-21.05.31:583][565]BlueprintLog: New page: Compile TA_TillyPawn
[2018.04.14-21.05.33:152][682]LogSlate: FSceneViewport::OnFocusLost() reason 2
[2018.04.14-21.05.33:196][682]LogSavePackage: Save=27.63ms
[2018.04.14-21.05.33:196][682]LogSavePackage: Moving '../../../../../../Users/Matthew/Documents/Tilly's Unreal Adventure/TillysAdventure/TillysAdventure/Saved/TA_TillyPawn360AF98A4AF350ABF958E0896DA2719F.tmp' to '../../../../../../Users/Matthew/Documents/Tilly's Unreal Adventure/TillysAdventure/TillysAdventure/Content/Blueprint/Pawns/TA_TillyPawn.uasset'
[2018.04.14-21.05.33:201][682]LogSavePackage: Display: Finished SavePackage ../../../../../../Users/Matthew/Documents/Tilly's Unreal Adventure/TillysAdventure/TillysAdventure/Content/Blueprint/Pawns/TA_TillyPawn.uasset
[2018.04.14-21.05.35:893][929]LogSlate: FSceneViewport::OnFocusLost() reason 0
[2018.04.14-21.05.42:394][517]BlueprintLog: New page: Compile TA_TillyPawn
[2018.04.14-21.05.43:561][600]LogSlate: FSceneViewport::OnFocusLost() reason 2
[2018.04.14-21.05.43:581][600]LogSavePackage: Save=11.64ms
[2018.04.14-21.05.43:581][600]LogSavePackage: Moving '../../../../../../Users/Matthew/Documents/Tilly's Unreal Adventure/TillysAdventure/TillysAdventure/Saved/TA_TillyPawn889BE3954D5411591F744F9FEEE43158.tmp' to '../../../../../../Users/Matthew/Documents/Tilly's Unreal Adventure/TillysAdventure/TillysAdventure/Content/Blueprint/Pawns/TA_TillyPawn.uasset'
[2018.04.14-21.05.43:585][600]LogSavePackage: Display: Finished SavePackage ../../../../../../Users/Matthew/Documents/Tilly's Unreal Adventure/TillysAdventure/TillysAdventure/Content/Blueprint/Pawns/TA_TillyPawn.uasset
[2018.04.14-21.05.52:392][421]LogSlate: FSceneViewport::OnFocusLost() reason 2
[2018.04.14-21.06.04:035][604]LogSlate: Window 'TA_TillyPawn' being destroyed
[2018.04.14-21.06.04:037][604]LogSlate: Window 'TA_TillyPawn' being destroyed
[2018.04.14-21.06.07:805][ 45]LogSlate: FSceneViewport::OnFocusLost() reason 2
[2018.04.14-21.06.11:759][460]LogSlate: FSceneViewport::OnFocusLost() reason 0
[2018.04.14-21.06.14:911][732]LogSlate: Window 'TA_TillyPawn' being destroyed
[2018.04.14-21.06.14:913][732]LogSlate: Window 'TA_TillyPawn' being destroyed
[2018.04.14-21.06.15:958][850]LogSlate: FSceneViewport::OnFocusLost() reason 0
[2018.04.14-21.06.16:119][859]LogSlate: Window 'TillysAdventure - Unreal Editor' being destroyed
[2018.04.14-21.06.16:120][859]LogWindowsTextInputMethodSystem: Display: IME system now deactivated.
[2018.04.14-21.06.16:315][860]Cmd: QUIT_EDITOR
[2018.04.14-21.06.16:375][860]LogSlate: Slate User Destroyed.  User Index 0, Is Virtual User: 0
[2018.04.14-21.06.16:375][860]LogExit: Preparing to exit.
[2018.04.14-21.06.17:069][860]LogDirectoryWatcher: A directory notification for 'D:/Users/Matthew/Documents/Tilly's Unreal Adventure/TillysAdventure/TillysAdventure/Content/' was aborted.
[2018.04.14-21.06.17:112][860]LogExit: Editor shut down
[2018.04.14-21.06.17:115][860]LogExit: Transaction tracking system shut down
[2018.04.14-21.06.17:180][860]LogDirectoryWatcher: A directory notification for '../../../Engine/Content/' was aborted.
[2018.04.14-21.06.17:180][860]LogDirectoryWatcher: A directory notification for '../../../../../../Users/Matthew/Documents/Tilly's Unreal Adventure/TillysAdventure/TillysAdventure/Content/' was aborted.
[2018.04.14-21.06.17:181][860]LogDirectoryWatcher: A directory notification for '../../Plugins/2D/Paper2D/Content/' was aborted.
[2018.04.14-21.06.17:181][860]LogDirectoryWatcher: A directory notification for '../../Plugins/Enterprise/DatasmithContent/Content/' was aborted.
[2018.04.14-21.06.17:181][860]LogDirectoryWatcher: A directory notification for '../../Plugins/Media/MediaCompositing/Content/' was aborted.
[2018.04.14-21.06.17:181][860]LogDirectoryWatcher: A directory notification for '../../Plugins/Runtime/AppleARKit/Content/' was aborted.
[2018.04.14-21.06.17:182][860]LogDirectoryWatcher: A directory notification for '../../Plugins/Runtime/Oculus/OculusVR/Content/' was aborted.
[2018.04.14-21.06.17:182][860]LogDirectoryWatcher: A directory notification for '../../Plugins/Runtime/Steam/SteamVR/Content/' was aborted.
[2018.04.14-21.06.17:280][860]LogExit: Object subsystem successfully closed.
[2018.04.14-21.06.17:307][860]LogShaderCompilers: Display: Shaders left to compile 0
[2018.04.14-21.06.17:315][860]LogD3D11RHI: Shutdown
[2018.04.14-21.06.17:315][860]LogD3D11RHI: CleanupD3DDevice
[2018.04.14-21.06.17:317][860]LogD3D11RHI: ~FD3D11DynamicRHI
[2018.04.14-21.06.17:357][860]LogModuleManager: Shutting down and abandoning module BlueprintGraph (582)
[2018.04.14-21.06.17:357][860]LogModuleManager: Shutting down and abandoning module MovieSceneCapture (580)
[2018.04.14-21.06.17:583][860]LogModuleManager: Shutting down and abandoning module HierarchicalLODOutliner (578)
[2018.04.14-21.06.17:583][860]LogModuleManager: Shutting down and abandoning module DesktopPlatform (576)
[2018.04.14-21.06.17:583][860]LogModuleManager: Shutting down and abandoning module SceneOutliner (574)
[2018.04.14-21.06.17:583][860]LogModuleManager: Shutting down and abandoning module AddContentDialog (572)
[2018.04.14-21.06.17:583][860]LogDirectoryWatcher: A directory notification for 'D:/Program Files/Epic Games/UE_4.19/FeaturePacks/' was aborted.
[2018.04.14-21.06.17:586][860]LogModuleManager: Shutting down and abandoning module WidgetCarousel (571)
[2018.04.14-21.06.17:586][860]LogModuleManager: Shutting down and abandoning module EditorWidgets (568)
[2018.04.14-21.06.17:586][860]LogModuleManager: Shutting down and abandoning module CollectionManager (566)
[2018.04.14-21.06.17:586][860]LogDirectoryWatcher: A directory notification for 'D:/Users/Matthew/Documents/Tilly's Unreal Adventure/TillysAdventure/TillysAdventure/Content/Collections/' was aborted.
[2018.04.14-21.06.17:586][860]LogDirectoryWatcher: A directory notification for 'D:/Users/Matthew/Documents/Tilly's Unreal Adventure/TillysAdventure/TillysAdventure/Content/Developers/Matthew/Collections/' was aborted.
[2018.04.14-21.06.17:586][860]LogDirectoryWatcher: A directory notification for 'D:/Users/Matthew/Documents/Tilly's Unreal Adventure/TillysAdventure/TillysAdventure/Saved/Collections/' was aborted.
[2018.04.14-21.06.17:586][860]LogModuleManager: Shutting down and abandoning module HierarchicalLODUtilities (564)
[2018.04.14-21.06.17:586][860]LogModuleManager: Shutting down and abandoning module StatsViewer (562)
[2018.04.14-21.06.17:586][860]LogModuleManager: Shutting down and abandoning module FoliageEdit (560)
[2018.04.14-21.06.17:587][860]LogModuleManager: Shutting down and abandoning module LandscapeEditor (558)
[2018.04.14-21.06.17:587][860]LogModuleManager: Shutting down and abandoning module MeshPaintMode (556)
[2018.04.14-21.06.17:587][860]LogModuleManager: Shutting down and abandoning module SceneDepthPickerMode (554)
[2018.04.14-21.06.17:587][860]LogModuleManager: Shutting down and abandoning module ActorPickerMode (552)
[2018.04.14-21.06.17:587][860]LogModuleManager: Shutting down and abandoning module GeometryMode (550)
[2018.04.14-21.06.17:587][860]LogModuleManager: Shutting down and abandoning module TextureAlignMode (548)
[2018.04.14-21.06.17:587][860]LogModuleManager: Shutting down and abandoning module BspMode (546)
[2018.04.14-21.06.17:587][860]LogModuleManager: Shutting down and abandoning module PIEPreviewDeviceProfileSelector (544)
[2018.04.14-21.06.17:587][860]LogModuleManager: Shutting down and abandoning module HardwareSurvey (542)
[2018.04.14-21.06.17:587][860]LogModuleManager: Shutting down and abandoning module SequenceRecorderSections (540)
[2018.04.14-21.06.17:588][860]LogModuleManager: Shutting down and abandoning module AutomationWorker (538)
[2018.04.14-21.06.17:588][860]LogModuleManager: Shutting down and abandoning module AudioCaptureEditor (536)
[2018.04.14-21.06.17:588][860]LogModuleManager: Shutting down and abandoning module SequenceRecorder (535)
[2018.04.14-21.06.17:588][860]LogModuleManager: Shutting down and abandoning module MatineeToLevelSequence (532)
[2018.04.14-21.06.17:588][860]LogModuleManager: Shutting down and abandoning module LevelSequenceEditor (530)
[2018.04.14-21.06.17:588][860]LogModuleManager: Shutting down and abandoning module PlacementMode (529)
[2018.04.14-21.06.17:588][860]LogModuleManager: Shutting down and abandoning module MaterialEditor (528)
[2018.04.14-21.06.17:588][860]LogModuleManager: Shutting down and abandoning module WmfMediaFactory (524)
[2018.04.14-21.06.17:588][860]LogModuleManager: Shutting down and abandoning module WmfMediaEditor (522)
[2018.04.14-21.06.17:589][860]LogModuleManager: Shutting down and abandoning module MediaPlayerEditor (520)
[2018.04.14-21.06.17:589][860]LogModuleManager: Shutting down and abandoning module OpenExrWrapper (518)
[2018.04.14-21.06.17:589][860]LogModuleManager: Shutting down and abandoning module ImgMediaFactory (516)
[2018.04.14-21.06.17:589][860]LogModuleManager: Shutting down and abandoning module ImgMediaEditor (514)
[2018.04.14-21.06.17:589][860]LogModuleManager: Shutting down and abandoning module AvfMediaFactory (512)
[2018.04.14-21.06.17:589][860]LogModuleManager: Shutting down and abandoning module AvfMediaEditor (510)
[2018.04.14-21.06.17:589][860]LogModuleManager: Shutting down and abandoning module AndroidMediaFactory (508)
[2018.04.14-21.06.17:589][860]LogModuleManager: Shutting down and abandoning module AndroidMediaEditor (506)
[2018.04.14-21.06.17:589][860]LogModuleManager: Shutting down and abandoning module CharacterAI (504)
[2018.04.14-21.06.17:589][860]LogModuleManager: Shutting down and abandoning module SmartSnapping (502)
[2018.04.14-21.06.17:589][860]LogModuleManager: Shutting down and abandoning module SessionServices (500)
[2018.04.14-21.06.17:589][860]LogModuleManager: Shutting down and abandoning module ViewportSnapping (498)
[2018.04.14-21.06.17:589][860]LogModuleManager: Shutting down and abandoning module ViewportInteraction (496)
[2018.04.14-21.06.17:590][860]LogModuleManager: Shutting down and abandoning module ClothPainter (494)
[2018.04.14-21.06.17:590][860]LogModuleManager: Shutting down and abandoning module SkeletalMeshEditor (493)
[2018.04.14-21.06.17:591][860]LogModuleManager: Shutting down and abandoning module LogVisualizer (490)
[2018.04.14-21.06.17:591][860]LogModuleManager: Shutting down and abandoning module IntroTutorials (488)
[2018.04.14-21.06.17:591][860]LogModuleManager: Shutting down and abandoning module GameProjectGeneration (487)
[2018.04.14-21.06.17:591][860]LogModuleManager: Shutting down and abandoning module IOSPlatformEditor (484)
[2018.04.14-21.06.17:591][860]LogModuleManager: Shutting down and abandoning module HTML5PlatformEditor (482)
[2018.04.14-21.06.17:591][860]LogModuleManager: Shutting down and abandoning module AndroidPlatformEditor (480)
[2018.04.14-21.06.17:591][860]LogModuleManager: Shutting down and abandoning module AndroidDeviceDetection (479)
