Log file open, 04/14/18 21:43:26
LogWindows: Failed to load 'aqProf.dll' (GetLastError=126)
LogWindows: File 'aqProf.dll' does not exist
LogWindows: Failed to load 'VtuneApi.dll' (GetLastError=126)
LogWindows: File 'VtuneApi.dll' does not exist
LogWindows: Failed to load 'VtuneApi32e.dll' (GetLastError=126)
LogWindows: File 'VtuneApi32e.dll' does not exist
LogInit: Display: Running engine for game: TillysAdventure
LogPlatformFile: Not using cached read wrapper
LogInit: Display: RandInit(-735810273) SRandInit(-735810273).
LogInit: Read version file with build ID '3944462'
LogInit: Overriding engine version to CL 3989454, compatible CL 3944462
LogInit: Registered custom module enumerator with build ID '3944462'
LogTaskGraph: Started task graph with 5 named threads and 14 total threads with 3 sets of task threads.
LogStats: Stats thread started at 0.237648
LogD3D11RHI: Aftermath initialized
LogICUInternationalization: Display: ICU TimeZone Detection - Raw Offset: +0:00, Platform Override: ''
LogPluginManager: Mounting plugin Paper2D
LogPluginManager: Mounting plugin LiveLink
LogPluginManager: Mounting plugin LightPropagationVolume
LogPluginManager: Mounting plugin CLionSourceCodeAccess
LogPluginManager: Mounting plugin CodeLiteSourceCodeAccess
LogPluginManager: Mounting plugin GitSourceControl
LogPluginManager: Mounting plugin KDevelopSourceCodeAccess
LogPluginManager: Mounting plugin NullSourceCodeAccess
LogPluginManager: Mounting plugin PerforceSourceControl
LogPluginManager: Mounting plugin SubversionSourceControl
LogPluginManager: Mounting plugin UObjectPlugin
LogPluginManager: Mounting plugin VisualStudioCodeSourceCodeAccess
LogPluginManager: Mounting plugin VisualStudioSourceCodeAccess
LogPluginManager: Mounting plugin XCodeSourceCodeAccess
LogPluginManager: Mounting plugin AssetManagerEditor
LogPluginManager: Mounting plugin CryptoKeys
LogPluginManager: Mounting plugin DataValidation
LogPluginManager: Mounting plugin FacialAnimation
LogPluginManager: Mounting plugin GameplayTagsEditor
LogPluginManager: Mounting plugin MobileLauncherProfileWizard
LogPluginManager: Mounting plugin PluginBrowser
LogPluginManager: Mounting plugin SpeedTreeImporter
LogPluginManager: Mounting plugin DatasmithContent
LogPluginManager: Mounting plugin AlembicImporter
LogPluginManager: Mounting plugin CharacterAI
LogPluginManager: Mounting plugin HTML5Networking
LogPluginManager: Mounting plugin AndroidMedia
LogPluginManager: Mounting plugin AvfMedia
LogPluginManager: Mounting plugin ImgMedia
LogPluginManager: Mounting plugin LinearTimecode
LogPluginManager: Mounting plugin MediaCompositing
LogPluginManager: Mounting plugin MediaPlayerEditor
LogPluginManager: Mounting plugin WmfMedia
LogPluginManager: Mounting plugin TcpMessaging
LogPluginManager: Mounting plugin UdpMessaging
LogPluginManager: Mounting plugin ActorSequence
LogPluginManager: Mounting plugin LevelSequenceEditor
LogPluginManager: Mounting plugin MatineeToLevelSequence
LogPluginManager: Mounting plugin NetcodeUnitTest
LogPluginManager: Mounting plugin NUTUnrealEngine4
LogPluginManager: Mounting plugin OnlineSubsystemGooglePlay
LogPluginManager: Mounting plugin OnlineSubsystemIOS
LogPluginManager: Mounting plugin OnlineSubsystem
LogPluginManager: Mounting plugin OnlineSubsystemNull
LogPluginManager: Mounting plugin OnlineSubsystemUtils
LogPluginManager: Mounting plugin AndroidDeviceProfileSelector
LogPluginManager: Mounting plugin AndroidMoviePlayer
LogPluginManager: Mounting plugin AndroidPermission
LogPluginManager: Mounting plugin AppleARKit
LogPluginManager: Mounting plugin AppleMoviePlayer
LogPluginManager: Mounting plugin ArchVisCharacter
LogPluginManager: Mounting plugin AudioCapture
LogPluginManager: Mounting plugin CableComponent
LogPluginManager: Mounting plugin CustomMeshComponent
LogPluginManager: Mounting plugin ExampleDeviceProfileSelector
LogPluginManager: Mounting plugin GoogleCloudMessaging
LogPluginManager: Mounting plugin ImmediatePhysics
LogPluginManager: Mounting plugin IOSDeviceProfileSelector
LogPluginManager: Mounting plugin LinuxDeviceProfileSelector
LogPluginManager: Mounting plugin LocationServicesBPLibrary
LogPluginManager: Mounting plugin MobilePatchingUtils
LogPluginManager: Mounting plugin OculusVR
LogPluginManager: Plugin shader directory ../../../Engine/Plugins/Runtime/Oculus/OculusVR/Shaders found
LogPluginManager: Mapping shader source directory ../../../Engine/Plugins/Runtime/Oculus/OculusVR/Shaders to virtual directory /Plugin/OculusVR
LogPluginManager: Mounting plugin PhysXVehicles
LogPluginManager: Mounting plugin ProceduralMeshComponent
LogPluginManager: Mounting plugin RuntimePhysXCooking
LogPluginManager: Mounting plugin SteamVR
LogPluginManager: Mounting plugin WindowsMoviePlayer
LogStreaming: Display: Took  0.182s to configure plugins.
LogModuleManager: Display: Found up-to-date module file ../../../../../../Users/Matthew/Documents/Tilly's Unreal Adventure/TillysAdventure/TillysAdventure/Binaries/Win64/UE4Editor-TillysAdventure.dll (API version 3944462).
LogModuleManager: Display: Found up-to-date module file ../../../Engine/Plugins/2D/Paper2D/Binaries/Win64/UE4Editor-Paper2D.dll (API version 3944462).
LogModuleManager: Display: Found up-to-date module file ../../../Engine/Plugins/2D/Paper2D/Binaries/Win64/UE4Editor-Paper2DEditor.dll (API version 3944462).
LogModuleManager: Display: Found up-to-date module file ../../../Engine/Plugins/2D/Paper2D/Binaries/Win64/UE4Editor-PaperSpriteSheetImporter.dll (API version 3944462).
LogModuleManager: Display: Found up-to-date module file ../../../Engine/Plugins/2D/Paper2D/Binaries/Win64/UE4Editor-PaperTiledImporter.dll (API version 3944462).
LogModuleManager: Display: Found up-to-date module file ../../../Engine/Plugins/2D/Paper2D/Binaries/Win64/UE4Editor-SmartSnapping.dll (API version 3944462).
LogModuleManager: Display: Found up-to-date module file ../../../Engine/Plugins/Animation/LiveLink/Binaries/Win64/UE4Editor-LiveLink.dll (API version 3944462).
LogModuleManager: Display: Found up-to-date module file ../../../Engine/Plugins/Animation/LiveLink/Binaries/Win64/UE4Editor-LiveLinkEditor.dll (API version 3944462).
LogModuleManager: Display: Found up-to-date module file ../../../Engine/Plugins/Blendables/LightPropagationVolume/Binaries/Win64/UE4Editor-LightPropagationVolumeRuntime.dll (API version 3944462).
LogModuleManager: Display: Found up-to-date module file ../../../Engine/Plugins/Blendables/LightPropagationVolume/Binaries/Win64/UE4Editor-LightPropagationVolumeEditor.dll (API version 3944462).
LogModuleManager: Display: Found up-to-date module file ../../../Engine/Plugins/Developer/CLionSourceCodeAccess/Binaries/Win64/UE4Editor-CLionSourceCodeAccess.dll (API version 3944462).
LogModuleManager: Display: Found up-to-date module file ../../../Engine/Plugins/Developer/GitSourceControl/Binaries/Win64/UE4Editor-GitSourceControl.dll (API version 3944462).
LogModuleManager: Display: Found up-to-date module file ../../../Engine/Plugins/Developer/PerforceSourceControl/Binaries/Win64/UE4Editor-PerforceSourceControl.dll (API version 3944462).
LogModuleManager: Display: Found up-to-date module file ../../../Engine/Plugins/Developer/SubversionSourceControl/Binaries/Win64/UE4Editor-SubversionSourceControl.dll (API version 3944462).
LogModuleManager: Display: Found up-to-date module file ../../../Engine/Plugins/Developer/UObjectPlugin/Binaries/Win64/UE4Editor-UObjectPlugin.dll (API version 3944462).
LogModuleManager: Display: Found up-to-date module file ../../../Engine/Plugins/Developer/VisualStudioCodeSourceCodeAccess/Binaries/Win64/UE4Editor-VisualStudioCodeSourceCodeAccess.dll (API version 3944462).
LogModuleManager: Display: Found up-to-date module file ../../../Engine/Plugins/Developer/VisualStudioSourceCodeAccess/Binaries/Win64/UE4Editor-VisualStudioSourceCodeAccess.dll (API version 3944462).
LogModuleManager: Display: Found up-to-date module file ../../../Engine/Plugins/Editor/AssetManagerEditor/Binaries/Win64/UE4Editor-AssetManagerEditor.dll (API version 3944462).
LogModuleManager: Display: Found up-to-date module file ../../../Engine/Plugins/Editor/CryptoKeys/Binaries/Win64/UE4Editor-CryptoKeys.dll (API version 3944462).
LogModuleManager: Display: Found up-to-date module file ../../../Engine/Plugins/Editor/CryptoKeys/Binaries/Win64/UE4Editor-CryptoKeysOpenSSL.dll (API version 3944462).
LogModuleManager: Display: Found up-to-date module file ../../../Engine/Plugins/Editor/DataValidation/Binaries/Win64/UE4Editor-DataValidation.dll (API version 3944462).
LogModuleManager: Display: Found up-to-date module file ../../../Engine/Plugins/Editor/FacialAnimation/Binaries/Win64/UE4Editor-FacialAnimation.dll (API version 3944462).
LogModuleManager: Display: Found up-to-date module file ../../../Engine/Plugins/Editor/FacialAnimation/Binaries/Win64/UE4Editor-FacialAnimationEditor.dll (API version 3944462).
LogModuleManager: Display: Found up-to-date module file ../../../Engine/Plugins/Editor/GameplayTagsEditor/Binaries/Win64/UE4Editor-GameplayTagsEditor.dll (API version 3944462).
LogModuleManager: Display: Found up-to-date module file ../../../Engine/Plugins/Editor/MobileLauncherProfileWizard/Binaries/Win64/UE4Editor-MobileLauncherProfileWizard.dll (API version 3944462).
LogModuleManager: Display: Found up-to-date module file ../../../Engine/Plugins/Editor/PluginBrowser/Binaries/Win64/UE4Editor-PluginBrowser.dll (API version 3944462).
LogModuleManager: Display: Found up-to-date module file ../../../Engine/Plugins/Editor/SpeedTreeImporter/Binaries/Win64/UE4Editor-SpeedTreeImporter.dll (API version 3944462).
LogModuleManager: Display: Found up-to-date module file ../../../Engine/Plugins/Enterprise/DatasmithContent/Binaries/Win64/UE4Editor-DatasmithContent.dll (API version 3944462).
LogModuleManager: Display: Found up-to-date module file ../../../Engine/Plugins/Experimental/AlembicImporter/Binaries/Win64/UE4Editor-AlembicImporter.dll (API version 3944462).
LogModuleManager: Display: Found up-to-date module file ../../../Engine/Plugins/Experimental/AlembicImporter/Binaries/Win64/UE4Editor-AlembicLibrary.dll (API version 3944462).
LogModuleManager: Display: Found up-to-date module file ../../../Engine/Plugins/Experimental/CharacterAI/Binaries/Win64/UE4Editor-CharacterAI.dll (API version 3944462).
LogModuleManager: Display: Found up-to-date module file ../../../Engine/Plugins/Experimental/HTML5Networking/Binaries/Win64/UE4Editor-HTML5Networking.dll (API version 3944462).
LogModuleManager: Display: Found up-to-date module file ../../../Engine/Plugins/Media/AndroidMedia/Binaries/Win64/UE4Editor-AndroidMediaEditor.dll (API version 3944462).
LogModuleManager: Display: Found up-to-date module file ../../../Engine/Plugins/Media/AndroidMedia/Binaries/Win64/UE4Editor-AndroidMediaFactory.dll (API version 3944462).
LogModuleManager: Display: Found up-to-date module file ../../../Engine/Plugins/Media/AvfMedia/Binaries/Win64/UE4Editor-AvfMediaEditor.dll (API version 3944462).
LogModuleManager: Display: Found up-to-date module file ../../../Engine/Plugins/Media/AvfMedia/Binaries/Win64/UE4Editor-AvfMediaFactory.dll (API version 3944462).
LogModuleManager: Display: Found up-to-date module file ../../../Engine/Plugins/Media/AvfMedia/Binaries/Win64/UE4Editor-AvfMediaFactory.dll (API version 3944462).
LogModuleManager: Display: Found up-to-date module file ../../../Engine/Plugins/Media/ImgMedia/Binaries/Win64/UE4Editor-ImgMedia.dll (API version 3944462).
LogModuleManager: Display: Found up-to-date module file ../../../Engine/Plugins/Media/ImgMedia/Binaries/Win64/UE4Editor-ImgMediaEditor.dll (API version 3944462).
LogModuleManager: Display: Found up-to-date module file ../../../Engine/Plugins/Media/ImgMedia/Binaries/Win64/UE4Editor-ImgMediaFactory.dll (API version 3944462).
LogModuleManager: Display: Found up-to-date module file ../../../Engine/Plugins/Media/ImgMedia/Binaries/Win64/UE4Editor-ImgMediaFactory.dll (API version 3944462).
LogModuleManager: Display: Found up-to-date module file ../../../Engine/Plugins/Media/ImgMedia/Binaries/Win64/UE4Editor-OpenExrWrapper.dll (API version 3944462).
LogModuleManager: Display: Found up-to-date module file ../../../Engine/Plugins/Media/LinearTimecode/Binaries/Win64/UE4Editor-LinearTimecode.dll (API version 3944462).
LogModuleManager: Display: Found up-to-date module file ../../../Engine/Plugins/Media/MediaCompositing/Binaries/Win64/UE4Editor-MediaCompositing.dll (API version 3944462).
LogModuleManager: Display: Found up-to-date module file ../../../Engine/Plugins/Media/MediaCompositing/Binaries/Win64/UE4Editor-MediaCompositingEditor.dll (API version 3944462).
LogModuleManager: Display: Found up-to-date module file ../../../Engine/Plugins/Media/MediaPlayerEditor/Binaries/Win64/UE4Editor-MediaPlayerEditor.dll (API version 3944462).
LogModuleManager: Display: Found up-to-date module file ../../../Engine/Plugins/Media/WmfMedia/Binaries/Win64/UE4Editor-WmfMedia.dll (API version 3944462).
LogModuleManager: Display: Found up-to-date module file ../../../Engine/Plugins/Media/WmfMedia/Binaries/Win64/UE4Editor-WmfMediaEditor.dll (API version 3944462).
LogModuleManager: Display: Found up-to-date module file ../../../Engine/Plugins/Media/WmfMedia/Binaries/Win64/UE4Editor-WmfMediaFactory.dll (API version 3944462).
LogModuleManager: Display: Found up-to-date module file ../../../Engine/Plugins/Media/WmfMedia/Binaries/Win64/UE4Editor-WmfMediaFactory.dll (API version 3944462).
LogModuleManager: Display: Found up-to-date module file ../../../Engine/Plugins/Messaging/TcpMessaging/Binaries/Win64/UE4Editor-TcpMessaging.dll (API version 3944462).
LogModuleManager: Display: Found up-to-date module file ../../../Engine/Plugins/Messaging/UdpMessaging/Binaries/Win64/UE4Editor-UdpMessaging.dll (API version 3944462).
LogModuleManager: Display: Found up-to-date module file ../../../Engine/Plugins/MovieScene/ActorSequence/Binaries/Win64/UE4Editor-ActorSequence.dll (API version 3944462).
LogModuleManager: Display: Found up-to-date module file ../../../Engine/Plugins/MovieScene/LevelSequenceEditor/Binaries/Win64/UE4Editor-LevelSequenceEditor.dll (API version 3944462).
LogModuleManager: Display: Found up-to-date module file ../../../Engine/Plugins/MovieScene/MatineeToLevelSequence/Binaries/Win64/UE4Editor-MatineeToLevelSequence.dll (API version 3944462).
LogModuleManager: Display: Found up-to-date module file ../../../Engine/Plugins/NetcodeUnitTest/NetcodeUnitTest/Binaries/Win64/UE4Editor-NetcodeUnitTest.dll (API version 3944462).
LogModuleManager: Display: Found up-to-date module file ../../../Engine/Plugins/NetcodeUnitTest/NUTUnrealEngine4/Binaries/Win64/UE4Editor-NUTUnrealEngine4.dll (API version 3944462).
LogModuleManager: Display: Found up-to-date module file ../../../Engine/Plugins/Online/OnlineSubsystem/Binaries/Win64/UE4Editor-OnlineSubsystem.dll (API version 3944462).
LogModuleManager: Display: Found up-to-date module file ../../../Engine/Plugins/Online/OnlineSubsystemNull/Binaries/Win64/UE4Editor-OnlineSubsystemNull.dll (API version 3944462).
LogModuleManager: Display: Found up-to-date module file ../../../Engine/Plugins/Online/OnlineSubsystemUtils/Binaries/Win64/UE4Editor-OnlineSubsystemUtils.dll (API version 3944462).
LogModuleManager: Display: Found up-to-date module file ../../../Engine/Plugins/Online/OnlineSubsystemUtils/Binaries/Win64/UE4Editor-OnlineBlueprintSupport.dll (API version 3944462).
LogModuleManager: Display: Found up-to-date module file ../../../Engine/Plugins/Runtime/AndroidDeviceProfileSelector/Binaries/Win64/UE4Editor-AndroidDeviceProfileSelector.dll (API version 3944462).
LogModuleManager: Display: Found up-to-date module file ../../../Engine/Plugins/Runtime/AndroidPermission/Binaries/Win64/UE4Editor-AndroidPermission.dll (API version 3944462).
LogModuleManager: Display: Found up-to-date module file ../../../Engine/Plugins/Runtime/AppleARKit/Binaries/Win64/UE4Editor-AppleARKit.dll (API version 3944462).
LogModuleManager: Display: Found up-to-date module file ../../../Engine/Plugins/Runtime/ArchVisCharacter/Binaries/Win64/UE4Editor-ArchVisCharacter.dll (API version 3944462).
LogModuleManager: Display: Found up-to-date module file ../../../Engine/Plugins/Runtime/AudioCapture/Binaries/Win64/UE4Editor-AudioCapture.dll (API version 3944462).
LogModuleManager: Display: Found up-to-date module file ../../../Engine/Plugins/Runtime/AudioCapture/Binaries/Win64/UE4Editor-AudioCaptureEditor.dll (API version 3944462).
LogModuleManager: Display: Found up-to-date module file ../../../Engine/Plugins/Runtime/CableComponent/Binaries/Win64/UE4Editor-CableComponent.dll (API version 3944462).
LogModuleManager: Display: Found up-to-date module file ../../../Engine/Plugins/Runtime/CustomMeshComponent/Binaries/Win64/UE4Editor-CustomMeshComponent.dll (API version 3944462).
LogModuleManager: Display: Found up-to-date module file ../../../Engine/Plugins/Runtime/ExampleDeviceProfileSelector/Binaries/Win64/UE4Editor-ExampleDeviceProfileSelector.dll (API version 3944462).
LogModuleManager: Display: Found up-to-date module file ../../../Engine/Plugins/Runtime/ImmediatePhysics/Binaries/Win64/UE4Editor-ImmediatePhysics.dll (API version 3944462).
LogModuleManager: Display: Found up-to-date module file ../../../Engine/Plugins/Runtime/ImmediatePhysics/Binaries/Win64/UE4Editor-ImmediatePhysicsEditor.dll (API version 3944462).
LogModuleManager: Display: Found up-to-date module file ../../../Engine/Plugins/Runtime/LocationServicesBPLibrary/Binaries/Win64/UE4Editor-LocationServicesBPLibrary.dll (API version 3944462).
LogModuleManager: Display: Found up-to-date module file ../../../Engine/Plugins/Runtime/MobilePatchingUtils/Binaries/Win64/UE4Editor-MobilePatchingUtils.dll (API version 3944462).
LogModuleManager: Display: Found up-to-date module file ../../../Engine/Plugins/Runtime/Oculus/OculusVR/Binaries/Win64/UE4Editor-OculusHMD.dll (API version 3944462).
LogModuleManager: Display: Found up-to-date module file ../../../Engine/Plugins/Runtime/Oculus/OculusVR/Binaries/Win64/UE4Editor-OculusInput.dll (API version 3944462).
LogModuleManager: Display: Found up-to-date module file ../../../Engine/Plugins/Runtime/Oculus/OculusVR/Binaries/Win64/UE4Editor-OculusEditor.dll (API version 3944462).
LogModuleManager: Display: Found up-to-date module file ../../../Engine/Plugins/Runtime/PhysXVehicles/Binaries/Win64/UE4Editor-PhysXVehicles.dll (API version 3944462).
LogModuleManager: Display: Found up-to-date module file ../../../Engine/Plugins/Runtime/PhysXVehicles/Binaries/Win64/UE4Editor-PhysXVehiclesEditor.dll (API version 3944462).
LogModuleManager: Display: Found up-to-date module file ../../../Engine/Plugins/Runtime/ProceduralMeshComponent/Binaries/Win64/UE4Editor-ProceduralMeshComponent.dll (API version 3944462).
LogModuleManager: Display: Found up-to-date module file ../../../Engine/Plugins/Runtime/ProceduralMeshComponent/Binaries/Win64/UE4Editor-ProceduralMeshComponentEditor.dll (API version 3944462).
LogModuleManager: Display: Found up-to-date module file ../../../Engine/Plugins/Runtime/RuntimePhysXCooking/Binaries/Win64/UE4Editor-RuntimePhysXCooking.dll (API version 3944462).
LogModuleManager: Display: Found up-to-date module file ../../../Engine/Plugins/Runtime/Steam/SteamVR/Binaries/Win64/UE4Editor-SteamVR.dll (API version 3944462).
LogModuleManager: Display: Found up-to-date module file ../../../Engine/Plugins/Runtime/Steam/SteamVR/Binaries/Win64/UE4Editor-SteamVRController.dll (API version 3944462).
LogModuleManager: Display: Found up-to-date module file ../../../Engine/Plugins/Runtime/WindowsMoviePlayer/Binaries/Win64/UE4Editor-WindowsMoviePlayer.dll (API version 3944462).
LogInit: Using libcurl 7.47.1
LogInit:  - built for x86_64-pc-win32
LogInit:  - supports SSL with OpenSSL/1.0.2g
LogInit:  - supports HTTP deflate (compression) using libz 1.2.8
LogInit:  - other features:
LogInit:      CURL_VERSION_SSL
LogInit:      CURL_VERSION_LIBZ
LogInit:      CURL_VERSION_IPV6
LogInit:      CURL_VERSION_ASYNCHDNS
LogInit:      CURL_VERSION_LARGEFILE
LogInit:      CURL_VERSION_IDN
LogInit:  CurlRequestOptions (configurable via config and command line):
LogInit:  - bVerifyPeer = false  - Libcurl will NOT verify peer certificate
LogInit:  - bUseHttpProxy = false  - Libcurl will NOT use HTTP proxy
LogInit:  - bDontReuseConnections = false  - Libcurl will reuse connections
LogInit:  - CertBundlePath = nullptr  - Libcurl will use whatever was configured at build time.
LogInit:  - MaxHostConnections = 16  - Libcurl will limit the number of connections to a host
LogInit:  - LocalHostAddr = Default
LogInit: WinSock: version 1.1 (2.2), MaxSocks=32767, MaxUdp=65467
LogInit: WinSock: I am Mattys-PC (192.168.0.12:0)
LogInit: Build: ++UE4+Release-4.19-CL-3989454
LogInit: Engine Version: 4.19.1-3989454+++UE4+Release-4.19
LogInit: Compatible Engine Version: 4.19.0-3944462+++UE4+Release-4.19
LogInit: Net CL: 3944462
LogDevObjectVersion: Number of dev versions registered: 18
LogDevObjectVersion:   Dev-Blueprints (B0D832E4-1F89-4F0D-ACCF-7EB736FD4AA2): 10
LogDevObjectVersion:   Dev-Build (E1C64328-A22C-4D53-A36C-8E866417BD8C): 0
LogDevObjectVersion:   Dev-Core (375EC13C-06E4-48FB-B500-84F0262A717E): 2
LogDevObjectVersion:   Dev-Editor (E4B068ED-F494-42E9-A231-DA0B2E46BB41): 23
LogDevObjectVersion:   Dev-Framework (CFFC743F-43B0-4480-9391-14DF171D2073): 33
LogDevObjectVersion:   Dev-Mobile (B02B49B5-BB20-44E9-A304-32B752E40360): 2
LogDevObjectVersion:   Dev-Networking (A4E4105C-59A1-49B5-A7C5-40C4547EDFEE): 0
LogDevObjectVersion:   Dev-Online (39C831C9-5AE6-47DC-9A44-9C173E1C8E7C): 0
LogDevObjectVersion:   Dev-Physics (78F01B33-EBEA-4F98-B9B4-84EACCB95AA2): 0
LogDevObjectVersion:   Dev-Platform (6631380F-2D4D-43E0-8009-CF276956A95A): 0
LogDevObjectVersion:   Dev-Rendering (12F88B9F-8875-4AFC-A67C-D90C383ABD29): 25
LogDevObjectVersion:   Dev-Sequencer (7B5AE74C-D270-4C10-A958-57980B212A5A): 6
LogDevObjectVersion:   Dev-VR (D7296918-1DD6-4BDD-9DE2-64A83CC13884): 1
LogDevObjectVersion:   Dev-LoadTimes (C2A15278-BFE7-4AFE-6C17-90FF531DF755): 1
LogDevObjectVersion:   Private-Geometry (6EACA3D4-40EC-4CC1-B786-8BED09428FC5): 2
LogDevObjectVersion:   Dev-AnimPhys (29E575DD-E0A3-4627-9D10-D276232CDCEA): 16
LogDevObjectVersion:   Dev-ReflectionCapture (6B266CEC-1EC7-4B8F-A30B-E4D90942FC07): 1
LogDevObjectVersion:   Dev-Automation (0DF73D61-A23F-47EA-B727-89E90C41499A): 1
LogInit: Compiled (64-bit): Apr  6 2018 12:26:04
LogInit: Compiled with Visual C++: 19.00.24215.01
LogInit: Build Configuration: Development
LogInit: Branch Name: ++UE4+Release-4.19
LogInit: Command Line:  -skipcompile
LogInit: Base Directory: D:/Program Files/Epic Games/UE_4.19/Engine/Binaries/Win64/
LogInit: Installed Engine Build: 1
LogStreaming: Display: Took  0.002s to delete old logs.
LogInit: Presizing for max 8388607 objects, including 0 objects not considered by GC, pre-allocating 0 bytes for permanent pool.
LogInit: Object subsystem initialized
[2018.04.14-20.43.29:265][  0]LogInit: Selected Device Profile: [Windows]
[2018.04.14-20.43.29:265][  0]LogInit: Applying CVar settings loaded from the selected device profile: [Windows]
[2018.04.14-20.43.29:279][  0]LogInit: Computer: MATTYS-PC
[2018.04.14-20.43.29:279][  0]LogInit: User: Matthew
[2018.04.14-20.43.29:279][  0]LogInit: CPU Page size=4096, Cores=4
[2018.04.14-20.43.29:279][  0]LogInit: High frequency timer resolution =3.312641 MHz
[2018.04.14-20.43.29:280][  0]LogMemory: Memory total: Physical=7.9GB (8GB approx)
[2018.04.14-20.43.29:280][  0]LogMemory: Platform Memory Stats for Windows
[2018.04.14-20.43.29:280][  0]LogMemory: Process Physical Memory: 273.85 MB used, 273.85 MB peak
[2018.04.14-20.43.29:280][  0]LogMemory: Process Virtual Memory: 261.93 MB used, 261.93 MB peak
[2018.04.14-20.43.29:280][  0]LogMemory: Physical Memory: 5358.88 MB used,  2721.27 MB free, 8080.15 MB total
[2018.04.14-20.43.29:280][  0]LogMemory: Virtual Memory: 679.41 MB used,  2721.27 MB free, 134217728.00 MB total
[2018.04.14-20.43.29:334][  0]LogInit: Using OS detected language (en-GB).
[2018.04.14-20.43.29:334][  0]LogInit: Using OS detected locale (en-GB).
[2018.04.14-20.43.29:339][  0]LogTextLocalizationManager: No specific localization for 'en-GB' exists, so the 'en' localization will be used.
[2018.04.14-20.43.29:753][  0]LogStreaming: Display: Took  0.418s to EndInitTextLocalization.
[2018.04.14-20.43.29:753][  0]LogInit: Setting process to per monitor DPI aware
[2018.04.14-20.43.29:801][  0]LogSlate: New Slate User Created.  User Index 0, Is Virtual User: 0
[2018.04.14-20.43.29:801][  0]LogSlate: Slate User Registered.  User Index 0, Is Virtual User: 0
[2018.04.14-20.43.30:079][  0]LogD3D11RHI: D3D11 adapters:
[2018.04.14-20.43.30:130][  0]LogD3D11RHI:    0. 'NVIDIA GeForce GTX 770' (Feature Level 11_0)
[2018.04.14-20.43.30:130][  0]LogD3D11RHI:       2017/0/4040 MB DedicatedVideo/DedicatedSystem/SharedSystem, Outputs:2, VendorId:0x10de
[2018.04.14-20.43.30:144][  0]LogD3D11RHI:    1. 'Intel(R) HD Graphics 4600' (Feature Level 11_0)
[2018.04.14-20.43.30:144][  0]LogD3D11RHI:       112/0/2048 MB DedicatedVideo/DedicatedSystem/SharedSystem, Outputs:0, VendorId:0x8086
[2018.04.14-20.43.30:150][  0]LogD3D11RHI:    2. 'Microsoft Basic Render Driver' (Feature Level 11_0)
[2018.04.14-20.43.30:150][  0]LogD3D11RHI:       0/0/4040 MB DedicatedVideo/DedicatedSystem/SharedSystem, Outputs:0, VendorId:0x1414
[2018.04.14-20.43.30:151][  0]LogD3D11RHI: Chosen D3D11 Adapter: 0
[2018.04.14-20.43.30:157][  0]LogD3D11RHI: Creating new Direct3DDevice
[2018.04.14-20.43.30:157][  0]LogD3D11RHI:     GPU DeviceId: 0x1184 (for the marketing name, search the web for "GPU Device Id")
[2018.04.14-20.43.30:157][  0]LogWindows: EnumDisplayDevices:
[2018.04.14-20.43.30:158][  0]LogWindows:    0. 'NVIDIA GeForce GTX 770' (P:0 D:1)
[2018.04.14-20.43.30:158][  0]LogWindows:    1. 'NVIDIA GeForce GTX 770' (P:1 D:1)
[2018.04.14-20.43.30:158][  0]LogWindows:    2. 'NVIDIA GeForce GTX 770' (P:0 D:0)
[2018.04.14-20.43.30:158][  0]LogWindows:    3. 'NVIDIA GeForce GTX 770' (P:0 D:0)
[2018.04.14-20.43.30:158][  0]LogWindows:    4. 'Intel(R) HD Graphics 4600' (P:0 D:0)
[2018.04.14-20.43.30:158][  0]LogWindows:    5. 'Intel(R) HD Graphics 4600' (P:0 D:0)
[2018.04.14-20.43.30:159][  0]LogWindows:    6. 'Intel(R) HD Graphics 4600' (P:0 D:0)
[2018.04.14-20.43.30:159][  0]LogWindows: DebugString: GetVideoDriverDetailsInvalid PrimaryIsNotTheChoosenAdapter GetVideoDriverDetailsInvalid PrimaryIsNotTheChoosenAdapter GetVideoDriverDetailsInvalid PrimaryIsNotTheChoosenAdapter GetVideoDriverDetailsInvalid PrimaryIsNotTheChoosenAdapter GetVideoDriverDetailsInvalid PrimaryIsNotTheChoosenAdapter GetVideoDriverDetailsInvalid PrimaryIsNotTheChoosenAdapter GetVideoDriverDetailsInvalid PrimaryIsNotTheChoosenAdapter FoundDriverCount:0 
[2018.04.14-20.43.30:159][  0]LogD3D11RHI:     Adapter Name: NVIDIA GeForce GTX 770
[2018.04.14-20.43.30:159][  0]LogD3D11RHI:   Driver Version: Unknown (internal:Unknown, unified:Unknown)
[2018.04.14-20.43.30:159][  0]LogD3D11RHI:      Driver Date: Unknown
[2018.04.14-20.43.30:159][  0]LogRHI: Texture pool is 1412 MB (70% of 2017 MB)
[2018.04.14-20.43.30:183][  0]LogD3D11RHI: [Aftermath] Aftermath enabled and primed
[2018.04.14-20.43.30:183][  0]LogD3D11RHI: [Aftermath] Aftermath enabled and primed
[2018.04.14-20.43.30:183][  0]LogD3D11RHI: Async texture creation enabled
[2018.04.14-20.43.30:200][  0]LogD3D11RHI: GPU Timing Frequency: 1000.000000 (Debug: 2 2)
[2018.04.14-20.43.30:253][  0]LogShaderCompilers: Guid format shader working directory is -49 characters bigger than the processId version (../../../../../../Users/Matthew/Documents/Tilly's Unreal Adventure/TillysAdventure/TillysAdventure/Intermediate/Shaders/WorkingDirectory/284/).
[2018.04.14-20.43.30:255][  0]LogShaderCompilers: Cleaned the shader compiler working directory 'C:/Users/Matthew/AppData/Local/Temp/UnrealShaderWorkingDir/7F3AB21F4B6904A3FEF938BF8A4F6584/'.
[2018.04.14-20.43.30:471][  0]LogTemp: Display: Loaded TP AllDesktopTargetPlatform
[2018.04.14-20.43.30:485][  0]LogTemp: Display: Loaded TP MacClientTargetPlatform
[2018.04.14-20.43.30:507][  0]LogTemp: Display: Loaded TP MacNoEditorTargetPlatform
[2018.04.14-20.43.30:523][  0]LogTemp: Display: Loaded TP MacServerTargetPlatform
[2018.04.14-20.43.30:539][  0]LogTemp: Display: Loaded TP MacTargetPlatform
[2018.04.14-20.43.30:554][  0]LogTemp: Display: Loaded TP WindowsClientTargetPlatform
[2018.04.14-20.43.30:571][  0]LogTemp: Display: Loaded TP WindowsNoEditorTargetPlatform
[2018.04.14-20.43.30:587][  0]LogTemp: Display: Loaded TP WindowsServerTargetPlatform
[2018.04.14-20.43.30:595][  0]LogTemp: Display: Loaded TP WindowsTargetPlatform
[2018.04.14-20.43.30:610][  0]LogTemp: Display: Loaded TP Android_ASTCTargetPlatform
[2018.04.14-20.43.30:625][  0]LogTemp: Display: Loaded TP Android_ATCTargetPlatform
[2018.04.14-20.43.30:639][  0]LogTemp: Display: Loaded TP Android_DXTTargetPlatform
[2018.04.14-20.43.30:653][  0]LogTemp: Display: Loaded TP Android_ETC1aTargetPlatform
[2018.04.14-20.43.30:668][  0]LogTemp: Display: Loaded TP Android_ETC1TargetPlatform
[2018.04.14-20.43.30:683][  0]LogTemp: Display: Loaded TP Android_ETC2TargetPlatform
[2018.04.14-20.43.30:716][  0]LogTemp: Display: Loaded TP Android_MultiTargetPlatform
[2018.04.14-20.43.30:716][  0]LogTemp: Display: Loaded TP Android_PVRTCTargetPlatform
[2018.04.14-20.43.30:731][  0]LogTemp: Display: Loaded TP AndroidTargetPlatform
[2018.04.14-20.43.30:736][  0]LogTemp: Display: Loaded TP HTML5TargetPlatform
[2018.04.14-20.43.30:784][  0]LogTemp: Display: Loaded TP IOSTargetPlatform
[2018.04.14-20.43.30:799][  0]LogTemp: Display: Loaded TP TVOSTargetPlatform
[2018.04.14-20.43.30:814][  0]LogTemp: Display: Loaded TP LinuxClientTargetPlatform
[2018.04.14-20.43.30:828][  0]LogTemp: Display: Loaded TP LinuxNoEditorTargetPlatform
[2018.04.14-20.43.30:842][  0]LogTemp: Display: Loaded TP LinuxServerTargetPlatform
[2018.04.14-20.43.30:857][  0]LogTemp: Display: Loaded TP LinuxTargetPlatform
[2018.04.14-20.43.30:857][  0]LogTargetPlatformManager: Display: Building Assets For Windows
[2018.04.14-20.43.31:043][  0]LogXGEController: Cleaning working directory: C:/Users/Matthew/AppData/Local/Temp/UnrealXGEWorkingDir/
[2018.04.14-20.43.31:043][  0]LogXGEController: Cannot use XGE Controller as Incredibuild is not installed on this machine.
[2018.04.14-20.43.31:043][  0]LogShaderCompilers: Cannot use XGE Shader Compiler as Incredibuild is not installed on this machine.
[2018.04.14-20.43.31:043][  0]LogShaderCompilers: Display: Using Local Shader Compiler.
[2018.04.14-20.43.31:875][  0]LogDerivedDataCache: Display: Max Cache Size: 512 MB
[2018.04.14-20.43.31:942][  0]LogDerivedDataCache: Loaded boot cache 0.07s 74MB C:/Users/Matthew/AppData/Local/UnrealEngine/4.19/DerivedDataCache/Boot.ddc.
[2018.04.14-20.43.31:942][  0]LogDerivedDataCache: Display: Loaded Boot cache: C:/Users/Matthew/AppData/Local/UnrealEngine/4.19/DerivedDataCache/Boot.ddc
[2018.04.14-20.43.31:942][  0]LogDerivedDataCache: FDerivedDataBackendGraph:  Pak pak cache file ../../../../../../Users/Matthew/Documents/Tilly's Unreal Adventure/TillysAdventure/TillysAdventure/DerivedDataCache/DDC.ddp not found, will not use a pak cache.
[2018.04.14-20.43.31:942][  0]LogDerivedDataCache: Unable to find inner node Pak for hierarchical cache Hierarchy.
[2018.04.14-20.43.31:942][  0]LogDerivedDataCache: FDerivedDataBackendGraph:  CompressedPak pak cache file ../../../../../../Users/Matthew/Documents/Tilly's Unreal Adventure/TillysAdventure/TillysAdventure/DerivedDataCache/Compressed.ddp not found, will not use a pak cache.
[2018.04.14-20.43.31:942][  0]LogDerivedDataCache: Unable to find inner node CompressedPak for hierarchical cache Hierarchy.
[2018.04.14-20.43.31:959][  0]LogDerivedDataCache: Display: Pak cache opened for reading ../../../Engine/DerivedDataCache/Compressed.ddp.
[2018.04.14-20.43.31:972][  0]LogDerivedDataCache: Using Local data cache path C:/Users/Matthew/AppData/Local/UnrealEngine/Common/DerivedDataCache: Writable
[2018.04.14-20.43.31:984][  0]LogMaterial: Verifying Global Shaders for PCD3D_SM5
[2018.04.14-20.43.31:984][  0]LogSlate: Using Freetype 2.6.0
[2018.04.14-20.43.31:985][  0]LogSlate: SlateFontCache - WITH_FREETYPE: 1, WITH_HARFBUZZ: 1
[2018.04.14-20.43.31:985][  0]LogSlate: SlateFontCache - WITH_FREETYPE: 1, WITH_HARFBUZZ: 1
[2018.04.14-20.43.32:162][  0]LogAssetRegistry: FAssetRegistry took 0.0295 seconds to start up
[2018.04.14-20.43.32:490][  0]LogInit: Selected Device Profile: [Windows]
[2018.04.14-20.43.32:660][  0]LogSimplygon: Simplygon DLL not present - disabling.
[2018.04.14-20.43.32:664][  0]LogMeshReduction: Using SimplygonSwarm for distributed automatic mesh merging
[2018.04.14-20.43.32:664][  0]LogMeshReduction: Using QuadricMeshReduction for automatic static mesh reduction
[2018.04.14-20.43.32:664][  0]LogMeshReduction: No automatic skeletal mesh reduction module available
[2018.04.14-20.43.32:664][  0]LogMeshReduction: No automatic mesh merging module available
[2018.04.14-20.43.32:664][  0]LogMeshMerging: No automatic mesh merging module available
[2018.04.14-20.43.32:701][  0]LogNetVersion: TillysAdventure , NetCL: 3944462, EngineNetVer: 2, GameNetVer: 0 (Checksum: 495776416)
[2018.04.14-20.43.33:142][  0]LogPackageLocalizationCache: Processed 9 localized package path(s) for 2 prioritized culture(s) in 0.091733 seconds
[2018.04.14-20.43.33:147][  0]LogUObjectArray: 36728 objects as part of root set at end of initial load.
[2018.04.14-20.43.33:148][  0]LogUObjectAllocator: 7314304 out of 0 bytes used by permanent object pool.
[2018.04.14-20.43.33:148][  0]LogUObjectArray: CloseDisregardForGC: 0/0 objects in disregard for GC pool
[2018.04.14-20.43.35:058][  0]LogTcpMessaging: Initializing TcpMessaging bridge
[2018.04.14-20.43.35:098][  0]LogUdpMessaging: Initializing bridge on interface 0.0.0.0:0 to multicast group 230.0.0.1:6666.
[2018.04.14-20.43.35:624][  0]SourceControl: Source control is disabled
[2018.04.14-20.43.35:625][  0]LogWindows: Warning: CreateProc failed: The system cannot find the file specified. (0x00000002)
[2018.04.14-20.43.35:625][  0]LogWindows: Warning: URL: C:/Program Files/Git/bin/git.exe version
[2018.04.14-20.43.35:625][  0]LogWindows: Warning: CreateProc failed: The system cannot find the file specified. (0x00000002)
[2018.04.14-20.43.35:625][  0]LogWindows: Warning: URL: C:/Program Files (x86)/Git/bin/git.exe version
[2018.04.14-20.43.35:625][  0]LogWindows: Warning: CreateProc failed: The system cannot find the file specified. (0x00000002)
[2018.04.14-20.43.35:625][  0]LogWindows: Warning: URL: C:\Users\Matthew\AppData\Local/Programs/Git/cmd/git.exe version
[2018.04.14-20.43.35:626][  0]LogWindows: Warning: CreateProc failed: The system cannot find the file specified. (0x00000002)
[2018.04.14-20.43.35:626][  0]LogWindows: Warning: URL: C:/Program Files (x86)/SmartGit/git/bin/git.exe version
[2018.04.14-20.43.35:626][  0]LogWindows: Warning: CreateProc failed: The system cannot find the file specified. (0x00000002)
[2018.04.14-20.43.35:626][  0]LogWindows: Warning: URL: C:/Program Files (x86)/SmartGit/bin/git.exe version
[2018.04.14-20.43.36:681][  0]LogAndroidPermission: UAndroidPermissionCallbackProxy::GetInstance
[2018.04.14-20.43.36:974][  0]LogOcInput: OculusInput pre-init called
[2018.04.14-20.43.37:117][  0]LogEngine: Initializing Engine...
[2018.04.14-20.43.37:130][  0]LogHMD: Failed to initialize OpenVR with code 105
[2018.04.14-20.43.37:131][  0]LogStats: UGameplayTagsManager::ConstructGameplayTagTree: Construct from data asset -  0.000 s
[2018.04.14-20.43.37:131][  0]LogStats: UGameplayTagsManager::ConstructGameplayTagTree: GameplayTagTreeChangedEvent.Broadcast -  0.000 s
[2018.04.14-20.43.37:353][  0]LogAIModule: Creating AISystem for world Untitled
[2018.04.14-20.43.37:381][  0]LogInit: XAudio2 using 'Speakers (Realtek High Definition Audio)' : 2 channels at 48 kHz using 32 bits per sample (channel mask 0x3)
[2018.04.14-20.43.37:398][  0]LogInit: FAudioDevice initialized.
[2018.04.14-20.43.37:470][  0]LogDerivedDataCache: Saved boot cache 0.07s 74MB C:/Users/Matthew/AppData/Local/UnrealEngine/4.19/DerivedDataCache/Boot.ddc.
[2018.04.14-20.43.37:485][  0]LogInit: Texture streaming: Enabled
[2018.04.14-20.43.37:511][  0]LogEngineSessionManager: EngineSessionManager initialized
[2018.04.14-20.43.37:529][  0]LogEngineSessionManager: EngineSessionManager sent abnormal shutdown report. Type=Debugger, SessionId={9AB558E7-45C8-C0AD-2B83-85B0E68D72F6}
[2018.04.14-20.43.37:542][  0]LogInit: Transaction tracking system initialized
[2018.04.14-20.43.37:573][  0]BlueprintLog: New page: Editor Load
[2018.04.14-20.43.37:689][  0]LocalizationService: Localization service is disabled
[2018.04.14-20.43.37:821][  0]LogConsoleResponse: Display: 
[2018.04.14-20.43.37:968][  0]LogCook: Display: Max memory allowance for cook 16384mb min free memory 0mb
[2018.04.14-20.43.37:968][  0]LogCook: Display: Mobile HDR setting 1
[2018.04.14-20.43.37:968][  0]LogGameplayTags: Display: UGameplayTagsManager::DoneAddingNativeTags. DelegateIsBound: 0
[2018.04.14-20.43.37:968][  0]LogStats: UGameplayTagsManager::ConstructGameplayTagTree: Construct from data asset -  0.000 s
[2018.04.14-20.43.37:968][  0]LogStats: UGameplayTagsManager::ConstructGameplayTagTree: GameplayTagTreeChangedEvent.Broadcast -  0.000 s
[2018.04.14-20.43.38:219][  0]LogFileCache: Scanning file cache for directory 'D:/Users/Matthew/Documents/Tilly's Unreal Adventure/TillysAdventure/TillysAdventure/Content/' took 0.01s
[2018.04.14-20.43.38:473][  0]Cmd: MAP LOAD FILE="../../../Engine/Content/Maps/Templates/Template_Default.umap" TEMPLATE=1 SHOWPROGRESS=1 FEATURELEVEL=3
[2018.04.14-20.43.38:473][  0]LightingResults: New page: Lighting Build
[2018.04.14-20.43.38:476][  0]MapCheck: New page: Map Check
[2018.04.14-20.43.38:476][  0]LightingResults: New page: Lighting Build
[2018.04.14-20.43.38:653][  0]LogAIModule: Creating AISystem for world Untitled_1
[2018.04.14-20.43.38:663][  0]LogEditorServer: Finished looking for orphan Actors (0.000 secs)
[2018.04.14-20.43.38:675][  0]Cmd: MAP CHECKDEP NOCLEARLOG
[2018.04.14-20.43.38:764][  0]MapCheck: Map check complete: 0 Error(s), 0 Warning(s), took 88.202ms to complete.
[2018.04.14-20.43.38:764][  0]LogFileHelpers: Loading map 'Template_Default' took 0.291
[2018.04.14-20.43.38:914][  0]LogCollectionManager: Loaded 0 collections in 0.001422 seconds
[2018.04.14-20.43.38:965][  0]LogFileCache: Scanning file cache for directory 'D:/Users/Matthew/Documents/Tilly's Unreal Adventure/TillysAdventure/TillysAdventure/Saved/Collections/' took 0.02s
[2018.04.14-20.43.38:966][  0]LogFileCache: Scanning file cache for directory 'D:/Users/Matthew/Documents/Tilly's Unreal Adventure/TillysAdventure/TillysAdventure/Content/Developers/Matthew/Collections/' took 0.01s
[2018.04.14-20.43.38:966][  0]LogFileCache: Scanning file cache for directory 'D:/Users/Matthew/Documents/Tilly's Unreal Adventure/TillysAdventure/TillysAdventure/Content/Collections/' took 0.01s
[2018.04.14-20.43.38:966][  0]LogCollectionManager: Rebuilt the GUID cache for 0 collections in 0.000000 seconds
[2018.04.14-20.43.38:975][  0]LogContentBrowser: Native class hierarchy populated in 0.0093 seconds. Added 2454 classes and 560 folders.
[2018.04.14-20.43.38:982][  0]LogContentBrowser: Native class hierarchy updated for 'WidgetCarousel' in 0.0009 seconds. Added 0 classes and 0 folders.
[2018.04.14-20.43.39:046][  0]LogContentBrowser: Native class hierarchy updated for 'AddContentDialog' in 0.0009 seconds. Added 0 classes and 0 folders.
[2018.04.14-20.43.39:053][  0]LogContentBrowser: Native class hierarchy updated for 'SceneOutliner' in 0.0009 seconds. Added 1 classes and 2 folders.
[2018.04.14-20.43.39:071][  0]LogSlate: Took 0.000309 seconds to synchronously load lazily loaded font '../../../Engine/Content/Slate/Fonts/Roboto-Regular.ttf' (155K)
[2018.04.14-20.43.39:073][  0]LogSlate: Took 0.000242 seconds to synchronously load lazily loaded font '../../../Engine/Content/Slate/Fonts/Roboto-Bold.ttf' (160K)
[2018.04.14-20.43.39:080][  0]LogSlate: Took 0.000198 seconds to synchronously load lazily loaded font '../../../Engine/Content/Editor/Slate/Fonts/FontAwesome.ttf' (139K)
[2018.04.14-20.43.39:177][  0]LogRenderer: Reallocating scene render targets to support 1208x576 Format 10 NumSamples 1 (Frame:1).
[2018.04.14-20.43.39:293][  0]LogContentBrowser: Native class hierarchy updated for 'HierarchicalLODOutliner' in 0.0011 seconds. Added 0 classes and 0 folders.
[2018.04.14-20.43.39:294][  0]LogLoad: (Engine Initialization) Total time: 13.89 seconds
[2018.04.14-20.43.39:294][  0]LogLoad: (Engine Initialization) Total Blueprint compile time: 0.00 seconds
[2018.04.14-20.43.39:304][  0]LogWindowsTextInputMethodSystem: Display: IME system now deactivated.
[2018.04.14-20.43.39:321][  0]LogAssetRegistry: Asset discovery search completed in 7.1847 seconds
[2018.04.14-20.43.39:323][  0]LogCollectionManager: Rebuilt the object cache for 0 collections in 0.000000 seconds (found 0 objects)
[2018.04.14-20.43.39:323][  0]LogCollectionManager: Fixed up redirectors for 0 collections in 0.000125 seconds (updated 0 objects)
[2018.04.14-20.43.39:326][  0]LogContentStreaming: Texture pool size now 1000 MB
[2018.04.14-20.43.39:353][  0]LogSlate: Took 0.000267 seconds to synchronously load lazily loaded font '../../../Engine/Content/Slate/Fonts/Roboto-Light.ttf' (167K)
[2018.04.14-20.43.46:735][868]LogSlate: FSceneViewport::OnFocusLost() reason 0
[2018.04.14-20.43.46:961][889]LogRenderer: Reallocating scene render targets to support 1208x924 Format 10 NumSamples 1 (Frame:871).
[2018.04.14-20.44.12:469][797]LogEditor: Attempting to add actor of class 'TillyPawn' to level at -500.00,-220.00,-30.00
[2018.04.14-20.44.12:765][800]SourceControl: fatal: /Temp: '/Temp' is outside repository
[2018.04.14-20.44.12:961][813]LogEditor: Attempting to add actor of class 'TillyPawn' to level at -140.00,-80.00,20.00
[2018.04.14-20.44.17:875][377]Cmd: DELETE
[2018.04.14-20.44.17:875][377]Cmd: ACTOR DELETE
[2018.04.14-20.44.18:228][377]LogEditorActor: Deleted Actor: TillyPawn
[2018.04.14-20.44.18:270][377]LogEditorActor: Deleted 1 Actors (0.119 secs)
[2018.04.14-20.44.19:651][533]LogSlate: FSceneViewport::OnFocusLost() reason 0
[2018.04.14-20.44.35:947][482]LogSlate: FSceneViewport::OnFocusLost() reason 0
[2018.04.14-20.44.46:933][791]LogSlate: Took 0.000267 seconds to synchronously load lazily loaded font '../../../Engine/Content/Slate/Fonts/Roboto-Light.ttf' (167K)
[2018.04.14-20.44.47:007][791]LogVSAccessor: Couldn't get item operations. Visual Studio may still be initializing.
[2018.04.14-20.44.47:102][791]LogVSAccessor: Warning: Couldn't goto line number '1' in 'D:/Users/Matthew/Documents/Tilly's Unreal Adventure/TillysAdventure/TillysAdventure/Source/TillysAdventure/TillyPawn.cpp'
[2018.04.14-20.45.59:595][943]LogSlate: Window 'Pick Parent Class' being destroyed
[2018.04.14-20.46.15:495][370]LogUObjectGlobals: Warning: Failed to find object 'Class None.None'
[2018.04.14-20.47.09:379][609]LogSlate: Window 'Pick Parent Class' being destroyed
[2018.04.14-20.47.21:468][882]LogContentBrowser: Native class hierarchy updated for 'BlueprintGraph' in 0.0013 seconds. Added 116 classes and 0 folders.
[2018.04.14-20.47.25:457][ 39]LogSlate: Took 0.017812 seconds to synchronously load lazily loaded font '../../../Engine/Content/Slate/Fonts/Roboto-Italic.ttf' (157K)
[2018.04.14-20.47.32:914][782]LogSlate: Window 'TillyPawn*' being destroyed
[2018.04.14-20.47.32:919][782]LogSlate: Window 'TillyPawn*' being destroyed
[2018.04.14-20.48.05:109][860]LogVSAccessor: Warning: Couldn't goto line number '1' in 'D:/Users/Matthew/Documents/Tilly's Unreal Adventure/TillysAdventure/TillysAdventure/Source/TillysAdventure/TillysAdventureGameModeBase.h'
[2018.04.14-20.48.05:198][860]LogVSAccessor: Warning: Couldn't goto line number '1' in 'D:/Users/Matthew/Documents/Tilly's Unreal Adventure/TillysAdventure/TillysAdventure/Source/TillysAdventure/TillysAdventureGameModeBase.cpp'
[2018.04.14-20.48.43:977][466]LogSlate: Window 'Pick Parent Class' being destroyed
[2018.04.14-20.48.53:735][574]LogSlate: Prevented a slow task dialog from being summoned while a context menu was open
[2018.04.14-20.49.21:283][796]LogEditor: Attempting to add actor of class 'TillyPawn' to level at -500.00,470.00,10.00
[2018.04.14-20.49.24:232][136]LogSlate: FSceneViewport::OnFocusLost() reason 0
[2018.04.14-20.49.43:697][210]LogSlate: Window 'Delete Assets' being destroyed
[2018.04.14-20.49.46:520][502]LogUObjectGlobals: Warning: Failed to find object 'Class None.None'
[2018.04.14-20.50.19:834][381]LogTemp: Repeating last play command: Selected Viewport
[2018.04.14-20.50.19:861][381]LogPlayLevel: PlayLevel: No blueprints needed recompiling
[2018.04.14-20.50.20:080][381]PIE: New page: PIE session: Untitled_1 (14 Apr 2018 22:50:19)
[2018.04.14-20.50.20:080][381]LogPlayLevel: Creating play world package: /Temp/UEDPIE_0_Untitled_1
[2018.04.14-20.50.20:082][381]LogPlayLevel: PIE: StaticDuplicateObject took: (0.002497s)
[2018.04.14-20.50.20:083][381]LogAIModule: Creating AISystem for world Untitled_1
[2018.04.14-20.50.20:084][381]LogPlayLevel: PIE: World Init took: (0.000980s)
[2018.04.14-20.50.20:084][381]LogPlayLevel: PIE: Created PIE world by copying editor world from /Temp/Untitled_1.Untitled_1 to /Temp/UEDPIE_0_Untitled_1.Untitled_1 (0.003926s)
[2018.04.14-20.50.20:106][381]LogInit: XAudio2 using 'Speakers (Realtek High Definition Audio)' : 2 channels at 48 kHz using 32 bits per sample (channel mask 0x3)
[2018.04.14-20.50.20:119][381]LogInit: FAudioDevice initialized.
[2018.04.14-20.50.20:166][381]LogLoad: Game class is 'TillyGameModeBase_C'
[2018.04.14-20.50.20:168][381]LogWorld: Bringing World /Temp/UEDPIE_0_Untitled_1.Untitled_1 up for play (max tick rate 0) at 2018.04.14-21.50.20
[2018.04.14-20.50.20:168][381]LogWorld: Bringing up level for play took: 0.000632
[2018.04.14-20.50.20:182][381]LogContentBrowser: Native class hierarchy updated for 'MovieSceneCapture' in 0.0011 seconds. Added 11 classes and 0 folders.
[2018.04.14-20.50.20:184][381]PIE: Play in editor start time for /Temp/UEDPIE_0_Untitled_1 0.564
[2018.04.14-20.50.27:757][228]LogSlate: FSceneViewport::OnFocusLost() reason 0
[2018.04.14-20.51.09:372][912]LogVSAccessor: Warning: Couldn't goto line number '1' in 'D:/Users/Matthew/Documents/Tilly's Unreal Adventure/TillysAdventure/TillysAdventure/Source/TillysAdventure/TillyPawn.cpp'
[2018.04.14-20.51.25:159][365]LogSlate: Took 0.018115 seconds to synchronously load lazily loaded font '../../../Engine/Content/Slate/Fonts/Roboto-BoldCondensed.ttf' (158K)
[2018.04.14-20.51.37:151][735]LogSlate: Window 'Add Blueprint Class' being destroyed
[2018.04.14-20.51.42:970][318]LogSlate: Window 'MyTillyPawn*' being destroyed
[2018.04.14-20.51.42:974][318]LogSlate: Window 'MyTillyPawn*' being destroyed
[2018.04.14-20.51.44:387][473]LogSlate: Prevented a slow task dialog from being summoned while a context menu was open
[2018.04.14-20.52.30:337][502]LogSlate: Window 'MyTillyPawn*' being destroyed
[2018.04.14-20.52.30:340][502]LogSlate: Window 'MyTillyPawn*' being destroyed
[2018.04.14-20.52.53:328][673]LogSlate: Window 'MyTillyPawn*' being destroyed
[2018.04.14-20.52.53:331][673]LogSlate: Window 'MyTillyPawn*' being destroyed
[2018.04.14-20.52.59:510][ 35]LogSlate: Window 'Delete Assets' being destroyed
[2018.04.14-20.53.12:181][397]LogVSAccessor: Warning: Couldn't goto line number '1' in 'D:/Users/Matthew/Documents/Tilly's Unreal Adventure/TillysAdventure/TillysAdventure/Source/TillysAdventure/TillyPawn.cpp'
[2018.04.14-20.53.43:780][692]LogSavePackage: Save=155.06ms
[2018.04.14-20.53.43:782][692]LogSavePackage: Moving '../../../../../../Users/Matthew/Documents/Tilly's Unreal Adventure/TillysAdventure/TillysAdventure/Saved/Untitled_1_Auto1F88CB05F47C8564263AE5096FCE16821.tmp' to '../../../../../../Users/Matthew/Documents/Tilly's Unreal Adventure/TillysAdventure/TillysAdventure/Saved/Autosaves/Temp/Untitled_1_Auto1.umap'
[2018.04.14-20.53.43:801][692]LogSavePackage: Display: Finished SavePackage ../../../../../../Users/Matthew/Documents/Tilly's Unreal Adventure/TillysAdventure/TillysAdventure/Saved/Autosaves/Temp/Untitled_1_Auto1.umap
[2018.04.14-20.53.43:808][692]LogFileHelpers: Editor autosave (incl. sublevels) for '/Temp/Untitled_1' took 0.228
[2018.04.14-20.53.43:810][692]LogFileHelpers: Editor autosave (incl. sublevels) for all levels took 0.228
[2018.04.14-20.53.43:815][692]OBJ SavePackage: Generating thumbnails for [0] asset(s) in package [/Game/Blueprint/GameMode/TillyGameModeBase] ([1] browsable assets)...
[2018.04.14-20.53.43:816][692]OBJ SavePackage: Finished generating thumbnails for package [/Game/Blueprint/GameMode/TillyGameModeBase]
[2018.04.14-20.53.43:884][692]LogSavePackage: Save=29.89ms
[2018.04.14-20.53.43:885][692]LogSavePackage: Moving '../../../../../../Users/Matthew/Documents/Tilly's Unreal Adventure/TillysAdventure/TillysAdventure/Saved/TillyGameModeBase_Auto13F44F0EB453A2B9F4EA5B98EACB8206C.tmp' to '../../../../../../Users/Matthew/Documents/Tilly's Unreal Adventure/TillysAdventure/TillysAdventure/Saved/Autosaves/Game/Blueprint/GameMode/TillyGameModeBase_Auto1.uasset'
[2018.04.14-20.53.43:891][692]LogSavePackage: Display: Finished SavePackage ../../../../../../Users/Matthew/Documents/Tilly's Unreal Adventure/TillysAdventure/TillysAdventure/Saved/Autosaves/Game/Blueprint/GameMode/TillyGameModeBase_Auto1.uasset
[2018.04.14-20.53.43:892][692]LogFileHelpers: Auto-saving content packages took 0.079
[2018.04.14-20.55.42:032][963]LogSlate: Window 'Add Blueprint Class' being destroyed
[2018.04.14-20.55.46:123][342]LogSlate: Window 'TA_TillyPawn*' being destroyed
[2018.04.14-20.55.46:125][342]LogSlate: Window 'TA_TillyPawn*' being destroyed
[2018.04.14-20.56.09:294][985]LogSlate: Window 'Add Blueprint Class' being destroyed
[2018.04.14-20.56.15:273][573]LogSlate: Window 'TA_GameModeBase*' being destroyed
[2018.04.14-20.56.15:277][573]LogSlate: Window 'TA_GameModeBase*' being destroyed
[2018.04.14-20.56.21:267][ 55]LogSlate: Window 'Delete Assets' being destroyed
[2018.04.14-20.56.24:252][373]LogSlate: Prevented a slow task dialog from being summoned while a context menu was open
[2018.04.14-20.56.44:405][701]LogTemp: Repeating last play command: Selected Viewport
[2018.04.14-20.56.44:419][701]LogPlayLevel: PlayLevel: No blueprints needed recompiling
[2018.04.14-20.56.44:419][701]PIE: New page: PIE session: Untitled_1 (14 Apr 2018 22:56:44)
[2018.04.14-20.56.44:419][701]LogPlayLevel: Creating play world package: /Temp/UEDPIE_0_Untitled_1
[2018.04.14-20.56.44:421][701]LogPlayLevel: PIE: StaticDuplicateObject took: (0.001797s)
[2018.04.14-20.56.44:422][701]LogAIModule: Creating AISystem for world Untitled_1
[2018.04.14-20.56.44:422][701]LogPlayLevel: PIE: World Init took: (0.000976s)
[2018.04.14-20.56.44:423][701]LogPlayLevel: PIE: Created PIE world by copying editor world from /Temp/Untitled_1.Untitled_1 to /Temp/UEDPIE_0_Untitled_1.Untitled_1 (0.003110s)
[2018.04.14-20.56.44:446][701]LogInit: XAudio2 using 'Speakers (Realtek High Definition Audio)' : 2 channels at 48 kHz using 32 bits per sample (channel mask 0x3)
[2018.04.14-20.56.44:457][701]LogInit: FAudioDevice initialized.
[2018.04.14-20.56.44:510][701]LogLoad: Game class is 'TA_GameModeBase_C'
[2018.04.14-20.56.44:511][701]LogWorld: Bringing World /Temp/UEDPIE_0_Untitled_1.Untitled_1 up for play (max tick rate 0) at 2018.04.14-21.56.44
[2018.04.14-20.56.44:511][701]LogWorld: Bringing up level for play took: 0.000616
[2018.04.14-20.56.44:512][701]PIE: Play in editor start time for /Temp/UEDPIE_0_Untitled_1 0.89
