Log file open, 04/15/18 19:26:08
LogWindows: Failed to load 'aqProf.dll' (GetLastError=126)
LogWindows: File 'aqProf.dll' does not exist
LogWindows: Failed to load 'VtuneApi.dll' (GetLastError=126)
LogWindows: File 'VtuneApi.dll' does not exist
LogWindows: Failed to load 'VtuneApi32e.dll' (GetLastError=126)
LogWindows: File 'VtuneApi32e.dll' does not exist
LogInit: Display: Running engine for game: TillysAdventure
LogPlatformFile: Not using cached read wrapper
LogInit: Display: RandInit(493983961) SRandInit(493983961).
LogInit: Read version file with build ID '3944462'
LogInit: Overriding engine version to CL 3989454, compatible CL 3944462
LogInit: Registered custom module enumerator with build ID '3944462'
LogTaskGraph: Started task graph with 5 named threads and 14 total threads with 3 sets of task threads.
LogStats: Stats thread started at 0.413352
LogD3D11RHI: Aftermath initialized
LogICUInternationalization: Display: ICU TimeZone Detection - Raw Offset: +0:00, Platform Override: ''
LogPluginManager: Mounting plugin Paper2D
LogPluginManager: Mounting plugin LiveLink
LogPluginManager: Mounting plugin LightPropagationVolume
LogPluginManager: Mounting plugin CLionSourceCodeAccess
LogPluginManager: Mounting plugin CodeLiteSourceCodeAccess
LogPluginManager: Mounting plugin GitSourceControl
LogPluginManager: Mounting plugin KDevelopSourceCodeAccess
LogPluginManager: Mounting plugin NullSourceCodeAccess
LogPluginManager: Mounting plugin PerforceSourceControl
LogPluginManager: Mounting plugin SubversionSourceControl
LogPluginManager: Mounting plugin UObjectPlugin
LogPluginManager: Mounting plugin VisualStudioCodeSourceCodeAccess
LogPluginManager: Mounting plugin VisualStudioSourceCodeAccess
LogPluginManager: Mounting plugin XCodeSourceCodeAccess
LogPluginManager: Mounting plugin AssetManagerEditor
LogPluginManager: Mounting plugin CryptoKeys
LogPluginManager: Mounting plugin DataValidation
LogPluginManager: Mounting plugin FacialAnimation
LogPluginManager: Mounting plugin GameplayTagsEditor
LogPluginManager: Mounting plugin MobileLauncherProfileWizard
LogPluginManager: Mounting plugin PluginBrowser
LogPluginManager: Mounting plugin SpeedTreeImporter
LogPluginManager: Mounting plugin DatasmithContent
LogPluginManager: Mounting plugin AlembicImporter
LogPluginManager: Mounting plugin CharacterAI
LogPluginManager: Mounting plugin HTML5Networking
LogPluginManager: Mounting plugin AndroidMedia
LogPluginManager: Mounting plugin AvfMedia
LogPluginManager: Mounting plugin ImgMedia
LogPluginManager: Mounting plugin LinearTimecode
LogPluginManager: Mounting plugin MediaCompositing
LogPluginManager: Mounting plugin MediaPlayerEditor
LogPluginManager: Mounting plugin WmfMedia
LogPluginManager: Mounting plugin TcpMessaging
LogPluginManager: Mounting plugin UdpMessaging
LogPluginManager: Mounting plugin ActorSequence
LogPluginManager: Mounting plugin LevelSequenceEditor
LogPluginManager: Mounting plugin MatineeToLevelSequence
LogPluginManager: Mounting plugin NetcodeUnitTest
LogPluginManager: Mounting plugin NUTUnrealEngine4
LogPluginManager: Mounting plugin OnlineSubsystemGooglePlay
LogPluginManager: Mounting plugin OnlineSubsystemIOS
LogPluginManager: Mounting plugin OnlineSubsystem
LogPluginManager: Mounting plugin OnlineSubsystemNull
LogPluginManager: Mounting plugin OnlineSubsystemUtils
LogPluginManager: Mounting plugin AndroidDeviceProfileSelector
LogPluginManager: Mounting plugin AndroidMoviePlayer
LogPluginManager: Mounting plugin AndroidPermission
LogPluginManager: Mounting plugin AppleARKit
LogPluginManager: Mounting plugin AppleMoviePlayer
LogPluginManager: Mounting plugin ArchVisCharacter
LogPluginManager: Mounting plugin AudioCapture
LogPluginManager: Mounting plugin CableComponent
LogPluginManager: Mounting plugin CustomMeshComponent
LogPluginManager: Mounting plugin ExampleDeviceProfileSelector
LogPluginManager: Mounting plugin GoogleCloudMessaging
LogPluginManager: Mounting plugin ImmediatePhysics
LogPluginManager: Mounting plugin IOSDeviceProfileSelector
LogPluginManager: Mounting plugin LinuxDeviceProfileSelector
LogPluginManager: Mounting plugin LocationServicesBPLibrary
LogPluginManager: Mounting plugin MobilePatchingUtils
LogPluginManager: Mounting plugin OculusVR
LogPluginManager: Plugin shader directory ../../../Engine/Plugins/Runtime/Oculus/OculusVR/Shaders found
LogPluginManager: Mapping shader source directory ../../../Engine/Plugins/Runtime/Oculus/OculusVR/Shaders to virtual directory /Plugin/OculusVR
LogPluginManager: Mounting plugin PhysXVehicles
LogPluginManager: Mounting plugin ProceduralMeshComponent
LogPluginManager: Mounting plugin RuntimePhysXCooking
LogPluginManager: Mounting plugin SteamVR
LogPluginManager: Mounting plugin WindowsMoviePlayer
LogStreaming: Display: Took  0.174s to configure plugins.
LogModuleManager: Display: Found up-to-date module file ../../../../../../Users/Matthew/Documents/Tilly's Unreal Adventure/TillysAdventure/TillysAdventure/Binaries/Win64/UE4Editor-TillysAdventure.dll (API version 3944462).
LogModuleManager: Display: Found up-to-date module file ../../../Engine/Plugins/2D/Paper2D/Binaries/Win64/UE4Editor-Paper2D.dll (API version 3944462).
LogModuleManager: Display: Found up-to-date module file ../../../Engine/Plugins/2D/Paper2D/Binaries/Win64/UE4Editor-Paper2DEditor.dll (API version 3944462).
LogModuleManager: Display: Found up-to-date module file ../../../Engine/Plugins/2D/Paper2D/Binaries/Win64/UE4Editor-PaperSpriteSheetImporter.dll (API version 3944462).
LogModuleManager: Display: Found up-to-date module file ../../../Engine/Plugins/2D/Paper2D/Binaries/Win64/UE4Editor-PaperTiledImporter.dll (API version 3944462).
LogModuleManager: Display: Found up-to-date module file ../../../Engine/Plugins/2D/Paper2D/Binaries/Win64/UE4Editor-SmartSnapping.dll (API version 3944462).
LogModuleManager: Display: Found up-to-date module file ../../../Engine/Plugins/Animation/LiveLink/Binaries/Win64/UE4Editor-LiveLink.dll (API version 3944462).
LogModuleManager: Display: Found up-to-date module file ../../../Engine/Plugins/Animation/LiveLink/Binaries/Win64/UE4Editor-LiveLinkEditor.dll (API version 3944462).
LogModuleManager: Display: Found up-to-date module file ../../../Engine/Plugins/Blendables/LightPropagationVolume/Binaries/Win64/UE4Editor-LightPropagationVolumeRuntime.dll (API version 3944462).
LogModuleManager: Display: Found up-to-date module file ../../../Engine/Plugins/Blendables/LightPropagationVolume/Binaries/Win64/UE4Editor-LightPropagationVolumeEditor.dll (API version 3944462).
LogModuleManager: Display: Found up-to-date module file ../../../Engine/Plugins/Developer/CLionSourceCodeAccess/Binaries/Win64/UE4Editor-CLionSourceCodeAccess.dll (API version 3944462).
LogModuleManager: Display: Found up-to-date module file ../../../Engine/Plugins/Developer/GitSourceControl/Binaries/Win64/UE4Editor-GitSourceControl.dll (API version 3944462).
LogModuleManager: Display: Found up-to-date module file ../../../Engine/Plugins/Developer/PerforceSourceControl/Binaries/Win64/UE4Editor-PerforceSourceControl.dll (API version 3944462).
LogModuleManager: Display: Found up-to-date module file ../../../Engine/Plugins/Developer/SubversionSourceControl/Binaries/Win64/UE4Editor-SubversionSourceControl.dll (API version 3944462).
LogModuleManager: Display: Found up-to-date module file ../../../Engine/Plugins/Developer/UObjectPlugin/Binaries/Win64/UE4Editor-UObjectPlugin.dll (API version 3944462).
LogModuleManager: Display: Found up-to-date module file ../../../Engine/Plugins/Developer/VisualStudioCodeSourceCodeAccess/Binaries/Win64/UE4Editor-VisualStudioCodeSourceCodeAccess.dll (API version 3944462).
LogModuleManager: Display: Found up-to-date module file ../../../Engine/Plugins/Developer/VisualStudioSourceCodeAccess/Binaries/Win64/UE4Editor-VisualStudioSourceCodeAccess.dll (API version 3944462).
LogModuleManager: Display: Found up-to-date module file ../../../Engine/Plugins/Editor/AssetManagerEditor/Binaries/Win64/UE4Editor-AssetManagerEditor.dll (API version 3944462).
LogModuleManager: Display: Found up-to-date module file ../../../Engine/Plugins/Editor/CryptoKeys/Binaries/Win64/UE4Editor-CryptoKeys.dll (API version 3944462).
LogModuleManager: Display: Found up-to-date module file ../../../Engine/Plugins/Editor/CryptoKeys/Binaries/Win64/UE4Editor-CryptoKeysOpenSSL.dll (API version 3944462).
LogModuleManager: Display: Found up-to-date module file ../../../Engine/Plugins/Editor/DataValidation/Binaries/Win64/UE4Editor-DataValidation.dll (API version 3944462).
LogModuleManager: Display: Found up-to-date module file ../../../Engine/Plugins/Editor/FacialAnimation/Binaries/Win64/UE4Editor-FacialAnimation.dll (API version 3944462).
LogModuleManager: Display: Found up-to-date module file ../../../Engine/Plugins/Editor/FacialAnimation/Binaries/Win64/UE4Editor-FacialAnimationEditor.dll (API version 3944462).
LogModuleManager: Display: Found up-to-date module file ../../../Engine/Plugins/Editor/GameplayTagsEditor/Binaries/Win64/UE4Editor-GameplayTagsEditor.dll (API version 3944462).
LogModuleManager: Display: Found up-to-date module file ../../../Engine/Plugins/Editor/MobileLauncherProfileWizard/Binaries/Win64/UE4Editor-MobileLauncherProfileWizard.dll (API version 3944462).
LogModuleManager: Display: Found up-to-date module file ../../../Engine/Plugins/Editor/PluginBrowser/Binaries/Win64/UE4Editor-PluginBrowser.dll (API version 3944462).
LogModuleManager: Display: Found up-to-date module file ../../../Engine/Plugins/Editor/SpeedTreeImporter/Binaries/Win64/UE4Editor-SpeedTreeImporter.dll (API version 3944462).
LogModuleManager: Display: Found up-to-date module file ../../../Engine/Plugins/Enterprise/DatasmithContent/Binaries/Win64/UE4Editor-DatasmithContent.dll (API version 3944462).
LogModuleManager: Display: Found up-to-date module file ../../../Engine/Plugins/Experimental/AlembicImporter/Binaries/Win64/UE4Editor-AlembicImporter.dll (API version 3944462).
LogModuleManager: Display: Found up-to-date module file ../../../Engine/Plugins/Experimental/AlembicImporter/Binaries/Win64/UE4Editor-AlembicLibrary.dll (API version 3944462).
LogModuleManager: Display: Found up-to-date module file ../../../Engine/Plugins/Experimental/CharacterAI/Binaries/Win64/UE4Editor-CharacterAI.dll (API version 3944462).
LogModuleManager: Display: Found up-to-date module file ../../../Engine/Plugins/Experimental/HTML5Networking/Binaries/Win64/UE4Editor-HTML5Networking.dll (API version 3944462).
LogModuleManager: Display: Found up-to-date module file ../../../Engine/Plugins/Media/AndroidMedia/Binaries/Win64/UE4Editor-AndroidMediaEditor.dll (API version 3944462).
LogModuleManager: Display: Found up-to-date module file ../../../Engine/Plugins/Media/AndroidMedia/Binaries/Win64/UE4Editor-AndroidMediaFactory.dll (API version 3944462).
LogModuleManager: Display: Found up-to-date module file ../../../Engine/Plugins/Media/AvfMedia/Binaries/Win64/UE4Editor-AvfMediaEditor.dll (API version 3944462).
LogModuleManager: Display: Found up-to-date module file ../../../Engine/Plugins/Media/AvfMedia/Binaries/Win64/UE4Editor-AvfMediaFactory.dll (API version 3944462).
LogModuleManager: Display: Found up-to-date module file ../../../Engine/Plugins/Media/AvfMedia/Binaries/Win64/UE4Editor-AvfMediaFactory.dll (API version 3944462).
LogModuleManager: Display: Found up-to-date module file ../../../Engine/Plugins/Media/ImgMedia/Binaries/Win64/UE4Editor-ImgMedia.dll (API version 3944462).
LogModuleManager: Display: Found up-to-date module file ../../../Engine/Plugins/Media/ImgMedia/Binaries/Win64/UE4Editor-ImgMediaEditor.dll (API version 3944462).
LogModuleManager: Display: Found up-to-date module file ../../../Engine/Plugins/Media/ImgMedia/Binaries/Win64/UE4Editor-ImgMediaFactory.dll (API version 3944462).
LogModuleManager: Display: Found up-to-date module file ../../../Engine/Plugins/Media/ImgMedia/Binaries/Win64/UE4Editor-ImgMediaFactory.dll (API version 3944462).
LogModuleManager: Display: Found up-to-date module file ../../../Engine/Plugins/Media/ImgMedia/Binaries/Win64/UE4Editor-OpenExrWrapper.dll (API version 3944462).
LogModuleManager: Display: Found up-to-date module file ../../../Engine/Plugins/Media/LinearTimecode/Binaries/Win64/UE4Editor-LinearTimecode.dll (API version 3944462).
LogModuleManager: Display: Found up-to-date module file ../../../Engine/Plugins/Media/MediaCompositing/Binaries/Win64/UE4Editor-MediaCompositing.dll (API version 3944462).
LogModuleManager: Display: Found up-to-date module file ../../../Engine/Plugins/Media/MediaCompositing/Binaries/Win64/UE4Editor-MediaCompositingEditor.dll (API version 3944462).
LogModuleManager: Display: Found up-to-date module file ../../../Engine/Plugins/Media/MediaPlayerEditor/Binaries/Win64/UE4Editor-MediaPlayerEditor.dll (API version 3944462).
LogModuleManager: Display: Found up-to-date module file ../../../Engine/Plugins/Media/WmfMedia/Binaries/Win64/UE4Editor-WmfMedia.dll (API version 3944462).
LogModuleManager: Display: Found up-to-date module file ../../../Engine/Plugins/Media/WmfMedia/Binaries/Win64/UE4Editor-WmfMediaEditor.dll (API version 3944462).
LogModuleManager: Display: Found up-to-date module file ../../../Engine/Plugins/Media/WmfMedia/Binaries/Win64/UE4Editor-WmfMediaFactory.dll (API version 3944462).
LogModuleManager: Display: Found up-to-date module file ../../../Engine/Plugins/Media/WmfMedia/Binaries/Win64/UE4Editor-WmfMediaFactory.dll (API version 3944462).
LogModuleManager: Display: Found up-to-date module file ../../../Engine/Plugins/Messaging/TcpMessaging/Binaries/Win64/UE4Editor-TcpMessaging.dll (API version 3944462).
LogModuleManager: Display: Found up-to-date module file ../../../Engine/Plugins/Messaging/UdpMessaging/Binaries/Win64/UE4Editor-UdpMessaging.dll (API version 3944462).
LogModuleManager: Display: Found up-to-date module file ../../../Engine/Plugins/MovieScene/ActorSequence/Binaries/Win64/UE4Editor-ActorSequence.dll (API version 3944462).
LogModuleManager: Display: Found up-to-date module file ../../../Engine/Plugins/MovieScene/LevelSequenceEditor/Binaries/Win64/UE4Editor-LevelSequenceEditor.dll (API version 3944462).
LogModuleManager: Display: Found up-to-date module file ../../../Engine/Plugins/MovieScene/MatineeToLevelSequence/Binaries/Win64/UE4Editor-MatineeToLevelSequence.dll (API version 3944462).
LogModuleManager: Display: Found up-to-date module file ../../../Engine/Plugins/NetcodeUnitTest/NetcodeUnitTest/Binaries/Win64/UE4Editor-NetcodeUnitTest.dll (API version 3944462).
LogModuleManager: Display: Found up-to-date module file ../../../Engine/Plugins/NetcodeUnitTest/NUTUnrealEngine4/Binaries/Win64/UE4Editor-NUTUnrealEngine4.dll (API version 3944462).
LogModuleManager: Display: Found up-to-date module file ../../../Engine/Plugins/Online/OnlineSubsystem/Binaries/Win64/UE4Editor-OnlineSubsystem.dll (API version 3944462).
LogModuleManager: Display: Found up-to-date module file ../../../Engine/Plugins/Online/OnlineSubsystemNull/Binaries/Win64/UE4Editor-OnlineSubsystemNull.dll (API version 3944462).
LogModuleManager: Display: Found up-to-date module file ../../../Engine/Plugins/Online/OnlineSubsystemUtils/Binaries/Win64/UE4Editor-OnlineSubsystemUtils.dll (API version 3944462).
LogModuleManager: Display: Found up-to-date module file ../../../Engine/Plugins/Online/OnlineSubsystemUtils/Binaries/Win64/UE4Editor-OnlineBlueprintSupport.dll (API version 3944462).
LogModuleManager: Display: Found up-to-date module file ../../../Engine/Plugins/Runtime/AndroidDeviceProfileSelector/Binaries/Win64/UE4Editor-AndroidDeviceProfileSelector.dll (API version 3944462).
LogModuleManager: Display: Found up-to-date module file ../../../Engine/Plugins/Runtime/AndroidPermission/Binaries/Win64/UE4Editor-AndroidPermission.dll (API version 3944462).
LogModuleManager: Display: Found up-to-date module file ../../../Engine/Plugins/Runtime/AppleARKit/Binaries/Win64/UE4Editor-AppleARKit.dll (API version 3944462).
LogModuleManager: Display: Found up-to-date module file ../../../Engine/Plugins/Runtime/ArchVisCharacter/Binaries/Win64/UE4Editor-ArchVisCharacter.dll (API version 3944462).
LogModuleManager: Display: Found up-to-date module file ../../../Engine/Plugins/Runtime/AudioCapture/Binaries/Win64/UE4Editor-AudioCapture.dll (API version 3944462).
LogModuleManager: Display: Found up-to-date module file ../../../Engine/Plugins/Runtime/AudioCapture/Binaries/Win64/UE4Editor-AudioCaptureEditor.dll (API version 3944462).
LogModuleManager: Display: Found up-to-date module file ../../../Engine/Plugins/Runtime/CableComponent/Binaries/Win64/UE4Editor-CableComponent.dll (API version 3944462).
LogModuleManager: Display: Found up-to-date module file ../../../Engine/Plugins/Runtime/CustomMeshComponent/Binaries/Win64/UE4Editor-CustomMeshComponent.dll (API version 3944462).
LogModuleManager: Display: Found up-to-date module file ../../../Engine/Plugins/Runtime/ExampleDeviceProfileSelector/Binaries/Win64/UE4Editor-ExampleDeviceProfileSelector.dll (API version 3944462).
LogModuleManager: Display: Found up-to-date module file ../../../Engine/Plugins/Runtime/ImmediatePhysics/Binaries/Win64/UE4Editor-ImmediatePhysics.dll (API version 3944462).
LogModuleManager: Display: Found up-to-date module file ../../../Engine/Plugins/Runtime/ImmediatePhysics/Binaries/Win64/UE4Editor-ImmediatePhysicsEditor.dll (API version 3944462).
LogModuleManager: Display: Found up-to-date module file ../../../Engine/Plugins/Runtime/LocationServicesBPLibrary/Binaries/Win64/UE4Editor-LocationServicesBPLibrary.dll (API version 3944462).
LogModuleManager: Display: Found up-to-date module file ../../../Engine/Plugins/Runtime/MobilePatchingUtils/Binaries/Win64/UE4Editor-MobilePatchingUtils.dll (API version 3944462).
LogModuleManager: Display: Found up-to-date module file ../../../Engine/Plugins/Runtime/Oculus/OculusVR/Binaries/Win64/UE4Editor-OculusHMD.dll (API version 3944462).
LogModuleManager: Display: Found up-to-date module file ../../../Engine/Plugins/Runtime/Oculus/OculusVR/Binaries/Win64/UE4Editor-OculusInput.dll (API version 3944462).
LogModuleManager: Display: Found up-to-date module file ../../../Engine/Plugins/Runtime/Oculus/OculusVR/Binaries/Win64/UE4Editor-OculusEditor.dll (API version 3944462).
LogModuleManager: Display: Found up-to-date module file ../../../Engine/Plugins/Runtime/PhysXVehicles/Binaries/Win64/UE4Editor-PhysXVehicles.dll (API version 3944462).
LogModuleManager: Display: Found up-to-date module file ../../../Engine/Plugins/Runtime/PhysXVehicles/Binaries/Win64/UE4Editor-PhysXVehiclesEditor.dll (API version 3944462).
LogModuleManager: Display: Found up-to-date module file ../../../Engine/Plugins/Runtime/ProceduralMeshComponent/Binaries/Win64/UE4Editor-ProceduralMeshComponent.dll (API version 3944462).
LogModuleManager: Display: Found up-to-date module file ../../../Engine/Plugins/Runtime/ProceduralMeshComponent/Binaries/Win64/UE4Editor-ProceduralMeshComponentEditor.dll (API version 3944462).
LogModuleManager: Display: Found up-to-date module file ../../../Engine/Plugins/Runtime/RuntimePhysXCooking/Binaries/Win64/UE4Editor-RuntimePhysXCooking.dll (API version 3944462).
LogModuleManager: Display: Found up-to-date module file ../../../Engine/Plugins/Runtime/Steam/SteamVR/Binaries/Win64/UE4Editor-SteamVR.dll (API version 3944462).
LogModuleManager: Display: Found up-to-date module file ../../../Engine/Plugins/Runtime/Steam/SteamVR/Binaries/Win64/UE4Editor-SteamVRController.dll (API version 3944462).
LogModuleManager: Display: Found up-to-date module file ../../../Engine/Plugins/Runtime/WindowsMoviePlayer/Binaries/Win64/UE4Editor-WindowsMoviePlayer.dll (API version 3944462).
LogInit: Using libcurl 7.47.1
LogInit:  - built for x86_64-pc-win32
LogInit:  - supports SSL with OpenSSL/1.0.2g
LogInit:  - supports HTTP deflate (compression) using libz 1.2.8
LogInit:  - other features:
LogInit:      CURL_VERSION_SSL
LogInit:      CURL_VERSION_LIBZ
LogInit:      CURL_VERSION_IPV6
LogInit:      CURL_VERSION_ASYNCHDNS
LogInit:      CURL_VERSION_LARGEFILE
LogInit:      CURL_VERSION_IDN
LogInit:  CurlRequestOptions (configurable via config and command line):
LogInit:  - bVerifyPeer = false  - Libcurl will NOT verify peer certificate
LogInit:  - bUseHttpProxy = false  - Libcurl will NOT use HTTP proxy
LogInit:  - bDontReuseConnections = false  - Libcurl will reuse connections
LogInit:  - CertBundlePath = nullptr  - Libcurl will use whatever was configured at build time.
LogInit:  - MaxHostConnections = 16  - Libcurl will limit the number of connections to a host
LogInit:  - LocalHostAddr = Default
LogInit: WinSock: version 1.1 (2.2), MaxSocks=32767, MaxUdp=65467
LogInit: WinSock: I am Mattys-PC (192.168.0.12:0)
LogInit: Build: ++UE4+Release-4.19-CL-3989454
LogInit: Engine Version: 4.19.1-3989454+++UE4+Release-4.19
LogInit: Compatible Engine Version: 4.19.0-3944462+++UE4+Release-4.19
LogInit: Net CL: 3944462
LogDevObjectVersion: Number of dev versions registered: 18
LogDevObjectVersion:   Dev-Blueprints (B0D832E4-1F89-4F0D-ACCF-7EB736FD4AA2): 10
LogDevObjectVersion:   Dev-Build (E1C64328-A22C-4D53-A36C-8E866417BD8C): 0
LogDevObjectVersion:   Dev-Core (375EC13C-06E4-48FB-B500-84F0262A717E): 2
LogDevObjectVersion:   Dev-Editor (E4B068ED-F494-42E9-A231-DA0B2E46BB41): 23
LogDevObjectVersion:   Dev-Framework (CFFC743F-43B0-4480-9391-14DF171D2073): 33
LogDevObjectVersion:   Dev-Mobile (B02B49B5-BB20-44E9-A304-32B752E40360): 2
LogDevObjectVersion:   Dev-Networking (A4E4105C-59A1-49B5-A7C5-40C4547EDFEE): 0
LogDevObjectVersion:   Dev-Online (39C831C9-5AE6-47DC-9A44-9C173E1C8E7C): 0
LogDevObjectVersion:   Dev-Physics (78F01B33-EBEA-4F98-B9B4-84EACCB95AA2): 0
LogDevObjectVersion:   Dev-Platform (6631380F-2D4D-43E0-8009-CF276956A95A): 0
LogDevObjectVersion:   Dev-Rendering (12F88B9F-8875-4AFC-A67C-D90C383ABD29): 25
LogDevObjectVersion:   Dev-Sequencer (7B5AE74C-D270-4C10-A958-57980B212A5A): 6
LogDevObjectVersion:   Dev-VR (D7296918-1DD6-4BDD-9DE2-64A83CC13884): 1
LogDevObjectVersion:   Dev-LoadTimes (C2A15278-BFE7-4AFE-6C17-90FF531DF755): 1
LogDevObjectVersion:   Private-Geometry (6EACA3D4-40EC-4CC1-B786-8BED09428FC5): 2
LogDevObjectVersion:   Dev-AnimPhys (29E575DD-E0A3-4627-9D10-D276232CDCEA): 16
LogDevObjectVersion:   Dev-ReflectionCapture (6B266CEC-1EC7-4B8F-A30B-E4D90942FC07): 1
LogDevObjectVersion:   Dev-Automation (0DF73D61-A23F-47EA-B727-89E90C41499A): 1
LogInit: Compiled (64-bit): Apr  6 2018 12:26:04
LogInit: Compiled with Visual C++: 19.00.24215.01
LogInit: Build Configuration: Development
LogInit: Branch Name: ++UE4+Release-4.19
LogInit: Command Line:  -skipcompile
LogInit: Base Directory: D:/Program Files/Epic Games/UE_4.19/Engine/Binaries/Win64/
LogInit: Installed Engine Build: 1
LogStreaming: Display: Took  0.007s to delete old logs.
LogInit: Presizing for max 8388607 objects, including 0 objects not considered by GC, pre-allocating 0 bytes for permanent pool.
LogInit: Object subsystem initialized
[2018.04.15-18.26.10:690][  0]LogInit: Selected Device Profile: [Windows]
[2018.04.15-18.26.10:690][  0]LogInit: Applying CVar settings loaded from the selected device profile: [Windows]
[2018.04.15-18.26.10:704][  0]LogInit: Computer: MATTYS-PC
[2018.04.15-18.26.10:704][  0]LogInit: User: Matthew
[2018.04.15-18.26.10:704][  0]LogInit: CPU Page size=4096, Cores=4
[2018.04.15-18.26.10:704][  0]LogInit: High frequency timer resolution =3.312641 MHz
[2018.04.15-18.26.10:705][  0]LogMemory: Memory total: Physical=7.9GB (8GB approx)
[2018.04.15-18.26.10:706][  0]LogMemory: Platform Memory Stats for Windows
[2018.04.15-18.26.10:706][  0]LogMemory: Process Physical Memory: 275.24 MB used, 275.24 MB peak
[2018.04.15-18.26.10:706][  0]LogMemory: Process Virtual Memory: 269.84 MB used, 269.84 MB peak
[2018.04.15-18.26.10:706][  0]LogMemory: Physical Memory: 5278.59 MB used,  2801.55 MB free, 8080.15 MB total
[2018.04.15-18.26.10:706][  0]LogMemory: Virtual Memory: 687.41 MB used,  2801.55 MB free, 134217728.00 MB total
[2018.04.15-18.26.10:760][  0]LogInit: Using OS detected language (en-GB).
[2018.04.15-18.26.10:760][  0]LogInit: Using OS detected locale (en-GB).
[2018.04.15-18.26.10:764][  0]LogTextLocalizationManager: No specific localization for 'en-GB' exists, so the 'en' localization will be used.
[2018.04.15-18.26.11:194][  0]LogStreaming: Display: Took  0.434s to EndInitTextLocalization.
[2018.04.15-18.26.11:194][  0]LogInit: Setting process to per monitor DPI aware
[2018.04.15-18.26.11:235][  0]LogSlate: New Slate User Created.  User Index 0, Is Virtual User: 0
[2018.04.15-18.26.11:235][  0]LogSlate: Slate User Registered.  User Index 0, Is Virtual User: 0
[2018.04.15-18.26.11:504][  0]LogD3D11RHI: D3D11 adapters:
[2018.04.15-18.26.11:577][  0]LogD3D11RHI:    0. 'NVIDIA GeForce GTX 770' (Feature Level 11_0)
[2018.04.15-18.26.11:577][  0]LogD3D11RHI:       2017/0/4040 MB DedicatedVideo/DedicatedSystem/SharedSystem, Outputs:2, VendorId:0x10de
[2018.04.15-18.26.11:590][  0]LogD3D11RHI:    1. 'Intel(R) HD Graphics 4600' (Feature Level 11_0)
[2018.04.15-18.26.11:590][  0]LogD3D11RHI:       112/0/2048 MB DedicatedVideo/DedicatedSystem/SharedSystem, Outputs:0, VendorId:0x8086
[2018.04.15-18.26.11:597][  0]LogD3D11RHI:    2. 'Microsoft Basic Render Driver' (Feature Level 11_0)
[2018.04.15-18.26.11:597][  0]LogD3D11RHI:       0/0/4040 MB DedicatedVideo/DedicatedSystem/SharedSystem, Outputs:0, VendorId:0x1414
[2018.04.15-18.26.11:597][  0]LogD3D11RHI: Chosen D3D11 Adapter: 0
[2018.04.15-18.26.11:603][  0]LogD3D11RHI: Creating new Direct3DDevice
[2018.04.15-18.26.11:603][  0]LogD3D11RHI:     GPU DeviceId: 0x1184 (for the marketing name, search the web for "GPU Device Id")
[2018.04.15-18.26.11:603][  0]LogWindows: EnumDisplayDevices:
[2018.04.15-18.26.11:603][  0]LogWindows:    0. 'NVIDIA GeForce GTX 770' (P:0 D:1)
[2018.04.15-18.26.11:603][  0]LogWindows:    1. 'NVIDIA GeForce GTX 770' (P:1 D:1)
[2018.04.15-18.26.11:603][  0]LogWindows:    2. 'NVIDIA GeForce GTX 770' (P:0 D:0)
[2018.04.15-18.26.11:604][  0]LogWindows:    3. 'NVIDIA GeForce GTX 770' (P:0 D:0)
[2018.04.15-18.26.11:604][  0]LogWindows:    4. 'Intel(R) HD Graphics 4600' (P:0 D:0)
[2018.04.15-18.26.11:604][  0]LogWindows:    5. 'Intel(R) HD Graphics 4600' (P:0 D:0)
[2018.04.15-18.26.11:604][  0]LogWindows:    6. 'Intel(R) HD Graphics 4600' (P:0 D:0)
[2018.04.15-18.26.11:604][  0]LogWindows: DebugString: GetVideoDriverDetailsInvalid PrimaryIsNotTheChoosenAdapter GetVideoDriverDetailsInvalid PrimaryIsNotTheChoosenAdapter GetVideoDriverDetailsInvalid PrimaryIsNotTheChoosenAdapter GetVideoDriverDetailsInvalid PrimaryIsNotTheChoosenAdapter GetVideoDriverDetailsInvalid PrimaryIsNotTheChoosenAdapter GetVideoDriverDetailsInvalid PrimaryIsNotTheChoosenAdapter GetVideoDriverDetailsInvalid PrimaryIsNotTheChoosenAdapter FoundDriverCount:0 
[2018.04.15-18.26.11:604][  0]LogD3D11RHI:     Adapter Name: NVIDIA GeForce GTX 770
[2018.04.15-18.26.11:604][  0]LogD3D11RHI:   Driver Version: Unknown (internal:Unknown, unified:Unknown)
[2018.04.15-18.26.11:604][  0]LogD3D11RHI:      Driver Date: Unknown
[2018.04.15-18.26.11:604][  0]LogRHI: Texture pool is 1412 MB (70% of 2017 MB)
[2018.04.15-18.26.11:629][  0]LogD3D11RHI: [Aftermath] Aftermath enabled and primed
[2018.04.15-18.26.11:629][  0]LogD3D11RHI: [Aftermath] Aftermath enabled and primed
[2018.04.15-18.26.11:629][  0]LogD3D11RHI: Async texture creation enabled
[2018.04.15-18.26.11:642][  0]LogD3D11RHI: GPU Timing Frequency: 1000.000000 (Debug: 2 1)
[2018.04.15-18.26.11:691][  0]LogShaderCompilers: Guid format shader working directory is -50 characters bigger than the processId version (../../../../../../Users/Matthew/Documents/Tilly's Unreal Adventure/TillysAdventure/TillysAdventure/Intermediate/Shaders/WorkingDirectory/8392/).
[2018.04.15-18.26.11:691][  0]LogShaderCompilers: Cleaned the shader compiler working directory 'C:/Users/Matthew/AppData/Local/Temp/UnrealShaderWorkingDir/C6F58C694ED8D68CC18D468939A8DD25/'.
[2018.04.15-18.26.11:911][  0]LogTemp: Display: Loaded TP AllDesktopTargetPlatform
[2018.04.15-18.26.11:926][  0]LogTemp: Display: Loaded TP MacClientTargetPlatform
[2018.04.15-18.26.11:942][  0]LogTemp: Display: Loaded TP MacNoEditorTargetPlatform
[2018.04.15-18.26.11:957][  0]LogTemp: Display: Loaded TP MacServerTargetPlatform
[2018.04.15-18.26.11:973][  0]LogTemp: Display: Loaded TP MacTargetPlatform
[2018.04.15-18.26.11:988][  0]LogTemp: Display: Loaded TP WindowsClientTargetPlatform
[2018.04.15-18.26.12:004][  0]LogTemp: Display: Loaded TP WindowsNoEditorTargetPlatform
[2018.04.15-18.26.12:020][  0]LogTemp: Display: Loaded TP WindowsServerTargetPlatform
[2018.04.15-18.26.12:029][  0]LogTemp: Display: Loaded TP WindowsTargetPlatform
[2018.04.15-18.26.12:043][  0]LogTemp: Display: Loaded TP Android_ASTCTargetPlatform
[2018.04.15-18.26.12:057][  0]LogTemp: Display: Loaded TP Android_ATCTargetPlatform
[2018.04.15-18.26.12:071][  0]LogTemp: Display: Loaded TP Android_DXTTargetPlatform
[2018.04.15-18.26.12:086][  0]LogTemp: Display: Loaded TP Android_ETC1aTargetPlatform
[2018.04.15-18.26.12:102][  0]LogTemp: Display: Loaded TP Android_ETC1TargetPlatform
[2018.04.15-18.26.12:118][  0]LogTemp: Display: Loaded TP Android_ETC2TargetPlatform
[2018.04.15-18.26.12:146][  0]LogTemp: Display: Loaded TP Android_MultiTargetPlatform
[2018.04.15-18.26.12:146][  0]LogTemp: Display: Loaded TP Android_PVRTCTargetPlatform
[2018.04.15-18.26.12:161][  0]LogTemp: Display: Loaded TP AndroidTargetPlatform
[2018.04.15-18.26.12:164][  0]LogTemp: Display: Loaded TP HTML5TargetPlatform
[2018.04.15-18.26.12:208][  0]LogTemp: Display: Loaded TP IOSTargetPlatform
[2018.04.15-18.26.12:223][  0]LogTemp: Display: Loaded TP TVOSTargetPlatform
[2018.04.15-18.26.12:238][  0]LogTemp: Display: Loaded TP LinuxClientTargetPlatform
[2018.04.15-18.26.12:252][  0]LogTemp: Display: Loaded TP LinuxNoEditorTargetPlatform
[2018.04.15-18.26.12:266][  0]LogTemp: Display: Loaded TP LinuxServerTargetPlatform
[2018.04.15-18.26.12:282][  0]LogTemp: Display: Loaded TP LinuxTargetPlatform
[2018.04.15-18.26.12:282][  0]LogTargetPlatformManager: Display: Building Assets For Windows
[2018.04.15-18.26.12:458][  0]LogXGEController: Cleaning working directory: C:/Users/Matthew/AppData/Local/Temp/UnrealXGEWorkingDir/
[2018.04.15-18.26.12:458][  0]LogXGEController: Cannot use XGE Controller as Incredibuild is not installed on this machine.
[2018.04.15-18.26.12:458][  0]LogShaderCompilers: Cannot use XGE Shader Compiler as Incredibuild is not installed on this machine.
[2018.04.15-18.26.12:459][  0]LogShaderCompilers: Display: Using Local Shader Compiler.
[2018.04.15-18.26.13:223][  0]LogDerivedDataCache: Display: Max Cache Size: 512 MB
[2018.04.15-18.26.13:287][  0]LogDerivedDataCache: Loaded boot cache 0.06s 76MB C:/Users/Matthew/AppData/Local/UnrealEngine/4.19/DerivedDataCache/Boot.ddc.
[2018.04.15-18.26.13:287][  0]LogDerivedDataCache: Display: Loaded Boot cache: C:/Users/Matthew/AppData/Local/UnrealEngine/4.19/DerivedDataCache/Boot.ddc
[2018.04.15-18.26.13:287][  0]LogDerivedDataCache: FDerivedDataBackendGraph:  Pak pak cache file ../../../../../../Users/Matthew/Documents/Tilly's Unreal Adventure/TillysAdventure/TillysAdventure/DerivedDataCache/DDC.ddp not found, will not use a pak cache.
[2018.04.15-18.26.13:288][  0]LogDerivedDataCache: Unable to find inner node Pak for hierarchical cache Hierarchy.
[2018.04.15-18.26.13:288][  0]LogDerivedDataCache: FDerivedDataBackendGraph:  CompressedPak pak cache file ../../../../../../Users/Matthew/Documents/Tilly's Unreal Adventure/TillysAdventure/TillysAdventure/DerivedDataCache/Compressed.ddp not found, will not use a pak cache.
[2018.04.15-18.26.13:288][  0]LogDerivedDataCache: Unable to find inner node CompressedPak for hierarchical cache Hierarchy.
[2018.04.15-18.26.13:304][  0]LogDerivedDataCache: Display: Pak cache opened for reading ../../../Engine/DerivedDataCache/Compressed.ddp.
[2018.04.15-18.26.13:317][  0]LogDerivedDataCache: Using Local data cache path C:/Users/Matthew/AppData/Local/UnrealEngine/Common/DerivedDataCache: Writable
[2018.04.15-18.26.13:328][  0]LogMaterial: Verifying Global Shaders for PCD3D_SM5
[2018.04.15-18.26.13:329][  0]LogSlate: Using Freetype 2.6.0
[2018.04.15-18.26.13:330][  0]LogSlate: SlateFontCache - WITH_FREETYPE: 1, WITH_HARFBUZZ: 1
[2018.04.15-18.26.13:330][  0]LogSlate: SlateFontCache - WITH_FREETYPE: 1, WITH_HARFBUZZ: 1
[2018.04.15-18.26.13:487][  0]LogAssetRegistry: FAssetRegistry took 0.0277 seconds to start up
[2018.04.15-18.26.13:808][  0]LogInit: Selected Device Profile: [Windows]
[2018.04.15-18.26.13:974][  0]LogSimplygon: Simplygon DLL not present - disabling.
[2018.04.15-18.26.13:978][  0]LogMeshReduction: Using SimplygonSwarm for distributed automatic mesh merging
[2018.04.15-18.26.13:978][  0]LogMeshReduction: Using QuadricMeshReduction for automatic static mesh reduction
[2018.04.15-18.26.13:978][  0]LogMeshReduction: No automatic skeletal mesh reduction module available
[2018.04.15-18.26.13:979][  0]LogMeshReduction: No automatic mesh merging module available
[2018.04.15-18.26.13:979][  0]LogMeshMerging: No automatic mesh merging module available
[2018.04.15-18.26.14:015][  0]LogNetVersion: TillysAdventure , NetCL: 3944462, EngineNetVer: 2, GameNetVer: 0 (Checksum: 495776416)
[2018.04.15-18.26.14:458][  0]LogPackageLocalizationCache: Processed 9 localized package path(s) for 2 prioritized culture(s) in 0.091797 seconds
[2018.04.15-18.26.14:463][  0]LogUObjectArray: 36728 objects as part of root set at end of initial load.
[2018.04.15-18.26.14:463][  0]LogUObjectAllocator: 7314312 out of 0 bytes used by permanent object pool.
[2018.04.15-18.26.14:463][  0]LogUObjectArray: CloseDisregardForGC: 0/0 objects in disregard for GC pool
[2018.04.15-18.26.16:300][  0]LogTcpMessaging: Initializing TcpMessaging bridge
[2018.04.15-18.26.16:337][  0]LogUdpMessaging: Initializing bridge on interface 0.0.0.0:0 to multicast group 230.0.0.1:6666.
[2018.04.15-18.26.16:853][  0]SourceControl: Source control is disabled
[2018.04.15-18.26.16:854][  0]LogWindows: Warning: CreateProc failed: The system cannot find the file specified. (0x00000002)
[2018.04.15-18.26.16:854][  0]LogWindows: Warning: URL: C:/Program Files/Git/bin/git.exe version
[2018.04.15-18.26.16:856][  0]LogWindows: Warning: CreateProc failed: The system cannot find the file specified. (0x00000002)
[2018.04.15-18.26.16:858][  0]LogWindows: Warning: URL: C:/Program Files (x86)/Git/bin/git.exe version
[2018.04.15-18.26.16:859][  0]LogWindows: Warning: CreateProc failed: The system cannot find the file specified. (0x00000002)
[2018.04.15-18.26.16:859][  0]LogWindows: Warning: URL: C:\Users\Matthew\AppData\Local/Programs/Git/cmd/git.exe version
[2018.04.15-18.26.16:859][  0]LogWindows: Warning: CreateProc failed: The system cannot find the file specified. (0x00000002)
[2018.04.15-18.26.16:859][  0]LogWindows: Warning: URL: C:/Program Files (x86)/SmartGit/git/bin/git.exe version
[2018.04.15-18.26.16:859][  0]LogWindows: Warning: CreateProc failed: The system cannot find the file specified. (0x00000002)
[2018.04.15-18.26.16:859][  0]LogWindows: Warning: URL: C:/Program Files (x86)/SmartGit/bin/git.exe version
[2018.04.15-18.26.17:954][  0]LogAndroidPermission: UAndroidPermissionCallbackProxy::GetInstance
[2018.04.15-18.26.18:217][  0]LogOcInput: OculusInput pre-init called
[2018.04.15-18.26.18:346][  0]LogEngine: Initializing Engine...
[2018.04.15-18.26.18:358][  0]LogHMD: Failed to initialize OpenVR with code 105
[2018.04.15-18.26.18:359][  0]LogStats: UGameplayTagsManager::ConstructGameplayTagTree: Construct from data asset -  0.000 s
[2018.04.15-18.26.18:359][  0]LogStats: UGameplayTagsManager::ConstructGameplayTagTree: GameplayTagTreeChangedEvent.Broadcast -  0.000 s
[2018.04.15-18.26.18:556][  0]LogAIModule: Creating AISystem for world Untitled
[2018.04.15-18.26.18:576][  0]LogInit: XAudio2 using 'Speakers (Realtek High Definition Audio)' : 2 channels at 48 kHz using 32 bits per sample (channel mask 0x3)
[2018.04.15-18.26.18:596][  0]LogInit: FAudioDevice initialized.
[2018.04.15-18.26.18:669][  0]LogDerivedDataCache: Saved boot cache 0.07s 76MB C:/Users/Matthew/AppData/Local/UnrealEngine/4.19/DerivedDataCache/Boot.ddc.
[2018.04.15-18.26.18:684][  0]LogInit: Texture streaming: Enabled
[2018.04.15-18.26.18:708][  0]LogEngineSessionManager: EngineSessionManager initialized
[2018.04.15-18.26.18:718][  0]LogInit: Transaction tracking system initialized
[2018.04.15-18.26.18:747][  0]BlueprintLog: New page: Editor Load
[2018.04.15-18.26.18:848][  0]LocalizationService: Localization service is disabled
[2018.04.15-18.26.18:987][  0]LogConsoleResponse: Display: 
[2018.04.15-18.26.19:140][  0]LogCook: Display: Max memory allowance for cook 16384mb min free memory 0mb
[2018.04.15-18.26.19:140][  0]LogCook: Display: Mobile HDR setting 1
[2018.04.15-18.26.19:140][  0]LogGameplayTags: Display: UGameplayTagsManager::DoneAddingNativeTags. DelegateIsBound: 0
[2018.04.15-18.26.19:140][  0]LogStats: UGameplayTagsManager::ConstructGameplayTagTree: Construct from data asset -  0.000 s
[2018.04.15-18.26.19:140][  0]LogStats: UGameplayTagsManager::ConstructGameplayTagTree: GameplayTagTreeChangedEvent.Broadcast -  0.000 s
[2018.04.15-18.26.19:594][  0]LogFileCache: Scanning file cache for directory 'D:/Users/Matthew/Documents/Tilly's Unreal Adventure/TillysAdventure/TillysAdventure/Content/' took 0.01s
[2018.04.15-18.26.19:642][  0]Cmd: MAP LOAD FILE="../../../../../../Users/Matthew/Documents/Tilly's Unreal Adventure/TillysAdventure/TillysAdventure/Content/Blueprint/Level/MainLevel.umap" TEMPLATE=0 SHOWPROGRESS=1 FEATURELEVEL=3
[2018.04.15-18.26.19:643][  0]LightingResults: New page: Lighting Build
[2018.04.15-18.26.19:645][  0]MapCheck: New page: Map Check
[2018.04.15-18.26.19:645][  0]LightingResults: New page: Lighting Build
[2018.04.15-18.26.19:842][  0]LogAIModule: Creating AISystem for world MainLevel
[2018.04.15-18.26.19:849][  0]LogEditorServer: Finished looking for orphan Actors (0.000 secs)
[2018.04.15-18.26.19:861][  0]Cmd: MAP CHECKDEP NOCLEARLOG
[2018.04.15-18.26.19:953][  0]MapCheck: Map check complete: 0 Error(s), 0 Warning(s), took 91.409ms to complete.
[2018.04.15-18.26.19:953][  0]LogFileHelpers: Loading map 'MainLevel' took 0.310
[2018.04.15-18.26.20:110][  0]LogCollectionManager: Loaded 0 collections in 0.001294 seconds
[2018.04.15-18.26.20:161][  0]LogFileCache: Scanning file cache for directory 'D:/Users/Matthew/Documents/Tilly's Unreal Adventure/TillysAdventure/TillysAdventure/Saved/Collections/' took 0.01s
[2018.04.15-18.26.20:161][  0]LogFileCache: Scanning file cache for directory 'D:/Users/Matthew/Documents/Tilly's Unreal Adventure/TillysAdventure/TillysAdventure/Content/Developers/Matthew/Collections/' took 0.01s
[2018.04.15-18.26.20:161][  0]LogFileCache: Scanning file cache for directory 'D:/Users/Matthew/Documents/Tilly's Unreal Adventure/TillysAdventure/TillysAdventure/Content/Collections/' took 0.01s
[2018.04.15-18.26.20:161][  0]LogCollectionManager: Rebuilt the GUID cache for 0 collections in 0.000000 seconds
[2018.04.15-18.26.20:171][  0]LogContentBrowser: Native class hierarchy populated in 0.0092 seconds. Added 2456 classes and 560 folders.
[2018.04.15-18.26.20:177][  0]LogContentBrowser: Native class hierarchy updated for 'WidgetCarousel' in 0.0009 seconds. Added 0 classes and 0 folders.
[2018.04.15-18.26.20:241][  0]LogContentBrowser: Native class hierarchy updated for 'AddContentDialog' in 0.0009 seconds. Added 0 classes and 0 folders.
[2018.04.15-18.26.20:250][  0]LogContentBrowser: Native class hierarchy updated for 'SceneOutliner' in 0.0010 seconds. Added 1 classes and 2 folders.
[2018.04.15-18.26.20:313][  0]LogSlate: Took 0.000258 seconds to synchronously load lazily loaded font '../../../Engine/Content/Slate/Fonts/Roboto-Regular.ttf' (155K)
[2018.04.15-18.26.20:318][  0]LogSlate: Took 0.000259 seconds to synchronously load lazily loaded font '../../../Engine/Content/Slate/Fonts/Roboto-Bold.ttf' (160K)
[2018.04.15-18.26.20:328][  0]LogSlate: Took 0.000198 seconds to synchronously load lazily loaded font '../../../Engine/Content/Editor/Slate/Fonts/FontAwesome.ttf' (139K)
[2018.04.15-18.26.20:426][  0]LogRenderer: Reallocating scene render targets to support 1208x576 Format 10 NumSamples 1 (Frame:1).
[2018.04.15-18.26.20:571][  0]LogContentBrowser: Native class hierarchy updated for 'HierarchicalLODOutliner' in 0.0010 seconds. Added 0 classes and 0 folders.
[2018.04.15-18.26.20:571][  0]LogLoad: (Engine Initialization) Total time: 13.78 seconds
[2018.04.15-18.26.20:571][  0]LogLoad: (Engine Initialization) Total Blueprint compile time: 0.00 seconds
[2018.04.15-18.26.20:581][  0]LogWindowsTextInputMethodSystem: Display: IME system now deactivated.
[2018.04.15-18.26.20:600][  0]LogContentStreaming: Texture pool size now 1000 MB
[2018.04.15-18.26.20:646][  1]LogAssetRegistry: Asset discovery search completed in 7.1815 seconds
[2018.04.15-18.26.20:647][  1]LogCollectionManager: Rebuilt the object cache for 0 collections in 0.000000 seconds (found 0 objects)
[2018.04.15-18.26.20:647][  1]LogCollectionManager: Fixed up redirectors for 0 collections in 0.000104 seconds (updated 0 objects)
[2018.04.15-18.26.26:339][649]LogSlate: FSceneViewport::OnFocusLost() reason 0
[2018.04.15-18.26.26:447][662]LogTemp: Repeating last play command: Selected Viewport
[2018.04.15-18.26.26:464][662]LogPlayLevel: PlayLevel: No blueprints needed recompiling
[2018.04.15-18.26.26:465][662]PIE: New page: PIE session: MainLevel (15 Apr 2018 20:26:26)
[2018.04.15-18.26.26:465][662]LogPlayLevel: Creating play world package: /Game/Blueprint/Level/UEDPIE_0_MainLevel
[2018.04.15-18.26.26:468][662]LogPlayLevel: PIE: StaticDuplicateObject took: (0.002485s)
[2018.04.15-18.26.26:468][662]LogAIModule: Creating AISystem for world MainLevel
[2018.04.15-18.26.26:468][662]LogPlayLevel: PIE: World Init took: (0.000804s)
[2018.04.15-18.26.26:469][662]LogPlayLevel: PIE: Created PIE world by copying editor world from /Game/Blueprint/Level/MainLevel.MainLevel to /Game/Blueprint/Level/UEDPIE_0_MainLevel.MainLevel (0.003718s)
[2018.04.15-18.26.26:486][662]LogInit: XAudio2 using 'Speakers (Realtek High Definition Audio)' : 2 channels at 48 kHz using 32 bits per sample (channel mask 0x3)
[2018.04.15-18.26.26:499][662]LogInit: FAudioDevice initialized.
[2018.04.15-18.26.26:547][662]LogLoad: Game class is 'TA_GameModeBase_C'
[2018.04.15-18.26.26:549][662]LogWorld: Bringing World /Game/Blueprint/Level/UEDPIE_0_MainLevel.MainLevel up for play (max tick rate 0) at 2018.04.15-19.26.26
[2018.04.15-18.26.26:549][662]LogWorld: Bringing up level for play took: 0.000792
[2018.04.15-18.26.26:553][662]LogContentBrowser: Native class hierarchy updated for 'MovieSceneCapture' in 0.0009 seconds. Added 11 classes and 0 folders.
[2018.04.15-18.26.26:554][662]PIE: Play in editor start time for /Game/Blueprint/Level/UEDPIE_0_MainLevel 0.966
[2018.04.15-18.26.39:850][180]LogSlate: FSceneViewport::OnFocusLost() reason 0
[2018.04.15-18.26.40:013][199]LogSlate: Took 0.000228 seconds to synchronously load lazily loaded font '../../../Engine/Content/Slate/Fonts/Roboto-Light.ttf' (167K)
[2018.04.15-18.26.41:063][199]LogContentBrowser: Native class hierarchy updated for 'BlueprintGraph' in 0.0027 seconds. Added 116 classes and 0 folders.
[2018.04.15-18.26.49:324][874]BlueprintLog: New page: Compile TA_TillyPlayerController
[2018.04.15-18.26.50:744][967]LogSavePackage: Save=38.74ms
[2018.04.15-18.26.50:744][967]LogSavePackage: Moving '../../../../../../Users/Matthew/Documents/Tilly's Unreal Adventure/TillysAdventure/TillysAdventure/Saved/TA_TillyPlayerController6308EA25431A87E901DA1D9C30AC271C.tmp' to '../../../../../../Users/Matthew/Documents/Tilly's Unreal Adventure/TillysAdventure/TillysAdventure/Content/Blueprint/PlayerControllers/TA_TillyPlayerController.uasset'
[2018.04.15-18.26.50:749][967]LogSavePackage: Display: Finished SavePackage ../../../../../../Users/Matthew/Documents/Tilly's Unreal Adventure/TillysAdventure/TillysAdventure/Content/Blueprint/PlayerControllers/TA_TillyPlayerController.uasset
[2018.04.15-18.26.51:953][ 96]LogSlate: Window 'TA_TillyPlayerController' being destroyed
[2018.04.15-18.26.51:956][ 96]LogSlate: Window 'TA_TillyPlayerController' being destroyed
[2018.04.15-18.26.53:243][239]LogTemp: Repeating last play command: Selected Viewport
[2018.04.15-18.26.53:259][239]LogPlayLevel: PlayLevel: No blueprints needed recompiling
[2018.04.15-18.26.53:259][239]PIE: New page: PIE session: MainLevel (15 Apr 2018 20:26:53)
[2018.04.15-18.26.53:259][239]LogPlayLevel: Creating play world package: /Game/Blueprint/Level/UEDPIE_0_MainLevel
[2018.04.15-18.26.53:261][239]LogPlayLevel: PIE: StaticDuplicateObject took: (0.001604s)
[2018.04.15-18.26.53:262][239]LogAIModule: Creating AISystem for world MainLevel
[2018.04.15-18.26.53:262][239]LogPlayLevel: PIE: World Init took: (0.000771s)
[2018.04.15-18.26.53:262][239]LogPlayLevel: PIE: Created PIE world by copying editor world from /Game/Blueprint/Level/MainLevel.MainLevel to /Game/Blueprint/Level/UEDPIE_0_MainLevel.MainLevel (0.002726s)
[2018.04.15-18.26.53:286][239]LogInit: XAudio2 using 'Speakers (Realtek High Definition Audio)' : 2 channels at 48 kHz using 32 bits per sample (channel mask 0x3)
[2018.04.15-18.26.53:297][239]LogInit: FAudioDevice initialized.
[2018.04.15-18.26.53:335][239]LogLoad: Game class is 'TA_GameModeBase_C'
[2018.04.15-18.26.53:337][239]LogWorld: Bringing World /Game/Blueprint/Level/UEDPIE_0_MainLevel.MainLevel up for play (max tick rate 0) at 2018.04.15-19.26.53
[2018.04.15-18.26.53:337][239]LogWorld: Bringing up level for play took: 0.000712
[2018.04.15-18.26.53:338][239]PIE: Play in editor start time for /Game/Blueprint/Level/UEDPIE_0_MainLevel -0.249
[2018.04.15-18.27.15:487][817]LogSlate: FSceneViewport::OnFocusLost() reason 2
[2018.04.15-18.27.16:613][946]MapCheck: New page: Map Check
[2018.04.15-18.27.16:663][946]Cmd: MAP REBUILD ALLVISIBLE
[2018.04.15-18.27.16:664][946]LogEditorServer: Rebuildmap Clear paths rebuilt
[2018.04.15-18.27.16:895][946]LogMaterial: Missing cached shader map for material FDebugViewModeMaterialProxy WorldGridMaterial, compiling. Is special engine material.
[2018.04.15-18.27.17:009][946]LogMaterial: Missing cached shader map for material FDebugViewModeMaterialProxy DefaultMaterial, compiling. 
[2018.04.15-18.27.17:013][946]LogShaderCompilers: Display: Shaders left to compile 2
[2018.04.15-18.27.17:014][946]LogShaderCompilers: Display: Shaders left to compile 1
[2018.04.15-18.27.17:014][946]LogMaterial: Missing cached shader map for material FDebugViewModeMaterialProxy MaterialInstanceDynamic_1, compiling. 
[2018.04.15-18.27.17:019][946]LogMaterial: Missing cached shader map for material FDebugViewModeMaterialProxy BasicShapeMaterial, compiling. 
[2018.04.15-18.27.18:748][946]LogShaderCompilers: Display: Shaders left to compile 2
[2018.04.15-18.27.18:748][946]LogShaderCompilers: Display: Shaders left to compile 1
[2018.04.15-18.27.18:748][946]TextureStreamingBuild: Display: Compiling optional shaders took 1.869 seconds.
[2018.04.15-18.27.18:782][946]LogLevel: Display: Export Material TexCoord Scales took 0.033 seconds.
[2018.04.15-18.27.18:802][946]TextureStreamingBuild: Display: Build Texture Streaming took 0.004 seconds.
[2018.04.15-18.27.18:839][946]LightingResults: New page: Lighting Build - 15 Apr 2018 20:27:18
[2018.04.15-18.27.19:088][946]LogSwarmInterface: [OpenConnection] Registering TCP channel ...
[2018.04.15-18.27.19:283][946]LogSwarmInterface: [OpenConnection] Connecting to agent ...
[2018.04.15-18.27.19:300][946]LogSwarmInterface: [TryOpenConnection] Testing the Agent
[2018.04.15-18.27.19:832][946]LogSwarmInterface: [TryOpenConnection] Opening Connection to Agent
[2018.04.15-18.27.19:833][946]LogSwarmInterface: [TryOpenConnection] Local Process ID is 8392
[2018.04.15-18.27.23:150][946]LogStaticLightingSystem: Warning: No importance volume found, so the scene bounding box was used.  You can optimize your scene's quality and lighting build times by adding importance volumes.
[2018.04.15-18.27.23:158][946]LogStaticLightingSystem: Running Lightmass w/ ImmediateImport mode ENABLED
[2018.04.15-18.27.23:158][946]LogStaticLightingSystem: Running Lightmass w/ ImmediateProcess mode ENABLED
[2018.04.15-18.27.23:158][946]LogStaticLightingSystem: Running Lightmass w/ Sorting mode ENABLED
[2018.04.15-18.27.23:158][946]LogStaticLightingSystem: Running Lightmass w/ Mapping paddings ENABLED
[2018.04.15-18.27.23:158][946]LogStaticLightingSystem: Running Lightmass w/ Mapping debug paddings DISABLED
[2018.04.15-18.27.23:410][946]Cmd: MAP CHECK DONTDISPLAYDIALOG
[2018.04.15-18.27.23:410][946]MapCheck: New page: MainLevel - 15 Apr 2018 20:27:23
[2018.04.15-18.27.23:434][946]MapCheck: Error: WorldSettings_1 Maps need lighting rebuilt 
[2018.04.15-18.27.23:578][946]MapCheck: Map check complete: 1 Error(s), 0 Warning(s), took 168.048ms to complete.
[2018.04.15-18.27.23:604][946]LogEditorBuildUtils: Build time 0:06
[2018.04.15-18.27.23:650][946]LogMaterial: Missing cached shader map for material FLightmassMaterialRenderer DefaultMaterial, compiling. 
[2018.04.15-18.27.23:697][946]LogMaterial: Missing cached shader map for material FLightmassMaterialRenderer DefaultMaterial, compiling. 
[2018.04.15-18.27.23:844][946]LogShaderCompilers: Display: Shaders left to compile 4
[2018.04.15-18.27.23:881][947]LogMaterial: Missing cached shader map for material FLightmassMaterialRenderer MaterialInstanceDynamic_1, compiling. 
[2018.04.15-18.27.23:890][947]LogShaderCompilers: Display: Shaders left to compile 2
[2018.04.15-18.27.23:890][947]LogMaterial: Missing cached shader map for material FLightmassMaterialRenderer MaterialInstanceDynamic_1, compiling. 
[2018.04.15-18.27.23:929][947]LogShaderCompilers: Display: Shaders left to compile 2
[2018.04.15-18.27.25:257][948]LogMaterial: Missing cached shader map for material FLightmassMaterialRenderer BasicShapeMaterial, compiling. 
[2018.04.15-18.27.25:262][948]LogShaderCompilers: Display: Shaders left to compile 2
[2018.04.15-18.27.25:263][948]LogMaterial: Missing cached shader map for material FLightmassMaterialRenderer BasicShapeMaterial, compiling. 
[2018.04.15-18.27.25:298][949]LogShaderCompilers: Display: Shaders left to compile 2
[2018.04.15-18.27.25:412][949]LogMaterial: Missing cached shader map for material FLightmassMaterialRenderer WorldGridMaterial, compiling. Is special engine material.
[2018.04.15-18.27.25:418][949]LogShaderCompilers: Display: Shaders left to compile 2
[2018.04.15-18.27.25:418][949]LogMaterial: Missing cached shader map for material FLightmassMaterialRenderer WorldGridMaterial, compiling. Is special engine material.
[2018.04.15-18.27.26:360][951]LogShaderCompilers: Display: Shaders left to compile 2
[2018.04.15-18.27.29:184][ 72]Job is a success!
[2018.04.15-18.27.29:283][ 73]LogVolumetricLightmapImport: Imported Volumetric Lightmap in 0.047s
[2018.04.15-18.27.29:284][ 73]LogVolumetricLightmapImport:      Indirection Texture 16x16x16 = 0.0Mb
[2018.04.15-18.27.29:284][ 73]LogVolumetricLightmapImport:      BrickData 150x5x5 = 0.1Mb
[2018.04.15-18.27.29:284][ 73]LogVolumetricLightmapImport:      Bricks at Level
[2018.04.15-18.27.29:284][ 73]LogVolumetricLightmapImport:          0: 3.3% covering 100.0% of volume
[2018.04.15-18.27.29:284][ 73]LogVolumetricLightmapImport:          1: 13.3% covering 6.3% of volume
[2018.04.15-18.27.29:284][ 73]LogVolumetricLightmapImport:          2: 83.3% covering 0.6% of volume
[2018.04.15-18.27.29:420][ 73]LogTexture: Display: Building textures: HQ_Lightmap0_1 (AutoDXT, 256X256)
[2018.04.15-18.27.29:420][ 73]LogTexture: Display: Building textures: LQ_Lightmap_0_1 (DXT1, 256X256)
[2018.04.15-18.27.29:420][ 73]LogTexture: Display: Building textures: HQ_Lightmap0_2 (AutoDXT, 64X64)
[2018.04.15-18.27.29:420][ 73]LogTexture: Display: Building textures: LQ_Lightmap_0_2 (DXT1, 64X64)
[2018.04.15-18.27.29:421][ 73]LogTexture: Display: Building textures: ShadowMapTexture2D_1 (G8, 32X32)
[2018.04.15-18.27.29:421][ 73]LogTexture: Display: Building textures: ShadowMapTexture2D_0 (G8, 256X128)
[2018.04.15-18.27.29:445][ 73]Lightmass on MATTYS-PC: 1.50 sec total, 182 ms importing, 23 ms setup, 192 ms photons, 703 ms processing, 0 ms extra exporting [3/3 mappings]. Threads: 2.77 sec total, 391 ms processing.
[2018.04.15-18.27.29:497][ 73]LogStaticLightingSystem: Illumination: 10.6 sec (74 ms encoding lightmaps, 20 ms encoding shadowmaps)
[2018.04.15-18.27.29:497][ 73]LogStaticLightingSystem: Lightmap texture memory:  0.1 MB (0.1 MB streaming, 0.0 MB non-streaming), 4 textures
[2018.04.15-18.27.29:497][ 73]LogStaticLightingSystem: Shadowmap texture memory: 0.0 MB (0.0 MB streaming, 0.0 MB non-streaming), 2 textures
[2018.04.15-18.27.34:188][ 73]DumpUnbuiltLightIteractions
[2018.04.15-18.27.34:188][ 73]Lights with unbuilt interactions: 0
[2018.04.15-18.27.34:189][ 73]
[2018.04.15-18.27.34:189][ 73]Primitives with unbuilt interactions: 0
[2018.04.15-18.27.34:203][ 73]LogSlate: FSceneViewport::OnFocusLost() reason 2
[2018.04.15-18.27.34:251][ 74]Cmd: MAP CHECK NOTIFYRESULTS
[2018.04.15-18.27.34:252][ 74]MapCheck: New page: MainLevel - 15 Apr 2018 20:27:34
[2018.04.15-18.27.34:349][ 74]MapCheck: Map check complete: 0 Error(s), 0 Warning(s), took 97.266ms to complete.
[2018.04.15-18.27.45:695][418]LogSlate: FSceneViewport::OnFocusLost() reason 0
[2018.04.15-18.27.45:828][434]LogSlate: Window 'Message Log' being destroyed
[2018.04.15-18.27.45:832][434]LogSlate: Window 'Message Log' being destroyed
[2018.04.15-18.27.47:049][579]LogSlate: FSceneViewport::OnFocusLost() reason 0
[2018.04.15-18.27.47:151][591]LogTemp: Repeating last play command: Selected Viewport
[2018.04.15-18.27.47:167][591]LogPlayLevel: PlayLevel: No blueprints needed recompiling
[2018.04.15-18.27.47:169][591]PIE: New page: PIE session: MainLevel (15 Apr 2018 20:27:47)
[2018.04.15-18.27.47:169][591]LogPlayLevel: Creating play world package: /Game/Blueprint/Level/UEDPIE_0_MainLevel
[2018.04.15-18.27.47:171][591]LogPlayLevel: PIE: StaticDuplicateObject took: (0.001785s)
[2018.04.15-18.27.47:172][591]LogAIModule: Creating AISystem for world MainLevel
[2018.04.15-18.27.47:172][591]LogPlayLevel: PIE: World Init took: (0.000692s)
[2018.04.15-18.27.47:172][591]LogPlayLevel: PIE: Created PIE world by copying editor world from /Game/Blueprint/Level/MainLevel.MainLevel to /Game/Blueprint/Level/UEDPIE_0_MainLevel.MainLevel (0.002839s)
[2018.04.15-18.27.47:196][591]LogInit: XAudio2 using 'Speakers (Realtek High Definition Audio)' : 2 channels at 48 kHz using 32 bits per sample (channel mask 0x3)
[2018.04.15-18.27.47:208][591]LogInit: FAudioDevice initialized.
[2018.04.15-18.27.47:243][591]LogLoad: Game class is 'TA_GameModeBase_C'
[2018.04.15-18.27.47:244][591]LogWorld: Bringing World /Game/Blueprint/Level/UEDPIE_0_MainLevel.MainLevel up for play (max tick rate 0) at 2018.04.15-19.27.47
[2018.04.15-18.27.47:244][591]LogWorld: Bringing up level for play took: 0.000803
[2018.04.15-18.27.47:245][591]PIE: Play in editor start time for /Game/Blueprint/Level/UEDPIE_0_MainLevel -0.34
[2018.04.15-18.29.09:156][281]LogSlate: FSceneViewport::OnFocusLost() reason 0
[2018.04.15-18.29.11:054][293]LogSlate: Window 'Save Content' being destroyed
[2018.04.15-18.29.11:360][293]LogSavePackage: Save=22.57ms
[2018.04.15-18.29.11:360][293]LogSavePackage: Moving '../../../../../../Users/Matthew/Documents/Tilly's Unreal Adventure/TillysAdventure/TillysAdventure/Saved/MainLevel674EAC1A4421F1826B2F72A3BC9C736C.tmp' to '../../../../../../Users/Matthew/Documents/Tilly's Unreal Adventure/TillysAdventure/TillysAdventure/Content/Blueprint/Level/MainLevel.umap'
[2018.04.15-18.29.11:365][293]LogSavePackage: Display: Finished SavePackage ../../../../../../Users/Matthew/Documents/Tilly's Unreal Adventure/TillysAdventure/TillysAdventure/Content/Blueprint/Level/MainLevel.umap
[2018.04.15-18.29.11:394][293]LogFileHelpers: Saving map 'MainLevel' took 0.193
[2018.04.15-18.29.11:424][293]LogSavePackage: Save=24.43ms
[2018.04.15-18.29.11:424][293]LogSavePackage: Moving '../../../../../../Users/Matthew/Documents/Tilly's Unreal Adventure/TillysAdventure/TillysAdventure/Saved/MainLevel_BuiltData6D88088C45A9725AE0B7A9AA334CC02D.tmp' to '../../../../../../Users/Matthew/Documents/Tilly's Unreal Adventure/TillysAdventure/TillysAdventure/Content/Blueprint/Level/MainLevel_BuiltData.uasset'
[2018.04.15-18.29.11:428][293]LogSavePackage: Display: Finished SavePackage ../../../../../../Users/Matthew/Documents/Tilly's Unreal Adventure/TillysAdventure/TillysAdventure/Content/Blueprint/Level/MainLevel_BuiltData.uasset
[2018.04.15-18.29.11:752][293]LogSlate: Window 'TillysAdventure - Unreal Editor' being destroyed
[2018.04.15-18.29.11:752][293]LogWindowsTextInputMethodSystem: Display: IME system now deactivated.
[2018.04.15-18.29.11:978][294]Cmd: QUIT_EDITOR
[2018.04.15-18.29.12:661][294]LogSlate: Slate User Destroyed.  User Index 0, Is Virtual User: 0
[2018.04.15-18.29.12:661][294]LogExit: Preparing to exit.
[2018.04.15-18.29.13:622][294]LogDirectoryWatcher: A directory notification for 'D:/Users/Matthew/Documents/Tilly's Unreal Adventure/TillysAdventure/TillysAdventure/Content/' was aborted.
[2018.04.15-18.29.13:648][294]LogExit: Editor shut down
[2018.04.15-18.29.13:651][294]LogExit: Transaction tracking system shut down
[2018.04.15-18.29.13:862][294]LogDirectoryWatcher: A directory notification for '../../../Engine/Content/' was aborted.
[2018.04.15-18.29.13:862][294]LogDirectoryWatcher: A directory notification for '../../../../../../Users/Matthew/Documents/Tilly's Unreal Adventure/TillysAdventure/TillysAdventure/Content/' was aborted.
[2018.04.15-18.29.13:862][294]LogDirectoryWatcher: A directory notification for '../../Plugins/2D/Paper2D/Content/' was aborted.
[2018.04.15-18.29.13:862][294]LogDirectoryWatcher: A directory notification for '../../Plugins/Enterprise/DatasmithContent/Content/' was aborted.
[2018.04.15-18.29.13:862][294]LogDirectoryWatcher: A directory notification for '../../Plugins/Media/MediaCompositing/Content/' was aborted.
[2018.04.15-18.29.13:863][294]LogDirectoryWatcher: A directory notification for '../../Plugins/Runtime/AppleARKit/Content/' was aborted.
[2018.04.15-18.29.13:863][294]LogDirectoryWatcher: A directory notification for '../../Plugins/Runtime/Oculus/OculusVR/Content/' was aborted.
[2018.04.15-18.29.13:863][294]LogDirectoryWatcher: A directory notification for '../../Plugins/Runtime/Steam/SteamVR/Content/' was aborted.
[2018.04.15-18.29.13:944][294]LogExit: Object subsystem successfully closed.
[2018.04.15-18.29.13:969][294]LogShaderCompilers: Display: Shaders left to compile 0
[2018.04.15-18.29.13:973][294]LogD3D11RHI: Shutdown
[2018.04.15-18.29.13:973][294]LogD3D11RHI: CleanupD3DDevice
[2018.04.15-18.29.14:027][294]LogD3D11RHI: ~FD3D11DynamicRHI
[2018.04.15-18.29.14:084][294]LogModuleManager: Shutting down and abandoning module HierarchicalLODUtilities (582)
[2018.04.15-18.29.14:084][294]LogModuleManager: Shutting down and abandoning module BlueprintGraph (580)
[2018.04.15-18.29.14:084][294]LogModuleManager: Shutting down and abandoning module MovieSceneCapture (578)
[2018.04.15-18.29.14:096][294]LogModuleManager: Shutting down and abandoning module HierarchicalLODOutliner (576)
[2018.04.15-18.29.14:096][294]LogModuleManager: Shutting down and abandoning module DesktopPlatform (574)
[2018.04.15-18.29.14:096][294]LogModuleManager: Shutting down and abandoning module SceneOutliner (572)
[2018.04.15-18.29.14:096][294]LogModuleManager: Shutting down and abandoning module AddContentDialog (570)
[2018.04.15-18.29.14:097][294]LogDirectoryWatcher: A directory notification for 'D:/Program Files/Epic Games/UE_4.19/FeaturePacks/' was aborted.
[2018.04.15-18.29.14:097][294]LogModuleManager: Shutting down and abandoning module WidgetCarousel (569)
[2018.04.15-18.29.14:098][294]LogModuleManager: Shutting down and abandoning module EditorWidgets (566)
[2018.04.15-18.29.14:098][294]LogModuleManager: Shutting down and abandoning module CollectionManager (564)
[2018.04.15-18.29.14:098][294]LogDirectoryWatcher: A directory notification for 'D:/Users/Matthew/Documents/Tilly's Unreal Adventure/TillysAdventure/TillysAdventure/Content/Collections/' was aborted.
[2018.04.15-18.29.14:098][294]LogDirectoryWatcher: A directory notification for 'D:/Users/Matthew/Documents/Tilly's Unreal Adventure/TillysAdventure/TillysAdventure/Content/Developers/Matthew/Collections/' was aborted.
[2018.04.15-18.29.14:098][294]LogDirectoryWatcher: A directory notification for 'D:/Users/Matthew/Documents/Tilly's Unreal Adventure/TillysAdventure/TillysAdventure/Saved/Collections/' was aborted.
[2018.04.15-18.29.14:098][294]LogModuleManager: Shutting down and abandoning module StatsViewer (562)
[2018.04.15-18.29.14:099][294]LogModuleManager: Shutting down and abandoning module FoliageEdit (560)
[2018.04.15-18.29.14:099][294]LogModuleManager: Shutting down and abandoning module LandscapeEditor (558)
[2018.04.15-18.29.14:099][294]LogModuleManager: Shutting down and abandoning module MeshPaintMode (556)
[2018.04.15-18.29.14:100][294]LogModuleManager: Shutting down and abandoning module SceneDepthPickerMode (554)
[2018.04.15-18.29.14:100][294]LogModuleManager: Shutting down and abandoning module ActorPickerMode (552)
[2018.04.15-18.29.14:100][294]LogModuleManager: Shutting down and abandoning module GeometryMode (550)
[2018.04.15-18.29.14:101][294]LogModuleManager: Shutting down and abandoning module TextureAlignMode (548)
[2018.04.15-18.29.14:101][294]LogModuleManager: Shutting down and abandoning module BspMode (546)
[2018.04.15-18.29.14:101][294]LogModuleManager: Shutting down and abandoning module PIEPreviewDeviceProfileSelector (544)
[2018.04.15-18.29.14:101][294]LogModuleManager: Shutting down and abandoning module HardwareSurvey (542)
[2018.04.15-18.29.14:101][294]LogModuleManager: Shutting down and abandoning module SequenceRecorderSections (540)
[2018.04.15-18.29.14:101][294]LogModuleManager: Shutting down and abandoning module AutomationWorker (538)
[2018.04.15-18.29.14:102][294]LogModuleManager: Shutting down and abandoning module AudioCaptureEditor (536)
[2018.04.15-18.29.14:102][294]LogModuleManager: Shutting down and abandoning module SequenceRecorder (535)
[2018.04.15-18.29.14:102][294]LogModuleManager: Shutting down and abandoning module MatineeToLevelSequence (532)
[2018.04.15-18.29.14:102][294]LogModuleManager: Shutting down and abandoning module LevelSequenceEditor (530)
[2018.04.15-18.29.14:102][294]LogModuleManager: Shutting down and abandoning module PlacementMode (529)
[2018.04.15-18.29.14:102][294]LogModuleManager: Shutting down and abandoning module MaterialEditor (528)
[2018.04.15-18.29.14:102][294]LogModuleManager: Shutting down and abandoning module WmfMediaFactory (524)
[2018.04.15-18.29.14:102][294]LogModuleManager: Shutting down and abandoning module WmfMediaEditor (522)
[2018.04.15-18.29.14:102][294]LogModuleManager: Shutting down and abandoning module MediaPlayerEditor (520)
[2018.04.15-18.29.14:103][294]LogModuleManager: Shutting down and abandoning module OpenExrWrapper (518)
[2018.04.15-18.29.14:103][294]LogModuleManager: Shutting down and abandoning module ImgMediaFactory (516)
[2018.04.15-18.29.14:103][294]LogModuleManager: Shutting down and abandoning module ImgMediaEditor (514)
[2018.04.15-18.29.14:103][294]LogModuleManager: Shutting down and abandoning module AvfMediaFactory (512)
[2018.04.15-18.29.14:103][294]LogModuleManager: Shutting down and abandoning module AvfMediaEditor (510)
[2018.04.15-18.29.14:103][294]LogModuleManager: Shutting down and abandoning module AndroidMediaFactory (508)
[2018.04.15-18.29.14:103][294]LogModuleManager: Shutting down and abandoning module AndroidMediaEditor (506)
[2018.04.15-18.29.14:103][294]LogModuleManager: Shutting down and abandoning module CharacterAI (504)
[2018.04.15-18.29.14:103][294]LogModuleManager: Shutting down and abandoning module SmartSnapping (502)
[2018.04.15-18.29.14:103][294]LogModuleManager: Shutting down and abandoning module SessionServices (500)
[2018.04.15-18.29.14:103][294]LogModuleManager: Shutting down and abandoning module ViewportSnapping (498)
[2018.04.15-18.29.14:103][294]LogModuleManager: Shutting down and abandoning module ViewportInteraction (496)
[2018.04.15-18.29.14:104][294]LogModuleManager: Shutting down and abandoning module ClothPainter (494)
[2018.04.15-18.29.14:104][294]LogModuleManager: Shutting down and abandoning module SkeletalMeshEditor (493)
[2018.04.15-18.29.14:104][294]LogModuleManager: Shutting down and abandoning module LogVisualizer (490)
[2018.04.15-18.29.14:104][294]LogModuleManager: Shutting down and abandoning module IntroTutorials (488)
[2018.04.15-18.29.14:104][294]LogModuleManager: Shutting down and abandoning module GameProjectGeneration (487)
[2018.04.15-18.29.14:104][294]LogModuleManager: Shutting down and abandoning module IOSPlatformEditor (484)
[2018.04.15-18.29.14:104][294]LogModuleManager: Shutting down and abandoning module HTML5PlatformEditor (482)
[2018.04.15-18.29.14:104][294]LogModuleManager: Shutting down and abandoning module AndroidPlatformEditor (480)
[2018.04.15-18.29.14:105][294]LogModuleManager: Shutting down and abandoning module AndroidDeviceDetection (479)
[2018.04.15-18.29.14:617][294]LogModuleManager: Shutting down and abandoning module WindowsPlatformEditor (476)
[2018.04.15-18.29.14:623][294]LogModuleManager: Shutting down and abandoning module IOSRuntimeSettings (474)
[2018.04.15-18.29.14:623][294]LogModuleManager: Shutting down and abandoning module AndroidRuntimeSettings (472)
[2018.04.15-18.29.14:623][294]LogModuleManager: Shutting down and abandoning module InputBindingEditor (470)
[2018.04.15-18.29.14:623][294]LogModuleManager: Shutting down and abandoning module MergeActors (468)
[2018.04.15-18.29.14:624][294]LogModuleManager: Shutting down and abandoning module LocalizationDashboard (466)
[2018.04.15-18.29.14:624][294]LogModuleManager: Shutting down and abandoning module LocalizationService (465)
[2018.04.15-18.29.14:624][294]LogModuleManager: Shutting down and abandoning module HardwareTargeting (462)
[2018.04.15-18.29.14:624][294]LogModuleManager: Shutting down and abandoning module DeviceProfileEditor (460)
[2018.04.15-18.29.14:624][294]LogModuleManager: Shutting down and abandoning module UndoHistory (458)
[2018.04.15-18.29.14:624][294]LogModuleManager: Shutting down and abandoning module XmlParser (456)
[2018.04.15-18.29.14:624][294]LogModuleManager: Shutting down and abandoning module Blutility (454)
[2018.04.15-18.29.14:625][294]LogModuleManager: Shutting down and abandoning module ProjectSettingsViewer (452)
[2018.04.15-18.29.14:625][294]LogModuleManager: Shutting down and abandoning module ProjectTargetPlatformEditor (451)
[2018.04.15-18.29.14:625][294]LogModuleManager: Shutting down and abandoning module EditorSettingsViewer (448)
[2018.04.15-18.29.14:625][294]LogModuleManager: Shutting down and abandoning module SettingsEditor (446)
[2018.04.15-18.29.14:625][294]LogModuleManager: Shutting down and abandoning module ProjectLauncher (444)
[2018.04.15-18.29.14:626][294]LogModuleManager: Shutting down and abandoning module SessionFrontend (442)
[2018.04.15-18.29.14:626][294]LogModuleManager: Shutting down and abandoning module ProfilerClient (440)
[2018.04.15-18.29.14:626][294]LogModuleManager: Shutting down and abandoning module DeviceManager (438)
[2018.04.15-18.29.14:626][294]LogModuleManager: Shutting down and abandoning module TargetDeviceServices (437)
[2018.04.15-18.29.14:679][294]LogModuleManager: Shutting down and abandoning module AutomationController (434)
[2018.04.15-18.29.14:679][294]LogModuleManager: Shutting down and abandoning module AutomationWindow (432)
[2018.04.15-18.29.14:679][294]LogModuleManager: Shutting down and abandoning module Layers (430)
[2018.04.15-18.29.14:679][294]LogModuleManager: Shutting down and abandoning module ComponentVisualizers (428)
[2018.04.15-18.29.14:680][294]LogModuleManager: Shutting down and abandoning module DetailCustomizations (426)
[2018.04.15-18.29.14:680][294]LogModuleManager: Shutting down and abandoning module PackagesDialog (424)
[2018.04.15-18.29.14:680][294]LogModuleManager: Shutting down and abandoning module Persona (422)
[2018.04.15-18.29.14:680][294]LogModuleManager: Shutting down and abandoning module AdvancedPreviewScene (421)
[2018.04.15-18.29.14:680][294]LogModuleManager: Shutting down and abandoning module AnimGraph (419)
[2018.04.15-18.29.14:680][294]LogModuleManager: Shutting down and abandoning module Kismet (416)
[2018.04.15-18.29.14:685][294]LogModuleManager: Shutting down and abandoning module GraphEditor (414)
[2018.04.15-18.29.14:685][294]LogModuleManager: Shutting down and abandoning module ClassViewer (412)
[2018.04.15-18.29.14:685][294]LogModuleManager: Shutting down and abandoning module Toolbox (410)
[2018.04.15-18.29.14:686][294]LogModuleManager: Shutting down and abandoning module ModuleUI (408)
[2018.04.15-18.29.14:686][294]LogModuleManager: Shutting down and abandoning module MovieSceneTools (406)
[2018.04.15-18.29.14:686][294]LogModuleManager: Shutting down and abandoning module OutputLog (404)
[2018.04.15-18.29.14:686][294]LogModuleManager: Shutting down and abandoning module GammaUI (402)
[2018.04.15-18.29.14:687][294]LogModuleManager: Shutting down and abandoning module Documentation (400)
[2018.04.15-18.29.14:687][294]LogModuleManager: Shutting down and abandoning module MovieSceneTracks (398)
[2018.04.15-18.29.14:687][294]LogModuleManager: Shutting down and abandoning module MovieScene (396)
[2018.04.15-18.29.14:687][294]LogModuleManager: Shutting down and abandoning module StreamingPauseRendering (394)
[2018.04.15-18.29.14:688][294]LogModuleManager: Shutting down and abandoning module LauncherPlatform (392)
[2018.04.15-18.29.14:688][294]LogModuleManager: Shutting down and abandoning module AnalyticsET (390)
[2018.04.15-18.29.14:688][294]LogModuleManager: Shutting down and abandoning module PortalServices (388)
[2018.04.15-18.29.14:688][294]LogModuleManager: Shutting down and abandoning module PortalRpc (386)
[2018.04.15-18.29.14:689][294]LogModuleManager: Shutting down and abandoning module MessagingRpc (384)
[2018.04.15-18.29.14:689][294]LogModuleManager: Shutting down and abandoning module AIModule (382)
[2018.04.15-18.29.14:689][294]LogModuleManager: Shutting down and abandoning module GameplayDebugger (381)
[2018.04.15-18.29.14:689][294]LogModuleManager: Shutting down and abandoning module AITestSuite (379)
[2018.04.15-18.29.14:690][294]LogModuleManager: Shutting down and abandoning module ProfilerService (376)
[2018.04.15-18.29.14:886][294]LogModuleManager: Shutting down and abandoning module TaskGraph (374)
[2018.04.15-18.29.14:886][294]LogModuleManager: Shutting down and abandoning module SteamVRController (372)
[2018.04.15-18.29.14:886][294]LogModuleManager: Shutting down and abandoning module ProceduralMeshComponentEditor (370)
[2018.04.15-18.29.14:886][294]LogModuleManager: Shutting down and abandoning module ProceduralMeshComponent (368)
[2018.04.15-18.29.14:886][294]LogModuleManager: Shutting down and abandoning module OculusInput (366)
[2018.04.15-18.29.14:887][294]LogModuleManager: Shutting down and abandoning module MobilePatchingUtils (364)
[2018.04.15-18.29.14:887][294]LogModuleManager: Shutting down and abandoning module CustomMeshComponent (362)
[2018.04.15-18.29.14:887][294]LogModuleManager: Shutting down and abandoning module CableComponent (360)
[2018.04.15-18.29.14:887][294]LogModuleManager: Shutting down and abandoning module AudioCapture (358)
[2018.04.15-18.29.14:887][294]LogModuleManager: Shutting down and abandoning module ArchVisCharacter (356)
[2018.04.15-18.29.14:887][294]LogModuleManager: Shutting down and abandoning module AndroidPermission (354)
[2018.04.15-18.29.14:887][294]LogModuleManager: Shutting down and abandoning module NUTUnrealEngine4 (350)
[2018.04.15-18.29.14:887][294]LogModuleManager: Shutting down and abandoning module NetcodeUnitTest (348)
[2018.04.15-18.29.14:888][294]LogModuleManager: Shutting down and abandoning module MediaCompositingEditor (346)
[2018.04.15-18.29.14:888][294]LogModuleManager: Shutting down and abandoning module MediaCompositing (344)
[2018.04.15-18.29.14:888][294]LogModuleManager: Shutting down and abandoning module LinearTimecode (342)
[2018.04.15-18.29.14:888][294]LogModuleManager: Shutting down and abandoning module ImgMedia (340)
[2018.04.15-18.29.14:896][294]LogModuleManager: Shutting down and abandoning module HTML5Networking (338)
[2018.04.15-18.29.14:896][294]LogModuleManager: Shutting down and abandoning module AlembicImporter (336)
[2018.04.15-18.29.14:896][294]LogModuleManager: Shutting down and abandoning module AlembicLibrary (335)
[2018.04.15-18.29.14:896][294]LogModuleManager: Shutting down and abandoning module GeometryCache (334)
[2018.04.15-18.29.14:896][294]LogModuleManager: Shutting down and abandoning module GeometryCacheEd (333)
[2018.04.15-18.29.14:896][294]LogModuleManager: Shutting down and abandoning module DatasmithContent (328)
[2018.04.15-18.29.14:896][294]LogModuleManager: Shutting down and abandoning module SpeedTreeImporter (326)
[2018.04.15-18.29.14:897][294]LogModuleManager: Shutting down and abandoning module PluginBrowser (324)
[2018.04.15-18.29.14:897][294]LogModuleManager: Shutting down and abandoning module MobileLauncherProfileWizard (322)
[2018.04.15-18.29.14:897][294]LogModuleManager: Shutting down and abandoning module CryptoKeysOpenSSL (320)
[2018.04.15-18.29.14:897][294]LogModuleManager: Shutting down and abandoning module CryptoKeys (318)
[2018.04.15-18.29.14:897][294]LogModuleManager: Shutting down and abandoning module VisualStudioSourceCodeAccess (316)
[2018.04.15-18.29.14:897][294]LogModuleManager: Shutting down and abandoning module VisualStudioCodeSourceCodeAccess (314)
[2018.04.15-18.29.14:897][294]LogModuleManager: Shutting down and abandoning module UObjectPlugin (312)
[2018.04.15-18.29.14:898][294]LogModuleManager: Shutting down and abandoning module SubversionSourceControl (310)
[2018.04.15-18.29.14:898][294]LogModuleManager: Shutting down and abandoning module PerforceSourceControl (308)
[2018.04.15-18.29.14:898][294]LogModuleManager: Shutting down and abandoning module GitSourceControl (306)
[2018.04.15-18.29.14:898][294]LogModuleManager: Shutting down and abandoning module SourceControl (305)
[2018.04.15-18.29.14:898][294]LogModuleManager: Shutting down and abandoning module CLionSourceCodeAccess (302)
[2018.04.15-18.29.14:898][294]LogModuleManager: Shutting down and abandoning module LightPropagationVolumeEditor (300)
[2018.04.15-18.29.14:898][294]LogModuleManager: Shutting down and abandoning module PaperTiledImporter (298)
[2018.04.15-18.29.14:898][294]LogModuleManager: Shutting down and abandoning module PaperSpriteSheetImporter (296)
[2018.04.15-18.29.14:900][294]LogModuleManager: Shutting down and abandoning module Paper2DEditor (294)
[2018.04.15-18.29.14:901][294]LogModuleManager: Shutting down and abandoning module MeshPaint (293)
[2018.04.15-18.29.14:901][294]LogModuleManager: Shutting down and abandoning module TillysAdventure (290)
[2018.04.15-18.29.14:901][294]LogModuleManager: Shutting down and abandoning module RuntimePhysXCooking (288)
[2018.04.15-18.29.14:901][294]LogModuleManager: Shutting down and abandoning module PhysXVehiclesEditor (286)
[2018.04.15-18.29.14:902][294]LogModuleManager: Shutting down and abandoning module PhysXVehicles (284)
[2018.04.15-18.29.14:902][294]LogModuleManager: Shutting down and abandoning module OculusEditor (282)
[2018.04.15-18.29.14:902][294]LogModuleManager: Shutting down and abandoning module LocationServicesBPLibrary (280)
[2018.04.15-18.29.14:902][294]LogModuleManager: Shutting down and abandoning module ImmediatePhysicsEditor (278)
[2018.04.15-18.29.14:902][294]LogModuleManager: Shutting down and abandoning module ImmediatePhysics (276)
[2018.04.15-18.29.14:902][294]LogModuleManager: Shutting down and abandoning module ActorSequence (274)
[2018.04.15-18.29.14:902][294]LogModuleManager: Shutting down and abandoning module UdpMessaging (272)
[2018.04.15-18.29.15:003][294]LogModuleManager: Shutting down and abandoning module TcpMessaging (270)
[2018.04.15-18.29.15:104][294]LogModuleManager: Shutting down and abandoning module GameplayTagsEditor (268)
[2018.04.15-18.29.15:104][294]LogModuleManager: Shutting down and abandoning module FacialAnimationEditor (266)
[2018.04.15-18.29.15:104][294]LogModuleManager: Shutting down and abandoning module FacialAnimation (264)
[2018.04.15-18.29.15:104][294]LogModuleManager: Shutting down and abandoning module DataValidation (262)
[2018.04.15-18.29.15:104][294]LogModuleManager: Shutting down and abandoning module AssetManagerEditor (260)
[2018.04.15-18.29.15:104][294]LogModuleManager: Shutting down and abandoning module LevelEditor (259)
[2018.04.15-18.29.15:105][294]LogModuleManager: Shutting down and abandoning module PixelInspectorModule (258)
[2018.04.15-18.29.15:106][294]LogModuleManager: Shutting down and abandoning module CommonMenuExtensions (256)
[2018.04.15-18.29.15:106][294]LogModuleManager: Shutting down and abandoning module MainFrame (254)
[2018.04.15-18.29.15:106][294]LogModuleManager: Shutting down and abandoning module HotReload (253)
[2018.04.15-18.29.15:106][294]LogDirectoryWatcher: A directory notification for 'D:/Users/Matthew/Documents/Tilly's Unreal Adventure/TillysAdventure/TillysAdventure/Binaries/Win64' was aborted.
[2018.04.15-18.29.15:107][294]LogModuleManager: Shutting down and abandoning module ContentBrowser (249)
[2018.04.15-18.29.15:108][294]LogModuleManager: Shutting down and abandoning module TreeMap (247)
[2018.04.15-18.29.15:108][294]LogModuleManager: Shutting down and abandoning module LightPropagationVolumeRuntime (244)
[2018.04.15-18.29.15:108][294]LogModuleManager: Shutting down and abandoning module LiveLinkEditor (242)
[2018.04.15-18.29.15:108][294]LogModuleManager: Shutting down and abandoning module LiveLink (240)
[2018.04.15-18.29.15:634][294]LogModuleManager: Shutting down and abandoning module Paper2D (238)
[2018.04.15-18.29.15:634][294]LogModuleManager: Shutting down and abandoning module WindowsMoviePlayer (236)
[2018.04.15-18.29.15:634][294]LogModuleManager: Shutting down and abandoning module WmfMedia (234)
[2018.04.15-18.29.15:639][294]LogModuleManager: Shutting down and abandoning module Media (233)
[2018.04.15-18.29.15:646][294]LogModuleManager: Shutting down and abandoning module PacketHandler (230)
[2018.04.15-18.29.15:646][294]LogModuleManager: Shutting down and abandoning module ClothingSystemEditor (228)
[2018.04.15-18.29.15:646][294]LogModuleManager: Shutting down and abandoning module ClothingSystemRuntime (226)
[2018.04.15-18.29.15:646][294]LogModuleManager: Shutting down and abandoning module MediaAssets (224)
[2018.04.15-18.29.15:646][294]LogModuleManager: Shutting down and abandoning module Overlay (222)
[2018.04.15-18.29.15:647][294]LogModuleManager: Shutting down and abandoning module OverlayEditor (221)
[2018.04.15-18.29.15:647][294]LogModuleManager: Shutting down and abandoning module VREditor (218)
[2018.04.15-18.29.15:647][294]LogModuleManager: Shutting down and abandoning module StringTableEditor (216)
[2018.04.15-18.29.15:647][294]LogModuleManager: Shutting down and abandoning module GameplayTasksEditor (214)
[2018.04.15-18.29.15:647][294]LogModuleManager: Shutting down and abandoning module BehaviorTreeEditor (212)
[2018.04.15-18.29.15:647][294]LogModuleManager: Shutting down and abandoning module FunctionalTesting (210)
[2018.04.15-18.29.15:647][294]LogModuleManager: Shutting down and abandoning module CollisionAnalyzer (208)
[2018.04.15-18.29.15:647][294]LogModuleManager: Shutting down and abandoning module WorkspaceMenuStructure (207)
[2018.04.15-18.29.15:647][294]LogModuleManager: Shutting down and abandoning module UMG (204)
[2018.04.15-18.29.15:648][294]LogModuleManager: Shutting down and abandoning module UMGEditor (203)
[2018.04.15-18.29.15:648][294]LogModuleManager: Shutting down and abandoning module Sequencer (202)
[2018.04.15-18.29.15:648][294]LogModuleManager: Shutting down and abandoning module MessageLog (199)
[2018.04.15-18.29.15:648][294]LogModuleManager: Shutting down and abandoning module SlateReflector (194)
[2018.04.15-18.29.15:649][294]LogModuleManager: Shutting down and abandoning module Slate (192)
[2018.04.15-18.29.15:649][294]LogModuleManager: Shutting down and abandoning module EditorStyle (190)
[2018.04.15-18.29.15:651][294]LogModuleManager: Shutting down and abandoning module MRMesh (188)
[2018.04.15-18.29.15:652][294]LogModuleManager: Shutting down and abandoning module SourceCodeAccess (186)
[2018.04.15-18.29.15:652][294]LogModuleManager: Shutting down and abandoning module HeadMountedDisplay (184)
[2018.04.15-18.29.15:652][294]LogModuleManager: Shutting down and abandoning module XAudio2 (182)
[2018.04.15-18.29.15:652][294]LogModuleManager: Shutting down and abandoning module Networking (180)
[2018.04.15-18.29.15:653][294]LogModuleManager: Shutting down and abandoning module Core (178)
[2018.04.15-18.29.15:653][294]LogModuleManager: Shutting down and abandoning module LevelSequence (176)
[2018.04.15-18.29.15:653][294]LogModuleManager: Shutting down and abandoning module KismetCompiler (174)
[2018.04.15-18.29.15:653][294]LogModuleManager: Shutting down and abandoning module MeshUtilities (172)
[2018.04.15-18.29.15:653][294]LogModuleManager: Shutting down and abandoning module MeshMergeUtilities (171)
[2018.04.15-18.29.15:653][294]LogModuleManager: Shutting down and abandoning module MeshReductionInterface (170)
[2018.04.15-18.29.15:654][294]LogModuleManager: Shutting down and abandoning module SimplygonSwarm (169)
[2018.04.15-18.29.15:654][294]LogModuleManager: Shutting down and abandoning module SimplygonMeshReduction (167)
[2018.04.15-18.29.15:654][294]LogModuleManager: Shutting down and abandoning module QuadricMeshReduction (165)
[2018.04.15-18.29.15:654][294]LogModuleManager: Shutting down and abandoning module MaterialBaking (161)
[2018.04.15-18.29.15:655][294]LogModuleManager: Shutting down and abandoning module DirectoryWatcher (157)
[2018.04.15-18.29.15:656][294]LogModuleManager: Shutting down and abandoning module DerivedDataCache (154)
[2018.04.15-18.29.15:678][294]LogDerivedDataCache: Shutdown
[2018.04.15-18.29.15:678][294]LogModuleManager: Shutting down and abandoning module XGEController (152)
[2018.04.15-18.29.15:678][294]LogXGEController: Cleaning working directory: C:/Users/Matthew/AppData/Local/Temp/UnrealXGEWorkingDir/
[2018.04.15-18.29.15:678][294]LogModuleManager: Shutting down and abandoning module TargetPlatform (150)
[2018.04.15-18.29.15:678][294]LogModuleManager: Shutting down and abandoning module VulkanShaderFormat (149)
[2018.04.15-18.29.15:678][294]LogModuleManager: Shutting down and abandoning module ShaderFormatVectorVM (147)
[2018.04.15-18.29.15:679][294]LogModuleManager: Shutting down and abandoning module ShaderFormatOpenGL (145)
[2018.04.15-18.29.15:679][294]LogModuleManager: Shutting down and abandoning module ShaderFormatD3D (143)
[2018.04.15-18.29.15:679][294]LogModuleManager: Shutting down and abandoning module MetalShaderFormat (141)
[2018.04.15-18.29.15:679][294]LogModuleManager: Shutting down and abandoning module TextureFormatUncompressed (139)
[2018.04.15-18.29.15:679][294]LogModuleManager: Shutting down and abandoning module TextureFormatPVR (137)
[2018.04.15-18.29.15:679][294]LogModuleManager: Shutting down and abandoning module TextureFormatDXT (135)
[2018.04.15-18.29.15:680][294]LogModuleManager: Shutting down and abandoning module TextureFormatIntelISPCTexComp (133)
[2018.04.15-18.29.15:685][294]LogModuleManager: Shutting down and abandoning module TextureFormatASTC (131)
[2018.04.15-18.29.15:686][294]LogModuleManager: Shutting down and abandoning module ImageWrapper (130)
[2018.04.15-18.29.15:686][294]LogModuleManager: Shutting down and abandoning module TextureFormatAndroid (127)
[2018.04.15-18.29.15:687][294]LogModuleManager: Shutting down and abandoning module AudioFormatOpus (125)
[2018.04.15-18.29.15:687][294]LogModuleManager: Shutting down and abandoning module AudioFormatOgg (123)
[2018.04.15-18.29.15:687][294]LogModuleManager: Shutting down and abandoning module AudioFormatADPCM (121)
[2018.04.15-18.29.15:687][294]LogModuleManager: Shutting down and abandoning module LinuxTargetPlatform (119)
[2018.04.15-18.29.15:687][294]LogModuleManager: Shutting down and abandoning module LinuxServerTargetPlatform (117)
[2018.04.15-18.29.15:687][294]LogModuleManager: Shutting down and abandoning module LinuxNoEditorTargetPlatform (115)
[2018.04.15-18.29.15:687][294]LogModuleManager: Shutting down and abandoning module LinuxClientTargetPlatform (113)
[2018.04.15-18.29.15:687][294]LogModuleManager: Shutting down and abandoning module TVOSTargetPlatform (111)
[2018.04.15-18.29.15:688][294]LogModuleManager: Shutting down and abandoning module Messaging (109)
[2018.04.15-18.29.15:688][294]LogModuleManager: Shutting down and abandoning module IOSTargetPlatform (107)
[2018.04.15-18.29.15:688][294]LogModuleManager: Shutting down and abandoning module HTML5TargetPlatform (105)
[2018.04.15-18.29.15:688][294]LogModuleManager: Shutting down and abandoning module AndroidTargetPlatform (103)
[2018.04.15-18.29.15:688][294]LogModuleManager: Shutting down and abandoning module Android_PVRTCTargetPlatform (101)
[2018.04.15-18.29.15:688][294]LogModuleManager: Shutting down and abandoning module Android_MultiTargetPlatform (99)
[2018.04.15-18.29.15:688][294]LogModuleManager: Shutting down and abandoning module Android_ETC2TargetPlatform (97)
[2018.04.15-18.29.15:688][294]LogModuleManager: Shutting down and abandoning module Android_ETC1TargetPlatform (95)
[2018.04.15-18.29.15:688][294]LogModuleManager: Shutting down and abandoning module Android_ETC1aTargetPlatform (93)
[2018.04.15-18.29.15:688][294]LogModuleManager: Shutting down and abandoning module Android_DXTTargetPlatform (91)
[2018.04.15-18.29.15:688][294]LogModuleManager: Shutting down and abandoning module Android_ATCTargetPlatform (89)
[2018.04.15-18.29.15:688][294]LogModuleManager: Shutting down and abandoning module Android_ASTCTargetPlatform (87)
[2018.04.15-18.29.15:689][294]LogModuleManager: Shutting down and abandoning module WindowsTargetPlatform (85)
[2018.04.15-18.29.15:689][294]LogModuleManager: Shutting down and abandoning module WindowsServerTargetPlatform (83)
[2018.04.15-18.29.15:689][294]LogModuleManager: Shutting down and abandoning module WindowsNoEditorTargetPlatform (81)
[2018.04.15-18.29.15:689][294]LogModuleManager: Shutting down and abandoning module WindowsClientTargetPlatform (79)
[2018.04.15-18.29.15:689][294]LogModuleManager: Shutting down and abandoning module MacTargetPlatform (77)
[2018.04.15-18.29.15:689][294]LogModuleManager: Shutting down and abandoning module MacServerTargetPlatform (75)
[2018.04.15-18.29.15:689][294]LogModuleManager: Shutting down and abandoning module MacNoEditorTargetPlatform (73)
[2018.04.15-18.29.15:689][294]LogModuleManager: Shutting down and abandoning module MacClientTargetPlatform (71)
[2018.04.15-18.29.15:689][294]LogModuleManager: Shutting down and abandoning module AllDesktopTargetPlatform (69)
[2018.04.15-18.29.15:689][294]LogModuleManager: Shutting down and abandoning module InputCore (66)
[2018.04.15-18.29.15:690][294]LogModuleManager: Shutting down and abandoning module Settings (64)
[2018.04.15-18.29.15:690][294]LogModuleManager: Shutting down and abandoning module PhysXCooking (62)
[2018.04.15-18.29.15:690][294]LogModuleManager: Shutting down and abandoning module SteamVR (60)
[2018.04.15-18.29.15:690][294]LogModuleManager: Shutting down and abandoning module OculusHMD (58)
[2018.04.15-18.29.15:690][294]LogModuleManager: Shutting down and abandoning module ExampleDeviceProfileSelector (56)
[2018.04.15-18.29.15:690][294]LogModuleManager: Shutting down and abandoning module AppleARKit (54)
[2018.04.15-18.29.15:690][294]LogModuleManager: Shutting down and abandoning module AugmentedReality (51)
[2018.04.15-18.29.15:690][294]LogModuleManager: Shutting down and abandoning module OnlineBlueprintSupport (48)
[2018.04.15-18.29.15:690][294]LogModuleManager: Shutting down and abandoning module OnlineSubsystem (44)
[2018.04.15-18.29.15:690][294]LogModuleManager: Shutting down and abandoning module XMPP (43)
[2018.04.15-18.29.15:691][294]LogModuleManager: Shutting down and abandoning module HTTP (41)
[2018.04.15-18.29.15:691][294]LogHttp: Display: Http module shutting down, but needs to wait on 1 outstanding Http requests:
[2018.04.15-18.29.15:691][294]LogHttp: Display: 	verb=[POST] url=[https://datarouter.ol.epicgames.com/datarouter/api/v1/public/data?SessionID=%7B40C97226-4CB5-D0BB-D085-F38028D9CE2F%7D&AppID=UEEditor.Rocket.Release&AppVersion=4.19.1-3989454%2B%2B%2BUE4%2BRelease-4.19&UserID=115d8ad04b54d5af1b0ccbbc013d09d9%7C566819a0b5c44336b3f8d97e92d120df%7Cdb20d659-655b-40ce-a61e-fafb41fa05c8&AppEnvironment=datacollector-binary&UploadType=eteventstream] status=Processing
[2018.04.15-18.29.15:720][294]LogModuleManager: Shutting down and abandoning module SSL (40)
[2018.04.15-18.29.15:721][294]LogModuleManager: Shutting down and abandoning module AnimationModifiers (36)
[2018.04.15-18.29.15:721][294]LogModuleManager: Shutting down and abandoning module PropertyEditor (35)
[2018.04.15-18.29.15:722][294]LogModuleManager: Shutting down and abandoning module AudioEditor (32)
[2018.04.15-18.29.15:722][294]LogModuleManager: Shutting down and abandoning module TextureCompressor (30)
[2018.04.15-18.29.15:722][294]LogModuleManager: Shutting down and abandoning module ShaderCore (28)
[2018.04.15-18.29.15:722][294]LogModuleManager: Shutting down and abandoning module Landscape (26)
[2018.04.15-18.29.15:722][294]LogModuleManager: Shutting down and abandoning module SlateRHIRenderer (24)
[2018.04.15-18.29.15:723][294]LogModuleManager: Shutting down and abandoning module OpenGLDrv (22)
[2018.04.15-18.29.15:723][294]LogModuleManager: Shutting down and abandoning module D3D11RHI (20)
[2018.04.15-18.29.15:723][294]LogModuleManager: Shutting down and abandoning module AnimGraphRuntime (18)
[2018.04.15-18.29.15:723][294]LogModuleManager: Shutting down and abandoning module Renderer (16)
[2018.04.15-18.29.15:723][294]LogModuleManager: Shutting down and abandoning module Engine (14)
[2018.04.15-18.29.15:723][294]LogModuleManager: Shutting down and abandoning module CoreUObject (12)
[2018.04.15-18.29.15:723][294]LogModuleManager: Shutting down and abandoning module NetworkFile (10)
[2018.04.15-18.29.15:723][294]LogModuleManager: Shutting down and abandoning module CookedIterativeFile (8)
[2018.04.15-18.29.15:724][294]LogModuleManager: Shutting down and abandoning module StreamingFile (6)
[2018.04.15-18.29.15:724][294]LogModuleManager: Shutting down and abandoning module SandboxFile (4)
[2018.04.15-18.29.15:724][294]LogModuleManager: Shutting down and abandoning module PakFile (2)
[2018.04.15-18.29.15:732][294]LogExit: Exiting.
[2018.04.15-18.29.15:757][294]Log file closed, 04/15/18 19:29:15
