Log file open, 04/22/18 15:07:43
LogWindows: Failed to load 'aqProf.dll' (GetLastError=126)
LogWindows: File 'aqProf.dll' does not exist
LogWindows: Failed to load 'VtuneApi.dll' (GetLastError=126)
LogWindows: File 'VtuneApi.dll' does not exist
LogWindows: Failed to load 'VtuneApi32e.dll' (GetLastError=126)
LogWindows: File 'VtuneApi32e.dll' does not exist
LogInit: Display: Running engine for game: TillysAdventure
LogPlatformFile: Not using cached read wrapper
LogInit: Display: RandInit(-1573099012) SRandInit(-1573099012).
LogInit: Read version file with build ID '3944462'
LogInit: Overriding engine version to CL 3989454, compatible CL 3944462
LogInit: Registered custom module enumerator with build ID '3944462'
LogTaskGraph: Started task graph with 5 named threads and 14 total threads with 3 sets of task threads.
LogStats: Stats thread started at 0.248702
LogD3D11RHI: Aftermath initialized
LogICUInternationalization: Display: ICU TimeZone Detection - Raw Offset: +0:00, Platform Override: ''
LogPluginManager: Mounting plugin Paper2D
LogPluginManager: Mounting plugin LiveLink
LogPluginManager: Mounting plugin LightPropagationVolume
LogPluginManager: Mounting plugin CLionSourceCodeAccess
LogPluginManager: Mounting plugin CodeLiteSourceCodeAccess
LogPluginManager: Mounting plugin GitSourceControl
LogPluginManager: Mounting plugin KDevelopSourceCodeAccess
LogPluginManager: Mounting plugin NullSourceCodeAccess
LogPluginManager: Mounting plugin PerforceSourceControl
LogPluginManager: Mounting plugin SubversionSourceControl
LogPluginManager: Mounting plugin UObjectPlugin
LogPluginManager: Mounting plugin VisualStudioCodeSourceCodeAccess
LogPluginManager: Mounting plugin VisualStudioSourceCodeAccess
LogPluginManager: Mounting plugin XCodeSourceCodeAccess
LogPluginManager: Mounting plugin AssetManagerEditor
LogPluginManager: Mounting plugin CryptoKeys
LogPluginManager: Mounting plugin DataValidation
LogPluginManager: Mounting plugin FacialAnimation
LogPluginManager: Mounting plugin GameplayTagsEditor
LogPluginManager: Mounting plugin MobileLauncherProfileWizard
LogPluginManager: Mounting plugin PluginBrowser
LogPluginManager: Mounting plugin SpeedTreeImporter
LogPluginManager: Mounting plugin DatasmithContent
LogPluginManager: Mounting plugin AlembicImporter
LogPluginManager: Mounting plugin CharacterAI
LogPluginManager: Mounting plugin HTML5Networking
LogPluginManager: Mounting plugin AndroidMedia
LogPluginManager: Mounting plugin AvfMedia
LogPluginManager: Mounting plugin ImgMedia
LogPluginManager: Mounting plugin LinearTimecode
LogPluginManager: Mounting plugin MediaCompositing
LogPluginManager: Mounting plugin MediaPlayerEditor
LogPluginManager: Mounting plugin WmfMedia
LogPluginManager: Mounting plugin TcpMessaging
LogPluginManager: Mounting plugin UdpMessaging
LogPluginManager: Mounting plugin ActorSequence
LogPluginManager: Mounting plugin LevelSequenceEditor
LogPluginManager: Mounting plugin MatineeToLevelSequence
LogPluginManager: Mounting plugin NetcodeUnitTest
LogPluginManager: Mounting plugin NUTUnrealEngine4
LogPluginManager: Mounting plugin OnlineSubsystemGooglePlay
LogPluginManager: Mounting plugin OnlineSubsystemIOS
LogPluginManager: Mounting plugin OnlineSubsystem
LogPluginManager: Mounting plugin OnlineSubsystemNull
LogPluginManager: Mounting plugin OnlineSubsystemUtils
LogPluginManager: Mounting plugin AndroidDeviceProfileSelector
LogPluginManager: Mounting plugin AndroidMoviePlayer
LogPluginManager: Mounting plugin AndroidPermission
LogPluginManager: Mounting plugin AppleARKit
LogPluginManager: Mounting plugin AppleMoviePlayer
LogPluginManager: Mounting plugin ArchVisCharacter
LogPluginManager: Mounting plugin AudioCapture
LogPluginManager: Mounting plugin CableComponent
LogPluginManager: Mounting plugin CustomMeshComponent
LogPluginManager: Mounting plugin ExampleDeviceProfileSelector
LogPluginManager: Mounting plugin GoogleCloudMessaging
LogPluginManager: Mounting plugin ImmediatePhysics
LogPluginManager: Mounting plugin IOSDeviceProfileSelector
LogPluginManager: Mounting plugin LinuxDeviceProfileSelector
LogPluginManager: Mounting plugin LocationServicesBPLibrary
LogPluginManager: Mounting plugin MobilePatchingUtils
LogPluginManager: Mounting plugin OculusVR
LogPluginManager: Plugin shader directory ../../../Engine/Plugins/Runtime/Oculus/OculusVR/Shaders found
LogPluginManager: Mapping shader source directory ../../../Engine/Plugins/Runtime/Oculus/OculusVR/Shaders to virtual directory /Plugin/OculusVR
LogPluginManager: Mounting plugin PhysXVehicles
LogPluginManager: Mounting plugin ProceduralMeshComponent
LogPluginManager: Mounting plugin RuntimePhysXCooking
LogPluginManager: Mounting plugin SteamVR
LogPluginManager: Mounting plugin WindowsMoviePlayer
LogStreaming: Display: Took  0.197s to configure plugins.
LogModuleManager: Display: Found up-to-date module file ../../../../../../Users/Matthew/Documents/Tilly's Unreal Adventure/TillysAdventure/TillysAdventure/Binaries/Win64/UE4Editor-TillysAdventure.dll (API version 3944462).
LogModuleManager: Display: Found up-to-date module file ../../../Engine/Plugins/2D/Paper2D/Binaries/Win64/UE4Editor-Paper2D.dll (API version 3944462).
LogModuleManager: Display: Found up-to-date module file ../../../Engine/Plugins/2D/Paper2D/Binaries/Win64/UE4Editor-Paper2DEditor.dll (API version 3944462).
LogModuleManager: Display: Found up-to-date module file ../../../Engine/Plugins/2D/Paper2D/Binaries/Win64/UE4Editor-PaperSpriteSheetImporter.dll (API version 3944462).
LogModuleManager: Display: Found up-to-date module file ../../../Engine/Plugins/2D/Paper2D/Binaries/Win64/UE4Editor-PaperTiledImporter.dll (API version 3944462).
LogModuleManager: Display: Found up-to-date module file ../../../Engine/Plugins/2D/Paper2D/Binaries/Win64/UE4Editor-SmartSnapping.dll (API version 3944462).
LogModuleManager: Display: Found up-to-date module file ../../../Engine/Plugins/Animation/LiveLink/Binaries/Win64/UE4Editor-LiveLink.dll (API version 3944462).
LogModuleManager: Display: Found up-to-date module file ../../../Engine/Plugins/Animation/LiveLink/Binaries/Win64/UE4Editor-LiveLinkEditor.dll (API version 3944462).
LogModuleManager: Display: Found up-to-date module file ../../../Engine/Plugins/Blendables/LightPropagationVolume/Binaries/Win64/UE4Editor-LightPropagationVolumeRuntime.dll (API version 3944462).
LogModuleManager: Display: Found up-to-date module file ../../../Engine/Plugins/Blendables/LightPropagationVolume/Binaries/Win64/UE4Editor-LightPropagationVolumeEditor.dll (API version 3944462).
LogModuleManager: Display: Found up-to-date module file ../../../Engine/Plugins/Developer/CLionSourceCodeAccess/Binaries/Win64/UE4Editor-CLionSourceCodeAccess.dll (API version 3944462).
LogModuleManager: Display: Found up-to-date module file ../../../Engine/Plugins/Developer/GitSourceControl/Binaries/Win64/UE4Editor-GitSourceControl.dll (API version 3944462).
LogModuleManager: Display: Found up-to-date module file ../../../Engine/Plugins/Developer/PerforceSourceControl/Binaries/Win64/UE4Editor-PerforceSourceControl.dll (API version 3944462).
LogModuleManager: Display: Found up-to-date module file ../../../Engine/Plugins/Developer/SubversionSourceControl/Binaries/Win64/UE4Editor-SubversionSourceControl.dll (API version 3944462).
LogModuleManager: Display: Found up-to-date module file ../../../Engine/Plugins/Developer/UObjectPlugin/Binaries/Win64/UE4Editor-UObjectPlugin.dll (API version 3944462).
LogModuleManager: Display: Found up-to-date module file ../../../Engine/Plugins/Developer/VisualStudioCodeSourceCodeAccess/Binaries/Win64/UE4Editor-VisualStudioCodeSourceCodeAccess.dll (API version 3944462).
LogModuleManager: Display: Found up-to-date module file ../../../Engine/Plugins/Developer/VisualStudioSourceCodeAccess/Binaries/Win64/UE4Editor-VisualStudioSourceCodeAccess.dll (API version 3944462).
LogModuleManager: Display: Found up-to-date module file ../../../Engine/Plugins/Editor/AssetManagerEditor/Binaries/Win64/UE4Editor-AssetManagerEditor.dll (API version 3944462).
LogModuleManager: Display: Found up-to-date module file ../../../Engine/Plugins/Editor/CryptoKeys/Binaries/Win64/UE4Editor-CryptoKeys.dll (API version 3944462).
LogModuleManager: Display: Found up-to-date module file ../../../Engine/Plugins/Editor/CryptoKeys/Binaries/Win64/UE4Editor-CryptoKeysOpenSSL.dll (API version 3944462).
LogModuleManager: Display: Found up-to-date module file ../../../Engine/Plugins/Editor/DataValidation/Binaries/Win64/UE4Editor-DataValidation.dll (API version 3944462).
LogModuleManager: Display: Found up-to-date module file ../../../Engine/Plugins/Editor/FacialAnimation/Binaries/Win64/UE4Editor-FacialAnimation.dll (API version 3944462).
LogModuleManager: Display: Found up-to-date module file ../../../Engine/Plugins/Editor/FacialAnimation/Binaries/Win64/UE4Editor-FacialAnimationEditor.dll (API version 3944462).
LogModuleManager: Display: Found up-to-date module file ../../../Engine/Plugins/Editor/GameplayTagsEditor/Binaries/Win64/UE4Editor-GameplayTagsEditor.dll (API version 3944462).
LogModuleManager: Display: Found up-to-date module file ../../../Engine/Plugins/Editor/MobileLauncherProfileWizard/Binaries/Win64/UE4Editor-MobileLauncherProfileWizard.dll (API version 3944462).
LogModuleManager: Display: Found up-to-date module file ../../../Engine/Plugins/Editor/PluginBrowser/Binaries/Win64/UE4Editor-PluginBrowser.dll (API version 3944462).
LogModuleManager: Display: Found up-to-date module file ../../../Engine/Plugins/Editor/SpeedTreeImporter/Binaries/Win64/UE4Editor-SpeedTreeImporter.dll (API version 3944462).
LogModuleManager: Display: Found up-to-date module file ../../../Engine/Plugins/Enterprise/DatasmithContent/Binaries/Win64/UE4Editor-DatasmithContent.dll (API version 3944462).
LogModuleManager: Display: Found up-to-date module file ../../../Engine/Plugins/Experimental/AlembicImporter/Binaries/Win64/UE4Editor-AlembicImporter.dll (API version 3944462).
LogModuleManager: Display: Found up-to-date module file ../../../Engine/Plugins/Experimental/AlembicImporter/Binaries/Win64/UE4Editor-AlembicLibrary.dll (API version 3944462).
LogModuleManager: Display: Found up-to-date module file ../../../Engine/Plugins/Experimental/CharacterAI/Binaries/Win64/UE4Editor-CharacterAI.dll (API version 3944462).
LogModuleManager: Display: Found up-to-date module file ../../../Engine/Plugins/Experimental/HTML5Networking/Binaries/Win64/UE4Editor-HTML5Networking.dll (API version 3944462).
LogModuleManager: Display: Found up-to-date module file ../../../Engine/Plugins/Media/AndroidMedia/Binaries/Win64/UE4Editor-AndroidMediaEditor.dll (API version 3944462).
LogModuleManager: Display: Found up-to-date module file ../../../Engine/Plugins/Media/AndroidMedia/Binaries/Win64/UE4Editor-AndroidMediaFactory.dll (API version 3944462).
LogModuleManager: Display: Found up-to-date module file ../../../Engine/Plugins/Media/AvfMedia/Binaries/Win64/UE4Editor-AvfMediaEditor.dll (API version 3944462).
LogModuleManager: Display: Found up-to-date module file ../../../Engine/Plugins/Media/AvfMedia/Binaries/Win64/UE4Editor-AvfMediaFactory.dll (API version 3944462).
LogModuleManager: Display: Found up-to-date module file ../../../Engine/Plugins/Media/AvfMedia/Binaries/Win64/UE4Editor-AvfMediaFactory.dll (API version 3944462).
LogModuleManager: Display: Found up-to-date module file ../../../Engine/Plugins/Media/ImgMedia/Binaries/Win64/UE4Editor-ImgMedia.dll (API version 3944462).
LogModuleManager: Display: Found up-to-date module file ../../../Engine/Plugins/Media/ImgMedia/Binaries/Win64/UE4Editor-ImgMediaEditor.dll (API version 3944462).
LogModuleManager: Display: Found up-to-date module file ../../../Engine/Plugins/Media/ImgMedia/Binaries/Win64/UE4Editor-ImgMediaFactory.dll (API version 3944462).
LogModuleManager: Display: Found up-to-date module file ../../../Engine/Plugins/Media/ImgMedia/Binaries/Win64/UE4Editor-ImgMediaFactory.dll (API version 3944462).
LogModuleManager: Display: Found up-to-date module file ../../../Engine/Plugins/Media/ImgMedia/Binaries/Win64/UE4Editor-OpenExrWrapper.dll (API version 3944462).
LogModuleManager: Display: Found up-to-date module file ../../../Engine/Plugins/Media/LinearTimecode/Binaries/Win64/UE4Editor-LinearTimecode.dll (API version 3944462).
LogModuleManager: Display: Found up-to-date module file ../../../Engine/Plugins/Media/MediaCompositing/Binaries/Win64/UE4Editor-MediaCompositing.dll (API version 3944462).
LogModuleManager: Display: Found up-to-date module file ../../../Engine/Plugins/Media/MediaCompositing/Binaries/Win64/UE4Editor-MediaCompositingEditor.dll (API version 3944462).
LogModuleManager: Display: Found up-to-date module file ../../../Engine/Plugins/Media/MediaPlayerEditor/Binaries/Win64/UE4Editor-MediaPlayerEditor.dll (API version 3944462).
LogModuleManager: Display: Found up-to-date module file ../../../Engine/Plugins/Media/WmfMedia/Binaries/Win64/UE4Editor-WmfMedia.dll (API version 3944462).
LogModuleManager: Display: Found up-to-date module file ../../../Engine/Plugins/Media/WmfMedia/Binaries/Win64/UE4Editor-WmfMediaEditor.dll (API version 3944462).
LogModuleManager: Display: Found up-to-date module file ../../../Engine/Plugins/Media/WmfMedia/Binaries/Win64/UE4Editor-WmfMediaFactory.dll (API version 3944462).
LogModuleManager: Display: Found up-to-date module file ../../../Engine/Plugins/Media/WmfMedia/Binaries/Win64/UE4Editor-WmfMediaFactory.dll (API version 3944462).
LogModuleManager: Display: Found up-to-date module file ../../../Engine/Plugins/Messaging/TcpMessaging/Binaries/Win64/UE4Editor-TcpMessaging.dll (API version 3944462).
LogModuleManager: Display: Found up-to-date module file ../../../Engine/Plugins/Messaging/UdpMessaging/Binaries/Win64/UE4Editor-UdpMessaging.dll (API version 3944462).
LogModuleManager: Display: Found up-to-date module file ../../../Engine/Plugins/MovieScene/ActorSequence/Binaries/Win64/UE4Editor-ActorSequence.dll (API version 3944462).
LogModuleManager: Display: Found up-to-date module file ../../../Engine/Plugins/MovieScene/LevelSequenceEditor/Binaries/Win64/UE4Editor-LevelSequenceEditor.dll (API version 3944462).
LogModuleManager: Display: Found up-to-date module file ../../../Engine/Plugins/MovieScene/MatineeToLevelSequence/Binaries/Win64/UE4Editor-MatineeToLevelSequence.dll (API version 3944462).
LogModuleManager: Display: Found up-to-date module file ../../../Engine/Plugins/NetcodeUnitTest/NetcodeUnitTest/Binaries/Win64/UE4Editor-NetcodeUnitTest.dll (API version 3944462).
LogModuleManager: Display: Found up-to-date module file ../../../Engine/Plugins/NetcodeUnitTest/NUTUnrealEngine4/Binaries/Win64/UE4Editor-NUTUnrealEngine4.dll (API version 3944462).
LogModuleManager: Display: Found up-to-date module file ../../../Engine/Plugins/Online/OnlineSubsystem/Binaries/Win64/UE4Editor-OnlineSubsystem.dll (API version 3944462).
LogModuleManager: Display: Found up-to-date module file ../../../Engine/Plugins/Online/OnlineSubsystemNull/Binaries/Win64/UE4Editor-OnlineSubsystemNull.dll (API version 3944462).
LogModuleManager: Display: Found up-to-date module file ../../../Engine/Plugins/Online/OnlineSubsystemUtils/Binaries/Win64/UE4Editor-OnlineSubsystemUtils.dll (API version 3944462).
LogModuleManager: Display: Found up-to-date module file ../../../Engine/Plugins/Online/OnlineSubsystemUtils/Binaries/Win64/UE4Editor-OnlineBlueprintSupport.dll (API version 3944462).
LogModuleManager: Display: Found up-to-date module file ../../../Engine/Plugins/Runtime/AndroidDeviceProfileSelector/Binaries/Win64/UE4Editor-AndroidDeviceProfileSelector.dll (API version 3944462).
LogModuleManager: Display: Found up-to-date module file ../../../Engine/Plugins/Runtime/AndroidPermission/Binaries/Win64/UE4Editor-AndroidPermission.dll (API version 3944462).
LogModuleManager: Display: Found up-to-date module file ../../../Engine/Plugins/Runtime/AppleARKit/Binaries/Win64/UE4Editor-AppleARKit.dll (API version 3944462).
LogModuleManager: Display: Found up-to-date module file ../../../Engine/Plugins/Runtime/ArchVisCharacter/Binaries/Win64/UE4Editor-ArchVisCharacter.dll (API version 3944462).
LogModuleManager: Display: Found up-to-date module file ../../../Engine/Plugins/Runtime/AudioCapture/Binaries/Win64/UE4Editor-AudioCapture.dll (API version 3944462).
LogModuleManager: Display: Found up-to-date module file ../../../Engine/Plugins/Runtime/AudioCapture/Binaries/Win64/UE4Editor-AudioCaptureEditor.dll (API version 3944462).
LogModuleManager: Display: Found up-to-date module file ../../../Engine/Plugins/Runtime/CableComponent/Binaries/Win64/UE4Editor-CableComponent.dll (API version 3944462).
LogModuleManager: Display: Found up-to-date module file ../../../Engine/Plugins/Runtime/CustomMeshComponent/Binaries/Win64/UE4Editor-CustomMeshComponent.dll (API version 3944462).
LogModuleManager: Display: Found up-to-date module file ../../../Engine/Plugins/Runtime/ExampleDeviceProfileSelector/Binaries/Win64/UE4Editor-ExampleDeviceProfileSelector.dll (API version 3944462).
LogModuleManager: Display: Found up-to-date module file ../../../Engine/Plugins/Runtime/ImmediatePhysics/Binaries/Win64/UE4Editor-ImmediatePhysics.dll (API version 3944462).
LogModuleManager: Display: Found up-to-date module file ../../../Engine/Plugins/Runtime/ImmediatePhysics/Binaries/Win64/UE4Editor-ImmediatePhysicsEditor.dll (API version 3944462).
LogModuleManager: Display: Found up-to-date module file ../../../Engine/Plugins/Runtime/LocationServicesBPLibrary/Binaries/Win64/UE4Editor-LocationServicesBPLibrary.dll (API version 3944462).
LogModuleManager: Display: Found up-to-date module file ../../../Engine/Plugins/Runtime/MobilePatchingUtils/Binaries/Win64/UE4Editor-MobilePatchingUtils.dll (API version 3944462).
LogModuleManager: Display: Found up-to-date module file ../../../Engine/Plugins/Runtime/Oculus/OculusVR/Binaries/Win64/UE4Editor-OculusHMD.dll (API version 3944462).
LogModuleManager: Display: Found up-to-date module file ../../../Engine/Plugins/Runtime/Oculus/OculusVR/Binaries/Win64/UE4Editor-OculusInput.dll (API version 3944462).
LogModuleManager: Display: Found up-to-date module file ../../../Engine/Plugins/Runtime/Oculus/OculusVR/Binaries/Win64/UE4Editor-OculusEditor.dll (API version 3944462).
LogModuleManager: Display: Found up-to-date module file ../../../Engine/Plugins/Runtime/PhysXVehicles/Binaries/Win64/UE4Editor-PhysXVehicles.dll (API version 3944462).
LogModuleManager: Display: Found up-to-date module file ../../../Engine/Plugins/Runtime/PhysXVehicles/Binaries/Win64/UE4Editor-PhysXVehiclesEditor.dll (API version 3944462).
LogModuleManager: Display: Found up-to-date module file ../../../Engine/Plugins/Runtime/ProceduralMeshComponent/Binaries/Win64/UE4Editor-ProceduralMeshComponent.dll (API version 3944462).
LogModuleManager: Display: Found up-to-date module file ../../../Engine/Plugins/Runtime/ProceduralMeshComponent/Binaries/Win64/UE4Editor-ProceduralMeshComponentEditor.dll (API version 3944462).
LogModuleManager: Display: Found up-to-date module file ../../../Engine/Plugins/Runtime/RuntimePhysXCooking/Binaries/Win64/UE4Editor-RuntimePhysXCooking.dll (API version 3944462).
LogModuleManager: Display: Found up-to-date module file ../../../Engine/Plugins/Runtime/Steam/SteamVR/Binaries/Win64/UE4Editor-SteamVR.dll (API version 3944462).
LogModuleManager: Display: Found up-to-date module file ../../../Engine/Plugins/Runtime/Steam/SteamVR/Binaries/Win64/UE4Editor-SteamVRController.dll (API version 3944462).
LogModuleManager: Display: Found up-to-date module file ../../../Engine/Plugins/Runtime/WindowsMoviePlayer/Binaries/Win64/UE4Editor-WindowsMoviePlayer.dll (API version 3944462).
LogInit: Using libcurl 7.47.1
LogInit:  - built for x86_64-pc-win32
LogInit:  - supports SSL with OpenSSL/1.0.2g
LogInit:  - supports HTTP deflate (compression) using libz 1.2.8
LogInit:  - other features:
LogInit:      CURL_VERSION_SSL
LogInit:      CURL_VERSION_LIBZ
LogInit:      CURL_VERSION_IPV6
LogInit:      CURL_VERSION_ASYNCHDNS
LogInit:      CURL_VERSION_LARGEFILE
LogInit:      CURL_VERSION_IDN
LogInit:  CurlRequestOptions (configurable via config and command line):
LogInit:  - bVerifyPeer = false  - Libcurl will NOT verify peer certificate
LogInit:  - bUseHttpProxy = false  - Libcurl will NOT use HTTP proxy
LogInit:  - bDontReuseConnections = false  - Libcurl will reuse connections
LogInit:  - CertBundlePath = nullptr  - Libcurl will use whatever was configured at build time.
LogInit:  - MaxHostConnections = 16  - Libcurl will limit the number of connections to a host
LogInit:  - LocalHostAddr = Default
LogInit: WinSock: version 1.1 (2.2), MaxSocks=32767, MaxUdp=65467
LogInit: WinSock: I am Mattys-PC (192.168.0.12:0)
LogInit: Build: ++UE4+Release-4.19-CL-3989454
LogInit: Engine Version: 4.19.1-3989454+++UE4+Release-4.19
LogInit: Compatible Engine Version: 4.19.0-3944462+++UE4+Release-4.19
LogInit: Net CL: 3944462
LogDevObjectVersion: Number of dev versions registered: 18
LogDevObjectVersion:   Dev-Blueprints (B0D832E4-1F89-4F0D-ACCF-7EB736FD4AA2): 10
LogDevObjectVersion:   Dev-Build (E1C64328-A22C-4D53-A36C-8E866417BD8C): 0
LogDevObjectVersion:   Dev-Core (375EC13C-06E4-48FB-B500-84F0262A717E): 2
LogDevObjectVersion:   Dev-Editor (E4B068ED-F494-42E9-A231-DA0B2E46BB41): 23
LogDevObjectVersion:   Dev-Framework (CFFC743F-43B0-4480-9391-14DF171D2073): 33
LogDevObjectVersion:   Dev-Mobile (B02B49B5-BB20-44E9-A304-32B752E40360): 2
LogDevObjectVersion:   Dev-Networking (A4E4105C-59A1-49B5-A7C5-40C4547EDFEE): 0
LogDevObjectVersion:   Dev-Online (39C831C9-5AE6-47DC-9A44-9C173E1C8E7C): 0
LogDevObjectVersion:   Dev-Physics (78F01B33-EBEA-4F98-B9B4-84EACCB95AA2): 0
LogDevObjectVersion:   Dev-Platform (6631380F-2D4D-43E0-8009-CF276956A95A): 0
LogDevObjectVersion:   Dev-Rendering (12F88B9F-8875-4AFC-A67C-D90C383ABD29): 25
LogDevObjectVersion:   Dev-Sequencer (7B5AE74C-D270-4C10-A958-57980B212A5A): 6
LogDevObjectVersion:   Dev-VR (D7296918-1DD6-4BDD-9DE2-64A83CC13884): 1
LogDevObjectVersion:   Dev-LoadTimes (C2A15278-BFE7-4AFE-6C17-90FF531DF755): 1
LogDevObjectVersion:   Private-Geometry (6EACA3D4-40EC-4CC1-B786-8BED09428FC5): 2
LogDevObjectVersion:   Dev-AnimPhys (29E575DD-E0A3-4627-9D10-D276232CDCEA): 16
LogDevObjectVersion:   Dev-ReflectionCapture (6B266CEC-1EC7-4B8F-A30B-E4D90942FC07): 1
LogDevObjectVersion:   Dev-Automation (0DF73D61-A23F-47EA-B727-89E90C41499A): 1
LogInit: Compiled (64-bit): Apr  6 2018 12:26:04
LogInit: Compiled with Visual C++: 19.00.24215.01
LogInit: Build Configuration: Development
LogInit: Branch Name: ++UE4+Release-4.19
LogInit: Command Line:  -skipcompile
LogInit: Base Directory: D:/Program Files/Epic Games/UE_4.19/Engine/Binaries/Win64/
LogInit: Installed Engine Build: 1
LogStreaming: Display: Took  0.008s to delete old logs.
LogInit: Presizing for max 8388607 objects, including 0 objects not considered by GC, pre-allocating 0 bytes for permanent pool.
LogInit: Object subsystem initialized
[2018.04.22-14.07.46:279][  0]LogInit: Selected Device Profile: [Windows]
[2018.04.22-14.07.46:279][  0]LogInit: Applying CVar settings loaded from the selected device profile: [Windows]
[2018.04.22-14.07.46:295][  0]LogInit: Computer: MATTYS-PC
[2018.04.22-14.07.46:296][  0]LogInit: User: Matthew
[2018.04.22-14.07.46:296][  0]LogInit: CPU Page size=4096, Cores=4
[2018.04.22-14.07.46:296][  0]LogInit: High frequency timer resolution =3.312641 MHz
[2018.04.22-14.07.46:296][  0]LogMemory: Memory total: Physical=7.9GB (8GB approx)
[2018.04.22-14.07.46:296][  0]LogMemory: Platform Memory Stats for Windows
[2018.04.22-14.07.46:297][  0]LogMemory: Process Physical Memory: 273.93 MB used, 273.93 MB peak
[2018.04.22-14.07.46:297][  0]LogMemory: Process Virtual Memory: 269.91 MB used, 269.91 MB peak
[2018.04.22-14.07.46:297][  0]LogMemory: Physical Memory: 5597.81 MB used,  2482.34 MB free, 8080.15 MB total
[2018.04.22-14.07.46:297][  0]LogMemory: Virtual Memory: 687.41 MB used,  2482.34 MB free, 134217728.00 MB total
[2018.04.22-14.07.46:352][  0]LogInit: Using OS detected language (en-GB).
[2018.04.22-14.07.46:352][  0]LogInit: Using OS detected locale (en-GB).
[2018.04.22-14.07.46:356][  0]LogTextLocalizationManager: No specific localization for 'en-GB' exists, so the 'en' localization will be used.
[2018.04.22-14.07.46:805][  0]LogStreaming: Display: Took  0.453s to EndInitTextLocalization.
[2018.04.22-14.07.46:805][  0]LogInit: Setting process to per monitor DPI aware
[2018.04.22-14.07.46:855][  0]LogSlate: New Slate User Created.  User Index 0, Is Virtual User: 0
[2018.04.22-14.07.46:855][  0]LogSlate: Slate User Registered.  User Index 0, Is Virtual User: 0
[2018.04.22-14.07.47:150][  0]LogD3D11RHI: D3D11 adapters:
[2018.04.22-14.07.47:205][  0]LogD3D11RHI:    0. 'NVIDIA GeForce GTX 770' (Feature Level 11_0)
[2018.04.22-14.07.47:205][  0]LogD3D11RHI:       2017/0/4040 MB DedicatedVideo/DedicatedSystem/SharedSystem, Outputs:2, VendorId:0x10de
[2018.04.22-14.07.47:221][  0]LogD3D11RHI:    1. 'Intel(R) HD Graphics 4600' (Feature Level 11_0)
[2018.04.22-14.07.47:221][  0]LogD3D11RHI:       112/0/2048 MB DedicatedVideo/DedicatedSystem/SharedSystem, Outputs:0, VendorId:0x8086
[2018.04.22-14.07.47:230][  0]LogD3D11RHI:    2. 'Microsoft Basic Render Driver' (Feature Level 11_0)
[2018.04.22-14.07.47:231][  0]LogD3D11RHI:       0/0/4040 MB DedicatedVideo/DedicatedSystem/SharedSystem, Outputs:0, VendorId:0x1414
[2018.04.22-14.07.47:231][  0]LogD3D11RHI: Chosen D3D11 Adapter: 0
[2018.04.22-14.07.47:237][  0]LogD3D11RHI: Creating new Direct3DDevice
[2018.04.22-14.07.47:237][  0]LogD3D11RHI:     GPU DeviceId: 0x1184 (for the marketing name, search the web for "GPU Device Id")
[2018.04.22-14.07.47:237][  0]LogWindows: EnumDisplayDevices:
[2018.04.22-14.07.47:237][  0]LogWindows:    0. 'NVIDIA GeForce GTX 770' (P:0 D:1)
[2018.04.22-14.07.47:237][  0]LogWindows:    1. 'NVIDIA GeForce GTX 770' (P:1 D:1)
[2018.04.22-14.07.47:237][  0]LogWindows:    2. 'NVIDIA GeForce GTX 770' (P:0 D:0)
[2018.04.22-14.07.47:238][  0]LogWindows:    3. 'NVIDIA GeForce GTX 770' (P:0 D:0)
[2018.04.22-14.07.47:238][  0]LogWindows:    4. 'Intel(R) HD Graphics 4600' (P:0 D:0)
[2018.04.22-14.07.47:238][  0]LogWindows:    5. 'Intel(R) HD Graphics 4600' (P:0 D:0)
[2018.04.22-14.07.47:238][  0]LogWindows:    6. 'Intel(R) HD Graphics 4600' (P:0 D:0)
[2018.04.22-14.07.47:238][  0]LogWindows: DebugString: GetVideoDriverDetailsInvalid PrimaryIsNotTheChoosenAdapter GetVideoDriverDetailsInvalid PrimaryIsNotTheChoosenAdapter GetVideoDriverDetailsInvalid PrimaryIsNotTheChoosenAdapter GetVideoDriverDetailsInvalid PrimaryIsNotTheChoosenAdapter GetVideoDriverDetailsInvalid PrimaryIsNotTheChoosenAdapter GetVideoDriverDetailsInvalid PrimaryIsNotTheChoosenAdapter GetVideoDriverDetailsInvalid PrimaryIsNotTheChoosenAdapter FoundDriverCount:0 
[2018.04.22-14.07.47:238][  0]LogD3D11RHI:     Adapter Name: NVIDIA GeForce GTX 770
[2018.04.22-14.07.47:238][  0]LogD3D11RHI:   Driver Version: Unknown (internal:Unknown, unified:Unknown)
[2018.04.22-14.07.47:238][  0]LogD3D11RHI:      Driver Date: Unknown
[2018.04.22-14.07.47:238][  0]LogRHI: Texture pool is 1412 MB (70% of 2017 MB)
[2018.04.22-14.07.47:265][  0]LogD3D11RHI: [Aftermath] Aftermath enabled and primed
[2018.04.22-14.07.47:265][  0]LogD3D11RHI: [Aftermath] Aftermath enabled and primed
[2018.04.22-14.07.47:265][  0]LogD3D11RHI: Async texture creation enabled
[2018.04.22-14.07.47:277][  0]LogD3D11RHI: GPU Timing Frequency: 1000.000000 (Debug: 2 1)
[2018.04.22-14.07.47:328][  0]LogShaderCompilers: Guid format shader working directory is -50 characters bigger than the processId version (../../../../../../Users/Matthew/Documents/Tilly's Unreal Adventure/TillysAdventure/TillysAdventure/Intermediate/Shaders/WorkingDirectory/2136/).
[2018.04.22-14.07.47:328][  0]LogShaderCompilers: Cleaned the shader compiler working directory 'C:/Users/Matthew/AppData/Local/Temp/UnrealShaderWorkingDir/28C3CD6240C2D4C1BBF3D390E73B7CF4/'.
[2018.04.22-14.07.47:561][  0]LogTemp: Display: Loaded TP AllDesktopTargetPlatform
[2018.04.22-14.07.47:576][  0]LogTemp: Display: Loaded TP MacClientTargetPlatform
[2018.04.22-14.07.47:597][  0]LogTemp: Display: Loaded TP MacNoEditorTargetPlatform
[2018.04.22-14.07.47:613][  0]LogTemp: Display: Loaded TP MacServerTargetPlatform
[2018.04.22-14.07.47:629][  0]LogTemp: Display: Loaded TP MacTargetPlatform
[2018.04.22-14.07.47:644][  0]LogTemp: Display: Loaded TP WindowsClientTargetPlatform
[2018.04.22-14.07.47:661][  0]LogTemp: Display: Loaded TP WindowsNoEditorTargetPlatform
[2018.04.22-14.07.47:677][  0]LogTemp: Display: Loaded TP WindowsServerTargetPlatform
[2018.04.22-14.07.47:687][  0]LogTemp: Display: Loaded TP WindowsTargetPlatform
[2018.04.22-14.07.47:701][  0]LogTemp: Display: Loaded TP Android_ASTCTargetPlatform
[2018.04.22-14.07.47:717][  0]LogTemp: Display: Loaded TP Android_ATCTargetPlatform
[2018.04.22-14.07.47:732][  0]LogTemp: Display: Loaded TP Android_DXTTargetPlatform
[2018.04.22-14.07.47:746][  0]LogTemp: Display: Loaded TP Android_ETC1aTargetPlatform
[2018.04.22-14.07.47:760][  0]LogTemp: Display: Loaded TP Android_ETC1TargetPlatform
[2018.04.22-14.07.47:779][  0]LogTemp: Display: Loaded TP Android_ETC2TargetPlatform
[2018.04.22-14.07.47:809][  0]LogTemp: Display: Loaded TP Android_MultiTargetPlatform
[2018.04.22-14.07.47:813][  0]LogTemp: Display: Loaded TP Android_PVRTCTargetPlatform
[2018.04.22-14.07.47:832][  0]LogTemp: Display: Loaded TP AndroidTargetPlatform
[2018.04.22-14.07.47:835][  0]LogTemp: Display: Loaded TP HTML5TargetPlatform
[2018.04.22-14.07.47:880][  0]LogTemp: Display: Loaded TP IOSTargetPlatform
[2018.04.22-14.07.47:893][  0]LogTemp: Display: Loaded TP TVOSTargetPlatform
[2018.04.22-14.07.47:909][  0]LogTemp: Display: Loaded TP LinuxClientTargetPlatform
[2018.04.22-14.07.47:926][  0]LogTemp: Display: Loaded TP LinuxNoEditorTargetPlatform
[2018.04.22-14.07.47:945][  0]LogTemp: Display: Loaded TP LinuxServerTargetPlatform
[2018.04.22-14.07.47:960][  0]LogTemp: Display: Loaded TP LinuxTargetPlatform
[2018.04.22-14.07.47:961][  0]LogTargetPlatformManager: Display: Building Assets For Windows
[2018.04.22-14.07.48:161][  0]LogXGEController: Cleaning working directory: C:/Users/Matthew/AppData/Local/Temp/UnrealXGEWorkingDir/
[2018.04.22-14.07.48:162][  0]LogXGEController: Cannot use XGE Controller as Incredibuild is not installed on this machine.
[2018.04.22-14.07.48:162][  0]LogShaderCompilers: Cannot use XGE Shader Compiler as Incredibuild is not installed on this machine.
[2018.04.22-14.07.48:162][  0]LogShaderCompilers: Display: Using Local Shader Compiler.
[2018.04.22-14.07.48:967][  0]LogDerivedDataCache: Display: Max Cache Size: 512 MB
[2018.04.22-14.07.49:035][  0]LogDerivedDataCache: Loaded boot cache 0.07s 74MB C:/Users/Matthew/AppData/Local/UnrealEngine/4.19/DerivedDataCache/Boot.ddc.
[2018.04.22-14.07.49:035][  0]LogDerivedDataCache: Display: Loaded Boot cache: C:/Users/Matthew/AppData/Local/UnrealEngine/4.19/DerivedDataCache/Boot.ddc
[2018.04.22-14.07.49:035][  0]LogDerivedDataCache: FDerivedDataBackendGraph:  Pak pak cache file ../../../../../../Users/Matthew/Documents/Tilly's Unreal Adventure/TillysAdventure/TillysAdventure/DerivedDataCache/DDC.ddp not found, will not use a pak cache.
[2018.04.22-14.07.49:035][  0]LogDerivedDataCache: Unable to find inner node Pak for hierarchical cache Hierarchy.
[2018.04.22-14.07.49:035][  0]LogDerivedDataCache: FDerivedDataBackendGraph:  CompressedPak pak cache file ../../../../../../Users/Matthew/Documents/Tilly's Unreal Adventure/TillysAdventure/TillysAdventure/DerivedDataCache/Compressed.ddp not found, will not use a pak cache.
[2018.04.22-14.07.49:035][  0]LogDerivedDataCache: Unable to find inner node CompressedPak for hierarchical cache Hierarchy.
[2018.04.22-14.07.49:051][  0]LogDerivedDataCache: Display: Pak cache opened for reading ../../../Engine/DerivedDataCache/Compressed.ddp.
[2018.04.22-14.07.49:063][  0]LogDerivedDataCache: Using Local data cache path C:/Users/Matthew/AppData/Local/UnrealEngine/Common/DerivedDataCache: Writable
[2018.04.22-14.07.49:074][  0]LogMaterial: Verifying Global Shaders for PCD3D_SM5
[2018.04.22-14.07.49:075][  0]LogSlate: Using Freetype 2.6.0
[2018.04.22-14.07.49:075][  0]LogSlate: SlateFontCache - WITH_FREETYPE: 1, WITH_HARFBUZZ: 1
[2018.04.22-14.07.49:076][  0]LogSlate: SlateFontCache - WITH_FREETYPE: 1, WITH_HARFBUZZ: 1
[2018.04.22-14.07.49:240][  0]LogAssetRegistry: FAssetRegistry took 0.0308 seconds to start up
[2018.04.22-14.07.49:567][  0]LogInit: Selected Device Profile: [Windows]
[2018.04.22-14.07.49:739][  0]LogSimplygon: Simplygon DLL not present - disabling.
[2018.04.22-14.07.49:750][  0]LogMeshReduction: Using SimplygonSwarm for distributed automatic mesh merging
[2018.04.22-14.07.49:750][  0]LogMeshReduction: Using QuadricMeshReduction for automatic static mesh reduction
[2018.04.22-14.07.49:750][  0]LogMeshReduction: No automatic skeletal mesh reduction module available
[2018.04.22-14.07.49:750][  0]LogMeshReduction: No automatic mesh merging module available
[2018.04.22-14.07.49:750][  0]LogMeshMerging: No automatic mesh merging module available
[2018.04.22-14.07.49:790][  0]LogNetVersion: TillysAdventure , NetCL: 3944462, EngineNetVer: 2, GameNetVer: 0 (Checksum: 495776416)
[2018.04.22-14.07.50:272][  0]LogPackageLocalizationCache: Processed 9 localized package path(s) for 2 prioritized culture(s) in 0.100152 seconds
[2018.04.22-14.07.50:278][  0]LogUObjectArray: 36728 objects as part of root set at end of initial load.
[2018.04.22-14.07.50:279][  0]LogUObjectAllocator: 7314312 out of 0 bytes used by permanent object pool.
[2018.04.22-14.07.50:280][  0]LogUObjectArray: CloseDisregardForGC: 0/0 objects in disregard for GC pool
[2018.04.22-14.07.53:725][  0]LogTcpMessaging: Initializing TcpMessaging bridge
[2018.04.22-14.07.53:791][  0]LogUdpMessaging: Initializing bridge on interface 0.0.0.0:0 to multicast group 230.0.0.1:6666.
[2018.04.22-14.07.54:931][  0]SourceControl: Source control is disabled
[2018.04.22-14.07.54:932][  0]LogWindows: Warning: CreateProc failed: The system cannot find the file specified. (0x00000002)
[2018.04.22-14.07.54:932][  0]LogWindows: Warning: URL: C:/Program Files/Git/bin/git.exe version
[2018.04.22-14.07.54:932][  0]LogWindows: Warning: CreateProc failed: The system cannot find the file specified. (0x00000002)
[2018.04.22-14.07.54:932][  0]LogWindows: Warning: URL: C:/Program Files (x86)/Git/bin/git.exe version
[2018.04.22-14.07.54:933][  0]LogWindows: Warning: CreateProc failed: The system cannot find the file specified. (0x00000002)
[2018.04.22-14.07.54:933][  0]LogWindows: Warning: URL: C:\Users\Matthew\AppData\Local/Programs/Git/cmd/git.exe version
[2018.04.22-14.07.54:933][  0]LogWindows: Warning: CreateProc failed: The system cannot find the file specified. (0x00000002)
[2018.04.22-14.07.54:933][  0]LogWindows: Warning: URL: C:/Program Files (x86)/SmartGit/git/bin/git.exe version
[2018.04.22-14.07.54:933][  0]LogWindows: Warning: CreateProc failed: The system cannot find the file specified. (0x00000002)
[2018.04.22-14.07.54:933][  0]LogWindows: Warning: URL: C:/Program Files (x86)/SmartGit/bin/git.exe version
[2018.04.22-14.07.57:090][  0]LogAndroidPermission: UAndroidPermissionCallbackProxy::GetInstance
[2018.04.22-14.07.57:559][  0]LogOcInput: OculusInput pre-init called
[2018.04.22-14.07.57:819][  0]LogEngine: Initializing Engine...
[2018.04.22-14.07.57:904][  0]LogHMD: Failed to initialize OpenVR with code 105
[2018.04.22-14.07.57:906][  0]LogStats: UGameplayTagsManager::ConstructGameplayTagTree: Construct from data asset -  0.000 s
[2018.04.22-14.07.57:906][  0]LogStats: UGameplayTagsManager::ConstructGameplayTagTree: GameplayTagTreeChangedEvent.Broadcast -  0.000 s
[2018.04.22-14.07.58:206][  0]LogAIModule: Creating AISystem for world Untitled
[2018.04.22-14.07.58:221][  0]LogInit: XAudio2 using 'Speakers (Realtek High Definition Audio)' : 2 channels at 48 kHz using 32 bits per sample (channel mask 0x3)
[2018.04.22-14.07.58:241][  0]LogInit: FAudioDevice initialized.
[2018.04.22-14.07.58:313][  0]LogDerivedDataCache: Saved boot cache 0.07s 74MB C:/Users/Matthew/AppData/Local/UnrealEngine/4.19/DerivedDataCache/Boot.ddc.
[2018.04.22-14.07.58:326][  0]LogInit: Texture streaming: Enabled
[2018.04.22-14.07.58:406][  0]LogEngineSessionManager: EngineSessionManager initialized
[2018.04.22-14.07.58:406][  0]LogEngineSessionManager: EngineSessionManager sent abnormal shutdown report. Type=Debugger, SessionId={0DA6C666-48DB-A06A-1BEE-918530D5C0EA}
[2018.04.22-14.07.58:481][  0]LogInit: Transaction tracking system initialized
[2018.04.22-14.07.58:671][  0]BlueprintLog: New page: Editor Load
[2018.04.22-14.07.59:281][  0]LocalizationService: Localization service is disabled
[2018.04.22-14.07.59:713][  0]LogConsoleResponse: Display: 
[2018.04.22-14.07.59:997][  0]LogCook: Display: Max memory allowance for cook 16384mb min free memory 0mb
[2018.04.22-14.07.59:997][  0]LogCook: Display: Mobile HDR setting 1
[2018.04.22-14.07.59:997][  0]LogGameplayTags: Display: UGameplayTagsManager::DoneAddingNativeTags. DelegateIsBound: 0
[2018.04.22-14.07.59:997][  0]LogStats: UGameplayTagsManager::ConstructGameplayTagTree: Construct from data asset -  0.000 s
[2018.04.22-14.07.59:997][  0]LogStats: UGameplayTagsManager::ConstructGameplayTagTree: GameplayTagTreeChangedEvent.Broadcast -  0.000 s
[2018.04.22-14.08.00:324][  0]LogFileCache: Scanning file cache for directory 'D:/Users/Matthew/Documents/Tilly's Unreal Adventure/TillysAdventure/TillysAdventure/Content/' took 0.02s
[2018.04.22-14.08.01:429][  0]Cmd: MAP LOAD FILE="../../../../../../Users/Matthew/Documents/Tilly's Unreal Adventure/TillysAdventure/TillysAdventure/Content/Blueprint/Level/MainLevel.umap" TEMPLATE=0 SHOWPROGRESS=1 FEATURELEVEL=3
[2018.04.22-14.08.01:430][  0]LightingResults: New page: Lighting Build
[2018.04.22-14.08.01:446][  0]MapCheck: New page: Map Check
[2018.04.22-14.08.01:446][  0]LightingResults: New page: Lighting Build
[2018.04.22-14.08.01:549][  0]LogLinker: Warning: Can't find file '/Game/Models/Needle/Needle'
[2018.04.22-14.08.01:549][  0]LogLinker: Warning: Can't find file for asset '/Game/Models/Needle/Needle' while loading ../../../../../../Users/Matthew/Documents/Tilly's Unreal Adventure/TillysAdventure/TillysAdventure/Content/Blueprint/Pawns/TA_TillyCharacter.uasset.
[2018.04.22-14.08.01:549][  0]LoadErrors: Error: /Game/Blueprint/Pawns/TA_TillyCharacter : Can't find file for asset. /Game/Models/Needle/Needle
[2018.04.22-14.08.01:549][  0]LogLinker: Warning: Can't find file '/Game/Models/Needle/Needle'
[2018.04.22-14.08.01:550][  0]LogLinker: Warning: Can't find file for asset '/Game/Models/Needle/Needle' while loading ../../../../../../Users/Matthew/Documents/Tilly's Unreal Adventure/TillysAdventure/TillysAdventure/Content/Blueprint/Pawns/TA_TillyCharacter.uasset.
[2018.04.22-14.08.01:550][  0]LoadErrors: Error: /Game/Blueprint/Pawns/TA_TillyCharacter : Can't find file for asset. /Game/Models/Needle/Needle
[2018.04.22-14.08.01:550][  0]LogLinker: Warning: Can't find file '/Game/Models/Needle/Needle'
[2018.04.22-14.08.01:551][  0]LogLinker: Warning: Can't find file for asset '/Game/Models/Needle/Needle' while loading ../../../../../../Users/Matthew/Documents/Tilly's Unreal Adventure/TillysAdventure/TillysAdventure/Content/Blueprint/GameMode/TA_GameModeBase.uasset.
[2018.04.22-14.08.01:551][  0]LoadErrors: Error: /Game/Blueprint/GameMode/TA_GameModeBase : Can't find file for asset. /Game/Models/Needle/Needle
[2018.04.22-14.08.01:551][  0]LogLinker: Warning: Can't find file '/Game/Models/Needle/Needle'
[2018.04.22-14.08.01:551][  0]LogLinker: Warning: Can't find file for asset '/Game/Models/Needle/Needle' while loading ../../../../../../Users/Matthew/Documents/Tilly's Unreal Adventure/TillysAdventure/TillysAdventure/Content/Blueprint/GameMode/TA_GameModeBase.uasset.
[2018.04.22-14.08.01:551][  0]LoadErrors: Error: /Game/Blueprint/GameMode/TA_GameModeBase : Can't find file for asset. /Game/Models/Needle/Needle
[2018.04.22-14.08.01:553][  0]LogLinker: Warning: Can't find file '/Game/Models/Needle/Needle'
[2018.04.22-14.08.01:553][  0]LoadErrors: Failed to load /Game/Models/Needle/Needle.Needle Referenced by Needle2_GEN_VARIABLE
[2018.04.22-14.08.01:553][  0]LogLinker: Warning: Can't find file for asset '/Game/Models/Needle/Needle' while loading ../../../../../../Users/Matthew/Documents/Tilly's Unreal Adventure/TillysAdventure/TillysAdventure/Content/Blueprint/GameMode/TA_GameModeBase.uasset.
[2018.04.22-14.08.01:553][  0]LoadErrors: Failed to load /Game/Models/Needle/Needle.Needle Referenced by Needle2_GEN_VARIABLE
[2018.04.22-14.08.01:553][  0]LoadErrors: Error: /Game/Blueprint/GameMode/TA_GameModeBase : Can't find file for asset. /Game/Models/Needle/Needle
[2018.04.22-14.08.01:554][  0]LogLinker: Warning: Can't find file '/Game/Models/Needle/Needle'
[2018.04.22-14.08.01:554][  0]LoadErrors: Failed to load /Game/Models/Needle/Needle.Needle Referenced by Needle_GEN_VARIABLE
[2018.04.22-14.08.01:554][  0]LogLinker: Warning: Can't find file for asset '/Game/Models/Needle/Needle' while loading ../../../../../../Users/Matthew/Documents/Tilly's Unreal Adventure/TillysAdventure/TillysAdventure/Content/Blueprint/GameMode/TA_GameModeBase.uasset.
[2018.04.22-14.08.01:554][  0]LoadErrors: Failed to load /Game/Models/Needle/Needle.Needle Referenced by Needle_GEN_VARIABLE
[2018.04.22-14.08.01:554][  0]LoadErrors: Error: /Game/Blueprint/GameMode/TA_GameModeBase : Can't find file for asset. /Game/Models/Needle/Needle
[2018.04.22-14.08.01:737][  0]LogAIModule: Creating AISystem for world MainLevel
[2018.04.22-14.08.01:749][  0]LogEditorServer: Finished looking for orphan Actors (0.000 secs)
[2018.04.22-14.08.01:774][  0]Cmd: MAP CHECKDEP NOCLEARLOG
[2018.04.22-14.08.01:868][  0]MapCheck: Map check complete: 0 Error(s), 0 Warning(s), took 94.335ms to complete.
[2018.04.22-14.08.01:868][  0]LogFileHelpers: Loading map 'MainLevel' took 0.440
[2018.04.22-14.08.02:278][  0]LogCollectionManager: Loaded 0 collections in 0.001361 seconds
[2018.04.22-14.08.02:359][  0]LogFileCache: Scanning file cache for directory 'D:/Users/Matthew/Documents/Tilly's Unreal Adventure/TillysAdventure/TillysAdventure/Saved/Collections/' took 0.01s
[2018.04.22-14.08.02:359][  0]LogFileCache: Scanning file cache for directory 'D:/Users/Matthew/Documents/Tilly's Unreal Adventure/TillysAdventure/TillysAdventure/Content/Developers/Matthew/Collections/' took 0.02s
[2018.04.22-14.08.02:360][  0]LogFileCache: Scanning file cache for directory 'D:/Users/Matthew/Documents/Tilly's Unreal Adventure/TillysAdventure/TillysAdventure/Content/Collections/' took 0.01s
[2018.04.22-14.08.02:360][  0]LogCollectionManager: Rebuilt the GUID cache for 0 collections in 0.000000 seconds
[2018.04.22-14.08.02:370][  0]LogContentBrowser: Native class hierarchy populated in 0.0094 seconds. Added 2456 classes and 560 folders.
[2018.04.22-14.08.02:417][  0]LogContentBrowser: Native class hierarchy updated for 'WidgetCarousel' in 0.0010 seconds. Added 0 classes and 0 folders.
[2018.04.22-14.08.03:969][  0]LogContentBrowser: Native class hierarchy updated for 'AddContentDialog' in 0.0010 seconds. Added 0 classes and 0 folders.
[2018.04.22-14.08.04:010][  0]LogContentBrowser: Native class hierarchy updated for 'SceneOutliner' in 0.0012 seconds. Added 1 classes and 2 folders.
[2018.04.22-14.08.04:136][  0]LogSlate: Took 0.022593 seconds to synchronously load lazily loaded font '../../../Engine/Content/Slate/Fonts/Roboto-Regular.ttf' (155K)
[2018.04.22-14.08.04:152][  0]LogSlate: Took 0.014073 seconds to synchronously load lazily loaded font '../../../Engine/Content/Slate/Fonts/Roboto-Bold.ttf' (160K)
[2018.04.22-14.08.04:172][  0]LogSlate: Took 0.014616 seconds to synchronously load lazily loaded font '../../../Engine/Content/Editor/Slate/Fonts/FontAwesome.ttf' (139K)
[2018.04.22-14.08.04:332][  0]LogRenderer: Reallocating scene render targets to support 1208x576 Format 10 NumSamples 1 (Frame:1).
[2018.04.22-14.08.04:484][  0]LogContentBrowser: Native class hierarchy updated for 'HierarchicalLODOutliner' in 0.0011 seconds. Added 0 classes and 0 folders.
[2018.04.22-14.08.04:484][  0]LogLoad: (Engine Initialization) Total time: 22.25 seconds
[2018.04.22-14.08.04:484][  0]LogLoad: (Engine Initialization) Total Blueprint compile time: 0.00 seconds
[2018.04.22-14.08.04:494][  0]LogWindowsTextInputMethodSystem: Display: IME system now deactivated.
[2018.04.22-14.08.04:517][  0]LogContentStreaming: Texture pool size now 1000 MB
[2018.04.22-14.08.04:523][  0]LogSlate: FSceneViewport::OnFocusLost() reason 2
[2018.04.22-14.08.04:597][  1]LogAssetRegistry: Asset discovery search completed in 15.3831 seconds
[2018.04.22-14.08.04:601][  1]LogCollectionManager: Rebuilt the object cache for 0 collections in 0.000001 seconds (found 0 objects)
[2018.04.22-14.08.04:601][  1]LogCollectionManager: Fixed up redirectors for 0 collections in 0.000100 seconds (updated 0 objects)
[2018.04.22-14.08.53:220][781]LogSlate: Window 'Message Log' being destroyed
[2018.04.22-14.08.53:222][781]LogSlate: Window 'Message Log' being destroyed
[2018.04.22-14.08.54:664][953]LogSlate: FSceneViewport::OnFocusLost() reason 0
[2018.04.22-14.08.59:497][294]LogSlate: Took 0.020770 seconds to synchronously load lazily loaded font '../../../Engine/Content/Slate/Fonts/Roboto-Light.ttf' (167K)
[2018.04.22-14.08.59:592][294]LogFactory: FactoryCreateFile: StaticMesh with FbxFactory (0 0 ../../../../../../Users/Matthew/Documents/Tilly's Unreal Adventure/TillysAdventure/TillysAdventure/Assets/Needle/Needle.fbx)
[2018.04.22-14.08.59:605][294]LogFbx: ItemName: GlobalSettings, ItemCount : 1
[2018.04.22-14.08.59:605][294]LogFbx: ItemName: NodeAttribute, ItemCount : 1
[2018.04.22-14.08.59:605][294]LogFbx: ItemName: Geometry, ItemCount : 1
[2018.04.22-14.08.59:605][294]LogFbx: ItemName: Model, ItemCount : 2
[2018.04.22-14.08.59:605][294]LogFbx: ItemName: Material, ItemCount : 1
[2018.04.22-14.08.59:605][294]LogFbx: ItemName: Texture, ItemCount : 1
[2018.04.22-14.08.59:605][294]LogFbx: ItemName: Video, ItemCount : 1
[2018.04.22-14.08.59:610][294]LogFbx: Loading FBX Scene from ../../../../../../Users/Matthew/Documents/Tilly's Unreal Adventure/TillysAdventure/TillysAdventure/Assets/Needle/Needle.fbx
[2018.04.22-14.08.59:621][294]LogFbx: FBX Scene Loaded Succesfully
[2018.04.22-14.09.00:828][294]LogSlate: Window 'FBX Import Options' being destroyed
[2018.04.22-14.09.00:857][294]LogFbx: Loading FBX Scene from ../../../../../../Users/Matthew/Documents/Tilly's Unreal Adventure/TillysAdventure/TillysAdventure/Assets/Needle/Needle.fbx
[2018.04.22-14.09.00:864][294]LogFbx: FBX Scene Loaded Succesfully
[2018.04.22-14.09.00:868][294]LogLinker: Can't find file '/Game/Models/Needle/NeedleTexture'
[2018.04.22-14.09.00:869][294]LogLinker: Can't find file '/Game/Models/Needle/NeedleTexture'
[2018.04.22-14.09.00:878][294]LogTexture: Display: Building textures: NeedleTexture (AutoDXT, 800X600)
[2018.04.22-14.09.00:925][294]LogMaterial: Missing cached shader map for material Material_001, compiling. 
[2018.04.22-14.09.00:955][294]LogFbx: Warning: Triangulating static mesh Cube
[2018.04.22-14.09.00:958][294]LogShaderCompilers: Display: Shaders left to compile 22
[2018.04.22-14.09.00:958][294]LogShaderCompilers: Display: Shaders left to compile 12
[2018.04.22-14.09.00:958][294]LogShaderCompilers: Display: Shaders left to compile 2
[2018.04.22-14.09.00:958][294]LogStaticMesh: Building static mesh Needle...
[2018.04.22-14.09.00:970][294]LogStaticMesh: Built static mesh [0.01s] /Game/Models/Needle/Needle.Needle
[2018.04.22-14.09.00:982][294]FBXImport: Warning: No smoothing group information was found in this FBX scene.  Please make sure to enable the 'Export Smoothing Groups' option in the FBX Exporter plug-in before exporting the file.  Even for tools that don't support smoothing groups, the FBX Exporter will generate appropriate smoothing data at export-time so that correct vertex normals can be inferred while importing. 
[2018.04.22-14.09.07:623][456]LogSlate: Window 'Message Log' being destroyed
[2018.04.22-14.09.07:624][456]LogSlate: Window 'Message Log' being destroyed
[2018.04.22-14.09.13:520][105]LogContentBrowser: Native class hierarchy updated for 'BlueprintGraph' in 0.0013 seconds. Added 116 classes and 0 folders.
[2018.04.22-14.09.14:307][105]LogSlate: Took 0.013355 seconds to synchronously load lazily loaded font '../../../Engine/Content/Slate/Fonts/Roboto-BoldCondensed.ttf' (158K)
[2018.04.22-14.09.18:501][448]LogSlate: Took 0.022764 seconds to synchronously load lazily loaded font '../../../Engine/Content/Slate/Fonts/Roboto-Italic.ttf' (157K)
[2018.04.22-14.09.19:946][572]LogRenderer: Reallocating scene render targets to support 1208x712 Format 10 NumSamples 1 (Frame:1).
[2018.04.22-14.09.28:956][372]LogSlate: FSceneViewport::OnFocusLost() reason 0
[2018.04.22-14.09.41:195][548]LogEditorTransaction: Undo Modify Component(s)
[2018.04.22-14.09.43:485][783]LogSlate: FSceneViewport::OnFocusLost() reason 0
[2018.04.22-14.09.45:575][975]BlueprintLog: New page: Compile TA_TillyCharacter
[2018.04.22-14.09.46:331][ 13]LogSavePackage: Save=32.23ms
[2018.04.22-14.09.46:331][ 13]LogSavePackage: Moving '../../../../../../Users/Matthew/Documents/Tilly's Unreal Adventure/TillysAdventure/TillysAdventure/Saved/TA_TillyCharacterD2F5C8204B11A82D24AE488CAA45D5E0.tmp' to '../../../../../../Users/Matthew/Documents/Tilly's Unreal Adventure/TillysAdventure/TillysAdventure/Content/Blueprint/Pawns/TA_TillyCharacter.uasset'
[2018.04.22-14.09.46:338][ 13]LogSavePackage: Display: Finished SavePackage ../../../../../../Users/Matthew/Documents/Tilly's Unreal Adventure/TillysAdventure/TillysAdventure/Content/Blueprint/Pawns/TA_TillyCharacter.uasset
[2018.04.22-14.09.52:665][602]BlueprintLog: New page: Compile TA_TillyCharacter
[2018.04.22-14.09.53:543][669]LogSavePackage: Save=20.92ms
[2018.04.22-14.09.53:546][669]LogSavePackage: Moving '../../../../../../Users/Matthew/Documents/Tilly's Unreal Adventure/TillysAdventure/TillysAdventure/Saved/TA_TillyCharacter8A83BAAD48D57AF15530E094A0CBDC54.tmp' to '../../../../../../Users/Matthew/Documents/Tilly's Unreal Adventure/TillysAdventure/TillysAdventure/Content/Blueprint/Pawns/TA_TillyCharacter.uasset'
[2018.04.22-14.09.53:550][669]LogSavePackage: Display: Finished SavePackage ../../../../../../Users/Matthew/Documents/Tilly's Unreal Adventure/TillysAdventure/TillysAdventure/Content/Blueprint/Pawns/TA_TillyCharacter.uasset
[2018.04.22-14.09.57:417][ 54]LogActorFactory: Actor Factory created Needle
[2018.04.22-14.09.58:580][184]LogSlate: FSceneViewport::OnFocusLost() reason 2
[2018.04.22-14.09.58:601][184]LogSlate: FSceneViewport::OnFocusLost() reason 2
[2018.04.22-14.10.05:906][801]LogSlate: FSceneViewport::OnFocusLost() reason 0
[2018.04.22-14.10.14:884][590]LogSlate: FSceneViewport::OnFocusLost() reason 0
[2018.04.22-14.10.24:801][502]LogSlate: FSceneViewport::OnFocusLost() reason 0
[2018.04.22-14.10.24:889][511]BlueprintLog: New page: Compile TA_TillyCharacter
[2018.04.22-14.10.25:576][543]LogSavePackage: Save=20.69ms
[2018.04.22-14.10.25:577][543]LogSavePackage: Moving '../../../../../../Users/Matthew/Documents/Tilly's Unreal Adventure/TillysAdventure/TillysAdventure/Saved/TA_TillyCharacter377B17224785CD8DCF16A38DDEBC1894.tmp' to '../../../../../../Users/Matthew/Documents/Tilly's Unreal Adventure/TillysAdventure/TillysAdventure/Content/Blueprint/Pawns/TA_TillyCharacter.uasset'
[2018.04.22-14.10.25:582][543]LogSavePackage: Display: Finished SavePackage ../../../../../../Users/Matthew/Documents/Tilly's Unreal Adventure/TillysAdventure/TillysAdventure/Content/Blueprint/Pawns/TA_TillyCharacter.uasset
[2018.04.22-14.10.26:664][638]LogTemp: Repeating last play command: Selected Viewport
[2018.04.22-14.10.26:685][638]LogPlayLevel: PlayLevel: No blueprints needed recompiling
[2018.04.22-14.10.26:686][638]PIE: New page: PIE session: MainLevel (22 Apr 2018 16:10:26)
[2018.04.22-14.10.26:686][638]LogPlayLevel: Creating play world package: /Game/Blueprint/Level/UEDPIE_0_MainLevel
[2018.04.22-14.10.26:688][638]LogPlayLevel: PIE: StaticDuplicateObject took: (0.001882s)
[2018.04.22-14.10.26:689][638]LogAIModule: Creating AISystem for world MainLevel
[2018.04.22-14.10.26:689][638]LogPlayLevel: PIE: World Init took: (0.001107s)
[2018.04.22-14.10.26:689][638]LogPlayLevel: PIE: Created PIE world by copying editor world from /Game/Blueprint/Level/MainLevel.MainLevel to /Game/Blueprint/Level/UEDPIE_0_MainLevel.MainLevel (0.003306s)
[2018.04.22-14.10.26:715][638]LogInit: XAudio2 using 'Speakers (Realtek High Definition Audio)' : 2 channels at 48 kHz using 32 bits per sample (channel mask 0x3)
[2018.04.22-14.10.26:729][638]LogInit: FAudioDevice initialized.
[2018.04.22-14.10.26:779][638]LogLoad: Game class is 'TA_GameModeBase_C'
[2018.04.22-14.10.26:781][638]LogWorld: Bringing World /Game/Blueprint/Level/UEDPIE_0_MainLevel.MainLevel up for play (max tick rate 0) at 2018.04.22-15.10.26
[2018.04.22-14.10.26:781][638]LogWorld: Bringing up level for play took: 0.000770
[2018.04.22-14.10.26:807][638]LogContentBrowser: Native class hierarchy updated for 'MovieSceneCapture' in 0.0010 seconds. Added 11 classes and 0 folders.
[2018.04.22-14.10.26:808][638]PIE: Play in editor start time for /Game/Blueprint/Level/UEDPIE_0_MainLevel 1.046
[2018.04.22-14.10.40:899][936]LogSlate: FSceneViewport::OnFocusLost() reason 0
[2018.04.22-14.10.48:376][636]LogSlate: FSceneViewport::OnFocusLost() reason 0
[2018.04.22-14.11.50:327][955]LogSlate: FSceneViewport::OnFocusLost() reason 0
[2018.04.22-14.11.59:567][758]LogPhysics: Warning: PopulatePhysXGeometryAndTransform(Convex): ConvexElem has invalid transform
[2018.04.22-14.11.59:568][758]LogPhysics: Warning: ForeachShape(Convex): [/Game/Models/Needle/Needle.Needle] ScaledElem[0] invalid
[2018.04.22-14.11.59:568][758]LogPhysics: Warning: PopulatePhysXGeometryAndTransform(Convex): ConvexElem has invalid transform
[2018.04.22-14.11.59:568][758]LogPhysics: Warning: ForeachShape(Convex): [/Game/Models/Needle/Needle.Needle] ScaledElem[0] invalid
[2018.04.22-14.11.59:568][758]LogPhysics: Warning: PopulatePhysXGeometryAndTransform(Convex): ConvexElem has invalid transform
[2018.04.22-14.11.59:568][758]LogPhysics: Warning: ForeachShape(Convex): [/Game/Models/Needle/Needle.Needle] ScaledElem[0] invalid
[2018.04.22-14.11.59:569][758]LogPhysics: Warning: PopulatePhysXGeometryAndTransform(Convex): ConvexElem has invalid transform
[2018.04.22-14.11.59:569][758]LogPhysics: Warning: ForeachShape(Convex): [/Game/Models/Needle/Needle.Needle] ScaledElem[0] invalid
[2018.04.22-14.11.59:569][758]LogPhysics: Warning: PopulatePhysXGeometryAndTransform(Convex): ConvexElem has invalid transform
[2018.04.22-14.11.59:569][758]LogPhysics: Warning: ForeachShape(Convex): [/Game/Models/Needle/Needle.Needle] ScaledElem[0] invalid
[2018.04.22-14.11.59:570][758]LogPhysics: Warning: PopulatePhysXGeometryAndTransform(Convex): ConvexElem has invalid transform
[2018.04.22-14.11.59:570][758]LogPhysics: Warning: ForeachShape(Convex): [/Game/Models/Needle/Needle.Needle] ScaledElem[0] invalid
[2018.04.22-14.11.59:578][758]LogPhysics: Warning: PopulatePhysXGeometryAndTransform(Convex): ConvexElem has invalid transform
[2018.04.22-14.11.59:581][758]LogPhysics: Warning: ForeachShape(Convex): [/Game/Models/Needle/Needle.Needle] ScaledElem[0] invalid
[2018.04.22-14.11.59:581][758]LogPhysics: Warning: PopulatePhysXGeometryAndTransform(Convex): ConvexElem has invalid transform
[2018.04.22-14.11.59:581][758]LogPhysics: Warning: ForeachShape(Convex): [/Game/Models/Needle/Needle.Needle] ScaledElem[0] invalid
[2018.04.22-14.11.59:581][758]LogPhysics: Warning: PopulatePhysXGeometryAndTransform(Convex): ConvexElem has invalid transform
[2018.04.22-14.11.59:581][758]LogPhysics: Warning: ForeachShape(Convex): [/Game/Models/Needle/Needle.Needle] ScaledElem[0] invalid
[2018.04.22-14.12.24:645][ 28]LogSlate: FSceneViewport::OnFocusLost() reason 0
[2018.04.22-14.12.24:739][ 38]BlueprintLog: New page: Compile TA_TillyCharacter
[2018.04.22-14.12.33:223][774]LogSlate: FSceneViewport::OnFocusLost() reason 0
[2018.04.22-14.12.33:310][783]BlueprintLog: New page: Compile TA_TillyCharacter
[2018.04.22-14.12.34:131][811]LogSavePackage: Save=23.58ms
[2018.04.22-14.12.34:131][811]LogSavePackage: Moving '../../../../../../Users/Matthew/Documents/Tilly's Unreal Adventure/TillysAdventure/TillysAdventure/Saved/TA_TillyCharacter6373CE12440E0BD65D87B2A2BB4349F6.tmp' to '../../../../../../Users/Matthew/Documents/Tilly's Unreal Adventure/TillysAdventure/TillysAdventure/Content/Blueprint/Pawns/TA_TillyCharacter.uasset'
[2018.04.22-14.12.34:135][811]LogSavePackage: Display: Finished SavePackage ../../../../../../Users/Matthew/Documents/Tilly's Unreal Adventure/TillysAdventure/TillysAdventure/Content/Blueprint/Pawns/TA_TillyCharacter.uasset
[2018.04.22-14.12.35:086][892]LogTemp: Repeating last play command: Selected Viewport
[2018.04.22-14.12.35:105][892]LogPlayLevel: PlayLevel: No blueprints needed recompiling
[2018.04.22-14.12.35:106][892]PIE: New page: PIE session: MainLevel (22 Apr 2018 16:12:35)
[2018.04.22-14.12.35:106][892]LogPlayLevel: Creating play world package: /Game/Blueprint/Level/UEDPIE_0_MainLevel
[2018.04.22-14.12.35:108][892]LogPlayLevel: PIE: StaticDuplicateObject took: (0.001815s)
[2018.04.22-14.12.35:108][892]LogAIModule: Creating AISystem for world MainLevel
[2018.04.22-14.12.35:109][892]LogPlayLevel: PIE: World Init took: (0.000996s)
[2018.04.22-14.12.35:113][892]LogPlayLevel: PIE: Created PIE world by copying editor world from /Game/Blueprint/Level/MainLevel.MainLevel to /Game/Blueprint/Level/UEDPIE_0_MainLevel.MainLevel (0.006848s)
[2018.04.22-14.12.35:139][892]LogInit: XAudio2 using 'Speakers (Realtek High Definition Audio)' : 2 channels at 48 kHz using 32 bits per sample (channel mask 0x3)
[2018.04.22-14.12.35:153][892]LogInit: FAudioDevice initialized.
[2018.04.22-14.12.35:197][892]LogLoad: Game class is 'TA_GameModeBase_C'
[2018.04.22-14.12.35:199][892]LogWorld: Bringing World /Game/Blueprint/Level/UEDPIE_0_MainLevel.MainLevel up for play (max tick rate 0) at 2018.04.22-15.12.35
[2018.04.22-14.12.35:199][892]LogWorld: Bringing up level for play took: 0.000755
[2018.04.22-14.12.35:200][892]PIE: Play in editor start time for /Game/Blueprint/Level/UEDPIE_0_MainLevel -0.561
[2018.04.22-14.12.39:415][291]LogSlate: FSceneViewport::OnFocusLost() reason 0
[2018.04.22-14.12.44:393][712]BlueprintLog: New page: Compile TA_TillyCharacter
[2018.04.22-14.12.45:307][745]LogSavePackage: Save=19.66ms
[2018.04.22-14.12.45:307][745]LogSavePackage: Moving '../../../../../../Users/Matthew/Documents/Tilly's Unreal Adventure/TillysAdventure/TillysAdventure/Saved/TA_TillyCharacter511A5B624449BC84F220A590DEFBC4B7.tmp' to '../../../../../../Users/Matthew/Documents/Tilly's Unreal Adventure/TillysAdventure/TillysAdventure/Content/Blueprint/Pawns/TA_TillyCharacter.uasset'
[2018.04.22-14.12.45:312][745]LogSavePackage: Display: Finished SavePackage ../../../../../../Users/Matthew/Documents/Tilly's Unreal Adventure/TillysAdventure/TillysAdventure/Content/Blueprint/Pawns/TA_TillyCharacter.uasset
[2018.04.22-14.12.46:218][824]LogTemp: Repeating last play command: Selected Viewport
[2018.04.22-14.12.46:239][824]LogPlayLevel: PlayLevel: No blueprints needed recompiling
[2018.04.22-14.12.46:239][824]PIE: New page: PIE session: MainLevel (22 Apr 2018 16:12:46)
[2018.04.22-14.12.46:239][824]LogPlayLevel: Creating play world package: /Game/Blueprint/Level/UEDPIE_0_MainLevel
[2018.04.22-14.12.46:241][824]LogPlayLevel: PIE: StaticDuplicateObject took: (0.001883s)
[2018.04.22-14.12.46:242][824]LogAIModule: Creating AISystem for world MainLevel
[2018.04.22-14.12.46:245][824]LogPlayLevel: PIE: World Init took: (0.003608s)
[2018.04.22-14.12.46:246][824]LogPlayLevel: PIE: Created PIE world by copying editor world from /Game/Blueprint/Level/MainLevel.MainLevel to /Game/Blueprint/Level/UEDPIE_0_MainLevel.MainLevel (0.006414s)
[2018.04.22-14.12.46:271][824]LogInit: XAudio2 using 'Speakers (Realtek High Definition Audio)' : 2 channels at 48 kHz using 32 bits per sample (channel mask 0x3)
[2018.04.22-14.12.46:284][824]LogInit: FAudioDevice initialized.
[2018.04.22-14.12.46:329][824]LogLoad: Game class is 'TA_GameModeBase_C'
[2018.04.22-14.12.46:331][824]LogWorld: Bringing World /Game/Blueprint/Level/UEDPIE_0_MainLevel.MainLevel up for play (max tick rate 0) at 2018.04.22-15.12.46
[2018.04.22-14.12.46:331][824]LogWorld: Bringing up level for play took: 0.000928
[2018.04.22-14.12.46:333][824]PIE: Play in editor start time for /Game/Blueprint/Level/UEDPIE_0_MainLevel 0.571
[2018.04.22-14.12.55:889][701]BlueprintLog: New page: Compile TA_TillyCharacter
[2018.04.22-14.12.56:833][733]LogSavePackage: Save=20.13ms
[2018.04.22-14.12.56:834][733]LogSavePackage: Moving '../../../../../../Users/Matthew/Documents/Tilly's Unreal Adventure/TillysAdventure/TillysAdventure/Saved/TA_TillyCharacter844F37DC4E2C8B3E3B64C7B928923369.tmp' to '../../../../../../Users/Matthew/Documents/Tilly's Unreal Adventure/TillysAdventure/TillysAdventure/Content/Blueprint/Pawns/TA_TillyCharacter.uasset'
[2018.04.22-14.12.56:838][733]LogSavePackage: Display: Finished SavePackage ../../../../../../Users/Matthew/Documents/Tilly's Unreal Adventure/TillysAdventure/TillysAdventure/Content/Blueprint/Pawns/TA_TillyCharacter.uasset
[2018.04.22-14.12.58:350][864]LogTemp: Repeating last play command: Selected Viewport
[2018.04.22-14.12.58:370][864]LogPlayLevel: PlayLevel: No blueprints needed recompiling
[2018.04.22-14.12.58:370][864]PIE: New page: PIE session: MainLevel (22 Apr 2018 16:12:58)
[2018.04.22-14.12.58:371][864]LogPlayLevel: Creating play world package: /Game/Blueprint/Level/UEDPIE_0_MainLevel
[2018.04.22-14.12.58:372][864]LogPlayLevel: PIE: StaticDuplicateObject took: (0.001651s)
[2018.04.22-14.12.58:373][864]LogAIModule: Creating AISystem for world MainLevel
[2018.04.22-14.12.58:373][864]LogPlayLevel: PIE: World Init took: (0.000872s)
[2018.04.22-14.12.58:373][864]LogPlayLevel: PIE: Created PIE world by copying editor world from /Game/Blueprint/Level/MainLevel.MainLevel to /Game/Blueprint/Level/UEDPIE_0_MainLevel.MainLevel (0.002913s)
[2018.04.22-14.12.58:398][864]LogInit: XAudio2 using 'Speakers (Realtek High Definition Audio)' : 2 channels at 48 kHz using 32 bits per sample (channel mask 0x3)
[2018.04.22-14.12.58:412][864]LogInit: FAudioDevice initialized.
[2018.04.22-14.12.58:450][864]LogLoad: Game class is 'TA_GameModeBase_C'
[2018.04.22-14.12.58:451][864]LogWorld: Bringing World /Game/Blueprint/Level/UEDPIE_0_MainLevel.MainLevel up for play (max tick rate 0) at 2018.04.22-15.12.58
[2018.04.22-14.12.58:452][864]LogWorld: Bringing up level for play took: 0.000837
[2018.04.22-14.12.58:453][864]PIE: Play in editor start time for /Game/Blueprint/Level/UEDPIE_0_MainLevel 0.691
[2018.04.22-14.13.08:999][890]LogSlate: FSceneViewport::OnFocusLost() reason 0
[2018.04.22-14.13.13:018][262]LogSlate: FSceneViewport::OnFocusLost() reason 0
[2018.04.22-14.13.18:354][779]LogSlate: FSceneViewport::OnFocusLost() reason 0
[2018.04.22-14.13.18:450][789]BlueprintLog: New page: Compile TA_TillyCharacter
[2018.04.22-14.13.19:464][820]LogSavePackage: Save=21.93ms
[2018.04.22-14.13.19:464][820]LogSavePackage: Moving '../../../../../../Users/Matthew/Documents/Tilly's Unreal Adventure/TillysAdventure/TillysAdventure/Saved/TA_TillyCharacterC649BFC548945F01C3C7318E8CD3955B.tmp' to '../../../../../../Users/Matthew/Documents/Tilly's Unreal Adventure/TillysAdventure/TillysAdventure/Content/Blueprint/Pawns/TA_TillyCharacter.uasset'
[2018.04.22-14.13.19:468][820]LogSavePackage: Display: Finished SavePackage ../../../../../../Users/Matthew/Documents/Tilly's Unreal Adventure/TillysAdventure/TillysAdventure/Content/Blueprint/Pawns/TA_TillyCharacter.uasset
[2018.04.22-14.13.20:152][878]LogTemp: Repeating last play command: Selected Viewport
[2018.04.22-14.13.20:172][878]LogPlayLevel: PlayLevel: No blueprints needed recompiling
[2018.04.22-14.13.20:172][878]PIE: New page: PIE session: MainLevel (22 Apr 2018 16:13:20)
[2018.04.22-14.13.20:172][878]LogPlayLevel: Creating play world package: /Game/Blueprint/Level/UEDPIE_0_MainLevel
[2018.04.22-14.13.20:174][878]LogPlayLevel: PIE: StaticDuplicateObject took: (0.001788s)
[2018.04.22-14.13.20:175][878]LogAIModule: Creating AISystem for world MainLevel
[2018.04.22-14.13.20:175][878]LogPlayLevel: PIE: World Init took: (0.000884s)
[2018.04.22-14.13.20:175][878]LogPlayLevel: PIE: Created PIE world by copying editor world from /Game/Blueprint/Level/MainLevel.MainLevel to /Game/Blueprint/Level/UEDPIE_0_MainLevel.MainLevel (0.003169s)
[2018.04.22-14.13.20:207][878]LogInit: XAudio2 using 'Speakers (Realtek High Definition Audio)' : 2 channels at 48 kHz using 32 bits per sample (channel mask 0x3)
[2018.04.22-14.13.20:219][878]LogInit: FAudioDevice initialized.
[2018.04.22-14.13.20:264][878]LogLoad: Game class is 'TA_GameModeBase_C'
[2018.04.22-14.13.20:265][878]LogWorld: Bringing World /Game/Blueprint/Level/UEDPIE_0_MainLevel.MainLevel up for play (max tick rate 0) at 2018.04.22-15.13.20
[2018.04.22-14.13.20:266][878]LogWorld: Bringing up level for play took: 0.001033
[2018.04.22-14.13.20:267][878]PIE: Play in editor start time for /Game/Blueprint/Level/UEDPIE_0_MainLevel 0.505
[2018.04.22-14.14.38:973][ 80]LogSlate: FSceneViewport::OnFocusLost() reason 0
[2018.04.22-14.14.39:155][ 87]LogSavePackage: Save=19.57ms
[2018.04.22-14.14.39:155][ 87]LogSavePackage: Moving '../../../../../../Users/Matthew/Documents/Tilly's Unreal Adventure/TillysAdventure/TillysAdventure/Saved/TA_TillyCharacter371C0A704515498A3E850B86E1CEB65E.tmp' to '../../../../../../Users/Matthew/Documents/Tilly's Unreal Adventure/TillysAdventure/TillysAdventure/Content/Blueprint/Pawns/TA_TillyCharacter.uasset'
[2018.04.22-14.14.39:160][ 87]LogSavePackage: Display: Finished SavePackage ../../../../../../Users/Matthew/Documents/Tilly's Unreal Adventure/TillysAdventure/TillysAdventure/Content/Blueprint/Pawns/TA_TillyCharacter.uasset
[2018.04.22-14.14.57:717][875]BlueprintLog: New page: Compile TA_TillyCharacter
[2018.04.22-14.14.58:452][906]LogSavePackage: Save=20.90ms
[2018.04.22-14.14.58:452][906]LogSavePackage: Moving '../../../../../../Users/Matthew/Documents/Tilly's Unreal Adventure/TillysAdventure/TillysAdventure/Saved/TA_TillyCharacterB84809A94917AD88E0F569A86633D47C.tmp' to '../../../../../../Users/Matthew/Documents/Tilly's Unreal Adventure/TillysAdventure/TillysAdventure/Content/Blueprint/Pawns/TA_TillyCharacter.uasset'
[2018.04.22-14.14.58:456][906]LogSavePackage: Display: Finished SavePackage ../../../../../../Users/Matthew/Documents/Tilly's Unreal Adventure/TillysAdventure/TillysAdventure/Content/Blueprint/Pawns/TA_TillyCharacter.uasset
[2018.04.22-14.15.49:632][ 11]BlueprintLog: New page: Compile TA_TillyCharacter
[2018.04.22-14.15.50:482][ 47]LogSavePackage: Save=21.53ms
[2018.04.22-14.15.50:482][ 47]LogSavePackage: Moving '../../../../../../Users/Matthew/Documents/Tilly's Unreal Adventure/TillysAdventure/TillysAdventure/Saved/TA_TillyCharacterA2EB36F043F6A1FF14377282C09AE66C.tmp' to '../../../../../../Users/Matthew/Documents/Tilly's Unreal Adventure/TillysAdventure/TillysAdventure/Content/Blueprint/Pawns/TA_TillyCharacter.uasset'
[2018.04.22-14.15.50:487][ 47]LogSavePackage: Display: Finished SavePackage ../../../../../../Users/Matthew/Documents/Tilly's Unreal Adventure/TillysAdventure/TillysAdventure/Content/Blueprint/Pawns/TA_TillyCharacter.uasset
[2018.04.22-14.16.44:601][483]LogSavePackage: Save=14.94ms
[2018.04.22-14.16.44:601][483]LogSavePackage: Moving '../../../../../../Users/Matthew/Documents/Tilly's Unreal Adventure/TillysAdventure/TillysAdventure/Saved/TA_TillyCharacterC9C19C084DA313541BB3DB80E036F56E.tmp' to '../../../../../../Users/Matthew/Documents/Tilly's Unreal Adventure/TillysAdventure/TillysAdventure/Content/Blueprint/Pawns/TA_TillyCharacter.uasset'
[2018.04.22-14.16.44:603][483]LogSavePackage: Display: Finished SavePackage ../../../../../../Users/Matthew/Documents/Tilly's Unreal Adventure/TillysAdventure/TillysAdventure/Content/Blueprint/Pawns/TA_TillyCharacter.uasset
[2018.04.22-14.16.50:041][975]LogTemp: Repeating last play command: Selected Viewport
[2018.04.22-14.16.50:060][975]LogPlayLevel: PlayLevel: No blueprints needed recompiling
[2018.04.22-14.16.50:061][975]PIE: New page: PIE session: MainLevel (22 Apr 2018 16:16:50)
[2018.04.22-14.16.50:061][975]LogPlayLevel: Creating play world package: /Game/Blueprint/Level/UEDPIE_0_MainLevel
[2018.04.22-14.16.50:063][975]LogPlayLevel: PIE: StaticDuplicateObject took: (0.001841s)
[2018.04.22-14.16.50:064][975]LogAIModule: Creating AISystem for world MainLevel
[2018.04.22-14.16.50:064][975]LogPlayLevel: PIE: World Init took: (0.000902s)
[2018.04.22-14.16.50:064][975]LogPlayLevel: PIE: Created PIE world by copying editor world from /Game/Blueprint/Level/MainLevel.MainLevel to /Game/Blueprint/Level/UEDPIE_0_MainLevel.MainLevel (0.003227s)
[2018.04.22-14.16.50:087][975]LogInit: XAudio2 using 'Speakers (Realtek High Definition Audio)' : 2 channels at 48 kHz using 32 bits per sample (channel mask 0x3)
[2018.04.22-14.16.50:103][975]LogInit: FAudioDevice initialized.
[2018.04.22-14.16.50:139][975]LogLoad: Game class is 'TA_GameModeBase_C'
[2018.04.22-14.16.50:140][975]LogWorld: Bringing World /Game/Blueprint/Level/UEDPIE_0_MainLevel.MainLevel up for play (max tick rate 0) at 2018.04.22-15.16.50
[2018.04.22-14.16.50:140][975]LogWorld: Bringing up level for play took: 0.000691
[2018.04.22-14.16.50:141][975]PIE: Play in editor start time for /Game/Blueprint/Level/UEDPIE_0_MainLevel 0.38
[2018.04.22-14.17.52:681][581]LogSlate: FSceneViewport::OnFocusLost() reason 0
[2018.04.22-14.17.57:920][112]LogSlate: FSceneViewport::OnFocusLost() reason 0
[2018.04.22-14.17.58:114][120]LogSavePackage: Save=23.67ms
[2018.04.22-14.17.58:115][120]LogSavePackage: Moving '../../../../../../Users/Matthew/Documents/Tilly's Unreal Adventure/TillysAdventure/TillysAdventure/Saved/TA_TillyCharacter4EDF500D4027F2D98B654D8105B91565.tmp' to '../../../../../../Users/Matthew/Documents/Tilly's Unreal Adventure/TillysAdventure/TillysAdventure/Content/Blueprint/Pawns/TA_TillyCharacter.uasset'
[2018.04.22-14.17.58:119][120]LogSavePackage: Display: Finished SavePackage ../../../../../../Users/Matthew/Documents/Tilly's Unreal Adventure/TillysAdventure/TillysAdventure/Content/Blueprint/Pawns/TA_TillyCharacter.uasset
[2018.04.22-14.19.16:101][ 78]LogSlate: FSceneViewport::OnFocusLost() reason 0
[2018.04.22-14.19.22:414][583]LogSlate: FSceneViewport::OnFocusLost() reason 0
[2018.04.22-14.19.30:247][214]LogSlate: FSceneViewport::OnFocusLost() reason 0
[2018.04.22-14.19.30:525][222]LogSavePackage: Save=23.11ms
[2018.04.22-14.19.30:525][222]LogSavePackage: Moving '../../../../../../Users/Matthew/Documents/Tilly's Unreal Adventure/TillysAdventure/TillysAdventure/Saved/MainLevel89D7B48C4786336A0B4F4FA77A9AAD81.tmp' to '../../../../../../Users/Matthew/Documents/Tilly's Unreal Adventure/TillysAdventure/TillysAdventure/Content/Blueprint/Level/MainLevel.umap'
[2018.04.22-14.19.30:542][222]LogSavePackage: Display: Finished SavePackage ../../../../../../Users/Matthew/Documents/Tilly's Unreal Adventure/TillysAdventure/TillysAdventure/Content/Blueprint/Level/MainLevel.umap
[2018.04.22-14.19.30:733][222]LogSavePackage: Save=65.99ms
[2018.04.22-14.19.30:733][222]LogSavePackage: Moving '../../../../../../Users/Matthew/Documents/Tilly's Unreal Adventure/TillysAdventure/TillysAdventure/Saved/MainLevel_BuiltDataA30FB3594E8AB2F4C7B0EB8885134F84.tmp' to '../../../../../../Users/Matthew/Documents/Tilly's Unreal Adventure/TillysAdventure/TillysAdventure/Content/Blueprint/Level/MainLevel_BuiltData.uasset'
[2018.04.22-14.19.30:746][222]LogSavePackage: Display: Finished SavePackage ../../../../../../Users/Matthew/Documents/Tilly's Unreal Adventure/TillysAdventure/TillysAdventure/Content/Blueprint/Level/MainLevel_BuiltData.uasset
[2018.04.22-14.19.31:401][272]LogTemp: Repeating last play command: Selected Viewport
[2018.04.22-14.19.31:420][272]BlueprintLog: New page: Pre-Play auto-recompile
[2018.04.22-14.19.31:422][272]LogPlayLevel: [PlayLevel] Compiling TA_TillyCharacter before play...
[2018.04.22-14.19.31:775][272]LogPlayLevel: PlayLevel: Blueprint regeneration took 355 ms (1 blueprints)
[2018.04.22-14.19.31:775][272]PIE: New page: PIE session: MainLevel (22 Apr 2018 16:19:31)
[2018.04.22-14.19.31:776][272]LogPlayLevel: Creating play world package: /Game/Blueprint/Level/UEDPIE_0_MainLevel
[2018.04.22-14.19.31:778][272]LogPlayLevel: PIE: StaticDuplicateObject took: (0.002458s)
[2018.04.22-14.19.31:779][272]LogAIModule: Creating AISystem for world MainLevel
[2018.04.22-14.19.31:779][272]LogPlayLevel: PIE: World Init took: (0.000836s)
[2018.04.22-14.19.31:780][272]LogPlayLevel: PIE: Created PIE world by copying editor world from /Game/Blueprint/Level/MainLevel.MainLevel to /Game/Blueprint/Level/UEDPIE_0_MainLevel.MainLevel (0.004024s)
[2018.04.22-14.19.31:804][272]LogInit: XAudio2 using 'Speakers (Realtek High Definition Audio)' : 2 channels at 48 kHz using 32 bits per sample (channel mask 0x3)
[2018.04.22-14.19.31:817][272]LogInit: FAudioDevice initialized.
[2018.04.22-14.19.31:854][272]LogLoad: Game class is 'TA_GameModeBase_C'
[2018.04.22-14.19.31:856][272]LogWorld: Bringing World /Game/Blueprint/Level/UEDPIE_0_MainLevel.MainLevel up for play (max tick rate 0) at 2018.04.22-15.19.31
[2018.04.22-14.19.31:856][272]LogWorld: Bringing up level for play took: 0.000769
[2018.04.22-14.19.31:857][272]PIE: Play in editor start time for /Game/Blueprint/Level/UEDPIE_0_MainLevel 0.096
[2018.04.22-14.19.47:360][823]Cmd: LevelEditor.ToggleImmersive
[2018.04.22-14.19.47:574][824]LogRenderer: Reallocating scene render targets to support 1636x856 Format 10 NumSamples 1 (Frame:1553).
[2018.04.22-14.19.47:632][825]LogRenderer: Reallocating scene render targets to support 1920x1040 Format 10 NumSamples 1 (Frame:1555).
[2018.04.22-14.19.47:636][825]LogSlate: FSceneViewport::OnFocusLost() reason 2
[2018.04.22-14.21.49:580][292]LogSlate: FSceneViewport::OnFocusLost() reason 2
[2018.04.22-14.21.56:376][885]LogSlate: FSceneViewport::OnFocusLost() reason 0
[2018.04.22-14.22.02:259][423]BlueprintLog: New page: Compile TA_TillyCharacter
[2018.04.22-14.22.03:518][488]LogSlate: FSceneViewport::OnFocusLost() reason 2
[2018.04.22-14.22.03:588][488]LogSavePackage: Save=34.93ms
[2018.04.22-14.22.03:588][488]LogSavePackage: Moving '../../../../../../Users/Matthew/Documents/Tilly's Unreal Adventure/TillysAdventure/TillysAdventure/Saved/TA_TillyCharacterB9802931415C1B5E6799158A1DC22AFD.tmp' to '../../../../../../Users/Matthew/Documents/Tilly's Unreal Adventure/TillysAdventure/TillysAdventure/Content/Blueprint/Pawns/TA_TillyCharacter.uasset'
[2018.04.22-14.22.03:593][488]LogSavePackage: Display: Finished SavePackage ../../../../../../Users/Matthew/Documents/Tilly's Unreal Adventure/TillysAdventure/TillysAdventure/Content/Blueprint/Pawns/TA_TillyCharacter.uasset
[2018.04.22-14.22.06:707][764]LogSlate: FSceneViewport::OnFocusLost() reason 2
[2018.04.22-14.22.08:949][955]LogSlate: FSceneViewport::OnFocusLost() reason 2
[2018.04.22-14.22.09:023][955]LogSlate: FSceneViewport::OnFocusLost() reason 2
[2018.04.22-14.22.09:055][955]LogSavePackage: Save=14.53ms
[2018.04.22-14.22.09:055][955]LogSavePackage: Moving '../../../../../../Users/Matthew/Documents/Tilly's Unreal Adventure/TillysAdventure/TillysAdventure/Saved/Needle30DA9BFC41CFD0E1CC9F5D85683E64AB.tmp' to '../../../../../../Users/Matthew/Documents/Tilly's Unreal Adventure/TillysAdventure/TillysAdventure/Content/Models/Needle/Needle.uasset'
[2018.04.22-14.22.09:059][955]LogSavePackage: Display: Finished SavePackage ../../../../../../Users/Matthew/Documents/Tilly's Unreal Adventure/TillysAdventure/TillysAdventure/Content/Models/Needle/Needle.uasset
[2018.04.22-14.22.09:257][955]LogSavePackage: Save=14.88ms
[2018.04.22-14.22.09:257][955]LogSavePackage: Moving '../../../../../../Users/Matthew/Documents/Tilly's Unreal Adventure/TillysAdventure/TillysAdventure/Saved/Material_001EBE4769F429A5E69C51A0FBF65E296A5.tmp' to '../../../../../../Users/Matthew/Documents/Tilly's Unreal Adventure/TillysAdventure/TillysAdventure/Content/Models/Needle/Material_001.uasset'
[2018.04.22-14.22.09:263][955]LogSavePackage: Display: Finished SavePackage ../../../../../../Users/Matthew/Documents/Tilly's Unreal Adventure/TillysAdventure/TillysAdventure/Content/Models/Needle/Material_001.uasset
[2018.04.22-14.22.09:450][955]LogSavePackage: Save=26.52ms
[2018.04.22-14.22.09:451][955]LogSavePackage: Moving '../../../../../../Users/Matthew/Documents/Tilly's Unreal Adventure/TillysAdventure/TillysAdventure/Saved/NeedleTexture155D3C2B46A70053C9E5C691D9F777A0.tmp' to '../../../../../../Users/Matthew/Documents/Tilly's Unreal Adventure/TillysAdventure/TillysAdventure/Content/Models/Needle/NeedleTexture.uasset'
[2018.04.22-14.22.09:455][955]LogSavePackage: Display: Finished SavePackage ../../../../../../Users/Matthew/Documents/Tilly's Unreal Adventure/TillysAdventure/TillysAdventure/Content/Models/Needle/NeedleTexture.uasset
[2018.04.22-14.22.12:052][183]LogTemp: Repeating last play command: Selected Viewport
[2018.04.22-14.22.12:073][183]LogPlayLevel: PlayLevel: No blueprints needed recompiling
[2018.04.22-14.22.12:074][183]PIE: New page: PIE session: MainLevel (22 Apr 2018 16:22:12)
[2018.04.22-14.22.12:074][183]LogPlayLevel: Creating play world package: /Game/Blueprint/Level/UEDPIE_0_MainLevel
[2018.04.22-14.22.12:076][183]LogPlayLevel: PIE: StaticDuplicateObject took: (0.001754s)
[2018.04.22-14.22.12:079][183]LogAIModule: Creating AISystem for world MainLevel
[2018.04.22-14.22.12:079][183]LogPlayLevel: PIE: World Init took: (0.001152s)
[2018.04.22-14.22.12:079][183]LogPlayLevel: PIE: Created PIE world by copying editor world from /Game/Blueprint/Level/MainLevel.MainLevel to /Game/Blueprint/Level/UEDPIE_0_MainLevel.MainLevel (0.005509s)
[2018.04.22-14.22.12:104][183]LogInit: XAudio2 using 'Speakers (Realtek High Definition Audio)' : 2 channels at 48 kHz using 32 bits per sample (channel mask 0x3)
[2018.04.22-14.22.12:116][183]LogInit: FAudioDevice initialized.
[2018.04.22-14.22.12:152][183]LogLoad: Game class is 'TA_GameModeBase_C'
[2018.04.22-14.22.12:153][183]LogWorld: Bringing World /Game/Blueprint/Level/UEDPIE_0_MainLevel.MainLevel up for play (max tick rate 0) at 2018.04.22-15.22.12
[2018.04.22-14.22.12:154][183]LogWorld: Bringing up level for play took: 0.000691
[2018.04.22-14.22.12:155][183]PIE: Play in editor start time for /Game/Blueprint/Level/UEDPIE_0_MainLevel 0.393
